

=====================================================================
== C:\SERVICES\ni7063137_1_SHARE\ftproot\dayzstandalone\DayZServer_x64.exe
== "C:\SERVICES\ni7063137_1_SHARE\ftproot\dayzstandalone\DayZServer_x64.exe" -ip=31.214.158.194 -port=12800 -cpuCount=4 -limitFPS=100 -adminlog -config=serverDZ.cfg "-mod=@CF;@AutoRUN;@dbo_surfaces;@DabsFramework;@DayZEditorLoader;@BuilderItems;@BaseBuildingPlus;@CodeLock;@Breachingcharge;@VPPAdminTools;@TraderPlus;@InventoryDump;@BurnAlive;@GunnerTruckOshkosh;@MuchStuffPack;@SNAFU;@CannabisPlus;@MMG;@VanillaPlusPlusMap;@UnknownGhillieMod;@MassA2Assets;@SchanaParty;@PseudoGiant;@InventoryMoveSounds;@Notifications;@AdvancedWeaponScopes;@CarsForAll;@SchanaModGlobalChat;@StaminaSettings;@DrugsPLUS;@GoreZ;@PackSouthAmericanPlague;@RedFalcon" -profiles=C:\SERVICES\ni7063137_1_SHARE\ftproot\dayzstandalone/config -BEPath=C:\SERVICES\ni7063137_1_SHARE\ftproot\dayzstandalone\battleye -noFilePatching -nologs -freezecheck
=====================================================================
Exe timestamp: 2022/07/28 08:30:35
Current time:  2022/10/07 05:09:19

Version 1.18.155069
 5:09:19.314 [Inputs] Loading inputs default "bin/constants.xml"
 5:09:19.330 [Inputs] Loading inputs default "bin/specific.xml"
 5:09:19.330 [Inputs] Loading inputs default "BBP_keybind/data/modded_Inputs.xml"
 5:09:19.330 [Inputs] Loading inputs default "InventoryMoveSounds/Scripts/Data/Inputs.xml"
 5:09:19.330 [Inputs] Loading inputs default "SIX_Autorun/Scripts/Inputs.xml"
 5:09:19.330 [Inputs] Loading inputs default "SpardaTextura/inputs/Inputs.xml"
 5:09:19.330 [Inputs] Loading inputs default "VanillaPPMap/data/modded_Inputs.xml"
 5:09:19.345 [Inputs] Loading inputs default "VehiclesVipNemesis/inputs/Inputs.xml"
 5:09:19.345 [Inputs] Loading inputs default "VPPAdminTools/data/modded_Inputs.xml"
 5:09:19.345 [Inputs] Loading inputs default "CarLock/scripts/3_Game/inputs.xml"
 5:09:19.345 [Inputs] Loading inputs default "Ghost/InventoryDump/Client/Data/modded_inputs.xml"
 5:09:19.345 [Inputs] Loading inputs default "Notifications/inputs/inputs.xml"
 5:09:19.345 [Inputs] Loading inputs default "RFFSHeli_Core/modded_Inputs.xml"
 5:09:19.345 [Inputs] Loading inputs default "SchanaModGlobalChat/Data/Inputs.xml"
 5:09:19.345 [Inputs] Loading inputs default "SchanaModParty/Data/Inputs.xml"
 5:09:19.345 !!! [Inputs] Cannot load inputs default "", file does not exist
 5:09:19.345 !!! [Inputs] Failed to load MODDED inputs - file name/ path invalid?
 5:09:19.345 [Inputs] Loading inputs cfg "C:\SERVICES\ni7063137_1_SHARE\ftproot\dayzstandalone/config\Users\Survivor\Server.core.xml"
 5:09:19.361 [Inputs] Exporting inputs cfg "C:\SERVICES\ni7063137_1_SHARE\ftproot\dayzstandalone/config\Users\Survivor\Server.core.xml"
 5:09:58.28 [CE][Hive] :: Initializing OFFLINE
 5:09:58.44 [CE][Hive] :: Loading core data ... 
 5:09:58.44 [CE][CoreData] :: 7 root classes, 18 defaults, 0 updaters...
 5:10:06.43 [CE] :: WARNING :: Preset map "optics" is EMPTY.
 5:10:06.43 [CE][TypeSetup] :: 470 classes setuped...
 5:10:06.73 [CE] :: WARNING :: Preset map "optics" is EMPTY.
 5:10:06.73 [CE][TypeSetup] :: 377 classes setuped...
 5:10:08.214 [CE][RegisterBind] :: 0 classes binded...
 5:10:08.214 [CE][RegisterConfig] :: 17183 config classes registered, 0 sub-counters...
 5:10:08.214 [CE][Hive] :: Loading map data ... 
 5:10:08.229 [CE][IgnoreList] "cfgignorelist.xml" :: loaded 19 types
 5:10:08.276 [CE][LoadPrototype] :: loaded 368 prototypes
 5:10:08.276   754 containers, 9611 points
 5:10:08.276   32 dispatches, 115 proxies
 5:10:08.276 !!! [CE][LoadPrototype] 14 groups have no points...
 5:10:08.276 !!![CE][LoadPrototype]  2 groups have wrong points...
 5:10:08.276 [CE][LoadPrototype] :: last group name: StaticObj_Wreck_Ural_DE...
 5:10:08.292 [CE][LoadPrototype] :: loaded 0 prototypes
 5:10:08.292   0 containers, 0 points
 5:10:08.292   0 dispatches, 0 proxies
 5:10:08.292 [CE][LoadPrototype] :: last group name: Rail9...
 5:10:09.385 [CE][LoadMap] "Group" :: loaded 11620 groups, groups failed: 0, largest group range: 34.2
 5:10:09.401 [CE][LoadMap] "Dirt" :: loaded 0 groups, groups failed: 0, largest group range: 34.2
 5:10:09.807 [CE][Links] found 1888 total links between groups, of 11620
 5:10:09.807 [CE][LoadClusters] "Cluster" :: Loading files...
 5:10:09.979 [CE][LoadClusters] :: file: "mapgroupcluster.xml", 9 types, 50000 instances
 5:10:10.182 [CE][LoadClusters] :: file: "mapgroupcluster01", 9 types, 50000 instances
 5:10:10.369 [CE][LoadClusters] :: file: "mapgroupcluster02", 9 types, 50000 instances
 5:10:10.557 [CE][LoadClusters] :: file: "mapgroupcluster03", 9 types, 50000 instances
 5:10:10.635 [CE][LoadClusters] :: file: "mapgroupcluster04", 9 types, 17347 instances
 5:10:10.650 [CE][Storage] ver:21 stamp:165937, valid:yes, name:"mpmissions\dayzOffline.chernarusplus\storage_1\data\types.bin"
 5:10:10.650 [CE][Storage] ver:21 stamp:165756, valid:yes, name:"mpmissions\dayzOffline.chernarusplus\storage_1\data\types.001"
 5:10:10.650 [CE][Storage] ver:21 stamp:165757, valid:yes, name:"mpmissions\dayzOffline.chernarusplus\storage_1\data\types.002"
 5:10:10.650 [CE][Storage] Restoring file "mpmissions\dayzOffline.chernarusplus\storage_1\data\types.bin".
 5:10:10.885 !!! [CE][offlineDB] :: No Shutdown message present.
 5:10:10.885 [CE][offlineDB] :: Loaded 46 dynamic events 302 total types.
 5:10:10.916 !!! [CE][offlineDB] :: Type 'ChristmasTree' will be ignored. (Not spawnable. (Scope is not public?))
 5:10:10.950 [CE][Storage] ver:21 stamp:165937, valid:yes, name:"mpmissions\dayzOffline.chernarusplus\storage_1\data\events.bin"
 5:10:10.950 [CE][Storage] ver:21 stamp:165756, valid:yes, name:"mpmissions\dayzOffline.chernarusplus\storage_1\data\events.001"
 5:10:10.950 [CE][Storage] ver:21 stamp:165757, valid:yes, name:"mpmissions\dayzOffline.chernarusplus\storage_1\data\events.002"
 5:10:10.950 [CE][Storage] Restoring file "mpmissions\dayzOffline.chernarusplus\storage_1\data\events.bin".
 5:10:10.950 [CE][DynamicEvent] Load  Events:[46] Primary spawners: 46 Secondary spawners: 3
 5:10:10.950 [CE][Storage] ver:25 stamp:165937, valid:yes, name:"mpmissions\dayzOffline.chernarusplus\storage_1\data\dynamic_000.bin"
 5:10:10.950 [CE][Storage] ver:25 stamp:165756, valid:yes, name:"mpmissions\dayzOffline.chernarusplus\storage_1\data\dynamic_000.001"
 5:10:10.950 [CE][Storage] ver:25 stamp:165757, valid:yes, name:"mpmissions\dayzOffline.chernarusplus\storage_1\data\dynamic_000.002"
 5:10:10.950 [CE][Storage] Restoring file "mpmissions\dayzOffline.chernarusplus\storage_1\data\dynamic_000.bin" 815 items.
 5:10:11.512   815 items loaded. (0 failed)
 5:10:11.512 [CE][Storage] ver:25 stamp:165937, valid:yes, name:"mpmissions\dayzOffline.chernarusplus\storage_1\data\dynamic_001.bin"
 5:10:11.512 [CE][Storage] ver:25 stamp:165756, valid:yes, name:"mpmissions\dayzOffline.chernarusplus\storage_1\data\dynamic_001.001"
 5:10:11.512 [CE][Storage] ver:25 stamp:165757, valid:yes, name:"mpmissions\dayzOffline.chernarusplus\storage_1\data\dynamic_001.002"
 5:10:11.512 [CE][Storage] Restoring file "mpmissions\dayzOffline.chernarusplus\storage_1\data\dynamic_001.bin" 1833 items.
 5:10:12.434   1833 items loaded. (0 failed)
 5:10:12.434 [CE][Storage] ver:25 stamp:165937, valid:yes, name:"mpmissions\dayzOffline.chernarusplus\storage_1\data\dynamic_002.bin"
 5:10:12.450 [CE][Storage] ver:25 stamp:165756, valid:yes, name:"mpmissions\dayzOffline.chernarusplus\storage_1\data\dynamic_002.001"
 5:10:12.465 [CE][Storage] ver:25 stamp:165757, valid:yes, name:"mpmissions\dayzOffline.chernarusplus\storage_1\data\dynamic_002.002"
 5:10:12.465 [CE][Storage] Restoring file "mpmissions\dayzOffline.chernarusplus\storage_1\data\dynamic_002.bin" 2416 items.
 5:10:13.340   2416 items loaded. (0 failed)
 5:10:13.356 [CE][Storage] ver:25 stamp:165937, valid:yes, name:"mpmissions\dayzOffline.chernarusplus\storage_1\data\dynamic_003.bin"
 5:10:13.356 [CE][Storage] ver:25 stamp:165756, valid:yes, name:"mpmissions\dayzOffline.chernarusplus\storage_1\data\dynamic_003.001"
 5:10:13.356 [CE][Storage] ver:25 stamp:165757, valid:yes, name:"mpmissions\dayzOffline.chernarusplus\storage_1\data\dynamic_003.002"
 5:10:13.356 [CE][Storage] Restoring file "mpmissions\dayzOffline.chernarusplus\storage_1\data\dynamic_003.bin" 2339 items.
 5:10:14.277   2339 items loaded. (0 failed)
 5:10:14.277 [CE][Storage] ver:25 stamp:165937, valid:yes, name:"mpmissions\dayzOffline.chernarusplus\storage_1\data\dynamic_004.bin"
 5:10:14.293 [CE][Storage] ver:25 stamp:165756, valid:yes, name:"mpmissions\dayzOffline.chernarusplus\storage_1\data\dynamic_004.001"
 5:10:14.293 [CE][Storage] ver:25 stamp:165757, valid:yes, name:"mpmissions\dayzOffline.chernarusplus\storage_1\data\dynamic_004.002"
 5:10:14.293 [CE][Storage] Restoring file "mpmissions\dayzOffline.chernarusplus\storage_1\data\dynamic_004.bin" 1860 items.
 5:10:15.59   1860 items loaded. (0 failed)
 5:10:15.59 [CE][Storage] ver:25 stamp:165937, valid:yes, name:"mpmissions\dayzOffline.chernarusplus\storage_1\data\dynamic_005.bin"
 5:10:15.74 [CE][Storage] ver:25 stamp:165756, valid:yes, name:"mpmissions\dayzOffline.chernarusplus\storage_1\data\dynamic_005.001"
 5:10:15.74 [CE][Storage] ver:25 stamp:165757, valid:yes, name:"mpmissions\dayzOffline.chernarusplus\storage_1\data\dynamic_005.002"
 5:10:15.74 [CE][Storage] Restoring file "mpmissions\dayzOffline.chernarusplus\storage_1\data\dynamic_005.bin" 2027 items.
 5:10:15.762   2027 items loaded. (0 failed)
 5:10:15.762 [CE][Storage] ver:25 stamp:165937, valid:yes, name:"mpmissions\dayzOffline.chernarusplus\storage_1\data\dynamic_006.bin"
 5:10:15.762 [CE][Storage] ver:25 stamp:165756, valid:yes, name:"mpmissions\dayzOffline.chernarusplus\storage_1\data\dynamic_006.001"
 5:10:15.777 [CE][Storage] ver:25 stamp:165757, valid:yes, name:"mpmissions\dayzOffline.chernarusplus\storage_1\data\dynamic_006.002"
 5:10:15.777 [CE][Storage] Restoring file "mpmissions\dayzOffline.chernarusplus\storage_1\data\dynamic_006.bin" 1495 items.
 5:10:16.293   1495 items loaded. (0 failed)
 5:10:16.308 [CE][Storage] ver:25 stamp:165937, valid:yes, name:"mpmissions\dayzOffline.chernarusplus\storage_1\data\dynamic_007.bin"
 5:10:16.308 [CE][Storage] ver:25 stamp:165756, valid:yes, name:"mpmissions\dayzOffline.chernarusplus\storage_1\data\dynamic_007.001"
 5:10:16.308 [CE][Storage] ver:25 stamp:165757, valid:yes, name:"mpmissions\dayzOffline.chernarusplus\storage_1\data\dynamic_007.002"
 5:10:16.308 [CE][Storage] Restoring file "mpmissions\dayzOffline.chernarusplus\storage_1\data\dynamic_007.bin" 1453 items.
 5:10:16.902   1453 items loaded. (0 failed)
 5:10:16.902 [CE][Storage] ver:25 stamp:165937, valid:yes, name:"mpmissions\dayzOffline.chernarusplus\storage_1\data\dynamic_008.bin"
 5:10:16.902 [CE][Storage] ver:25 stamp:165756, valid:yes, name:"mpmissions\dayzOffline.chernarusplus\storage_1\data\dynamic_008.001"
 5:10:16.902 [CE][Storage] ver:25 stamp:165757, valid:yes, name:"mpmissions\dayzOffline.chernarusplus\storage_1\data\dynamic_008.002"
 5:10:16.902 [CE][Storage] Restoring file "mpmissions\dayzOffline.chernarusplus\storage_1\data\dynamic_008.bin" 2109 items.
 5:10:17.699   2109 items loaded. (0 failed)
 5:10:17.714 [CE][Storage] ver:25 stamp:165937, valid:yes, name:"mpmissions\dayzOffline.chernarusplus\storage_1\data\dynamic_009.bin"
 5:10:17.714 [CE][Storage] ver:25 stamp:165756, valid:yes, name:"mpmissions\dayzOffline.chernarusplus\storage_1\data\dynamic_009.001"
 5:10:17.714 [CE][Storage] ver:25 stamp:165757, valid:yes, name:"mpmissions\dayzOffline.chernarusplus\storage_1\data\dynamic_009.002"
 5:10:17.714 [CE][Storage] Restoring file "mpmissions\dayzOffline.chernarusplus\storage_1\data\dynamic_009.bin" 2660 items.
 5:10:18.855   2660 items loaded. (0 failed)
 5:10:18.855 [CE][Storage] ver:25 stamp:165937, valid:yes, name:"mpmissions\dayzOffline.chernarusplus\storage_1\data\dynamic_010.bin"
 5:10:18.855 [CE][Storage] ver:25 stamp:165756, valid:yes, name:"mpmissions\dayzOffline.chernarusplus\storage_1\data\dynamic_010.001"
 5:10:18.855 [CE][Storage] ver:25 stamp:165757, valid:yes, name:"mpmissions\dayzOffline.chernarusplus\storage_1\data\dynamic_010.002"
 5:10:18.855 [CE][Storage] Restoring file "mpmissions\dayzOffline.chernarusplus\storage_1\data\dynamic_010.bin" 1823 items.
 5:10:19.573   1823 items loaded. (0 failed)
 5:10:19.573 [CE][Storage] ver:25 stamp:165937, valid:yes, name:"mpmissions\dayzOffline.chernarusplus\storage_1\data\dynamic_011.bin"
 5:10:19.573 [CE][Storage] ver:25 stamp:165756, valid:yes, name:"mpmissions\dayzOffline.chernarusplus\storage_1\data\dynamic_011.001"
 5:10:19.573 [CE][Storage] ver:25 stamp:165757, valid:yes, name:"mpmissions\dayzOffline.chernarusplus\storage_1\data\dynamic_011.002"
 5:10:19.573 [CE][Storage] Restoring file "mpmissions\dayzOffline.chernarusplus\storage_1\data\dynamic_011.bin" 236 items.
 5:10:20.57   236 items loaded. (0 failed)
 5:10:20.57 [CE][Storage] ver:26 stamp:165937, valid:yes, name:"mpmissions\dayzOffline.chernarusplus\storage_1\data\building.bin"
 5:10:20.57 [CE][Storage] ver:26 stamp:165756, valid:yes, name:"mpmissions\dayzOffline.chernarusplus\storage_1\data\building.001"
 5:10:20.57 [CE][Storage] ver:26 stamp:165757, valid:yes, name:"mpmissions\dayzOffline.chernarusplus\storage_1\data\building.002"
 5:10:20.57 [CE][Storage] Restoring file "mpmissions\dayzOffline.chernarusplus\storage_1\data\building.bin" 1 items.
 5:10:20.57   1 items loaded. (0 failed)
 5:10:20.57 [CE][Storage] ver:25 stamp:165937, valid:yes, name:"mpmissions\dayzOffline.chernarusplus\storage_1\data\vehicles.bin"
 5:10:20.73 [CE][Storage] ver:25 stamp:165756, valid:yes, name:"mpmissions\dayzOffline.chernarusplus\storage_1\data\vehicles.001"
 5:10:20.73 [CE][Storage] ver:25 stamp:165757, valid:yes, name:"mpmissions\dayzOffline.chernarusplus\storage_1\data\vehicles.002"
 5:10:20.73 [CE][Storage] Restoring file "mpmissions\dayzOffline.chernarusplus\storage_1\data\vehicles.bin" 182 items.
 5:10:20.729   182 items loaded. (0 failed)
 5:10:20.745 [CE][Hive] :: Storage load took:9.80 seconds, recovery stamp:165937
 5:10:20.745   entity: 26748, building: 1
 5:10:20.745   no lifetime: 68
 5:10:20.745   pathgraph's: 766
 5:10:20.745 [CE][Hive] :: Initializing ... 
 5:10:20.792 [CE][InitializeMap] :: initialized: 1
 5:10:20.792 [CE][Hive] :: Initializing spawners ... 
 5:10:20.995 !!! [CE][DE][SPAWNS] :: [WARNING] :: Skipping entry for non-existing event 'VehicleTransitBus'.
 5:10:20.995 [CE][DE][SPAWNS] :: Total positions: 1165
 5:10:20.995 [CE][DE][GROUPS] :: Total eventgroups defined: 21, Eventgroups in use: 21
 5:10:23.291 [CE][LootRespawner] (PRIDummy) :: Initially (re)spawned:0, Nominal:27715, Total in Map: 20328 at 0 (sec)
 5:10:23.291   tests:0, repeats:0 fails:0, overtime:0
 5:10:23.307 [CE][DynEvent] :: 46 types
 5:10:23.307 [00] AmbientHen
 5:10:23.307   Primary Spawner: "Ambient", active: yes, repeat: 1
 5:10:23.307 [01] AnimalBear
 5:10:23.307   Primary Spawner: "Animal", active: yes, repeat: 1
 5:10:23.307 [02] AnimalCow
 5:10:23.307   Primary Spawner: "Animal", active: yes, repeat: 1
 5:10:23.307 [03] AnimalDeer
 5:10:23.307   Primary Spawner: "Animal", active: yes, repeat: 1
 5:10:23.307 [04] AnimalGoat
 5:10:23.307   Primary Spawner: "Animal", active: yes, repeat: 1
 5:10:23.307 [05] AnimalPig
 5:10:23.307   Primary Spawner: "Animal", active: yes, repeat: 1
 5:10:23.307 [06] AnimalRoeDeer
 5:10:23.307   Primary Spawner: "Animal", active: yes, repeat: 1
 5:10:23.307 [07] AnimalSheep
 5:10:23.307   Primary Spawner: "Animal", active: yes, repeat: 1
 5:10:23.307 [08] AnimalWildBoar
 5:10:23.307   Primary Spawner: "Animal", active: yes, repeat: 1
 5:10:23.307 [09] AnimalWolf
 5:10:23.307   Primary Spawner: "Animal", active: yes, repeat: 1
 5:10:23.307 [10] InfectedBoss
 5:10:23.307   Primary Spawner: "Infected", active: yes, repeat: 1
 5:10:23.307 [11] InfectedArmy
 5:10:23.307   Primary Spawner: "Infected", active: yes, repeat: 1
 5:10:23.307 [12] InfectedArmyHard
 5:10:23.307   Primary Spawner: "Infected", active: yes, repeat: 1
 5:10:23.307 [13] InfectedCity
 5:10:23.307   Primary Spawner: "Infected", active: yes, repeat: 1
 5:10:23.307 [14] InfectedCityTier1
 5:10:23.307   Primary Spawner: "Infected", active: yes, repeat: 1
 5:10:23.307 [15] InfectedFirefighter
 5:10:23.307   Primary Spawner: "Infected", active: yes, repeat: 1
 5:10:23.307 [16] InfectedIndustrial
 5:10:23.307   Primary Spawner: "Infected", active: yes, repeat: 1
 5:10:23.307 [17] InfectedMedic
 5:10:23.307   Primary Spawner: "Infected", active: yes, repeat: 1
 5:10:23.307 [18] InfectedNBC
 5:10:23.307   Primary Spawner: "Infected", active: yes, repeat: 1
 5:10:23.307 [19] InfectedNBCYellow
 5:10:23.307   Primary Spawner: "Infected", active: yes, repeat: 1
 5:10:23.307 [20] InfectedPolice
 5:10:23.307   Primary Spawner: "Infected", active: yes, repeat: 1
 5:10:23.307 [21] InfectedPoliceHard
 5:10:23.307   Primary Spawner: "Infected", active: yes, repeat: 1
 5:10:23.307 [22] InfectedPrisoner
 5:10:23.307   Primary Spawner: "Infected", active: yes, repeat: 1
 5:10:23.307 [23] InfectedReligious
 5:10:23.307   Primary Spawner: "Infected", active: yes, repeat: 1
 5:10:23.307 [24] InfectedSolitude
 5:10:23.307   Primary Spawner: "Infected", active: yes, repeat: 1
 5:10:23.307 [25] InfectedVillage
 5:10:23.307   Primary Spawner: "Infected", active: yes, repeat: 1
 5:10:23.307 [26] InfectedVillageTier1
 5:10:23.307   Primary Spawner: "Infected", active: yes, repeat: 1
 5:10:23.307 [27] ItemPlanks
 5:10:23.307   Primary Spawner: "Item", active: yes, repeat: 1
 5:10:23.307 [28] Loot
 5:10:23.307   Primary Spawner: "Loot", active: yes, repeat: 2
 5:10:23.307 [29] StaticContaminatedArea
 5:10:23.307   Primary Spawner: "Static", active: yes, repeat: 1
 5:10:23.307 [30] StaticHeliCrash
 5:10:23.307   Primary Spawner: "Static", active: yes, repeat: 1
 5:10:23.307   Secondary Spawner: "Infected", active: yes, repeat: 1
 5:10:23.307 [31] StaticPoliceCar
 5:10:23.307   Primary Spawner: "Static", active: yes, repeat: 1
 5:10:23.307   Secondary Spawner: "Infected", active: yes, repeat: 1
 5:10:23.307 [32] StaticTrain
 5:10:23.307   Primary Spawner: "Static", active: yes, repeat: 1
 5:10:23.307   Secondary Spawner: "Infected", active: yes, repeat: 1
 5:10:23.307 [33] TrajectoryApple
 5:10:23.307   Primary Spawner: "Trajectory", active: yes, repeat: 1
 5:10:23.307 [34] TrajectoryConiferous
 5:10:23.307   Primary Spawner: "Trajectory", active: yes, repeat: 1
 5:10:23.307 [35] TrajectoryDeciduous
 5:10:23.307   Primary Spawner: "Trajectory", active: yes, repeat: 1
 5:10:23.307 [36] TrajectoryHumus
 5:10:23.307   Primary Spawner: "Trajectory", active: yes, repeat: 1
 5:10:23.307 [37] TrajectoryPear
 5:10:23.307   Primary Spawner: "Trajectory", active: yes, repeat: 1
 5:10:23.307 [38] TrajectoryPlum
 5:10:23.307   Primary Spawner: "Trajectory", active: yes, repeat: 1
 5:10:23.307 [39] TrajectoryStones
 5:10:23.307   Primary Spawner: "Trajectory", active: yes, repeat: 1
 5:10:23.307 [40] VehicleCivilianSedan
 5:10:23.307   Primary Spawner: "Vehicle", active: yes, repeat: 1
 5:10:23.307 [41] VehicleHatchback02
 5:10:23.307   Primary Spawner: "Vehicle", active: yes, repeat: 1
 5:10:23.307 [42] VehicleOffroadHatchback
 5:10:23.307   Primary Spawner: "Vehicle", active: yes, repeat: 1
 5:10:23.307 [43] VehicleSedan02
 5:10:23.307   Primary Spawner: "Vehicle", active: yes, repeat: 1
 5:10:23.307 [44] VehicleTruck01
 5:10:23.307   Primary Spawner: "Vehicle", active: yes, repeat: 1
 5:10:23.307 [45] VehicleHelicopter
 5:10:23.307   Primary Spawner: "Vehicle", active: yes, repeat: 1
 5:10:23.307 [CE][Hive] :: Initializing of spawners done.
 5:10:23.322 [CE][Hive] :: Init sequence finished.
 5:10:23.322 Player connect enabled
 5:10:24.166 [IdleMode] Entering IN - save processed
 5:10:32.698 [UNLOCK] Server was unlocked.
 7:28:46.926 [Login]: Adding player Mr Doug14 (100970578) to login queue at position 0
 7:28:46.926 [LoginMachine]: Add player Mr Doug14 (100970578 190.180.136.212:12802)
 7:28:46.926 [StateMachine]: Player Mr Doug14 (dpnid 100970578 uid ) Entering AuthPlayerLoginState
 7:28:49.780 [StateMachine]: Player Mr Doug14 (dpnid 100970578 uid ) Entering WaitAuthPlayerLoginState
 7:28:51.982 Player Mr Doug14 connected (id=2ha_dqIMmgcQmmP5rU4MqgsBSvQA6MduRqBeO5yxvh8=).
 7:28:51.982 Player "Mr Doug14" is connected (steamID=76561199386742084)
 7:28:51.998 [StateMachine]: Player Mr Doug14 (dpnid 100970578 uid ) Entering WaitPlayerAssignedLoginState
 7:28:52.264 [IdleMode] Leaving OUT
 7:28:53.638 [StateMachine]: Player Mr Doug14 (dpnid 100970578 uid 2ha_dqIMmgcQmmP5rU4MqgsBSvQA6MduRqBeO5yxvh8=) Entering DBGetLoginTimeLoginState
 7:28:53.685 [StateMachine]: Player Mr Doug14 (dpnid 100970578 uid 2ha_dqIMmgcQmmP5rU4MqgsBSvQA6MduRqBeO5yxvh8=) Entering DBWaitLoginTimeLoginState
 7:28:58.700 [StateMachine]: Player Mr Doug14 (dpnid 100970578 uid 2ha_dqIMmgcQmmP5rU4MqgsBSvQA6MduRqBeO5yxvh8=) Entering DBGetCharacterLoginState
 7:28:58.731 [StateMachine]: Player Mr Doug14 (dpnid 100970578 uid 2ha_dqIMmgcQmmP5rU4MqgsBSvQA6MduRqBeO5yxvh8=) Entering CreateNetObjectsLoginState
 7:28:58.747 [StateMachine]: Player Mr Doug14 (dpnid 100970578 uid 2ha_dqIMmgcQmmP5rU4MqgsBSvQA6MduRqBeO5yxvh8=) Entering PreloadCamLoginState
 7:28:58.762 [StateMachine]: Player Mr Doug14 (dpnid 100970578 uid 2ha_dqIMmgcQmmP5rU4MqgsBSvQA6MduRqBeO5yxvh8=) Entering WaitPreloadCamLoginState
 7:29:16.321 [CE][LootRespawner] (PRIDummy) :: Item [0] is hard to place, performance drops: "SNAFUUzi"
 7:29:16.321 [CE][LootRespawner] (PRIDummy) :: Item [0] causing search overtime: "SNAFUUzi"
 7:29:16.430 [CE][LootRespawner] (PRIDummy) :: Item [1] causing search overtime: "Ammo_45ACP"
 7:29:16.539 [CE][LootRespawner] (PRIDummy) :: Item [2] causing search overtime: "Ammo_556x45"
 7:29:16.649 [CE][LootRespawner] (PRIDummy) :: Item [3] causing search overtime: "SNAFU_Trenchgun"
 7:29:16.758 [CE][LootRespawner] (PRIDummy) :: Item [4] causing search overtime: "SR3_Vikhr_Mag"
 7:29:16.867 [CE][LootRespawner] (PRIDummy) :: Item [5] causing search overtime: "Ammo_308WinTracer"
 7:29:16.977 [CE][LootRespawner] (PRIDummy) :: Item [6] causing search overtime: "SKS"
 7:29:17.86 [CE][LootRespawner] (PRIDummy) :: Item [7] causing search overtime: "Ammo_545x39"
 7:29:17.195 [CE][LootRespawner] (PRIDummy) :: Item [8] causing search overtime: "UniversalLight"
 7:29:17.305 [CE][LootRespawner] (PRIDummy) :: Item [9] causing search overtime: "Glock19"
 7:29:17.523 [CE][LootRespawner] (PRIDummy) :: Item [10] causing search overtime: "SNAFU_PL14HQP"
 7:29:17.633 [CE][LootRespawner] (PRIDummy) :: Item [11] causing search overtime: "Snafu_ScarH_25RND_Mag_OD"
 7:29:17.742 [CE][LootRespawner] (PRIDummy) :: Item [12] causing search overtime: "Snafu_ScarH_Snow_GUN"
 7:29:17.852 [CE][LootRespawner] (PRIDummy) :: Item [13] causing search overtime: "SNAFUVECTOR_45acp_Mag"
 7:29:17.961 [CE][LootRespawner] (PRIDummy) :: Item [14] causing search overtime: "Mag_SVD_10Rnd"
 7:29:18.70 [CE][LootRespawner] (PRIDummy) :: Item [15] causing search overtime: "Mag_1911_7Rnd"
 7:29:18.180 [CE][LootRespawner] (PRIDummy) :: Item [16] causing search overtime: "Snafu_ScarH_Black_GUN"
 7:29:18.289 [CE][LootRespawner] (PRIDummy) :: Item [17] causing search overtime: "SNAFUUzi_72rdMag"
 7:29:18.398 [CE][LootRespawner] (PRIDummy) :: Item [18] causing search overtime: "CZ61"
 7:29:45.736 [CE][LootRespawner] (PRIDummy) :: Item [19] causing search overtime: "CZ61"
 7:29:48.356 [CE][VehicleRespawner] (PRIContaminatedArea) :: Initial random enabled for "StaticContaminatedArea" - Chosen nominal: 2
 7:30:20.426 [StateMachine]: Player Mr Doug14 (dpnid 100970578 uid 2ha_dqIMmgcQmmP5rU4MqgsBSvQA6MduRqBeO5yxvh8=) Entering GetNewCharLoginState
 7:30:20.457 <CREATE NEW CHAR>:
    charID 121
    playerID 121
    dpnid 100970578
    uid 2ha_dqIMmgcQmmP5rU4MqgsBSvQA6MduRqBeO5yxvh8=
 7:30:49.821 [CE][VehicleRespawner] (PRIContaminatedArea) :: Initial random enabled for "StaticContaminatedArea" - Chosen nominal: 0
 7:32:17.425 [CE][VehicleRespawner] (PRIContaminatedArea) :: Initial random enabled for "StaticContaminatedArea" - Chosen nominal: 1
 7:33:11.767 !!! [CE][Point] Removing 6043.828613, 2030.128540 from Land_Shed_M3
 7:33:44.993 [CE][VehicleRespawner] (PRIContaminatedArea) :: Initial random enabled for "StaticContaminatedArea" - Chosen nominal: 0
 7:35:12.556 [CE][VehicleRespawner] (PRIContaminatedArea) :: Initial random enabled for "StaticContaminatedArea" - Chosen nominal: 1
 7:36:40.20 [CE][VehicleRespawner] (PRIContaminatedArea) :: Initial random enabled for "StaticContaminatedArea" - Chosen nominal: 0
 7:37:38.188 !!! [CE][Point] Removing 2509.274414, 5293.500977 from Land_BusStation_wall_bench
 7:37:41.469 [CE][VehicleRespawner] (PRIContaminatedArea) :: Initial random enabled for "StaticContaminatedArea" - Chosen nominal: 2
 7:38:07.926 [CE][Links] found 0 total links between groups, of 1
 7:38:07.926 [CE][SpawnRandomLoot] (StaticHeliCrash) :: Type: Wreck_Mi8_Crashed, lootmin: 10, lootmax: 15, wanted: 12, deloot: 2, containermaxsum: 15
 7:38:08.254 [CE][Links] found 0 total links between groups, of 2
 7:38:08.254 [CE][SpawnRandomLoot] (StaticPoliceCar) :: Type: Land_Wreck_sed01_aban2_police, lootmin: 3, lootmax: 5, wanted: 3, deloot: 2, containermaxsum: 6
 7:38:35.170 [CE][LootRespawner] (PRIDummy) :: Item [1] is hard to place, performance drops: "BDUPants"
 7:38:35.170 [CE][LootRespawner] (PRIDummy) :: Item [2] is hard to place, performance drops: "BDUPants"
 7:38:35.170 [CE][LootRespawner] (PRIDummy) :: Item [3] is hard to place, performance drops: "BDUPants"
 7:39:09.63 [CE][VehicleRespawner] (PRIContaminatedArea) :: Initial random enabled for "StaticContaminatedArea" - Chosen nominal: 2
 7:40:36.662 [CE][VehicleRespawner] (PRIContaminatedArea) :: Initial random enabled for "StaticContaminatedArea" - Chosen nominal: 3
 7:42:04.126 [CE][VehicleRespawner] (PRIContaminatedArea) :: Initial random enabled for "StaticContaminatedArea" - Chosen nominal: 3
 7:43:29.616 [CE][LootRespawner] (PRIDummy) :: Item [4] is hard to place, performance drops: "SNAFUASh12"
 7:43:31.694 [CE][VehicleRespawner] (PRIContaminatedArea) :: Initial random enabled for "StaticContaminatedArea" - Chosen nominal: 3
 7:43:32.350 [CE][Links] found 0 total links between groups, of 3
 7:43:32.350 [CE][SpawnRandomLoot] (StaticPoliceCar) :: Type: Land_Wreck_sed01_aban1_police, lootmin: 3, lootmax: 5, wanted: 3, deloot: 2, containermaxsum: 6
 7:43:33.990 !!! [CE][Point] Removing 12618.839844, 9885.872070 from Haybale
 7:44:33.127 [CE][VehicleRespawner] (PRIContaminatedArea) :: Initial random enabled for "StaticContaminatedArea" - Chosen nominal: 2
 7:46:00.675 [CE][VehicleRespawner] (PRIContaminatedArea) :: Initial random enabled for "StaticContaminatedArea" - Chosen nominal: 3
 7:47:28.245 [CE][VehicleRespawner] (PRIContaminatedArea) :: Initial random enabled for "StaticContaminatedArea" - Chosen nominal: 0
 7:47:28.573 [CE][Links] found 0 total links between groups, of 4
 7:47:28.573 [CE][SpawnRandomLoot] (StaticHeliCrash) :: Type: Wreck_UH1Y, lootmin: 10, lootmax: 15, wanted: 11, deloot: 2, containermaxsum: 15
 7:48:55.836 [CE][VehicleRespawner] (PRIContaminatedArea) :: Initial random enabled for "StaticContaminatedArea" - Chosen nominal: 0
 7:50:23.442 [CE][VehicleRespawner] (PRIContaminatedArea) :: Initial random enabled for "StaticContaminatedArea" - Chosen nominal: 0
 7:50:24.98 [CE][Links] found 0 total links between groups, of 5
 7:50:24.98 [CE][SpawnRandomLoot] (StaticPoliceCar) :: Type: Land_Wreck_sed01_aban1_police, lootmin: 3, lootmax: 5, wanted: 3, deloot: 2, containermaxsum: 6
 7:50:24.426 [CE][Links] found 0 total links between groups, of 6
 7:50:24.426 [CE][SpawnRandomLoot] (StaticTrain) :: Type: StaticObj_Wreck_Train_742_Red_DE, lootmin: 1, lootmax: 3, wanted: 1, deloot: 0, containermaxsum: 15
 7:50:24.426 [CE][Links] found 0 total links between groups, of 7
 7:50:24.426 [CE][SpawnRandomLoot] (StaticTrain) :: Type: Land_Wreck_hb02_aban2_red, lootmin: 1, lootmax: 3, wanted: 1, deloot: 0, containermaxsum: 2
 7:50:24.426 [CE][SpawnRandomLoot] (StaticTrain) :: Type: Land_Wreck_hb02_aban2_red :: !!! Sum of container LootMax is lower than event child LootMax (2 < 3)
 7:50:24.441 [CE][Links] found 0 total links between groups, of 8
 7:50:24.441 [CE][SpawnRandomLoot] (StaticTrain) :: Type: StaticObj_Wreck_Train_Wagon_Tanker_DE, lootmin: 1, lootmax: 3, wanted: 2, deloot: 0, containermaxsum: 15
 7:50:24.441 [CE][Links] found 0 total links between groups, of 9
 7:50:24.441 [CE][SpawnRandomLoot] (StaticTrain) :: Type: Land_Train_Wagon_Box_DE, lootmin: 2, lootmax: 3, wanted: 2, deloot: 0, containermaxsum: 15
 7:50:24.441 [CE][Links] found 0 total links between groups, of 10
 7:50:24.441 [CE][SpawnRandomLoot] (StaticTrain) :: Type: Land_Train_Wagon_Box_DE, lootmin: 2, lootmax: 3, wanted: 2, deloot: 0, containermaxsum: 15
 7:50:24.441 [CE][Links] found 0 total links between groups, of 11
 7:50:24.441 [CE][SpawnRandomLoot] (StaticTrain) :: Type: StaticObj_Wreck_Train_Wagon_Tanker_DE, lootmin: 1, lootmax: 3, wanted: 1, deloot: 0, containermaxsum: 15
 7:50:24.441 [CE][Links] found 0 total links between groups, of 12
 7:50:24.441 [CE][SpawnRandomLoot] (StaticTrain) :: Type: StaticObj_Wreck_Train_Wagon_Tanker_DE, lootmin: 1, lootmax: 3, wanted: 1, deloot: 0, containermaxsum: 15
 7:50:24.441 [CE][Links] found 0 total links between groups, of 13
 7:50:24.441 [CE][SpawnRandomLoot] (StaticTrain) :: Type: StaticObj_Wreck_Train_Wagon_Tanker_DE, lootmin: 1, lootmax: 3, wanted: 1, deloot: 0, containermaxsum: 15
 7:50:24.441 [CE][Links] found 0 total links between groups, of 14
 7:50:24.441 [CE][SpawnRandomLoot] (StaticTrain) :: Type: Land_Train_Wagon_Box_DE, lootmin: 2, lootmax: 3, wanted: 2, deloot: 0, containermaxsum: 15
 7:50:24.441 [CE][Links] found 0 total links between groups, of 15
 7:50:24.441 [CE][SpawnRandomLoot] (StaticTrain) :: Type: Land_Train_Wagon_Box_DE, lootmin: 2, lootmax: 3, wanted: 2, deloot: 0, containermaxsum: 15
 7:50:24.457 [CE][Links] found 0 total links between groups, of 16
 7:50:24.457 [CE][SpawnRandomLoot] (StaticTrain) :: Type: Land_Train_Wagon_Box_DE, lootmin: 2, lootmax: 3, wanted: 2, deloot: 0, containermaxsum: 15
 7:50:24.457 [CE][Links] found 0 total links between groups, of 17
 7:50:24.457 [CE][SpawnRandomLoot] (StaticTrain) :: Type: StaticObj_Wreck_Train_742_Red_DE, lootmin: 1, lootmax: 3, wanted: 1, deloot: 0, containermaxsum: 15
 7:50:24.457 [CE][Links] found 0 total links between groups, of 18
 7:50:24.457 [CE][SpawnRandomLoot] (StaticTrain) :: Type: Land_Wreck_truck01_aban2_blue, lootmin: 1, lootmax: 3, wanted: 1, deloot: 0, containermaxsum: 2
 7:50:24.457 [CE][SpawnRandomLoot] (StaticTrain) :: Type: Land_Wreck_truck01_aban2_blue :: !!! Sum of container LootMax is lower than event child LootMax (2 < 3)
 7:50:24.457 [CE][Links] found 0 total links between groups, of 19
 7:50:24.457 [CE][SpawnRandomLoot] (StaticTrain) :: Type: Land_Train_Wagon_Box_DE, lootmin: 2, lootmax: 3, wanted: 2, deloot: 0, containermaxsum: 15
 7:50:24.473 [CE][Links] found 0 total links between groups, of 20
 7:50:24.473 [CE][SpawnRandomLoot] (StaticTrain) :: Type: Land_Train_Wagon_Box_DE, lootmin: 2, lootmax: 3, wanted: 2, deloot: 0, containermaxsum: 15
 7:50:24.473 [CE][Links] found 0 total links between groups, of 21
 7:50:24.473 [CE][SpawnRandomLoot] (StaticTrain) :: Type: Land_Train_Wagon_Box_DE, lootmin: 2, lootmax: 3, wanted: 2, deloot: 0, containermaxsum: 15
 7:50:24.473 [CE][Links] found 0 total links between groups, of 22
 7:50:24.473 [CE][SpawnRandomLoot] (StaticTrain) :: Type: Land_Container_1Aoh_DE, lootmin: 3, lootmax: 5, wanted: 4, deloot: 0, containermaxsum: 15
 7:50:24.473 [CE][Links] found 0 total links between groups, of 23
 7:50:24.473 [CE][SpawnRandomLoot] (StaticTrain) :: Type: Land_Container_1Aoh_DE, lootmin: 3, lootmax: 5, wanted: 4, deloot: 0, containermaxsum: 15
 7:50:24.473 [CE][Links] found 4 total links between groups, of 24
 7:50:24.473 [CE][SpawnRandomLoot] (StaticTrain) :: Type: StaticObj_Wreck_Train_Wagon_Flat_DE, lootmin: 1, lootmax: 3, wanted: 1, deloot: 0, containermaxsum: 15
 7:50:24.488 [CE][Links] found 4 total links between groups, of 25
 7:50:24.488 [CE][SpawnRandomLoot] (StaticTrain) :: Type: Land_Container_1Aoh_DE, lootmin: 3, lootmax: 5, wanted: 4, deloot: 0, containermaxsum: 15
 7:50:24.488 [CE][Links] found 4 total links between groups, of 26
 7:50:24.488 [CE][SpawnRandomLoot] (StaticTrain) :: Type: Land_Container_1Aoh_DE, lootmin: 3, lootmax: 5, wanted: 3, deloot: 0, containermaxsum: 15
 7:50:24.488 [CE][Links] found 4 total links between groups, of 27
 7:50:24.488 [CE][SpawnRandomLoot] (StaticTrain) :: Type: Land_Container_1Aoh_DE, lootmin: 3, lootmax: 5, wanted: 3, deloot: 0, containermaxsum: 15
 7:50:24.488 [CE][Links] found 4 total links between groups, of 28
 7:50:24.488 [CE][SpawnRandomLoot] (StaticTrain) :: Type: Land_Container_1Bo_DE, lootmin: 2, lootmax: 4, wanted: 2, deloot: 0, containermaxsum: 15
 7:50:24.488 [CE][Links] found 6 total links between groups, of 29
 7:50:24.488 [CE][SpawnRandomLoot] (StaticTrain) :: Type: StaticObj_Wreck_Train_Wagon_Flat_DE, lootmin: 1, lootmax: 3, wanted: 1, deloot: 0, containermaxsum: 15
 7:50:24.488 [CE][Links] found 8 total links between groups, of 30
 7:50:24.488 [CE][SpawnRandomLoot] (StaticTrain) :: Type: StaticObj_Train_Wagon_Flat_Industrial_Planks_DE, lootmin: 1, lootmax: 3, wanted: 1, deloot: 0, containermaxsum: 15
 7:50:24.488 [CE][Links] found 12 total links between groups, of 31
 7:50:24.488 [CE][SpawnRandomLoot] (StaticTrain) :: Type: StaticObj_Wreck_Train_Wagon_Flat_DE, lootmin: 1, lootmax: 3, wanted: 2, deloot: 0, containermaxsum: 15
 7:50:24.488 [CE][Links] found 12 total links between groups, of 32
 7:50:24.488 [CE][SpawnRandomLoot] (StaticTrain) :: Type: StaticObj_Train_Wagon_Flat_Industrial_Barrels_DE, lootmin: 1, lootmax: 3, wanted: 2, deloot: 0, containermaxsum: 15
 7:50:24.488 [CE][Links] found 14 total links between groups, of 33
 7:50:24.488 [CE][SpawnRandomLoot] (StaticTrain) :: Type: Land_Container_1Bo_DE, lootmin: 2, lootmax: 4, wanted: 3, deloot: 0, containermaxsum: 15
 7:50:24.488 [CE][Links] found 16 total links between groups, of 34
 7:50:24.488 [CE][SpawnRandomLoot] (StaticTrain) :: Type: Land_Container_1Aoh_DE, lootmin: 3, lootmax: 5, wanted: 4, deloot: 0, containermaxsum: 15
 7:51:24.928 [CE][VehicleRespawner] (PRIContaminatedArea) :: Initial random enabled for "StaticContaminatedArea" - Chosen nominal: 3
 7:52:52.492 [CE][VehicleRespawner] (PRIContaminatedArea) :: Initial random enabled for "StaticContaminatedArea" - Chosen nominal: 0
 7:52:53.148 [CE][Links] found 16 total links between groups, of 35
 7:52:53.148 [CE][SpawnRandomLoot] (StaticPoliceCar) :: Type: Land_Wreck_sed01_aban2_police, lootmin: 3, lootmax: 5, wanted: 3, deloot: 2, containermaxsum: 6
 7:53:17.424 [CE][LootRespawner] (PRIDummy) :: Item [5] is hard to place, performance drops: "Tec9_Gun"
 7:54:20.67 [CE][VehicleRespawner] (PRIContaminatedArea) :: Initial random enabled for "StaticContaminatedArea" - Chosen nominal: 2
 7:55:44.371 [CE][LootRespawner] (PRIDummy) :: Item [6] is hard to place, performance drops: "MMG_JPC_Vest_alpine"
 7:55:47.652 [CE][VehicleRespawner] (PRIContaminatedArea) :: Initial random enabled for "StaticContaminatedArea" - Chosen nominal: 2
 7:57:12.600 [CE][LootRespawner] (PRIDummy) :: Item [7] is hard to place, performance drops: "CamoNet"
 7:57:12.600 [CE][LootRespawner] (PRIDummy) :: Item [8] is hard to place, performance drops: "CamoNet"
 7:57:15.225 [CE][VehicleRespawner] (PRIContaminatedArea) :: Initial random enabled for "StaticContaminatedArea" - Chosen nominal: 3
 7:58:16.675 [CE][VehicleRespawner] (PRIContaminatedArea) :: Initial random enabled for "StaticContaminatedArea" - Chosen nominal: 1
 7:59:44.259 [CE][VehicleRespawner] (PRIContaminatedArea) :: Initial random enabled for "StaticContaminatedArea" - Chosen nominal: 1
 8:00:09.515 [CE][LootRespawner] (PRIDummy) :: Item [9] is hard to place, performance drops: "MMG_tt_vest_dark_woodland"
 8:01:08.543 [CE][LootRespawner] (PRIDummy) :: Item [10] is hard to place, performance drops: "AK74"
 8:01:11.824 [CE][VehicleRespawner] (PRIContaminatedArea) :: Initial random enabled for "StaticContaminatedArea" - Chosen nominal: 1
 8:02:39.308 [CE][VehicleRespawner] (PRIContaminatedArea) :: Initial random enabled for "StaticContaminatedArea" - Chosen nominal: 3
 8:04:06.888 [CE][VehicleRespawner] (PRIContaminatedArea) :: Initial random enabled for "StaticContaminatedArea" - Chosen nominal: 3
 8:04:07.544 [CE][Links] found 16 total links between groups, of 36
 8:04:07.544 [CE][SpawnRandomLoot] (StaticPoliceCar) :: Type: Land_Wreck_sed01_aban2_police, lootmin: 3, lootmax: 5, wanted: 4, deloot: 2, containermaxsum: 6
 8:04:33.897 [CE][LootRespawner] (PRIDummy) :: Item [11] is hard to place, performance drops: "UKAssVest_Black"
 8:05:08.338 [CE][VehicleRespawner] (PRIContaminatedArea) :: Initial random enabled for "StaticContaminatedArea" - Chosen nominal: 1
 8:05:34.800 [CE][Links] found 16 total links between groups, of 37
 8:05:34.800 [CE][SpawnRandomLoot] (StaticHeliCrash) :: Type: Wreck_Mi8_Crashed, lootmin: 10, lootmax: 15, wanted: 12, deloot: 2, containermaxsum: 15
 8:06:35.943 [CE][VehicleRespawner] (PRIContaminatedArea) :: Initial random enabled for "StaticContaminatedArea" - Chosen nominal: 2
 8:06:36.599 [CE][Links] found 16 total links between groups, of 38
 8:06:36.599 [CE][SpawnRandomLoot] (StaticPoliceCar) :: Type: Land_Wreck_sed01_aban2_police, lootmin: 3, lootmax: 5, wanted: 3, deloot: 2, containermaxsum: 6
 8:07:01.73 [CE][LootRespawner] (PRIDummy) :: Item [12] is hard to place, performance drops: "MMG_MK_III_Armor_multicam_tropic"
 8:08:03.507 [CE][VehicleRespawner] (PRIContaminatedArea) :: Initial random enabled for "StaticContaminatedArea" - Chosen nominal: 2
 8:08:04.163 [CE][Links] found 16 total links between groups, of 39
 8:08:04.163 [CE][SpawnRandomLoot] (StaticPoliceCar) :: Type: Land_Wreck_sed01_aban1_police, lootmin: 3, lootmax: 5, wanted: 3, deloot: 2, containermaxsum: 6
 8:09:28.14 [CE][LootRespawner] (PRIDummy) :: Item [13] is hard to place, performance drops: "PoliceJacket"
 8:09:28.452 [CE][LootRespawner] (PRIDummy) :: Item [14] is hard to place, performance drops: "MedicalScrubsHat_Blue"
 8:09:31.76 [CE][VehicleRespawner] (PRIContaminatedArea) :: Initial random enabled for "StaticContaminatedArea" - Chosen nominal: 3
 8:09:31.732 [CE][Links] found 16 total links between groups, of 40
 8:09:31.732 [CE][SpawnRandomLoot] (StaticPoliceCar) :: Type: Land_Wreck_sed01_aban1_police, lootmin: 3, lootmax: 5, wanted: 4, deloot: 2, containermaxsum: 6
 8:10:26.397 !!! [CE][Point] Removing 6503.063477, 3577.490234 from Land_BusStation_wall_bench
 8:10:58.494 [CE][VehicleRespawner] (PRIContaminatedArea) :: Initial random enabled for "StaticContaminatedArea" - Chosen nominal: 0
 8:11:59.894 [CE][VehicleRespawner] (PRIContaminatedArea) :: Initial random enabled for "StaticContaminatedArea" - Chosen nominal: 1
 8:12:25.592 [CE][LootRespawner] (PRIDummy) :: Item [15] is hard to place, performance drops: "CamoNet"
 8:12:25.592 [CE][LootRespawner] (PRIDummy) :: Item [16] is hard to place, performance drops: "CamoNet"
 8:12:25.592 [CE][LootRespawner] (PRIDummy) :: Item [17] is hard to place, performance drops: "CamoNet"
 8:12:25.592 [CE][LootRespawner] (PRIDummy) :: Item [18] is hard to place, performance drops: "CamoNet"
 8:12:25.592 [CE][LootRespawner] (PRIDummy) :: Item [19] is hard to place, performance drops: "CamoNet"
 8:12:26.685 [CE][Links] found 16 total links between groups, of 41
 8:12:26.685 [CE][SpawnRandomLoot] (StaticPoliceCar) :: Type: Land_Wreck_sed01_aban2_police, lootmin: 3, lootmax: 5, wanted: 3, deloot: 2, containermaxsum: 6
 8:12:26.685 [CE][Links] found 16 total links between groups, of 42
 8:12:26.685 [CE][SpawnRandomLoot] (StaticPoliceCar) :: Type: Land_Wreck_sed01_aban2_police, lootmin: 3, lootmax: 5, wanted: 3, deloot: 2, containermaxsum: 6
 8:13:27.495 [CE][VehicleRespawner] (PRIContaminatedArea) :: Initial random enabled for "StaticContaminatedArea" - Chosen nominal: 1
 8:14:55.59 [CE][VehicleRespawner] (PRIContaminatedArea) :: Initial random enabled for "StaticContaminatedArea" - Chosen nominal: 3
 8:16:22.609 [CE][VehicleRespawner] (PRIContaminatedArea) :: Initial random enabled for "StaticContaminatedArea" - Chosen nominal: 0
 8:16:51.51 !!! [CE][Point] Removing 12229.164063, 10605.739258 from Haybale
 8:17:50.205 [CE][VehicleRespawner] (PRIContaminatedArea) :: Initial random enabled for "StaticContaminatedArea" - Chosen nominal: 2
 8:17:50.533 [CE][Links] found 16 total links between groups, of 43
 8:17:50.533 [CE][SpawnRandomLoot] (StaticHeliCrash) :: Type: Wreck_Mi8_Crashed, lootmin: 10, lootmax: 15, wanted: 13, deloot: 2, containermaxsum: 15
 8:18:51.655 [CE][VehicleRespawner] (PRIContaminatedArea) :: Initial random enabled for "StaticContaminatedArea" - Chosen nominal: 3
 8:20:19.328 [CE][VehicleRespawner] (PRIContaminatedArea) :: Initial random enabled for "StaticContaminatedArea" - Chosen nominal: 0
 8:21:46.854 [CE][VehicleRespawner] (PRIContaminatedArea) :: Initial random enabled for "StaticContaminatedArea" - Chosen nominal: 2
 8:23:14.424 [CE][VehicleRespawner] (PRIContaminatedArea) :: Initial random enabled for "StaticContaminatedArea" - Chosen nominal: 0
 8:24:42.19 [CE][VehicleRespawner] (PRIContaminatedArea) :: Initial random enabled for "StaticContaminatedArea" - Chosen nominal: 1
 8:24:42.675 [CE][Links] found 16 total links between groups, of 44
 8:24:42.675 [CE][SpawnRandomLoot] (StaticPoliceCar) :: Type: Land_Wreck_sed01_aban2_police, lootmin: 3, lootmax: 5, wanted: 3, deloot: 2, containermaxsum: 6
 8:25:43.537 [CE][VehicleRespawner] (PRIContaminatedArea) :: Initial random enabled for "StaticContaminatedArea" - Chosen nominal: 2
 8:27:11.100 [CE][VehicleRespawner] (PRIContaminatedArea) :: Initial random enabled for "StaticContaminatedArea" - Chosen nominal: 0
 8:27:11.428 [CE][Links] found 16 total links between groups, of 45
 8:27:11.428 [CE][SpawnRandomLoot] (StaticHeliCrash) :: Type: Wreck_UH1Y, lootmin: 10, lootmax: 15, wanted: 12, deloot: 2, containermaxsum: 15
 8:28:38.684 [CE][VehicleRespawner] (PRIContaminatedArea) :: Initial random enabled for "StaticContaminatedArea" - Chosen nominal: 0
 8:30:06.366 [CE][VehicleRespawner] (PRIContaminatedArea) :: Initial random enabled for "StaticContaminatedArea" - Chosen nominal: 1
 8:30:07.22 [CE][Links] found 16 total links between groups, of 46
 8:30:07.22 [CE][SpawnRandomLoot] (StaticPoliceCar) :: Type: Land_Wreck_sed01_aban2_police, lootmin: 3, lootmax: 5, wanted: 4, deloot: 2, containermaxsum: 6
 8:31:33.822 [CE][VehicleRespawner] (PRIContaminatedArea) :: Initial random enabled for "StaticContaminatedArea" - Chosen nominal: 0
 8:32:35.281 [CE][VehicleRespawner] (PRIContaminatedArea) :: Initial random enabled for "StaticContaminatedArea" - Chosen nominal: 3
 8:34:02.864 [CE][VehicleRespawner] (PRIContaminatedArea) :: Initial random enabled for "StaticContaminatedArea" - Chosen nominal: 2
 8:35:30.463 [CE][VehicleRespawner] (PRIContaminatedArea) :: Initial random enabled for "StaticContaminatedArea" - Chosen nominal: 0
 8:36:57.993 [CE][VehicleRespawner] (PRIContaminatedArea) :: Initial random enabled for "StaticContaminatedArea" - Chosen nominal: 1
 8:36:58.649 [CE][Links] found 16 total links between groups, of 47
 8:36:58.649 [CE][SpawnRandomLoot] (StaticPoliceCar) :: Type: Land_Wreck_sed01_aban1_police, lootmin: 3, lootmax: 5, wanted: 4, deloot: 2, containermaxsum: 6
 8:38:25.545 [CE][VehicleRespawner] (PRIContaminatedArea) :: Initial random enabled for "StaticContaminatedArea" - Chosen nominal: 1
 8:39:26.995 [CE][VehicleRespawner] (PRIContaminatedArea) :: Initial random enabled for "StaticContaminatedArea" - Chosen nominal: 0
 8:39:53.780 [CE][Links] found 16 total links between groups, of 48
 8:39:53.780 [CE][SpawnRandomLoot] (StaticPoliceCar) :: Type: Land_Wreck_sed01_aban1_police, lootmin: 3, lootmax: 5, wanted: 4, deloot: 2, containermaxsum: 6
 8:40:54.573 [CE][VehicleRespawner] (PRIContaminatedArea) :: Initial random enabled for "StaticContaminatedArea" - Chosen nominal: 0
 8:42:22.127 [CE][VehicleRespawner] (PRIContaminatedArea) :: Initial random enabled for "StaticContaminatedArea" - Chosen nominal: 1
 8:43:49.718 [CE][VehicleRespawner] (PRIContaminatedArea) :: Initial random enabled for "StaticContaminatedArea" - Chosen nominal: 1
 8:45:17.277 [CE][VehicleRespawner] (PRIContaminatedArea) :: Initial random enabled for "StaticContaminatedArea" - Chosen nominal: 1
 8:45:17.605 [CE][Links] found 16 total links between groups, of 49
 8:45:17.605 [CE][SpawnRandomLoot] (StaticHeliCrash) :: Type: Wreck_Mi8_Crashed, lootmin: 10, lootmax: 15, wanted: 12, deloot: 2, containermaxsum: 15
 8:46:18.735 [CE][VehicleRespawner] (PRIContaminatedArea) :: Initial random enabled for "StaticContaminatedArea" - Chosen nominal: 1
 8:47:46.309 [CE][VehicleRespawner] (PRIContaminatedArea) :: Initial random enabled for "StaticContaminatedArea" - Chosen nominal: 1
 8:49:13.901 [CE][VehicleRespawner] (PRIContaminatedArea) :: Initial random enabled for "StaticContaminatedArea" - Chosen nominal: 3
 8:50:41.491 [CE][VehicleRespawner] (PRIContaminatedArea) :: Initial random enabled for "StaticContaminatedArea" - Chosen nominal: 1
 8:50:42.148 [CE][Links] found 16 total links between groups, of 50
 8:50:42.148 [CE][SpawnRandomLoot] (StaticPoliceCar) :: Type: Land_Wreck_sed01_aban1_police, lootmin: 3, lootmax: 5, wanted: 4, deloot: 2, containermaxsum: 6
 8:52:09.51 [CE][VehicleRespawner] (PRIContaminatedArea) :: Initial random enabled for "StaticContaminatedArea" - Chosen nominal: 2
 8:53:10.532 [CE][VehicleRespawner] (PRIContaminatedArea) :: Initial random enabled for "StaticContaminatedArea" - Chosen nominal: 1
 8:53:37.323 [CE][Links] found 16 total links between groups, of 51
 8:53:37.323 [CE][SpawnRandomLoot] (StaticPoliceCar) :: Type: Land_Wreck_sed01_aban1_police, lootmin: 3, lootmax: 5, wanted: 4, deloot: 2, containermaxsum: 6
 8:54:38.101 [CE][VehicleRespawner] (PRIContaminatedArea) :: Initial random enabled for "StaticContaminatedArea" - Chosen nominal: 2
 8:54:38.757 [CE][Links] found 16 total links between groups, of 52
 8:54:38.757 [CE][SpawnRandomLoot] (StaticPoliceCar) :: Type: Land_Wreck_sed01_aban1_police, lootmin: 3, lootmax: 5, wanted: 3, deloot: 2, containermaxsum: 6
 8:55:32.755 !!! [CE][Point] Removing 9429.319336, 13761.943359 from Land_Shed_M3
 8:56:05.665 [CE][VehicleRespawner] (PRIContaminatedArea) :: Initial random enabled for "StaticContaminatedArea" - Chosen nominal: 3
 8:56:06.321 [CE][Links] found 16 total links between groups, of 53
 8:56:06.321 [CE][SpawnRandomLoot] (StaticPoliceCar) :: Type: Land_Wreck_sed01_aban1_police, lootmin: 3, lootmax: 5, wanted: 4, deloot: 2, containermaxsum: 6
 8:57:33.248 [CE][VehicleRespawner] (PRIContaminatedArea) :: Initial random enabled for "StaticContaminatedArea" - Chosen nominal: 2
 8:57:33.576 [CE][Links] found 16 total links between groups, of 54
 8:57:33.576 [CE][SpawnRandomLoot] (StaticHeliCrash) :: Type: Wreck_Mi8_Crashed, lootmin: 10, lootmax: 15, wanted: 12, deloot: 2, containermaxsum: 15
 8:59:00.853 [CE][VehicleRespawner] (PRIContaminatedArea) :: Initial random enabled for "StaticContaminatedArea" - Chosen nominal: 1
 8:59:01.509 [CE][Links] found 16 total links between groups, of 55
 8:59:01.509 [CE][SpawnRandomLoot] (StaticPoliceCar) :: Type: Land_Wreck_sed01_aban1_police, lootmin: 3, lootmax: 5, wanted: 3, deloot: 2, containermaxsum: 6
 8:59:01.509 [CE][Links] found 16 total links between groups, of 56
 8:59:01.509 [CE][SpawnRandomLoot] (StaticPoliceCar) :: Type: Land_Wreck_sed01_aban1_police, lootmin: 3, lootmax: 5, wanted: 4, deloot: 2, containermaxsum: 6
 9:00:02.309 [CE][VehicleRespawner] (PRIContaminatedArea) :: Initial random enabled for "StaticContaminatedArea" - Chosen nominal: 0
 9:01:29.852 [CE][VehicleRespawner] (PRIContaminatedArea) :: Initial random enabled for "StaticContaminatedArea" - Chosen nominal: 2
 9:02:57.421 [CE][VehicleRespawner] (PRIContaminatedArea) :: Initial random enabled for "StaticContaminatedArea" - Chosen nominal: 0
 9:04:25.06 [CE][VehicleRespawner] (PRIContaminatedArea) :: Initial random enabled for "StaticContaminatedArea" - Chosen nominal: 1
 9:05:52.594 [CE][VehicleRespawner] (PRIContaminatedArea) :: Initial random enabled for "StaticContaminatedArea" - Chosen nominal: 1
 9:06:49.764 !!! [CE][Point] Removing 6501.343262, 3577.556885 from Land_BusStation_wall_bench
 9:06:54.28 [CE][VehicleRespawner] (PRIContaminatedArea) :: Initial random enabled for "StaticContaminatedArea" - Chosen nominal: 2
 9:07:20.491 [CE][Links] found 16 total links between groups, of 57
 9:07:20.491 [CE][SpawnRandomLoot] (StaticHeliCrash) :: Type: Wreck_Mi8_Crashed, lootmin: 10, lootmax: 15, wanted: 10, deloot: 2, containermaxsum: 15
 9:08:21.619 [CE][VehicleRespawner] (PRIContaminatedArea) :: Initial random enabled for "StaticContaminatedArea" - Chosen nominal: 3
 9:09:49.209 [CE][VehicleRespawner] (PRIContaminatedArea) :: Initial random enabled for "StaticContaminatedArea" - Chosen nominal: 3
 9:11:16.783 [CE][VehicleRespawner] (PRIContaminatedArea) :: Initial random enabled for "StaticContaminatedArea" - Chosen nominal: 1
 9:11:17.440 [CE][Links] found 16 total links between groups, of 58
 9:11:17.440 [CE][SpawnRandomLoot] (StaticPoliceCar) :: Type: Land_Wreck_sed01_aban2_police, lootmin: 3, lootmax: 5, wanted: 4, deloot: 2, containermaxsum: 6
 9:12:44.381 [CE][VehicleRespawner] (PRIContaminatedArea) :: Initial random enabled for "StaticContaminatedArea" - Chosen nominal: 0
 9:13:45.837 [CE][VehicleRespawner] (PRIContaminatedArea) :: Initial random enabled for "StaticContaminatedArea" - Chosen nominal: 0
 9:15:13.442 [CE][VehicleRespawner] (PRIContaminatedArea) :: Initial random enabled for "StaticContaminatedArea" - Chosen nominal: 3
 9:16:41.27 [CE][VehicleRespawner] (PRIContaminatedArea) :: Initial random enabled for "StaticContaminatedArea" - Chosen nominal: 3
 9:16:41.684 [CE][Links] found 16 total links between groups, of 59
 9:16:41.684 [CE][SpawnRandomLoot] (StaticPoliceCar) :: Type: Land_Wreck_sed01_aban2_police, lootmin: 3, lootmax: 5, wanted: 4, deloot: 2, containermaxsum: 6
 9:18:08.624 [CE][VehicleRespawner] (PRIContaminatedArea) :: Initial random enabled for "StaticContaminatedArea" - Chosen nominal: 0
 9:19:36.215 [CE][VehicleRespawner] (PRIContaminatedArea) :: Initial random enabled for "StaticContaminatedArea" - Chosen nominal: 3
 9:20:37.647 [CE][VehicleRespawner] (PRIContaminatedArea) :: Initial random enabled for "StaticContaminatedArea" - Chosen nominal: 3
 9:22:05.154 [CE][VehicleRespawner] (PRIContaminatedArea) :: Initial random enabled for "StaticContaminatedArea" - Chosen nominal: 0
 9:23:32.750 [CE][VehicleRespawner] (PRIContaminatedArea) :: Initial random enabled for "StaticContaminatedArea" - Chosen nominal: 0
 9:23:33.406 [CE][Links] found 16 total links between groups, of 60
 9:23:33.406 [CE][SpawnRandomLoot] (StaticPoliceCar) :: Type: Land_Wreck_sed01_aban2_police, lootmin: 3, lootmax: 5, wanted: 3, deloot: 2, containermaxsum: 6
 9:25:00.333 [CE][VehicleRespawner] (PRIContaminatedArea) :: Initial random enabled for "StaticContaminatedArea" - Chosen nominal: 3
 9:25:00.661 [CE][Links] found 16 total links between groups, of 61
 9:25:00.661 [CE][SpawnRandomLoot] (StaticHeliCrash) :: Type: Wreck_Mi8_Crashed, lootmin: 10, lootmax: 15, wanted: 13, deloot: 2, containermaxsum: 15
 9:26:27.713 [CE][VehicleRespawner] (PRIContaminatedArea) :: Initial random enabled for "StaticContaminatedArea" - Chosen nominal: 1
 9:26:28.369 [CE][Links] found 16 total links between groups, of 62
 9:26:28.369 [CE][SpawnRandomLoot] (StaticPoliceCar) :: Type: Land_Wreck_sed01_aban1_police, lootmin: 3, lootmax: 5, wanted: 3, deloot: 2, containermaxsum: 6
 9:27:29.147 [CE][VehicleRespawner] (PRIContaminatedArea) :: Initial random enabled for "StaticContaminatedArea" - Chosen nominal: 1
 9:28:57.29 [CE][VehicleRespawner] (PRIContaminatedArea) :: Initial random enabled for "StaticContaminatedArea" - Chosen nominal: 1
 9:29:24.147 [CE][Links] found 16 total links between groups, of 63
 9:29:24.147 [CE][SpawnRandomLoot] (StaticTrain) :: Type: StaticObj_Wreck_Train_742_Blue_Mil_DE, lootmin: 1, lootmax: 3, wanted: 1, deloot: 0, containermaxsum: 15
 9:29:24.147 [CE][Links] found 18 total links between groups, of 64
 9:29:24.147 [CE][SpawnRandomLoot] (StaticTrain) :: Type: StaticObj_Wreck_Ural_DE, lootmin: 1, lootmax: 3, wanted: 1, deloot: 0, containermaxsum: 15
 9:29:24.147 [CE][Links] found 18 total links between groups, of 65
 9:29:24.147 [CE][SpawnRandomLoot] (StaticTrain) :: Type: Land_Container_1Moh_DE, lootmin: 3, lootmax: 4, wanted: 3, deloot: 0, containermaxsum: 15
 9:29:24.147 [CE][Links] found 18 total links between groups, of 66
 9:29:24.147 [CE][SpawnRandomLoot] (StaticTrain) :: Type: Land_Container_1Moh_DE, lootmin: 3, lootmax: 4, wanted: 3, deloot: 0, containermaxsum: 15
 9:29:24.147 [CE][Links] found 18 total links between groups, of 67
 9:29:24.147 [CE][SpawnRandomLoot] (StaticTrain) :: Type: Land_Container_1Moh_DE, lootmin: 3, lootmax: 4, wanted: 3, deloot: 0, containermaxsum: 15
 9:29:24.147 [CE][Links] found 18 total links between groups, of 68
 9:29:24.147 [CE][SpawnRandomLoot] (StaticTrain) :: Type: Land_Container_1Moh_DE, lootmin: 3, lootmax: 4, wanted: 3, deloot: 0, containermaxsum: 15
 9:29:24.147 [CE][Links] found 18 total links between groups, of 69
 9:29:24.147 [CE][SpawnRandomLoot] (StaticTrain) :: Type: Land_Container_1Moh_DE, lootmin: 3, lootmax: 4, wanted: 3, deloot: 0, containermaxsum: 15
 9:29:24.147 [CE][Links] found 18 total links between groups, of 70
 9:29:24.147 [CE][SpawnRandomLoot] (StaticTrain) :: Type: Land_Container_1Moh_DE, lootmin: 3, lootmax: 4, wanted: 3, deloot: 0, containermaxsum: 15
 9:29:24.163 [CE][Links] found 22 total links between groups, of 71
 9:29:24.163 [CE][SpawnRandomLoot] (StaticTrain) :: Type: StaticObj_Wreck_Train_Wagon_Flat_Mil_DE, lootmin: 1, lootmax: 3, wanted: 1, deloot: 0, containermaxsum: 15
 9:29:24.163 [CE][Links] found 26 total links between groups, of 72
 9:29:24.163 [CE][SpawnRandomLoot] (StaticTrain) :: Type: StaticObj_Wreck_Train_Wagon_Flat_Mil_DE, lootmin: 1, lootmax: 3, wanted: 2, deloot: 0, containermaxsum: 15
 9:29:24.163 [CE][Links] found 30 total links between groups, of 73
 9:29:24.163 [CE][SpawnRandomLoot] (StaticTrain) :: Type: StaticObj_Wreck_Train_Wagon_Flat_Mil_DE, lootmin: 1, lootmax: 3, wanted: 1, deloot: 0, containermaxsum: 15
 9:29:24.163 [CE][Links] found 30 total links between groups, of 74
 9:29:24.163 [CE][SpawnRandomLoot] (StaticTrain) :: Type: StaticObj_Wreck_BMP1_DE, lootmin: 1, lootmax: 3, wanted: 1, deloot: 0, containermaxsum: 15
 9:29:24.163 [CE][Links] found 30 total links between groups, of 75
 9:29:24.163 [CE][SpawnRandomLoot] (StaticTrain) :: Type: Land_Container_1Mo_DE, lootmin: 3, lootmax: 4, wanted: 3, deloot: 0, containermaxsum: 15
 9:29:24.163 [CE][Links] found 32 total links between groups, of 76
 9:29:24.163 [CE][SpawnRandomLoot] (StaticTrain) :: Type: StaticObj_Wreck_Train_Wagon_Flat_Mil_DE, lootmin: 1, lootmax: 3, wanted: 1, deloot: 0, containermaxsum: 15
 9:29:24.163 [CE][Links] found 32 total links between groups, of 77
 9:29:24.163 [CE][SpawnRandomLoot] (StaticTrain) :: Type: StaticObj_Wreck_Train_Wagon_Tanker_Mil_DE, lootmin: 1, lootmax: 3, wanted: 1, deloot: 0, containermaxsum: 15
 9:29:24.163 [CE][Links] found 32 total links between groups, of 78
 9:29:24.163 [CE][SpawnRandomLoot] (StaticTrain) :: Type: StaticObj_Wreck_Train_Wagon_Tanker_Mil_DE, lootmin: 1, lootmax: 3, wanted: 2, deloot: 0, containermaxsum: 15
 9:29:24.163 [CE][Links] found 32 total links between groups, of 79
 9:29:24.163 [CE][SpawnRandomLoot] (StaticTrain) :: Type: Land_Train_Wagon_Box_Mil_DE, lootmin: 1, lootmax: 3, wanted: 1, deloot: 0, containermaxsum: 15
 9:29:24.163 [CE][Links] found 32 total links between groups, of 80
 9:29:24.178 [CE][SpawnRandomLoot] (StaticTrain) :: Type: Land_Train_Wagon_Box_Mil_DE, lootmin: 1, lootmax: 3, wanted: 2, deloot: 0, containermaxsum: 15
 9:29:24.178 [CE][Links] found 32 total links between groups, of 81
 9:29:24.178 [CE][SpawnRandomLoot] (StaticTrain) :: Type: Land_Train_Wagon_Box_Mil_DE, lootmin: 1, lootmax: 3, wanted: 1, deloot: 0, containermaxsum: 15
 9:29:24.178 [CE][Links] found 32 total links between groups, of 82
 9:29:24.178 [CE][SpawnRandomLoot] (StaticTrain) :: Type: StaticObj_Wreck_Train_742_Blue_DE, lootmin: 1, lootmax: 3, wanted: 2, deloot: 0, containermaxsum: 15
 9:29:24.178 [CE][Links] found 32 total links between groups, of 83
 9:29:24.178 [CE][SpawnRandomLoot] (StaticTrain) :: Type: Land_Container_1Aoh_DE, lootmin: 3, lootmax: 5, wanted: 3, deloot: 0, containermaxsum: 15
 9:29:24.178 [CE][Links] found 32 total links between groups, of 84
 9:29:24.178 [CE][SpawnRandomLoot] (StaticTrain) :: Type: Land_Container_1Aoh_DE, lootmin: 3, lootmax: 5, wanted: 4, deloot: 0, containermaxsum: 15
 9:29:24.178 [CE][Links] found 32 total links between groups, of 85
 9:29:24.178 [CE][SpawnRandomLoot] (StaticTrain) :: Type: Land_Container_1Bo_DE, lootmin: 2, lootmax: 4, wanted: 3, deloot: 0, containermaxsum: 15
 9:29:24.178 [CE][Links] found 32 total links between groups, of 86
 9:29:24.178 [CE][SpawnRandomLoot] (StaticTrain) :: Type: Land_Container_1Bo_DE, lootmin: 2, lootmax: 4, wanted: 3, deloot: 0, containermaxsum: 15
 9:29:24.178 [CE][Links] found 34 total links between groups, of 87
 9:29:24.178 [CE][SpawnRandomLoot] (StaticTrain) :: Type: StaticObj_Wreck_Train_Wagon_Flat_DE, lootmin: 1, lootmax: 3, wanted: 2, deloot: 0, containermaxsum: 15
 9:29:24.178 [CE][Links] found 36 total links between groups, of 88
 9:29:24.178 [CE][SpawnRandomLoot] (StaticTrain) :: Type: StaticObj_Train_Wagon_Flat_Industrial_Barrels_DE, lootmin: 1, lootmax: 3, wanted: 1, deloot: 0, containermaxsum: 15
 9:29:24.178 [CE][Links] found 40 total links between groups, of 89
 9:29:24.178 [CE][SpawnRandomLoot] (StaticTrain) :: Type: StaticObj_Wreck_Train_Wagon_Flat_DE, lootmin: 1, lootmax: 3, wanted: 1, deloot: 0, containermaxsum: 15
 9:29:24.178 [CE][Links] found 42 total links between groups, of 90
 9:29:24.178 [CE][SpawnRandomLoot] (StaticTrain) :: Type: Land_Container_1Aoh_DE, lootmin: 3, lootmax: 5, wanted: 3, deloot: 0, containermaxsum: 15
 9:29:24.194 [CE][Links] found 42 total links between groups, of 91
 9:29:24.194 [CE][SpawnRandomLoot] (StaticTrain) :: Type: Land_Train_Wagon_Box_DE, lootmin: 2, lootmax: 3, wanted: 2, deloot: 0, containermaxsum: 15
 9:29:24.194 [CE][Links] found 42 total links between groups, of 92
 9:29:24.194 [CE][SpawnRandomLoot] (StaticTrain) :: Type: Land_Train_Wagon_Box_DE, lootmin: 2, lootmax: 3, wanted: 2, deloot: 0, containermaxsum: 15
 9:29:24.194 [CE][Links] found 42 total links between groups, of 93
 9:29:24.194 [CE][SpawnRandomLoot] (StaticTrain) :: Type: Land_Train_Wagon_Box_DE, lootmin: 2, lootmax: 3, wanted: 2, deloot: 0, containermaxsum: 15
 9:29:24.194 [CE][Links] found 42 total links between groups, of 94
 9:29:24.194 [CE][SpawnRandomLoot] (StaticTrain) :: Type: Land_Train_Wagon_Box_DE, lootmin: 2, lootmax: 3, wanted: 2, deloot: 0, containermaxsum: 15
 9:30:24.613 [CE][VehicleRespawner] (PRIContaminatedArea) :: Initial random enabled for "StaticContaminatedArea" - Chosen nominal: 0
 9:31:52.166 [CE][VehicleRespawner] (PRIContaminatedArea) :: Initial random enabled for "StaticContaminatedArea" - Chosen nominal: 1
 9:33:19.739 [CE][VehicleRespawner] (PRIContaminatedArea) :: Initial random enabled for "StaticContaminatedArea" - Chosen nominal: 2
 9:34:21.188 [CE][VehicleRespawner] (PRIContaminatedArea) :: Initial random enabled for "StaticContaminatedArea" - Chosen nominal: 2
 9:35:48.751 [CE][VehicleRespawner] (PRIContaminatedArea) :: Initial random enabled for "StaticContaminatedArea" - Chosen nominal: 2
 9:37:16.323 [CE][VehicleRespawner] (PRIContaminatedArea) :: Initial random enabled for "StaticContaminatedArea" - Chosen nominal: 3
 9:37:16.651 [CE][Links] found 42 total links between groups, of 95
 9:37:16.651 [CE][SpawnRandomLoot] (StaticHeliCrash) :: Type: Wreck_UH1Y, lootmin: 10, lootmax: 15, wanted: 14, deloot: 2, containermaxsum: 15
 9:37:16.979 [CE][Links] found 42 total links between groups, of 96
 9:37:16.979 [CE][SpawnRandomLoot] (StaticPoliceCar) :: Type: Land_Wreck_sed01_aban1_police, lootmin: 3, lootmax: 5, wanted: 4, deloot: 2, containermaxsum: 6
 9:38:43.913 [CE][VehicleRespawner] (PRIContaminatedArea) :: Initial random enabled for "StaticContaminatedArea" - Chosen nominal: 3
 9:40:11.504 [CE][VehicleRespawner] (PRIContaminatedArea) :: Initial random enabled for "StaticContaminatedArea" - Chosen nominal: 1
 9:40:12.160 [CE][Links] found 42 total links between groups, of 97
 9:40:12.160 [CE][SpawnRandomLoot] (StaticPoliceCar) :: Type: Land_Wreck_sed01_aban1_police, lootmin: 3, lootmax: 5, wanted: 4, deloot: 2, containermaxsum: 6
 9:41:12.960 [CE][VehicleRespawner] (PRIContaminatedArea) :: Initial random enabled for "StaticContaminatedArea" - Chosen nominal: 2
 9:41:39.674 [CE][Links] found 44 total links between groups, of 98
 9:41:39.674 [CE][SpawnRandomLoot] (StaticPoliceCar) :: Type: Land_Wreck_sed01_aban2_police, lootmin: 3, lootmax: 5, wanted: 4, deloot: 2, containermaxsum: 6
 9:42:40.483 [CE][VehicleRespawner] (PRIContaminatedArea) :: Initial random enabled for "StaticContaminatedArea" - Chosen nominal: 1
 9:42:41.139 [CE][Links] found 44 total links between groups, of 99
 9:42:41.139 [CE][SpawnRandomLoot] (StaticPoliceCar) :: Type: Land_Wreck_sed01_aban2_police, lootmin: 3, lootmax: 5, wanted: 3, deloot: 2, containermaxsum: 6
 9:44:08.62 [CE][VehicleRespawner] (PRIContaminatedArea) :: Initial random enabled for "StaticContaminatedArea" - Chosen nominal: 2
 9:45:35.630 [CE][VehicleRespawner] (PRIContaminatedArea) :: Initial random enabled for "StaticContaminatedArea" - Chosen nominal: 3
 9:45:36.286 [CE][Links] found 44 total links between groups, of 100
 9:45:36.286 [CE][SpawnRandomLoot] (StaticPoliceCar) :: Type: Land_Wreck_sed01_aban1_police, lootmin: 3, lootmax: 5, wanted: 3, deloot: 2, containermaxsum: 6
 9:45:36.286 [CE][Links] found 44 total links between groups, of 101
 9:45:36.286 [CE][SpawnRandomLoot] (StaticPoliceCar) :: Type: Land_Wreck_sed01_aban2_police, lootmin: 3, lootmax: 5, wanted: 3, deloot: 2, containermaxsum: 6
 9:47:03.207 [CE][VehicleRespawner] (PRIContaminatedArea) :: Initial random enabled for "StaticContaminatedArea" - Chosen nominal: 0
 9:47:03.535 [CE][Links] found 44 total links between groups, of 102
 9:47:03.535 [CE][SpawnRandomLoot] (StaticHeliCrash) :: Type: Wreck_Mi8_Crashed, lootmin: 10, lootmax: 15, wanted: 14, deloot: 2, containermaxsum: 15
 9:48:04.647 [CE][VehicleRespawner] (PRIContaminatedArea) :: Initial random enabled for "StaticContaminatedArea" - Chosen nominal: 0
 9:49:32.238 [CE][VehicleRespawner] (PRIContaminatedArea) :: Initial random enabled for "StaticContaminatedArea" - Chosen nominal: 2
 9:50:59.835 [CE][VehicleRespawner] (PRIContaminatedArea) :: Initial random enabled for "StaticContaminatedArea" - Chosen nominal: 1
 9:52:27.401 [CE][VehicleRespawner] (PRIContaminatedArea) :: Initial random enabled for "StaticContaminatedArea" - Chosen nominal: 0
 9:53:54.981 [CE][VehicleRespawner] (PRIContaminatedArea) :: Initial random enabled for "StaticContaminatedArea" - Chosen nominal: 0
 9:54:56.194 [CE][VehicleRespawner] (PRIContaminatedArea) :: Initial random enabled for "StaticContaminatedArea" - Chosen nominal: 1
 9:56:23.740 [CE][VehicleRespawner] (PRIContaminatedArea) :: Initial random enabled for "StaticContaminatedArea" - Chosen nominal: 2
 9:57:51.304 [CE][VehicleRespawner] (PRIContaminatedArea) :: Initial random enabled for "StaticContaminatedArea" - Chosen nominal: 0
 9:57:51.960 [CE][Links] found 44 total links between groups, of 103
 9:57:51.960 [CE][SpawnRandomLoot] (StaticPoliceCar) :: Type: Land_Wreck_sed01_aban1_police, lootmin: 3, lootmax: 5, wanted: 3, deloot: 2, containermaxsum: 6
 9:59:18.889 [CE][VehicleRespawner] (PRIContaminatedArea) :: Initial random enabled for "StaticContaminatedArea" - Chosen nominal: 1
10:00:46.476 [CE][VehicleRespawner] (PRIContaminatedArea) :: Initial random enabled for "StaticContaminatedArea" - Chosen nominal: 1
10:01:47.882 [CE][VehicleRespawner] (PRIContaminatedArea) :: Initial random enabled for "StaticContaminatedArea" - Chosen nominal: 1
10:03:15.451 [CE][VehicleRespawner] (PRIContaminatedArea) :: Initial random enabled for "StaticContaminatedArea" - Chosen nominal: 1
10:03:16.107 [CE][Links] found 46 total links between groups, of 104
10:03:16.107 [CE][SpawnRandomLoot] (StaticPoliceCar) :: Type: Land_Wreck_sed01_aban1_police, lootmin: 3, lootmax: 5, wanted: 3, deloot: 2, containermaxsum: 6
10:04:43.24 [CE][VehicleRespawner] (PRIContaminatedArea) :: Initial random enabled for "StaticContaminatedArea" - Chosen nominal: 0
10:04:43.352 [CE][Links] found 46 total links between groups, of 105
10:04:43.352 [CE][SpawnRandomLoot] (StaticHeliCrash) :: Type: Wreck_Mi8_Crashed, lootmin: 10, lootmax: 15, wanted: 14, deloot: 2, containermaxsum: 15
10:06:10.604 [CE][VehicleRespawner] (PRIContaminatedArea) :: Initial random enabled for "StaticContaminatedArea" - Chosen nominal: 3
10:07:38.157 [CE][VehicleRespawner] (PRIContaminatedArea) :: Initial random enabled for "StaticContaminatedArea" - Chosen nominal: 1
10:08:39.607 [CE][VehicleRespawner] (PRIContaminatedArea) :: Initial random enabled for "StaticContaminatedArea" - Chosen nominal: 0
10:10:07.218 [CE][VehicleRespawner] (PRIContaminatedArea) :: Initial random enabled for "StaticContaminatedArea" - Chosen nominal: 0
10:10:07.874 [CE][Links] found 46 total links between groups, of 106
10:10:07.874 [CE][SpawnRandomLoot] (StaticPoliceCar) :: Type: Land_Wreck_sed01_aban1_police, lootmin: 3, lootmax: 5, wanted: 3, deloot: 2, containermaxsum: 6
10:11:34.741 [CE][VehicleRespawner] (PRIContaminatedArea) :: Initial random enabled for "StaticContaminatedArea" - Chosen nominal: 1
10:13:02.289 [CE][VehicleRespawner] (PRIContaminatedArea) :: Initial random enabled for "StaticContaminatedArea" - Chosen nominal: 0
10:13:02.945 [CE][Links] found 46 total links between groups, of 107
10:13:02.945 [CE][SpawnRandomLoot] (StaticPoliceCar) :: Type: Land_Wreck_sed01_aban1_police, lootmin: 3, lootmax: 5, wanted: 3, deloot: 2, containermaxsum: 6
10:14:29.874 [CE][VehicleRespawner] (PRIContaminatedArea) :: Initial random enabled for "StaticContaminatedArea" - Chosen nominal: 0
10:15:31.339 [CE][VehicleRespawner] (PRIContaminatedArea) :: Initial random enabled for "StaticContaminatedArea" - Chosen nominal: 1
10:16:58.860 [CE][VehicleRespawner] (PRIContaminatedArea) :: Initial random enabled for "StaticContaminatedArea" - Chosen nominal: 2
10:16:59.188 [CE][Links] found 46 total links between groups, of 108
10:16:59.188 [CE][SpawnRandomLoot] (StaticHeliCrash) :: Type: Wreck_UH1Y, lootmin: 10, lootmax: 15, wanted: 12, deloot: 2, containermaxsum: 15
10:18:26.450 [CE][VehicleRespawner] (PRIContaminatedArea) :: Initial random enabled for "StaticContaminatedArea" - Chosen nominal: 0
10:19:54.34 [CE][VehicleRespawner] (PRIContaminatedArea) :: Initial random enabled for "StaticContaminatedArea" - Chosen nominal: 2
10:21:21.438 [CE][VehicleRespawner] (PRIContaminatedArea) :: Initial random enabled for "StaticContaminatedArea" - Chosen nominal: 1
10:22:22.887 [CE][VehicleRespawner] (PRIContaminatedArea) :: Initial random enabled for "StaticContaminatedArea" - Chosen nominal: 3
10:23:50.434 [CE][VehicleRespawner] (PRIContaminatedArea) :: Initial random enabled for "StaticContaminatedArea" - Chosen nominal: 0
10:23:51.91 [CE][Links] found 46 total links between groups, of 109
10:23:51.91 [CE][SpawnRandomLoot] (StaticPoliceCar) :: Type: Land_Wreck_sed01_aban2_police, lootmin: 3, lootmax: 5, wanted: 4, deloot: 2, containermaxsum: 6
10:25:18.18 [CE][VehicleRespawner] (PRIContaminatedArea) :: Initial random enabled for "StaticContaminatedArea" - Chosen nominal: 3
10:26:45.483 [CE][VehicleRespawner] (PRIContaminatedArea) :: Initial random enabled for "StaticContaminatedArea" - Chosen nominal: 3
10:26:45.811 [CE][Links] found 46 total links between groups, of 110
10:26:45.811 [CE][SpawnRandomLoot] (StaticHeliCrash) :: Type: Wreck_UH1Y, lootmin: 10, lootmax: 15, wanted: 11, deloot: 2, containermaxsum: 15
10:26:46.139 [CE][Links] found 46 total links between groups, of 111
10:26:46.139 [CE][SpawnRandomLoot] (StaticPoliceCar) :: Type: Land_Wreck_sed01_aban1_police, lootmin: 3, lootmax: 5, wanted: 3, deloot: 2, containermaxsum: 6
10:28:13.67 [CE][VehicleRespawner] (PRIContaminatedArea) :: Initial random enabled for "StaticContaminatedArea" - Chosen nominal: 3
10:28:13.723 [CE][Links] found 48 total links between groups, of 112
10:28:13.723 [CE][SpawnRandomLoot] (StaticPoliceCar) :: Type: Land_Wreck_sed01_aban1_police, lootmin: 3, lootmax: 5, wanted: 3, deloot: 2, containermaxsum: 6
10:29:14.583 [CE][VehicleRespawner] (PRIContaminatedArea) :: Initial random enabled for "StaticContaminatedArea" - Chosen nominal: 3
10:29:41.436 [CE][Links] found 48 total links between groups, of 113
10:29:41.436 [CE][SpawnRandomLoot] (StaticPoliceCar) :: Type: Land_Wreck_sed01_aban2_police, lootmin: 3, lootmax: 5, wanted: 3, deloot: 2, containermaxsum: 6
10:30:42.230 [CE][VehicleRespawner] (PRIContaminatedArea) :: Initial random enabled for "StaticContaminatedArea" - Chosen nominal: 0
10:32:09.771 [CE][VehicleRespawner] (PRIContaminatedArea) :: Initial random enabled for "StaticContaminatedArea" - Chosen nominal: 1
10:32:10.426 [CE][Links] found 48 total links between groups, of 114
10:32:10.426 [CE][SpawnRandomLoot] (StaticPoliceCar) :: Type: Land_Wreck_sed01_aban1_police, lootmin: 3, lootmax: 5, wanted: 4, deloot: 2, containermaxsum: 6
10:32:10.426 [CE][Links] found 48 total links between groups, of 115
10:32:10.426 [CE][SpawnRandomLoot] (StaticPoliceCar) :: Type: Land_Wreck_sed01_aban1_police, lootmin: 3, lootmax: 5, wanted: 4, deloot: 2, containermaxsum: 6
10:33:37.339 [CE][VehicleRespawner] (PRIContaminatedArea) :: Initial random enabled for "StaticContaminatedArea" - Chosen nominal: 0
10:35:04.917 [CE][VehicleRespawner] (PRIContaminatedArea) :: Initial random enabled for "StaticContaminatedArea" - Chosen nominal: 0
10:36:06.367 [CE][VehicleRespawner] (PRIContaminatedArea) :: Initial random enabled for "StaticContaminatedArea" - Chosen nominal: 1
10:37:33.852 [CE][VehicleRespawner] (PRIContaminatedArea) :: Initial random enabled for "StaticContaminatedArea" - Chosen nominal: 2
10:39:01.430 [CE][VehicleRespawner] (PRIContaminatedArea) :: Initial random enabled for "StaticContaminatedArea" - Chosen nominal: 2
10:40:29.30 [CE][VehicleRespawner] (PRIContaminatedArea) :: Initial random enabled for "StaticContaminatedArea" - Chosen nominal: 1
10:41:56.547 [CE][VehicleRespawner] (PRIContaminatedArea) :: Initial random enabled for "StaticContaminatedArea" - Chosen nominal: 2
10:42:57.996 [CE][VehicleRespawner] (PRIContaminatedArea) :: Initial random enabled for "StaticContaminatedArea" - Chosen nominal: 1
10:44:25.564 [CE][VehicleRespawner] (PRIContaminatedArea) :: Initial random enabled for "StaticContaminatedArea" - Chosen nominal: 2
10:44:25.892 [CE][Links] found 48 total links between groups, of 116
10:44:25.892 [CE][SpawnRandomLoot] (StaticHeliCrash) :: Type: Wreck_UH1Y, lootmin: 10, lootmax: 15, wanted: 11, deloot: 2, containermaxsum: 15
10:44:26.220 [CE][Links] found 48 total links between groups, of 117
10:44:26.220 [CE][SpawnRandomLoot] (StaticPoliceCar) :: Type: Land_Wreck_sed01_aban1_police, lootmin: 3, lootmax: 5, wanted: 3, deloot: 2, containermaxsum: 6
10:45:53.112 [CE][VehicleRespawner] (PRIContaminatedArea) :: Initial random enabled for "StaticContaminatedArea" - Chosen nominal: 2
10:47:20.698 [CE][VehicleRespawner] (PRIContaminatedArea) :: Initial random enabled for "StaticContaminatedArea" - Chosen nominal: 3
10:48:48.258 [CE][VehicleRespawner] (PRIContaminatedArea) :: Initial random enabled for "StaticContaminatedArea" - Chosen nominal: 3
10:49:49.760 [CE][VehicleRespawner] (PRIContaminatedArea) :: Initial random enabled for "StaticContaminatedArea" - Chosen nominal: 0
10:50:16.536 [CE][Links] found 48 total links between groups, of 118
10:50:16.536 [CE][SpawnRandomLoot] (StaticPoliceCar) :: Type: Land_Wreck_sed01_aban1_police, lootmin: 3, lootmax: 5, wanted: 4, deloot: 2, containermaxsum: 6
10:51:17.337 [CE][VehicleRespawner] (PRIContaminatedArea) :: Initial random enabled for "StaticContaminatedArea" - Chosen nominal: 2
10:52:44.901 [CE][VehicleRespawner] (PRIContaminatedArea) :: Initial random enabled for "StaticContaminatedArea" - Chosen nominal: 0
10:54:12.450 [CE][VehicleRespawner] (PRIContaminatedArea) :: Initial random enabled for "StaticContaminatedArea" - Chosen nominal: 0
10:55:40.40 [CE][VehicleRespawner] (PRIContaminatedArea) :: Initial random enabled for "StaticContaminatedArea" - Chosen nominal: 3
10:56:41.472 [CE][VehicleRespawner] (PRIContaminatedArea) :: Initial random enabled for "StaticContaminatedArea" - Chosen nominal: 3
10:57:07.930 [CE][Links] found 48 total links between groups, of 119
10:57:07.930 [CE][SpawnRandomLoot] (StaticHeliCrash) :: Type: Wreck_UH1Y, lootmin: 10, lootmax: 15, wanted: 12, deloot: 2, containermaxsum: 15
10:57:08.258 [CE][Links] found 50 total links between groups, of 120
10:57:08.258 [CE][SpawnRandomLoot] (StaticPoliceCar) :: Type: Land_Wreck_sed01_aban1_police, lootmin: 3, lootmax: 5, wanted: 3, deloot: 2, containermaxsum: 6
10:58:09.36 [CE][VehicleRespawner] (PRIContaminatedArea) :: Initial random enabled for "StaticContaminatedArea" - Chosen nominal: 0
10:59:36.610 [CE][VehicleRespawner] (PRIContaminatedArea) :: Initial random enabled for "StaticContaminatedArea" - Chosen nominal: 0
10:59:37.266 [CE][Links] found 50 total links between groups, of 121
10:59:37.266 [CE][SpawnRandomLoot] (StaticPoliceCar) :: Type: Land_Wreck_sed01_aban1_police, lootmin: 3, lootmax: 5, wanted: 4, deloot: 2, containermaxsum: 6
11:01:04.173 [CE][VehicleRespawner] (PRIContaminatedArea) :: Initial random enabled for "StaticContaminatedArea" - Chosen nominal: 0
11:01:57.617 [Disconnect]: Client 100970578 early disconnect
11:01:58.133 [Disconnect]: Start script disconnect 100970578 (dbCharacterId 121 dbPlayerId 121) logoutTime 0
11:01:58.133 [Disconnect]: Remove player info 100970578
11:01:58.664 [Disconnect]: Player destroy 100970578 
11:01:58.664 [Disconnect]: Finish script disconnect -1
11:02:11.270  --- Termination successfully completed --- 
