

=====================================================================
== C:\SERVICES\ni7063137_1_SHARE\ftproot\dayzstandalone\DayZServer_x64.exe
== "C:\SERVICES\ni7063137_1_SHARE\ftproot\dayzstandalone\DayZServer_x64.exe" -ip=31.214.158.194 -port=12800 -cpuCount=4 -limitFPS=100 -adminlog -config=serverDZ.cfg "-mod=@CF;@DabsFramework;@DayZEditorLoader;@BuilderItems;@BaseBuildingPlus;@CodeLock;@Breachingcharge;@VPPAdminTools;@TraderPlus;@InventoryDump;@BurnAlive;@GunnerTruckOshkosh;@MuchStuffPack;@SNAFU;@CannabisPlus;@MMG;@VanillaPlusPlusMap;@UnknownGhillieMod;@MassA2Assets;@SchanaParty;@PseudoGiant;@InventoryMoveSounds;@Notifications;@AdvancedWeaponScopes;@CarsForAll;@SchanaModGlobalChat;@StaminaSettings;@DrugsPLUS;@GoreZ;@PackSouthAmericanPlague;@RedFalcon" -profiles=C:\SERVICES\ni7063137_1_SHARE\ftproot\dayzstandalone/config -BEPath=C:\SERVICES\ni7063137_1_SHARE\ftproot\dayzstandalone\battleye -noFilePatching -nologs -freezecheck
=====================================================================
Exe timestamp: 2022/07/28 08:30:35
Current time:  2022/09/05 21:19:54

Version 1.18.155069
21:19:54.259 [Inputs] Loading inputs default "bin/constants.xml"
21:19:54.259 [Inputs] Loading inputs default "bin/specific.xml"
21:19:54.259 [Inputs] Loading inputs default "BBP_keybind/data/modded_Inputs.xml"
21:19:54.259 [Inputs] Loading inputs default "InventoryMoveSounds/Scripts/Data/Inputs.xml"
21:19:54.275 [Inputs] Loading inputs default "SpardaTextura/inputs/Inputs.xml"
21:19:54.275 [Inputs] Loading inputs default "VanillaPPMap/data/modded_Inputs.xml"
21:19:54.275 [Inputs] Loading inputs default "VehiclesVipNemesis/inputs/Inputs.xml"
21:19:54.275 [Inputs] Loading inputs default "VPPAdminTools/data/modded_Inputs.xml"
21:19:54.275 [Inputs] Loading inputs default "CarLock/scripts/3_Game/inputs.xml"
21:19:54.275 [Inputs] Loading inputs default "Ghost/InventoryDump/Client/Data/modded_inputs.xml"
21:19:54.275 [Inputs] Loading inputs default "Notifications/inputs/inputs.xml"
21:19:54.275 [Inputs] Loading inputs default "RFFSHeli_Core/modded_Inputs.xml"
21:19:54.275 [Inputs] Loading inputs default "SchanaModGlobalChat/Data/Inputs.xml"
21:19:54.275 [Inputs] Loading inputs default "SchanaModParty/Data/Inputs.xml"
21:19:54.275 !!! [Inputs] Cannot load inputs default "", file does not exist
21:19:54.275 !!! [Inputs] Failed to load MODDED inputs - file name/ path invalid?
21:19:54.290 [Inputs] Loading inputs cfg "C:\SERVICES\ni7063137_1_SHARE\ftproot\dayzstandalone/config\Users\Survivor\Server.core.xml"
21:19:54.290 [Inputs] Exporting inputs cfg "C:\SERVICES\ni7063137_1_SHARE\ftproot\dayzstandalone/config\Users\Survivor\Server.core.xml"
21:20:29.751 [CE][Hive] :: Initializing OFFLINE
21:20:29.766 [CE][Hive] :: Loading core data ... 
21:20:29.766 [CE][CoreData] :: 7 root classes, 18 defaults, 0 updaters...
21:20:35.749 [CE] :: WARNING :: Preset map "optics" is EMPTY.
21:20:35.765 [CE][TypeSetup] :: 470 classes setuped...
21:20:35.781 [CE] :: WARNING :: Preset map "optics" is EMPTY.
21:20:35.781 [CE][TypeSetup] :: 353 classes setuped...
21:20:38.61 [CE][RegisterBind] :: 0 classes binded...
21:20:38.61 [CE][RegisterConfig] :: 17183 config classes registered, 0 sub-counters...
21:20:38.61 [CE][Hive] :: Loading map data ... 
21:20:38.77 [CE][IgnoreList] "cfgignorelist.xml" :: loaded 19 types
21:20:38.124 [CE][LoadPrototype] :: loaded 368 prototypes
21:20:38.124   754 containers, 9611 points
21:20:38.124   32 dispatches, 115 proxies
21:20:38.124 !!! [CE][LoadPrototype] 14 groups have no points...
21:20:38.124 !!![CE][LoadPrototype]  2 groups have wrong points...
21:20:38.124 [CE][LoadPrototype] :: last group name: StaticObj_Wreck_Ural_DE...
21:20:38.140 [CE][LoadPrototype] :: loaded 0 prototypes
21:20:38.140   0 containers, 0 points
21:20:38.140   0 dispatches, 0 proxies
21:20:38.140 [CE][LoadPrototype] :: last group name: Rail9...
21:20:39.311 [CE][LoadMap] "Group" :: loaded 11620 groups, groups failed: 0, largest group range: 34.2
21:20:39.311 [CE][LoadMap] "Dirt" :: loaded 0 groups, groups failed: 0, largest group range: 34.2
21:20:39.733 [CE][Links] found 1888 total links between groups, of 11620
21:20:39.733 [CE][LoadClusters] "Cluster" :: Loading files...
21:20:39.920 [CE][LoadClusters] :: file: "mapgroupcluster.xml", 9 types, 50000 instances
21:20:40.123 [CE][LoadClusters] :: file: "mapgroupcluster01", 9 types, 50000 instances
21:20:40.342 [CE][LoadClusters] :: file: "mapgroupcluster02", 9 types, 50000 instances
21:20:40.545 [CE][LoadClusters] :: file: "mapgroupcluster03", 9 types, 50000 instances
21:20:40.623 [CE][LoadClusters] :: file: "mapgroupcluster04", 9 types, 17347 instances
21:20:40.623 [CE][Storage] ver:21 stamp:105858, valid:yes, name:"mpmissions\dayzOffline.chernarusplus\storage_1\data\types.bin"
21:20:40.623 [CE][Storage] ver:21 stamp:105426, valid:yes, name:"mpmissions\dayzOffline.chernarusplus\storage_1\data\types.001"
21:20:40.623 [CE][Storage] ver:21 stamp:105427, valid:yes, name:"mpmissions\dayzOffline.chernarusplus\storage_1\data\types.002"
21:20:40.623 [CE][Storage] Restoring file "mpmissions\dayzOffline.chernarusplus\storage_1\data\types.bin".
21:20:40.873 !!! [CE][offlineDB] :: No Shutdown message present.
21:20:40.873 !!! [CE][DE] (VehicleHelicopter) :: Unable to create child (Homemade_SIB) as the type does not exist.
21:20:40.873 !!! [CE][DE] (VehicleHelicopter) :: Unable to create child (Helilittle_bird_RF) as the type does not exist.
21:20:40.873 !!! [CE][DE] (VehicleHelicopter) :: Unable to create child (HelicopterRF_camo) as the type does not exist.
21:20:40.873 !!! [CE][DE] (VehicleHelicopter) :: Unable to create child (HelicopterRF_camoblue) as the type does not exist.
21:20:40.873 !!! [CE][DE] (VehicleBoat) :: Unable to create child (powerboat_boat_SIB0) as the type does not exist.
21:20:40.873 [CE][offlineDB] :: Loaded 47 dynamic events 278 total types.
21:20:40.905 !!! [CE][offlineDB] :: Type 'ChristmasTree' will be ignored. (Not spawnable. (Scope is not public?))
21:20:40.920 !!! [CE][offlineDB] :: Type 'Homemade_SIB' will be ignored. (Type does not exist. (Typo?))
21:20:40.920 !!! [CE][offlineDB] :: Type 'Helilittle_bird_RF' will be ignored. (Type does not exist. (Typo?))
21:20:40.920 !!! [CE][offlineDB] :: Type 'HelicopterRF_camoblue' will be ignored. (Type does not exist. (Typo?))
21:20:40.920 !!! [CE][offlineDB] :: Type 'HelicopterRF_camo' will be ignored. (Type does not exist. (Typo?))
21:20:40.920 !!! [CE][offlineDB] :: Type 'RFlittle_bird_bladem3' will be ignored. (Type does not exist. (Typo?))
21:20:40.920 !!! [CE][offlineDB] :: Type 'RFlittle_bird_bladem1' will be ignored. (Type does not exist. (Typo?))
21:20:40.920 !!! [CE][offlineDB] :: Type 'RFlittle_bird_blade5' will be ignored. (Type does not exist. (Typo?))
21:20:40.920 !!! [CE][offlineDB] :: Type 'RFlittle_bird_blade4' will be ignored. (Type does not exist. (Typo?))
21:20:40.920 !!! [CE][offlineDB] :: Type 'RFlittle_bird_blade3' will be ignored. (Type does not exist. (Typo?))
21:20:40.920 !!! [CE][offlineDB] :: Type 'RFlittle_bird_blade2' will be ignored. (Type does not exist. (Typo?))
21:20:40.920 !!! [CE][offlineDB] :: Type 'RFlittle_bird_blade1' will be ignored. (Type does not exist. (Typo?))
21:20:40.920 !!! [CE][offlineDB] :: Type 'Helipolice_Gold' will be ignored. (Type does not exist. (Typo?))
21:20:40.920 !!! [CE][offlineDB] :: Type 'Heli_apache_green' will be ignored. (Type does not exist. (Typo?))
21:20:40.920 !!! [CE][offlineDB] :: Type 'Heli_apache_camo_desert' will be ignored. (Type does not exist. (Typo?))
21:20:40.920 !!! [CE][offlineDB] :: Type 'Heli_apache_camo' will be ignored. (Type does not exist. (Typo?))
21:20:40.920 !!! [CE][offlineDB] :: Type 'Heli_apache_black' will be ignored. (Type does not exist. (Typo?))
21:20:40.920 !!! [CE][offlineDB] :: Type 'Heli_apache' will be ignored. (Type does not exist. (Typo?))
21:20:40.920 !!! [CE][offlineDB] :: Type 'Helichinook_RF_USA' will be ignored. (Type does not exist. (Typo?))
21:20:40.920 !!! [CE][offlineDB] :: Type 'Helichinook_RF_UK' will be ignored. (Type does not exist. (Typo?))
21:20:40.920 !!! [CE][offlineDB] :: Type 'Helichinook_RF_raid' will be ignored. (Type does not exist. (Typo?))
21:20:40.920 !!! [CE][offlineDB] :: Type 'Helichinook_RF_civ' will be ignored. (Type does not exist. (Typo?))
21:20:40.920 !!! [CE][offlineDB] :: Type 'Helichinook_RF_camo' will be ignored. (Type does not exist. (Typo?))
21:20:40.920 !!! [CE][offlineDB] :: Type 'Helichinook_RF_bloody' will be ignored. (Type does not exist. (Typo?))
21:20:40.920 !!! [CE][offlineDB] :: Type 'Helichinook_RF_black' will be ignored. (Type does not exist. (Typo?))
21:20:40.920 !!! [CE][offlineDB] :: Type 'Heliblack_hawk_SIB_desert' will be ignored. (Type does not exist. (Typo?))
21:20:40.920 !!! [CE][offlineDB] :: Type 'Heliblack_hawk_SIB_camo2' will be ignored. (Type does not exist. (Typo?))
21:20:40.920 !!! [CE][offlineDB] :: Type 'HeliSIB_UH1D_medic' will be ignored. (Type does not exist. (Typo?))
21:20:40.920 !!! [CE][offlineDB] :: Type 'HeliSIB_Mi35' will be ignored. (Type does not exist. (Typo?))
21:20:40.920 !!! [CE][offlineDB] :: Type 'HeliSIB_UH1D_taxi' will be ignored. (Type does not exist. (Typo?))
21:20:40.920 !!! [CE][offlineDB] :: Type 'HeliSIB_UH1D_camo' will be ignored. (Type does not exist. (Typo?))
21:20:40.920 !!! [CE][offlineDB] :: Type 'Helipolice_urban' will be ignored. (Type does not exist. (Typo?))
21:20:40.920 !!! [CE][offlineDB] :: Type 'Helipolice_raid_white' will be ignored. (Type does not exist. (Typo?))
21:20:40.920 !!! [CE][offlineDB] :: Type 'Helipolice_raid' will be ignored. (Type does not exist. (Typo?))
21:20:40.920 !!! [CE][offlineDB] :: Type 'Helipolice_green' will be ignored. (Type does not exist. (Typo?))
21:20:40.920 !!! [CE][offlineDB] :: Type 'Helipolice_Gold' will be ignored. (Type does not exist. (Typo?))
21:20:40.920 !!! [CE][offlineDB] :: Type 'Helipolice_flames' will be ignored. (Type does not exist. (Typo?))
21:20:40.920 !!! [CE][offlineDB] :: Type 'Helipolice_admin_green' will be ignored. (Type does not exist. (Typo?))
21:20:40.920 !!! [CE][offlineDB] :: Type 'Helipolice_admin_camo' will be ignored. (Type does not exist. (Typo?))
21:20:40.920 !!! [CE][offlineDB] :: Type 'Helipolice_admin' will be ignored. (Type does not exist. (Typo?))
21:20:40.920 !!! [CE][offlineDB] :: Type 'HeliSIB_UH1H2' will be ignored. (Type does not exist. (Typo?))
21:20:40.920 !!! [CE][offlineDB] :: Type 'HeliSIB_UH1H' will be ignored. (Type does not exist. (Typo?))
21:20:40.920 !!! [CE][offlineDB] :: Type 'HeliSIB_UH1D_iron' will be ignored. (Type does not exist. (Typo?))
21:20:40.920 !!! [CE][offlineDB] :: Type 'HeliSIB_UH1D_navy' will be ignored. (Type does not exist. (Typo?))
21:20:40.920 !!! [CE][offlineDB] :: Type 'HeliSIB_UH1D_airforce' will be ignored. (Type does not exist. (Typo?))
21:20:40.920 !!! [CE][offlineDB] :: Type 'HeliSIB_UH1D' will be ignored. (Type does not exist. (Typo?))
21:20:40.920 !!! [CE][offlineDB] :: Type 'Helipolice_swat_SIB5' will be ignored. (Type does not exist. (Typo?))
21:20:40.920 !!! [CE][offlineDB] :: Type 'Helipolice_SIB4' will be ignored. (Type does not exist. (Typo?))
21:20:40.920 !!! [CE][offlineDB] :: Type 'Heliblack_hawk_SIB_camo' will be ignored. (Type does not exist. (Typo?))
21:20:40.920 !!! [CE][offlineDB] :: Type 'Heliblack_hawk_SIB' will be ignored. (Type does not exist. (Typo?))
21:20:40.936 [CE][Storage] ver:21 stamp:105858, valid:yes, name:"mpmissions\dayzOffline.chernarusplus\storage_1\data\events.bin"
21:20:40.936 [CE][Storage] ver:21 stamp:105426, valid:yes, name:"mpmissions\dayzOffline.chernarusplus\storage_1\data\events.001"
21:20:40.936 [CE][Storage] ver:21 stamp:105427, valid:yes, name:"mpmissions\dayzOffline.chernarusplus\storage_1\data\events.002"
21:20:40.936 [CE][Storage] Restoring file "mpmissions\dayzOffline.chernarusplus\storage_1\data\events.bin".
21:20:40.936 [CE][DynamicEvent] Load  Events:[47] Primary spawners: 47 Secondary spawners: 3
21:20:40.936 [CE][Storage] ver:25 stamp:105858, valid:yes, name:"mpmissions\dayzOffline.chernarusplus\storage_1\data\dynamic_000.bin"
21:20:40.936 [CE][Storage] ver:25 stamp:105426, valid:yes, name:"mpmissions\dayzOffline.chernarusplus\storage_1\data\dynamic_000.001"
21:20:40.936 [CE][Storage] ver:25 stamp:105427, valid:yes, name:"mpmissions\dayzOffline.chernarusplus\storage_1\data\dynamic_000.002"
21:20:40.936 [CE][Storage] Restoring file "mpmissions\dayzOffline.chernarusplus\storage_1\data\dynamic_000.bin" 857 items.
21:20:41.467   857 items loaded. (0 failed)
21:20:41.467 [CE][Storage] ver:25 stamp:105858, valid:yes, name:"mpmissions\dayzOffline.chernarusplus\storage_1\data\dynamic_001.bin"
21:20:41.467 [CE][Storage] ver:25 stamp:105426, valid:yes, name:"mpmissions\dayzOffline.chernarusplus\storage_1\data\dynamic_001.001"
21:20:41.467 [CE][Storage] ver:25 stamp:105427, valid:yes, name:"mpmissions\dayzOffline.chernarusplus\storage_1\data\dynamic_001.002"
21:20:41.467 [CE][Storage] Restoring file "mpmissions\dayzOffline.chernarusplus\storage_1\data\dynamic_001.bin" 1791 items.
21:20:42.373   1791 items loaded. (0 failed)
21:20:42.373 [CE][Storage] ver:25 stamp:105858, valid:yes, name:"mpmissions\dayzOffline.chernarusplus\storage_1\data\dynamic_002.bin"
21:20:42.373 [CE][Storage] ver:25 stamp:105426, valid:yes, name:"mpmissions\dayzOffline.chernarusplus\storage_1\data\dynamic_002.001"
21:20:42.373 [CE][Storage] ver:25 stamp:105427, valid:yes, name:"mpmissions\dayzOffline.chernarusplus\storage_1\data\dynamic_002.002"
21:20:42.373 [CE][Storage] Restoring file "mpmissions\dayzOffline.chernarusplus\storage_1\data\dynamic_002.bin" 2441 items.
21:20:43.295   2441 items loaded. (0 failed)
21:20:43.295 [CE][Storage] ver:25 stamp:105858, valid:yes, name:"mpmissions\dayzOffline.chernarusplus\storage_1\data\dynamic_003.bin"
21:20:43.295 [CE][Storage] ver:25 stamp:105426, valid:yes, name:"mpmissions\dayzOffline.chernarusplus\storage_1\data\dynamic_003.001"
21:20:43.295 [CE][Storage] ver:25 stamp:105427, valid:yes, name:"mpmissions\dayzOffline.chernarusplus\storage_1\data\dynamic_003.002"
21:20:43.295 [CE][Storage] Restoring file "mpmissions\dayzOffline.chernarusplus\storage_1\data\dynamic_003.bin" 2363 items.
21:20:44.279   2363 items loaded. (0 failed)
21:20:44.294 [CE][Storage] ver:25 stamp:105858, valid:yes, name:"mpmissions\dayzOffline.chernarusplus\storage_1\data\dynamic_004.bin"
21:20:44.294 [CE][Storage] ver:25 stamp:105426, valid:yes, name:"mpmissions\dayzOffline.chernarusplus\storage_1\data\dynamic_004.001"
21:20:44.294 [CE][Storage] ver:25 stamp:105427, valid:yes, name:"mpmissions\dayzOffline.chernarusplus\storage_1\data\dynamic_004.002"
21:20:44.294 [CE][Storage] Restoring file "mpmissions\dayzOffline.chernarusplus\storage_1\data\dynamic_004.bin" 1953 items.
21:20:45.154   1953 items loaded. (0 failed)
21:20:45.154 [CE][Storage] ver:25 stamp:105858, valid:yes, name:"mpmissions\dayzOffline.chernarusplus\storage_1\data\dynamic_005.bin"
21:20:45.154 [CE][Storage] ver:25 stamp:105426, valid:yes, name:"mpmissions\dayzOffline.chernarusplus\storage_1\data\dynamic_005.001"
21:20:45.169 [CE][Storage] ver:25 stamp:105427, valid:yes, name:"mpmissions\dayzOffline.chernarusplus\storage_1\data\dynamic_005.002"
21:20:45.169 [CE][Storage] Restoring file "mpmissions\dayzOffline.chernarusplus\storage_1\data\dynamic_005.bin" 2083 items.
21:20:45.966   2083 items loaded. (0 failed)
21:20:45.966 [CE][Storage] ver:25 stamp:105858, valid:yes, name:"mpmissions\dayzOffline.chernarusplus\storage_1\data\dynamic_006.bin"
21:20:45.966 [CE][Storage] ver:25 stamp:105426, valid:yes, name:"mpmissions\dayzOffline.chernarusplus\storage_1\data\dynamic_006.001"
21:20:45.966 [CE][Storage] ver:25 stamp:105427, valid:yes, name:"mpmissions\dayzOffline.chernarusplus\storage_1\data\dynamic_006.002"
21:20:45.966 [CE][Storage] Restoring file "mpmissions\dayzOffline.chernarusplus\storage_1\data\dynamic_006.bin" 1508 items.
21:20:46.559   1508 items loaded. (0 failed)
21:20:46.559 [CE][Storage] ver:25 stamp:105858, valid:yes, name:"mpmissions\dayzOffline.chernarusplus\storage_1\data\dynamic_007.bin"
21:20:46.559 [CE][Storage] ver:25 stamp:105426, valid:yes, name:"mpmissions\dayzOffline.chernarusplus\storage_1\data\dynamic_007.001"
21:20:46.559 [CE][Storage] ver:25 stamp:105427, valid:yes, name:"mpmissions\dayzOffline.chernarusplus\storage_1\data\dynamic_007.002"
21:20:46.559 [CE][Storage] Restoring file "mpmissions\dayzOffline.chernarusplus\storage_1\data\dynamic_007.bin" 1520 items.
21:20:47.262   1520 items loaded. (0 failed)
21:20:47.262 [CE][Storage] ver:25 stamp:105858, valid:yes, name:"mpmissions\dayzOffline.chernarusplus\storage_1\data\dynamic_008.bin"
21:20:47.262 [CE][Storage] ver:25 stamp:105426, valid:yes, name:"mpmissions\dayzOffline.chernarusplus\storage_1\data\dynamic_008.001"
21:20:47.262 [CE][Storage] ver:25 stamp:105427, valid:yes, name:"mpmissions\dayzOffline.chernarusplus\storage_1\data\dynamic_008.002"
21:20:47.262 [CE][Storage] Restoring file "mpmissions\dayzOffline.chernarusplus\storage_1\data\dynamic_008.bin" 2083 items.
21:20:48.77   2083 items loaded. (0 failed)
21:20:48.93 [CE][Storage] ver:25 stamp:105858, valid:yes, name:"mpmissions\dayzOffline.chernarusplus\storage_1\data\dynamic_009.bin"
21:20:48.93 [CE][Storage] ver:25 stamp:105426, valid:yes, name:"mpmissions\dayzOffline.chernarusplus\storage_1\data\dynamic_009.001"
21:20:48.93 [CE][Storage] ver:25 stamp:105427, valid:yes, name:"mpmissions\dayzOffline.chernarusplus\storage_1\data\dynamic_009.002"
21:20:48.93 [CE][Storage] Restoring file "mpmissions\dayzOffline.chernarusplus\storage_1\data\dynamic_009.bin" 2675 items.
21:20:49.155   2675 items loaded. (0 failed)
21:20:49.155 [CE][Storage] ver:25 stamp:105858, valid:yes, name:"mpmissions\dayzOffline.chernarusplus\storage_1\data\dynamic_010.bin"
21:20:49.155 [CE][Storage] ver:25 stamp:105426, valid:yes, name:"mpmissions\dayzOffline.chernarusplus\storage_1\data\dynamic_010.001"
21:20:49.155 [CE][Storage] ver:25 stamp:105427, valid:yes, name:"mpmissions\dayzOffline.chernarusplus\storage_1\data\dynamic_010.002"
21:20:49.155 [CE][Storage] Restoring file "mpmissions\dayzOffline.chernarusplus\storage_1\data\dynamic_010.bin" 1750 items.
21:20:49.920   1750 items loaded. (0 failed)
21:20:49.936 [CE][Storage] ver:25 stamp:105858, valid:yes, name:"mpmissions\dayzOffline.chernarusplus\storage_1\data\dynamic_011.bin"
21:20:49.936 [CE][Storage] ver:25 stamp:105426, valid:yes, name:"mpmissions\dayzOffline.chernarusplus\storage_1\data\dynamic_011.001"
21:20:49.936 [CE][Storage] ver:25 stamp:105427, valid:yes, name:"mpmissions\dayzOffline.chernarusplus\storage_1\data\dynamic_011.002"
21:20:49.936 [CE][Storage] Restoring file "mpmissions\dayzOffline.chernarusplus\storage_1\data\dynamic_011.bin" 172 items.
21:20:49.998   172 items loaded. (0 failed)
21:20:49.998 [CE][Storage] ver:26 stamp:105858, valid:yes, name:"mpmissions\dayzOffline.chernarusplus\storage_1\data\building.bin"
21:20:49.998 [CE][Storage] ver:26 stamp:105426, valid:yes, name:"mpmissions\dayzOffline.chernarusplus\storage_1\data\building.001"
21:20:49.998 [CE][Storage] ver:26 stamp:105427, valid:yes, name:"mpmissions\dayzOffline.chernarusplus\storage_1\data\building.002"
21:20:49.998 [CE][Storage] Restoring file "mpmissions\dayzOffline.chernarusplus\storage_1\data\building.bin" 0 items.
21:20:49.998   0 items loaded. (0 failed)
21:20:50.14 [CE][Storage] ver:25 stamp:105858, valid:yes, name:"mpmissions\dayzOffline.chernarusplus\storage_1\data\vehicles.bin"
21:20:50.14 [CE][Storage] ver:25 stamp:105426, valid:yes, name:"mpmissions\dayzOffline.chernarusplus\storage_1\data\vehicles.001"
21:20:50.14 [CE][Storage] ver:25 stamp:105427, valid:yes, name:"mpmissions\dayzOffline.chernarusplus\storage_1\data\vehicles.002"
21:20:50.14 [CE][Storage] Restoring file "mpmissions\dayzOffline.chernarusplus\storage_1\data\vehicles.bin" 163 items.
21:20:50.389   163 items loaded. (0 failed)
21:20:50.405 [CE][Hive] :: Storage load took:9.47 seconds, recovery stamp:105858
21:20:50.405   entity: 24535, building: 0
21:20:50.405   no lifetime: 54
21:20:50.405   pathgraph's: 650
21:20:50.405 [CE][Hive] :: Initializing ... 
21:20:50.451 [CE][InitializeMap] :: initialized: 0
21:20:50.451 [CE][Hive] :: Initializing spawners ... 
21:20:50.670 !!! [CE][DE][SPAWNS] :: [WARNING] :: Skipping entry for non-existing event 'VehicleTransitBus'.
21:20:50.670 [CE][DE][SPAWNS] :: Total positions: 1146
21:20:50.670 [CE][DE][GROUPS] :: Total eventgroups defined: 21, Eventgroups in use: 21
21:20:52.545 [CE][LootRespawner] (PRIDummy) :: Initially (re)spawned:0, Nominal:27680, Total in Map: 20816 at 0 (sec)
21:20:52.545   tests:0, repeats:0 fails:0, overtime:0
21:20:52.560 !!! [CE][DE] DynamicEvent "VehicleHelicopter" does not have position 'player', so it needs configured positions.
21:20:52.560 !!!!!! [CE][DE] DynamicEvent "VehicleHelicopter" setup is invalid, event will be disabled.
21:20:52.560 !!! [CE][DE] DynamicEvent "VehicleBoat" does not have position 'player', so it needs configured positions.
21:20:52.560 !!!!!! [CE][DE] DynamicEvent "VehicleBoat" setup is invalid, event will be disabled.
21:20:52.560 [CE][DynEvent] :: 47 types
21:20:52.560 [00] AmbientHen
21:20:52.560   Primary Spawner: "Ambient", active: yes, repeat: 1
21:20:52.560 [01] AnimalBear
21:20:52.560   Primary Spawner: "Animal", active: yes, repeat: 1
21:20:52.560 [02] AnimalCow
21:20:52.560   Primary Spawner: "Animal", active: yes, repeat: 1
21:20:52.560 [03] AnimalDeer
21:20:52.560   Primary Spawner: "Animal", active: yes, repeat: 1
21:20:52.560 [04] AnimalGoat
21:20:52.560   Primary Spawner: "Animal", active: yes, repeat: 1
21:20:52.560 [05] AnimalPig
21:20:52.560   Primary Spawner: "Animal", active: yes, repeat: 1
21:20:52.560 [06] AnimalRoeDeer
21:20:52.560   Primary Spawner: "Animal", active: yes, repeat: 1
21:20:52.560 [07] AnimalSheep
21:20:52.560   Primary Spawner: "Animal", active: yes, repeat: 1
21:20:52.560 [08] AnimalWildBoar
21:20:52.560   Primary Spawner: "Animal", active: yes, repeat: 1
21:20:52.560 [09] AnimalWolf
21:20:52.560   Primary Spawner: "Animal", active: yes, repeat: 1
21:20:52.560 [10] InfectedBoss
21:20:52.560   Primary Spawner: "Infected", active: yes, repeat: 1
21:20:52.560 [11] InfectedArmy
21:20:52.560   Primary Spawner: "Infected", active: yes, repeat: 1
21:20:52.560 [12] InfectedArmyHard
21:20:52.560   Primary Spawner: "Infected", active: yes, repeat: 1
21:20:52.560 [13] InfectedCity
21:20:52.560   Primary Spawner: "Infected", active: yes, repeat: 1
21:20:52.560 [14] InfectedCityTier1
21:20:52.560   Primary Spawner: "Infected", active: yes, repeat: 1
21:20:52.560 [15] InfectedFirefighter
21:20:52.560   Primary Spawner: "Infected", active: yes, repeat: 1
21:20:52.560 [16] InfectedIndustrial
21:20:52.560   Primary Spawner: "Infected", active: yes, repeat: 1
21:20:52.560 [17] InfectedMedic
21:20:52.560   Primary Spawner: "Infected", active: yes, repeat: 1
21:20:52.560 [18] InfectedNBC
21:20:52.560   Primary Spawner: "Infected", active: yes, repeat: 1
21:20:52.560 [19] InfectedNBCYellow
21:20:52.560   Primary Spawner: "Infected", active: yes, repeat: 1
21:20:52.560 [20] InfectedPolice
21:20:52.560   Primary Spawner: "Infected", active: yes, repeat: 1
21:20:52.560 [21] InfectedPoliceHard
21:20:52.560   Primary Spawner: "Infected", active: yes, repeat: 1
21:20:52.560 [22] InfectedPrisoner
21:20:52.560   Primary Spawner: "Infected", active: yes, repeat: 1
21:20:52.560 [23] InfectedReligious
21:20:52.560   Primary Spawner: "Infected", active: yes, repeat: 1
21:20:52.560 [24] InfectedSolitude
21:20:52.560   Primary Spawner: "Infected", active: yes, repeat: 1
21:20:52.560 [25] InfectedVillage
21:20:52.560   Primary Spawner: "Infected", active: yes, repeat: 1
21:20:52.560 [26] InfectedVillageTier1
21:20:52.560   Primary Spawner: "Infected", active: yes, repeat: 1
21:20:52.560 [27] ItemPlanks
21:20:52.560   Primary Spawner: "Item", active: yes, repeat: 1
21:20:52.560 [28] Loot
21:20:52.560   Primary Spawner: "Loot", active: yes, repeat: 2
21:20:52.560 [29] StaticContaminatedArea
21:20:52.560   Primary Spawner: "Static", active: yes, repeat: 1
21:20:52.560 [30] StaticHeliCrash
21:20:52.560   Primary Spawner: "Static", active: yes, repeat: 1
21:20:52.560   Secondary Spawner: "Infected", active: yes, repeat: 1
21:20:52.560 [31] StaticPoliceCar
21:20:52.560   Primary Spawner: "Static", active: yes, repeat: 1
21:20:52.560   Secondary Spawner: "Infected", active: yes, repeat: 1
21:20:52.560 [32] StaticTrain
21:20:52.560   Primary Spawner: "Static", active: yes, repeat: 1
21:20:52.560   Secondary Spawner: "Infected", active: yes, repeat: 1
21:20:52.560 [33] TrajectoryApple
21:20:52.560   Primary Spawner: "Trajectory", active: yes, repeat: 1
21:20:52.560 [34] TrajectoryConiferous
21:20:52.560   Primary Spawner: "Trajectory", active: yes, repeat: 1
21:20:52.560 [35] TrajectoryDeciduous
21:20:52.560   Primary Spawner: "Trajectory", active: yes, repeat: 1
21:20:52.560 [36] TrajectoryHumus
21:20:52.560   Primary Spawner: "Trajectory", active: yes, repeat: 1
21:20:52.560 [37] TrajectoryPear
21:20:52.560   Primary Spawner: "Trajectory", active: yes, repeat: 1
21:20:52.560 [38] TrajectoryPlum
21:20:52.560   Primary Spawner: "Trajectory", active: yes, repeat: 1
21:20:52.560 [39] TrajectoryStones
21:20:52.560   Primary Spawner: "Trajectory", active: yes, repeat: 1
21:20:52.560 [40] VehicleCivilianSedan
21:20:52.560   Primary Spawner: "Vehicle", active: yes, repeat: 1
21:20:52.560 [41] VehicleHatchback02
21:20:52.560   Primary Spawner: "Vehicle", active: yes, repeat: 1
21:20:52.560 [42] VehicleOffroadHatchback
21:20:52.560   Primary Spawner: "Vehicle", active: yes, repeat: 1
21:20:52.560 [43] VehicleSedan02
21:20:52.560   Primary Spawner: "Vehicle", active: yes, repeat: 1
21:20:52.560 [44] VehicleTruck01
21:20:52.560   Primary Spawner: "Vehicle", active: yes, repeat: 1
21:20:52.560 [45] VehicleHelicopter
21:20:52.560   Primary Spawner: "Vehicle", active: no, repeat: 1
21:20:52.560 [46] VehicleBoat
21:20:52.560   Primary Spawner: "Vehicle", active: no, repeat: 1
21:20:52.560 [CE][Hive] :: Initializing of spawners done.
21:20:52.560 [CE][Hive] :: Init sequence finished.
21:20:52.576 Player connect enabled
21:20:53.341 [IdleMode] Entering IN - save processed
21:21:00.605 [UNLOCK] Server was unlocked.
21:29:41.532 [Login]: Adding player Survivor (21791664) to login queue at position 0
21:29:41.532 [LoginMachine]: Add player Survivor (21791664 179.34.203.15:12802)
21:29:41.532 [StateMachine]: Player Survivor (dpnid 21791664 uid ) Entering AuthPlayerLoginState
21:29:41.844 [StateMachine]: Player Survivor (dpnid 21791664 uid ) State Error (AuthPlayerLoginState)
21:29:41.844 Player Unknown (21791664) kicked from server: 115 (Client is missing a mod which is on the server. (RedFalcon Flight System Heliz)  (Missing PBO. (@RedFalcon\addons\rffsheli_apache.pbo)))
21:29:41.844 [StateMachine]: Kick player Survivor (dpnid 21791664 uid ) State AuthPlayerLoginState
21:29:41.860 [Disconnect]: Client 21791664 early disconnect
21:29:41.860 [Disconnect]: No identity -> remove player info 21791664 
21:29:41.860 [Disconnect]: DisconnectPlayerFinish 21791664
21:29:41.860 [Disconnect]: Remove player info 21791664
21:29:41.860 [Disconnect]: Player destroy 21791664 
21:30:21.273 [Login]: Adding player Survivor (22411664) to login queue at position 0
21:30:21.273 [LoginMachine]: Add player Survivor (22411664 179.34.203.15:12802)
21:30:21.273 [StateMachine]: Player Survivor (dpnid 22411664 uid ) Entering AuthPlayerLoginState
21:30:22.882 [StateMachine]: Player Survivor (dpnid 22411664 uid ) Entering WaitAuthPlayerLoginState
21:30:23.867 [IdleMode] Leaving OUT
21:30:24.226 Player Survivor connected (id=CUUGCFtoGjMZC828iIpqy53YtuyvkdWlY4aR__bM2cs=).
21:30:24.226 Player "Survivor" is connected (steamID=76561198966041256)
21:30:24.242 [StateMachine]: Player Survivor (dpnid 22411664 uid ) Entering WaitPlayerAssignedLoginState
21:30:24.804 [StateMachine]: Player Survivor (dpnid 22411664 uid CUUGCFtoGjMZC828iIpqy53YtuyvkdWlY4aR__bM2cs=) Entering DBGetLoginTimeLoginState
21:30:24.835 [StateMachine]: Player Survivor (dpnid 22411664 uid CUUGCFtoGjMZC828iIpqy53YtuyvkdWlY4aR__bM2cs=) Entering DBWaitLoginTimeLoginState
21:30:29.850 [StateMachine]: Player Survivor (dpnid 22411664 uid CUUGCFtoGjMZC828iIpqy53YtuyvkdWlY4aR__bM2cs=) Entering DBGetCharacterLoginState
21:30:29.881 [StateMachine]: Player Survivor (dpnid 22411664 uid CUUGCFtoGjMZC828iIpqy53YtuyvkdWlY4aR__bM2cs=) Entering CreateNetObjectsLoginState
21:30:29.896 [StateMachine]: Player Survivor (dpnid 22411664 uid CUUGCFtoGjMZC828iIpqy53YtuyvkdWlY4aR__bM2cs=) Entering PreloadCamLoginState
21:30:29.912 [StateMachine]: Player Survivor (dpnid 22411664 uid CUUGCFtoGjMZC828iIpqy53YtuyvkdWlY4aR__bM2cs=) Entering WaitPreloadCamLoginState
21:30:45.174 [StateMachine]: Player Survivor (dpnid 22411664 uid CUUGCFtoGjMZC828iIpqy53YtuyvkdWlY4aR__bM2cs=) Entering GetLoadedCharLoginState
21:30:45.237 <LOAD EXISTING CHAR>:
    charID 87
    playerID 87
    dpnid 22411664
    uid CUUGCFtoGjMZC828iIpqy53YtuyvkdWlY4aR__bM2cs=
21:30:47.925 [CE][LootRespawner] (PRIDummy) :: Item [0] causing search overtime: "SNAFU_Kabar"
21:30:48.35 [CE][LootRespawner] (PRIDummy) :: Item [1] causing search overtime: "SR3_Vikhr_Mag"
21:30:48.144 [CE][LootRespawner] (PRIDummy) :: Item [2] causing search overtime: "SR3_Vikhr_Gun"
21:30:48.253 [CE][LootRespawner] (PRIDummy) :: Item [3] causing search overtime: "SNAFU_PL14HQP"
21:30:48.363 [CE][LootRespawner] (PRIDummy) :: Item [4] causing search overtime: "Snafu_ScarH_Tan_GUN"
21:30:48.472 [CE][LootRespawner] (PRIDummy) :: Item [5] causing search overtime: "SNAFU_Trenchgun"
21:30:48.691 [CE][LootRespawner] (PRIDummy) :: Item [6] causing search overtime: "Snafu_ScarH_Black_GUN"
21:30:48.800 [CE][LootRespawner] (PRIDummy) :: Item [7] causing search overtime: "SNAFUUzi_72rdMag"
21:30:48.909 [CE][LootRespawner] (PRIDummy) :: Item [8] causing search overtime: "SNAFUVECTOR_9mm_Mag"
21:30:49.19 [CE][LootRespawner] (PRIDummy) :: Item [9] causing search overtime: "Snafu_ScarH_25RND_Mag_Snow"
21:30:49.128 [CE][LootRespawner] (PRIDummy) :: Item [10] causing search overtime: "SNAFUAUG_30rdMag"
21:30:49.237 [CE][LootRespawner] (PRIDummy) :: Item [11] causing search overtime: "Snafu_ScarH_25RND_Mag_DKMC"
21:30:49.347 [CE][LootRespawner] (PRIDummy) :: Item [12] causing search overtime: "Snafu_ScarH_25RND_Mag_Tan"
21:30:49.457 [CE][LootRespawner] (PRIDummy) :: Item [13] causing search overtime: "SNAFUP90_50rdMag"
21:30:49.565 [CE][LootRespawner] (PRIDummy) :: Item [14] causing search overtime: "Snafu_ScarH_25RND_Mag_BK"
21:30:49.675 [CE][LootRespawner] (PRIDummy) :: Item [15] causing search overtime: "GCGN_BenelliM4"
21:30:49.784 [CE][LootRespawner] (PRIDummy) :: Item [16] causing search overtime: "SNAFUHoneyBadger_30rdMag_Tan"
21:30:49.894 [CE][LootRespawner] (PRIDummy) :: Item [17] causing search overtime: "SNAFU_Fort12_GUN"
21:30:50.03 [CE][LootRespawner] (PRIDummy) :: Item [18] causing search overtime: "SNAFUP90"
21:31:17.340 [CE][LootRespawner] (PRIDummy) :: Item [19] causing search overtime: "SNAFUP90"
21:31:19.963 [CE][VehicleRespawner] (PRIContaminatedArea) :: Initial random enabled for "StaticContaminatedArea" - Chosen nominal: 2
21:32:47.866 [CE][VehicleRespawner] (PRIContaminatedArea) :: Initial random enabled for "StaticContaminatedArea" - Chosen nominal: 1
21:33:49.635 [CE][VehicleRespawner] (PRIContaminatedArea) :: Initial random enabled for "StaticContaminatedArea" - Chosen nominal: 3
21:34:43.217 [CE][LootRespawner] (PRIDummy) :: Item [0] is hard to place, performance drops: "GhillieHood_White"
21:35:17.553 [CE][VehicleRespawner] (PRIContaminatedArea) :: Initial random enabled for "StaticContaminatedArea" - Chosen nominal: 0
21:36:45.491 [CE][VehicleRespawner] (PRIContaminatedArea) :: Initial random enabled for "StaticContaminatedArea" - Chosen nominal: 0
21:38:12.504 [Disconnect]: Start script disconnect 22411664 (dbCharacterId 87 dbPlayerId 87) logoutTime 15
21:38:13.410 [CE][VehicleRespawner] (PRIContaminatedArea) :: Initial random enabled for "StaticContaminatedArea" - Chosen nominal: 0
21:38:13.582 [Disconnect]: Client 22411664 disconnecting
21:38:13.582 [Disconnect]: Client 22411664 early disconnect
21:38:13.597 [Disconnect]: Start script disconnect 22411664 (dbCharacterId 87 dbPlayerId 87) logoutTime 15
21:38:24.392 [Disconnect]: No packets from 22411664
21:38:24.392 [Disconnect]: Already in progress 22411664 
21:38:27.516 [Disconnect]: Finish script disconnect 22411664
21:38:27.516 [Disconnect]: DisconnectPlayerFinish 22411664
21:38:27.516 [Disconnect]: Remove player info 22411664
21:38:27.532 [Disconnect]: Player destroy 22411664 
21:39:41.329 [CE][VehicleRespawner] (PRIContaminatedArea) :: Initial random enabled for "StaticContaminatedArea" - Chosen nominal: 1
21:39:49.859 [IdleMode] Entering IN - save processed
21:45:42.550  --- Termination successfully completed --- 
