

=====================================================================
== C:\SERVICES\ni7063137_1_SHARE\ftproot\dayzstandalone\DayZServer_x64.exe
== "C:\SERVICES\ni7063137_1_SHARE\ftproot\dayzstandalone\DayZServer_x64.exe" -ip=31.214.158.194 -port=12800 -cpuCount=4 -limitFPS=100 -adminlog -config=serverDZ.cfg "-mod=@CF;@AutoRUN;@dbo_surfaces;@DabsFramework;@DayZEditorLoader;@BuilderItems;@BaseBuildingPlus;@CodeLock;@Breachingcharge;@VPPAdminTools;@TraderPlus;@InventoryDump;@BurnAlive;@GunnerTruckOshkosh;@MuchStuffPack;@SNAFU;@CannabisPlus;@MMG;@VanillaPlusPlusMap;@UnknownGhillieMod;@MassA2Assets;@SchanaParty;@PseudoGiant;@InventoryMoveSounds;@Notifications;@AdvancedWeaponScopes;@CarsForAll;@SchanaModGlobalChat;@StaminaSettings;@DrugsPLUS;@GoreZ;@PackSouthAmericanPlague;@RedFalcon" -profiles=C:\SERVICES\ni7063137_1_SHARE\ftproot\dayzstandalone/config -BEPath=C:\SERVICES\ni7063137_1_SHARE\ftproot\dayzstandalone\battleye -noFilePatching -nologs -freezecheck
=====================================================================
Exe timestamp: 2022/07/28 08:30:35
Current time:  2022/10/13 05:09:34

Version 1.18.155069
 5:09:34.425 [Inputs] Loading inputs default "bin/constants.xml"
 5:09:34.440 [Inputs] Loading inputs default "bin/specific.xml"
 5:09:34.440 [Inputs] Loading inputs default "BBP_keybind/data/modded_Inputs.xml"
 5:09:34.456 [Inputs] Loading inputs default "InventoryMoveSounds/Scripts/Data/Inputs.xml"
 5:09:34.456 [Inputs] Loading inputs default "SIX_Autorun/Scripts/Inputs.xml"
 5:09:34.456 [Inputs] Loading inputs default "SpardaTextura/inputs/Inputs.xml"
 5:09:34.456 [Inputs] Loading inputs default "VanillaPPMap/data/modded_Inputs.xml"
 5:09:34.471 [Inputs] Loading inputs default "VehiclesVipNemesis/inputs/Inputs.xml"
 5:09:34.471 [Inputs] Loading inputs default "VPPAdminTools/data/modded_Inputs.xml"
 5:09:34.471 [Inputs] Loading inputs default "CarLock/scripts/3_Game/inputs.xml"
 5:09:34.471 [Inputs] Loading inputs default "Ghost/InventoryDump/Client/Data/modded_inputs.xml"
 5:09:34.487 [Inputs] Loading inputs default "Notifications/inputs/inputs.xml"
 5:09:34.487 [Inputs] Loading inputs default "RFFSHeli_Core/modded_Inputs.xml"
 5:09:34.487 [Inputs] Loading inputs default "SchanaModGlobalChat/Data/Inputs.xml"
 5:09:34.503 [Inputs] Loading inputs default "SchanaModParty/Data/Inputs.xml"
 5:09:34.503 !!! [Inputs] Cannot load inputs default "", file does not exist
 5:09:34.503 !!! [Inputs] Failed to load MODDED inputs - file name/ path invalid?
 5:09:34.503 [Inputs] Loading inputs cfg "C:\SERVICES\ni7063137_1_SHARE\ftproot\dayzstandalone/config\Users\Survivor\Server.core.xml"
 5:09:34.518 [Inputs] Exporting inputs cfg "C:\SERVICES\ni7063137_1_SHARE\ftproot\dayzstandalone/config\Users\Survivor\Server.core.xml"
 5:10:14.225 [CE][Hive] :: Initializing OFFLINE
 5:10:14.225 [CE][Hive] :: Loading core data ... 
 5:10:14.240 [CE][CoreData] :: 7 root classes, 18 defaults, 0 updaters...
 5:10:21.848 [CE] :: WARNING :: Preset map "optics" is EMPTY.
 5:10:21.848 [CE][TypeSetup] :: 470 classes setuped...
 5:10:21.864 [CE] :: WARNING :: Preset map "optics" is EMPTY.
 5:10:21.879 [CE][TypeSetup] :: 377 classes setuped...
 5:10:24.176 [CE][RegisterBind] :: 0 classes binded...
 5:10:24.176 [CE][RegisterConfig] :: 17183 config classes registered, 0 sub-counters...
 5:10:24.176 [CE][Hive] :: Loading map data ... 
 5:10:24.176 [CE][IgnoreList] "cfgignorelist.xml" :: loaded 19 types
 5:10:24.223 [CE][LoadPrototype] :: loaded 368 prototypes
 5:10:24.223   754 containers, 9611 points
 5:10:24.223   32 dispatches, 115 proxies
 5:10:24.223 !!! [CE][LoadPrototype] 14 groups have no points...
 5:10:24.223 !!![CE][LoadPrototype]  2 groups have wrong points...
 5:10:24.223 [CE][LoadPrototype] :: last group name: StaticObj_Wreck_Ural_DE...
 5:10:24.238 [CE][LoadPrototype] :: loaded 0 prototypes
 5:10:24.238   0 containers, 0 points
 5:10:24.238   0 dispatches, 0 proxies
 5:10:24.238 [CE][LoadPrototype] :: last group name: Rail9...
 5:10:25.300 [CE][LoadMap] "Group" :: loaded 11620 groups, groups failed: 0, largest group range: 34.2
 5:10:25.300 [CE][LoadMap] "Dirt" :: loaded 0 groups, groups failed: 0, largest group range: 34.2
 5:10:25.707 [CE][Links] found 1888 total links between groups, of 11620
 5:10:25.707 [CE][LoadClusters] "Cluster" :: Loading files...
 5:10:25.894 [CE][LoadClusters] :: file: "mapgroupcluster.xml", 9 types, 50000 instances
 5:10:26.97 [CE][LoadClusters] :: file: "mapgroupcluster01", 9 types, 50000 instances
 5:10:26.300 [CE][LoadClusters] :: file: "mapgroupcluster02", 9 types, 50000 instances
 5:10:26.488 [CE][LoadClusters] :: file: "mapgroupcluster03", 9 types, 50000 instances
 5:10:26.581 [CE][LoadClusters] :: file: "mapgroupcluster04", 9 types, 17347 instances
 5:10:26.581 [CE][Storage] ver:21 stamp:180762, valid:yes, name:"mpmissions\dayzOffline.chernarusplus\storage_1\data\types.bin"
 5:10:26.581 [CE][Storage] ver:21 stamp:180114, valid:yes, name:"mpmissions\dayzOffline.chernarusplus\storage_1\data\types.001"
 5:10:26.581 [CE][Storage] ver:21 stamp:180112, valid:yes, name:"mpmissions\dayzOffline.chernarusplus\storage_1\data\types.002"
 5:10:26.581 [CE][Storage] Restoring file "mpmissions\dayzOffline.chernarusplus\storage_1\data\types.bin".
 5:10:26.831 !!! [CE][offlineDB] :: No Shutdown message present.
 5:10:26.831 [CE][offlineDB] :: Loaded 46 dynamic events 302 total types.
 5:10:26.863 !!! [CE][offlineDB] :: Type 'ChristmasTree' will be ignored. (Not spawnable. (Scope is not public?))
 5:10:26.894 [CE][Storage] ver:21 stamp:180762, valid:yes, name:"mpmissions\dayzOffline.chernarusplus\storage_1\data\events.bin"
 5:10:26.894 [CE][Storage] ver:21 stamp:180114, valid:yes, name:"mpmissions\dayzOffline.chernarusplus\storage_1\data\events.001"
 5:10:26.894 [CE][Storage] ver:21 stamp:180112, valid:yes, name:"mpmissions\dayzOffline.chernarusplus\storage_1\data\events.002"
 5:10:26.894 [CE][Storage] Restoring file "mpmissions\dayzOffline.chernarusplus\storage_1\data\events.bin".
 5:10:26.894 [CE][DynamicEvent] Load  Events:[46] Primary spawners: 46 Secondary spawners: 3
 5:10:26.894 [CE][Storage] ver:25 stamp:180762, valid:yes, name:"mpmissions\dayzOffline.chernarusplus\storage_1\data\dynamic_000.bin"
 5:10:26.894 [CE][Storage] ver:25 stamp:180114, valid:yes, name:"mpmissions\dayzOffline.chernarusplus\storage_1\data\dynamic_000.001"
 5:10:26.894 [CE][Storage] ver:25 stamp:180112, valid:yes, name:"mpmissions\dayzOffline.chernarusplus\storage_1\data\dynamic_000.002"
 5:10:26.894 [CE][Storage] Restoring file "mpmissions\dayzOffline.chernarusplus\storage_1\data\dynamic_000.bin" 839 items.
 5:10:27.519   839 items loaded. (0 failed)
 5:10:27.519 [CE][Storage] ver:25 stamp:180762, valid:yes, name:"mpmissions\dayzOffline.chernarusplus\storage_1\data\dynamic_001.bin"
 5:10:27.519 [CE][Storage] ver:25 stamp:180114, valid:yes, name:"mpmissions\dayzOffline.chernarusplus\storage_1\data\dynamic_001.001"
 5:10:27.519 [CE][Storage] ver:25 stamp:180112, valid:yes, name:"mpmissions\dayzOffline.chernarusplus\storage_1\data\dynamic_001.002"
 5:10:27.519 [CE][Storage] Restoring file "mpmissions\dayzOffline.chernarusplus\storage_1\data\dynamic_001.bin" 1747 items.
 5:10:28.612   1747 items loaded. (0 failed)
 5:10:28.612 [CE][Storage] ver:25 stamp:180762, valid:yes, name:"mpmissions\dayzOffline.chernarusplus\storage_1\data\dynamic_002.bin"
 5:10:28.612 [CE][Storage] ver:25 stamp:180114, valid:yes, name:"mpmissions\dayzOffline.chernarusplus\storage_1\data\dynamic_002.001"
 5:10:28.612 [CE][Storage] ver:25 stamp:180112, valid:yes, name:"mpmissions\dayzOffline.chernarusplus\storage_1\data\dynamic_002.002"
 5:10:28.612 [CE][Storage] Restoring file "mpmissions\dayzOffline.chernarusplus\storage_1\data\dynamic_002.bin" 2413 items.
 5:10:29.549   2413 items loaded. (0 failed)
 5:10:29.549 [CE][Storage] ver:25 stamp:180762, valid:yes, name:"mpmissions\dayzOffline.chernarusplus\storage_1\data\dynamic_003.bin"
 5:10:29.565 [CE][Storage] ver:25 stamp:180114, valid:yes, name:"mpmissions\dayzOffline.chernarusplus\storage_1\data\dynamic_003.001"
 5:10:29.565 [CE][Storage] ver:25 stamp:180112, valid:yes, name:"mpmissions\dayzOffline.chernarusplus\storage_1\data\dynamic_003.002"
 5:10:29.565 [CE][Storage] Restoring file "mpmissions\dayzOffline.chernarusplus\storage_1\data\dynamic_003.bin" 2339 items.
 5:10:30.565   2339 items loaded. (0 failed)
 5:10:30.565 [CE][Storage] ver:25 stamp:180762, valid:yes, name:"mpmissions\dayzOffline.chernarusplus\storage_1\data\dynamic_004.bin"
 5:10:30.580 [CE][Storage] ver:25 stamp:180114, valid:yes, name:"mpmissions\dayzOffline.chernarusplus\storage_1\data\dynamic_004.001"
 5:10:30.580 [CE][Storage] ver:25 stamp:180112, valid:yes, name:"mpmissions\dayzOffline.chernarusplus\storage_1\data\dynamic_004.002"
 5:10:30.580 [CE][Storage] Restoring file "mpmissions\dayzOffline.chernarusplus\storage_1\data\dynamic_004.bin" 1866 items.
 5:10:31.346   1866 items loaded. (0 failed)
 5:10:31.346 [CE][Storage] ver:25 stamp:180762, valid:yes, name:"mpmissions\dayzOffline.chernarusplus\storage_1\data\dynamic_005.bin"
 5:10:31.346 [CE][Storage] ver:25 stamp:180114, valid:yes, name:"mpmissions\dayzOffline.chernarusplus\storage_1\data\dynamic_005.001"
 5:10:31.346 [CE][Storage] ver:25 stamp:180112, valid:yes, name:"mpmissions\dayzOffline.chernarusplus\storage_1\data\dynamic_005.002"
 5:10:31.346 [CE][Storage] Restoring file "mpmissions\dayzOffline.chernarusplus\storage_1\data\dynamic_005.bin" 2000 items.
 5:10:32.80   2000 items loaded. (0 failed)
 5:10:32.80 [CE][Storage] ver:25 stamp:180762, valid:yes, name:"mpmissions\dayzOffline.chernarusplus\storage_1\data\dynamic_006.bin"
 5:10:32.80 [CE][Storage] ver:25 stamp:180114, valid:yes, name:"mpmissions\dayzOffline.chernarusplus\storage_1\data\dynamic_006.001"
 5:10:32.96 [CE][Storage] ver:25 stamp:180112, valid:yes, name:"mpmissions\dayzOffline.chernarusplus\storage_1\data\dynamic_006.002"
 5:10:32.96 [CE][Storage] Restoring file "mpmissions\dayzOffline.chernarusplus\storage_1\data\dynamic_006.bin" 1486 items.
 5:10:32.689   1486 items loaded. (0 failed)
 5:10:32.689 [CE][Storage] ver:25 stamp:180762, valid:yes, name:"mpmissions\dayzOffline.chernarusplus\storage_1\data\dynamic_007.bin"
 5:10:32.689 [CE][Storage] ver:25 stamp:180114, valid:yes, name:"mpmissions\dayzOffline.chernarusplus\storage_1\data\dynamic_007.001"
 5:10:32.689 [CE][Storage] ver:25 stamp:180112, valid:yes, name:"mpmissions\dayzOffline.chernarusplus\storage_1\data\dynamic_007.002"
 5:10:32.689 [CE][Storage] Restoring file "mpmissions\dayzOffline.chernarusplus\storage_1\data\dynamic_007.bin" 1497 items.
 5:10:33.392   1497 items loaded. (0 failed)
 5:10:33.408 [CE][Storage] ver:25 stamp:180762, valid:yes, name:"mpmissions\dayzOffline.chernarusplus\storage_1\data\dynamic_008.bin"
 5:10:33.408 [CE][Storage] ver:25 stamp:180114, valid:yes, name:"mpmissions\dayzOffline.chernarusplus\storage_1\data\dynamic_008.001"
 5:10:33.408 [CE][Storage] ver:25 stamp:180112, valid:yes, name:"mpmissions\dayzOffline.chernarusplus\storage_1\data\dynamic_008.002"
 5:10:33.408 [CE][Storage] Restoring file "mpmissions\dayzOffline.chernarusplus\storage_1\data\dynamic_008.bin" 2053 items.
 5:10:34.251   2053 items loaded. (0 failed)
 5:10:34.251 [CE][Storage] ver:25 stamp:180762, valid:yes, name:"mpmissions\dayzOffline.chernarusplus\storage_1\data\dynamic_009.bin"
 5:10:34.251 [CE][Storage] ver:25 stamp:180114, valid:yes, name:"mpmissions\dayzOffline.chernarusplus\storage_1\data\dynamic_009.001"
 5:10:34.251 [CE][Storage] ver:25 stamp:180112, valid:yes, name:"mpmissions\dayzOffline.chernarusplus\storage_1\data\dynamic_009.002"
 5:10:34.251 [CE][Storage] Restoring file "mpmissions\dayzOffline.chernarusplus\storage_1\data\dynamic_009.bin" 2583 items.
 5:10:35.454   2583 items loaded. (0 failed)
 5:10:35.454 [CE][Storage] ver:25 stamp:180762, valid:yes, name:"mpmissions\dayzOffline.chernarusplus\storage_1\data\dynamic_010.bin"
 5:10:35.470 [CE][Storage] ver:25 stamp:180114, valid:yes, name:"mpmissions\dayzOffline.chernarusplus\storage_1\data\dynamic_010.001"
 5:10:35.470 [CE][Storage] ver:25 stamp:180112, valid:yes, name:"mpmissions\dayzOffline.chernarusplus\storage_1\data\dynamic_010.002"
 5:10:35.470 [CE][Storage] Restoring file "mpmissions\dayzOffline.chernarusplus\storage_1\data\dynamic_010.bin" 1879 items.
 5:10:36.251   1879 items loaded. (0 failed)
 5:10:36.251 [CE][Storage] ver:25 stamp:180762, valid:yes, name:"mpmissions\dayzOffline.chernarusplus\storage_1\data\dynamic_011.bin"
 5:10:36.267 [CE][Storage] ver:25 stamp:180114, valid:yes, name:"mpmissions\dayzOffline.chernarusplus\storage_1\data\dynamic_011.001"
 5:10:36.267 [CE][Storage] ver:25 stamp:180112, valid:yes, name:"mpmissions\dayzOffline.chernarusplus\storage_1\data\dynamic_011.002"
 5:10:36.267 [CE][Storage] Restoring file "mpmissions\dayzOffline.chernarusplus\storage_1\data\dynamic_011.bin" 258 items.
 5:10:36.829   258 items loaded. (0 failed)
 5:10:36.829 [CE][Storage] ver:26 stamp:180762, valid:yes, name:"mpmissions\dayzOffline.chernarusplus\storage_1\data\building.bin"
 5:10:36.829 [CE][Storage] ver:26 stamp:180114, valid:yes, name:"mpmissions\dayzOffline.chernarusplus\storage_1\data\building.001"
 5:10:36.845 [CE][Storage] ver:26 stamp:180112, valid:yes, name:"mpmissions\dayzOffline.chernarusplus\storage_1\data\building.002"
 5:10:36.845 [CE][Storage] Restoring file "mpmissions\dayzOffline.chernarusplus\storage_1\data\building.bin" 5 items.
 5:10:36.845   5 items loaded. (0 failed)
 5:10:36.845 [CE][Storage] ver:25 stamp:180762, valid:yes, name:"mpmissions\dayzOffline.chernarusplus\storage_1\data\vehicles.bin"
 5:10:36.845 [CE][Storage] ver:25 stamp:180114, valid:yes, name:"mpmissions\dayzOffline.chernarusplus\storage_1\data\vehicles.001"
 5:10:36.845 [CE][Storage] ver:25 stamp:180112, valid:yes, name:"mpmissions\dayzOffline.chernarusplus\storage_1\data\vehicles.002"
 5:10:36.845 [CE][Storage] Restoring file "mpmissions\dayzOffline.chernarusplus\storage_1\data\vehicles.bin" 177 items.
 5:10:37.548   177 items loaded. (0 failed)
 5:10:37.563 [CE][Hive] :: Storage load took:10.67 seconds, recovery stamp:180762
 5:10:37.563   entity: 27113, building: 5
 5:10:37.563   no lifetime: 68
 5:10:37.563   pathgraph's: 814
 5:10:37.563 [CE][Hive] :: Initializing ... 
 5:10:37.610 [CE][InitializeMap] :: initialized: 4
 5:10:37.610 [CE][Hive] :: Initializing spawners ... 
 5:10:37.829 !!! [CE][DE][SPAWNS] :: [WARNING] :: Skipping entry for non-existing event 'VehicleTransitBus'.
 5:10:37.829 [CE][DE][SPAWNS] :: Total positions: 1165
 5:10:37.829 [CE][DE][GROUPS] :: Total eventgroups defined: 21, Eventgroups in use: 21
 5:10:40.203 [CE][LootRespawner] (PRIDummy) :: Initially (re)spawned:0, Nominal:27715, Total in Map: 20242 at 0 (sec)
 5:10:40.203   tests:0, repeats:0 fails:0, overtime:0
 5:10:40.203 [CE][DynEvent] :: 46 types
 5:10:40.203 [00] AmbientHen
 5:10:40.203   Primary Spawner: "Ambient", active: yes, repeat: 1
 5:10:40.203 [01] AnimalBear
 5:10:40.203   Primary Spawner: "Animal", active: yes, repeat: 1
 5:10:40.203 [02] AnimalCow
 5:10:40.203   Primary Spawner: "Animal", active: yes, repeat: 1
 5:10:40.203 [03] AnimalDeer
 5:10:40.203   Primary Spawner: "Animal", active: yes, repeat: 1
 5:10:40.203 [04] AnimalGoat
 5:10:40.203   Primary Spawner: "Animal", active: yes, repeat: 1
 5:10:40.203 [05] AnimalPig
 5:10:40.203   Primary Spawner: "Animal", active: yes, repeat: 1
 5:10:40.203 [06] AnimalRoeDeer
 5:10:40.203   Primary Spawner: "Animal", active: yes, repeat: 1
 5:10:40.203 [07] AnimalSheep
 5:10:40.203   Primary Spawner: "Animal", active: yes, repeat: 1
 5:10:40.203 [08] AnimalWildBoar
 5:10:40.203   Primary Spawner: "Animal", active: yes, repeat: 1
 5:10:40.203 [09] AnimalWolf
 5:10:40.203   Primary Spawner: "Animal", active: yes, repeat: 1
 5:10:40.203 [10] InfectedBoss
 5:10:40.203   Primary Spawner: "Infected", active: yes, repeat: 1
 5:10:40.203 [11] InfectedArmy
 5:10:40.203   Primary Spawner: "Infected", active: yes, repeat: 1
 5:10:40.203 [12] InfectedArmyHard
 5:10:40.203   Primary Spawner: "Infected", active: yes, repeat: 1
 5:10:40.203 [13] InfectedCity
 5:10:40.203   Primary Spawner: "Infected", active: yes, repeat: 1
 5:10:40.203 [14] InfectedCityTier1
 5:10:40.203   Primary Spawner: "Infected", active: yes, repeat: 1
 5:10:40.203 [15] InfectedFirefighter
 5:10:40.203   Primary Spawner: "Infected", active: yes, repeat: 1
 5:10:40.203 [16] InfectedIndustrial
 5:10:40.203   Primary Spawner: "Infected", active: yes, repeat: 1
 5:10:40.203 [17] InfectedMedic
 5:10:40.203   Primary Spawner: "Infected", active: yes, repeat: 1
 5:10:40.203 [18] InfectedNBC
 5:10:40.203   Primary Spawner: "Infected", active: yes, repeat: 1
 5:10:40.203 [19] InfectedNBCYellow
 5:10:40.203   Primary Spawner: "Infected", active: yes, repeat: 1
 5:10:40.203 [20] InfectedPolice
 5:10:40.203   Primary Spawner: "Infected", active: yes, repeat: 1
 5:10:40.203 [21] InfectedPoliceHard
 5:10:40.203   Primary Spawner: "Infected", active: yes, repeat: 1
 5:10:40.203 [22] InfectedPrisoner
 5:10:40.203   Primary Spawner: "Infected", active: yes, repeat: 1
 5:10:40.203 [23] InfectedReligious
 5:10:40.203   Primary Spawner: "Infected", active: yes, repeat: 1
 5:10:40.203 [24] InfectedSolitude
 5:10:40.203   Primary Spawner: "Infected", active: yes, repeat: 1
 5:10:40.203 [25] InfectedVillage
 5:10:40.203   Primary Spawner: "Infected", active: yes, repeat: 1
 5:10:40.203 [26] InfectedVillageTier1
 5:10:40.203   Primary Spawner: "Infected", active: yes, repeat: 1
 5:10:40.203 [27] ItemPlanks
 5:10:40.203   Primary Spawner: "Item", active: yes, repeat: 1
 5:10:40.203 [28] Loot
 5:10:40.203   Primary Spawner: "Loot", active: yes, repeat: 2
 5:10:40.203 [29] StaticContaminatedArea
 5:10:40.203   Primary Spawner: "Static", active: yes, repeat: 1
 5:10:40.203 [30] StaticHeliCrash
 5:10:40.203   Primary Spawner: "Static", active: yes, repeat: 1
 5:10:40.203   Secondary Spawner: "Infected", active: yes, repeat: 1
 5:10:40.203 [31] StaticPoliceCar
 5:10:40.203   Primary Spawner: "Static", active: yes, repeat: 1
 5:10:40.203   Secondary Spawner: "Infected", active: yes, repeat: 1
 5:10:40.203 [32] StaticTrain
 5:10:40.203   Primary Spawner: "Static", active: yes, repeat: 1
 5:10:40.203   Secondary Spawner: "Infected", active: yes, repeat: 1
 5:10:40.203 [33] TrajectoryApple
 5:10:40.203   Primary Spawner: "Trajectory", active: yes, repeat: 1
 5:10:40.203 [34] TrajectoryConiferous
 5:10:40.203   Primary Spawner: "Trajectory", active: yes, repeat: 1
 5:10:40.203 [35] TrajectoryDeciduous
 5:10:40.203   Primary Spawner: "Trajectory", active: yes, repeat: 1
 5:10:40.203 [36] TrajectoryHumus
 5:10:40.203   Primary Spawner: "Trajectory", active: yes, repeat: 1
 5:10:40.203 [37] TrajectoryPear
 5:10:40.203   Primary Spawner: "Trajectory", active: yes, repeat: 1
 5:10:40.203 [38] TrajectoryPlum
 5:10:40.203   Primary Spawner: "Trajectory", active: yes, repeat: 1
 5:10:40.203 [39] TrajectoryStones
 5:10:40.203   Primary Spawner: "Trajectory", active: yes, repeat: 1
 5:10:40.203 [40] VehicleCivilianSedan
 5:10:40.203   Primary Spawner: "Vehicle", active: yes, repeat: 1
 5:10:40.203 [41] VehicleHatchback02
 5:10:40.203   Primary Spawner: "Vehicle", active: yes, repeat: 1
 5:10:40.203 [42] VehicleOffroadHatchback
 5:10:40.203   Primary Spawner: "Vehicle", active: yes, repeat: 1
 5:10:40.203 [43] VehicleSedan02
 5:10:40.203   Primary Spawner: "Vehicle", active: yes, repeat: 1
 5:10:40.203 [44] VehicleTruck01
 5:10:40.203   Primary Spawner: "Vehicle", active: yes, repeat: 1
 5:10:40.203 [45] VehicleHelicopter
 5:10:40.203   Primary Spawner: "Vehicle", active: yes, repeat: 1
 5:10:40.203 [CE][Hive] :: Initializing of spawners done.
 5:10:40.219 [CE][Hive] :: Init sequence finished.
 5:10:40.219 Player connect enabled
 5:10:41.109 [IdleMode] Entering IN - save processed
 5:10:49.758 [UNLOCK] Server was unlocked.
11:01:31.445  --- Termination successfully completed --- 
