

=====================================================================
== C:\SERVICES\ni7063137_1_SHARE\ftproot\dayzstandalone\DayZServer_x64.exe
== "C:\SERVICES\ni7063137_1_SHARE\ftproot\dayzstandalone\DayZServer_x64.exe" -ip=31.214.158.194 -port=12800 -cpuCount=4 -limitFPS=100 -adminlog -config=serverDZ.cfg "-mod=@CF;@DabsFramework;@DayZEditorLoader;@BuilderItems;@BaseBuildingPlus;@CodeLock;@Breachingcharge;@VPPAdminTools;@TraderPlus;@InventoryDump;@BurnAlive;@GunnerTruckOshkosh;@MuchStuffPack;@SNAFU;@CannabisPlus;@MMG;@VanillaPlusPlusMap;@UnknownGhillieMod;@MassA2Assets;@SchanaParty;@PseudoGiant;@InventoryMoveSounds;@Notifications;@AdvancedWeaponScopes;@CarsForAll;@SchanaModGlobalChat;@StaminaSettings;@DrugsPLUS;@GoreZ;@PackSouthAmericanPlague;@RedFalcon" -profiles=C:\SERVICES\ni7063137_1_SHARE\ftproot\dayzstandalone/config -BEPath=C:\SERVICES\ni7063137_1_SHARE\ftproot\dayzstandalone\battleye -noFilePatching -nologs -freezecheck
=====================================================================
Exe timestamp: 2022/07/28 08:30:35
Current time:  2022/09/05 20:52:00

Version 1.18.155069
20:52:00.969 [Inputs] Loading inputs default "bin/constants.xml"
20:52:00.985 [Inputs] Loading inputs default "bin/specific.xml"
20:52:00.985 [Inputs] Loading inputs default "BBP_keybind/data/modded_Inputs.xml"
20:52:00.985 [Inputs] Loading inputs default "InventoryMoveSounds/Scripts/Data/Inputs.xml"
20:52:00.985 [Inputs] Loading inputs default "SpardaTextura/inputs/Inputs.xml"
20:52:00.985 [Inputs] Loading inputs default "VanillaPPMap/data/modded_Inputs.xml"
20:52:00.985 [Inputs] Loading inputs default "VehiclesVipNemesis/inputs/Inputs.xml"
20:52:00.985 [Inputs] Loading inputs default "VPPAdminTools/data/modded_Inputs.xml"
20:52:00.985 [Inputs] Loading inputs default "CarLock/scripts/3_Game/inputs.xml"
20:52:00.985 [Inputs] Loading inputs default "Ghost/InventoryDump/Client/Data/modded_inputs.xml"
20:52:01.00 [Inputs] Loading inputs default "Notifications/inputs/inputs.xml"
20:52:01.00 [Inputs] Loading inputs default "RFFSHeli_Core/modded_Inputs.xml"
20:52:01.00 [Inputs] Loading inputs default "SchanaModGlobalChat/Data/Inputs.xml"
20:52:01.00 [Inputs] Loading inputs default "SchanaModParty/Data/Inputs.xml"
20:52:01.00 !!! [Inputs] Cannot load inputs default "", file does not exist
20:52:01.00 !!! [Inputs] Failed to load MODDED inputs - file name/ path invalid?
20:52:01.00 [Inputs] Loading inputs cfg "C:\SERVICES\ni7063137_1_SHARE\ftproot\dayzstandalone/config\Users\Survivor\Server.core.xml"
20:52:01.00 [Inputs] Exporting inputs cfg "C:\SERVICES\ni7063137_1_SHARE\ftproot\dayzstandalone/config\Users\Survivor\Server.core.xml"
20:52:36.508 [CE][Hive] :: Initializing OFFLINE
20:52:36.524 [CE][Hive] :: Loading core data ... 
20:52:36.524 [CE][CoreData] :: 7 root classes, 18 defaults, 0 updaters...
20:52:42.132 [CE] :: WARNING :: Preset map "optics" is EMPTY.
20:52:42.132 [CE][TypeSetup] :: 470 classes setuped...
20:52:42.147 [CE] :: WARNING :: Preset map "optics" is EMPTY.
20:52:42.147 [CE][TypeSetup] :: 353 classes setuped...
20:52:44.287 [CE][RegisterBind] :: 0 classes binded...
20:52:44.287 [CE][RegisterConfig] :: 17183 config classes registered, 0 sub-counters...
20:52:44.287 [CE][Hive] :: Loading map data ... 
20:52:44.303 [CE][IgnoreList] "cfgignorelist.xml" :: loaded 19 types
20:52:44.350 [CE][LoadPrototype] :: loaded 368 prototypes
20:52:44.350   754 containers, 9611 points
20:52:44.350   32 dispatches, 115 proxies
20:52:44.350 !!! [CE][LoadPrototype] 14 groups have no points...
20:52:44.350 !!![CE][LoadPrototype]  2 groups have wrong points...
20:52:44.350 [CE][LoadPrototype] :: last group name: StaticObj_Wreck_Ural_DE...
20:52:44.350 [CE][LoadPrototype] :: loaded 0 prototypes
20:52:44.350   0 containers, 0 points
20:52:44.350   0 dispatches, 0 proxies
20:52:44.350 [CE][LoadPrototype] :: last group name: Rail9...
20:52:45.381 [CE][LoadMap] "Group" :: loaded 11620 groups, groups failed: 0, largest group range: 34.2
20:52:45.396 [CE][LoadMap] "Dirt" :: loaded 0 groups, groups failed: 0, largest group range: 34.2
20:52:45.756 [CE][Links] found 1888 total links between groups, of 11620
20:52:45.756 [CE][LoadClusters] "Cluster" :: Loading files...
20:52:45.928 [CE][LoadClusters] :: file: "mapgroupcluster.xml", 9 types, 50000 instances
20:52:46.131 [CE][LoadClusters] :: file: "mapgroupcluster01", 9 types, 50000 instances
20:52:46.318 [CE][LoadClusters] :: file: "mapgroupcluster02", 9 types, 50000 instances
20:52:46.521 [CE][LoadClusters] :: file: "mapgroupcluster03", 9 types, 50000 instances
20:52:46.599 [CE][LoadClusters] :: file: "mapgroupcluster04", 9 types, 17347 instances
20:52:46.599 [CE][Storage] ver:21 stamp:105657, valid:yes, name:"mpmissions\dayzOffline.chernarusplus\storage_1\data\types.bin"
20:52:46.599 [CE][Storage] ver:21 stamp:105426, valid:yes, name:"mpmissions\dayzOffline.chernarusplus\storage_1\data\types.001"
20:52:46.599 [CE][Storage] ver:21 stamp:105427, valid:yes, name:"mpmissions\dayzOffline.chernarusplus\storage_1\data\types.002"
20:52:46.599 [CE][Storage] Restoring file "mpmissions\dayzOffline.chernarusplus\storage_1\data\types.bin".
20:52:46.818 !!! [CE][offlineDB] :: No Shutdown message present.
20:52:46.818 !!! [CE][DE] (VehicleHelicopter) :: Unable to create child (Homemade_SIB) as the type does not exist.
20:52:46.818 !!! [CE][DE] (VehicleHelicopter) :: Unable to create child (Helilittle_bird_RF) as the type does not exist.
20:52:46.818 !!! [CE][DE] (VehicleHelicopter) :: Unable to create child (HelicopterRF_camo) as the type does not exist.
20:52:46.818 !!! [CE][DE] (VehicleHelicopter) :: Unable to create child (HelicopterRF_camoblue) as the type does not exist.
20:52:46.818 !!! [CE][DE] (VehicleBoat) :: Unable to create child (powerboat_boat_SIB0) as the type does not exist.
20:52:46.818 [CE][offlineDB] :: Loaded 47 dynamic events 278 total types.
20:52:46.834 !!! [CE][offlineDB] :: Type 'ChristmasTree' will be ignored. (Not spawnable. (Scope is not public?))
20:52:46.865 !!! [CE][offlineDB] :: Type 'Homemade_SIB' will be ignored. (Type does not exist. (Typo?))
20:52:46.865 !!! [CE][offlineDB] :: Type 'Helilittle_bird_RF' will be ignored. (Type does not exist. (Typo?))
20:52:46.865 !!! [CE][offlineDB] :: Type 'HelicopterRF_camoblue' will be ignored. (Type does not exist. (Typo?))
20:52:46.865 !!! [CE][offlineDB] :: Type 'HelicopterRF_camo' will be ignored. (Type does not exist. (Typo?))
20:52:46.865 !!! [CE][offlineDB] :: Type 'RFlittle_bird_bladem3' will be ignored. (Type does not exist. (Typo?))
20:52:46.865 !!! [CE][offlineDB] :: Type 'RFlittle_bird_bladem1' will be ignored. (Type does not exist. (Typo?))
20:52:46.865 !!! [CE][offlineDB] :: Type 'RFlittle_bird_blade5' will be ignored. (Type does not exist. (Typo?))
20:52:46.865 !!! [CE][offlineDB] :: Type 'RFlittle_bird_blade4' will be ignored. (Type does not exist. (Typo?))
20:52:46.865 !!! [CE][offlineDB] :: Type 'RFlittle_bird_blade3' will be ignored. (Type does not exist. (Typo?))
20:52:46.865 !!! [CE][offlineDB] :: Type 'RFlittle_bird_blade2' will be ignored. (Type does not exist. (Typo?))
20:52:46.865 !!! [CE][offlineDB] :: Type 'RFlittle_bird_blade1' will be ignored. (Type does not exist. (Typo?))
20:52:46.865 !!! [CE][offlineDB] :: Type 'Helipolice_Gold' will be ignored. (Type does not exist. (Typo?))
20:52:46.865 !!! [CE][offlineDB] :: Type 'Heli_apache_green' will be ignored. (Type does not exist. (Typo?))
20:52:46.865 !!! [CE][offlineDB] :: Type 'Heli_apache_camo_desert' will be ignored. (Type does not exist. (Typo?))
20:52:46.865 !!! [CE][offlineDB] :: Type 'Heli_apache_camo' will be ignored. (Type does not exist. (Typo?))
20:52:46.865 !!! [CE][offlineDB] :: Type 'Heli_apache_black' will be ignored. (Type does not exist. (Typo?))
20:52:46.865 !!! [CE][offlineDB] :: Type 'Heli_apache' will be ignored. (Type does not exist. (Typo?))
20:52:46.865 !!! [CE][offlineDB] :: Type 'Helichinook_RF_USA' will be ignored. (Type does not exist. (Typo?))
20:52:46.865 !!! [CE][offlineDB] :: Type 'Helichinook_RF_UK' will be ignored. (Type does not exist. (Typo?))
20:52:46.865 !!! [CE][offlineDB] :: Type 'Helichinook_RF_raid' will be ignored. (Type does not exist. (Typo?))
20:52:46.865 !!! [CE][offlineDB] :: Type 'Helichinook_RF_civ' will be ignored. (Type does not exist. (Typo?))
20:52:46.865 !!! [CE][offlineDB] :: Type 'Helichinook_RF_camo' will be ignored. (Type does not exist. (Typo?))
20:52:46.865 !!! [CE][offlineDB] :: Type 'Helichinook_RF_bloody' will be ignored. (Type does not exist. (Typo?))
20:52:46.865 !!! [CE][offlineDB] :: Type 'Helichinook_RF_black' will be ignored. (Type does not exist. (Typo?))
20:52:46.865 !!! [CE][offlineDB] :: Type 'Heliblack_hawk_SIB_desert' will be ignored. (Type does not exist. (Typo?))
20:52:46.865 !!! [CE][offlineDB] :: Type 'Heliblack_hawk_SIB_camo2' will be ignored. (Type does not exist. (Typo?))
20:52:46.865 !!! [CE][offlineDB] :: Type 'HeliSIB_UH1D_medic' will be ignored. (Type does not exist. (Typo?))
20:52:46.865 !!! [CE][offlineDB] :: Type 'HeliSIB_Mi35' will be ignored. (Type does not exist. (Typo?))
20:52:46.865 !!! [CE][offlineDB] :: Type 'HeliSIB_UH1D_taxi' will be ignored. (Type does not exist. (Typo?))
20:52:46.865 !!! [CE][offlineDB] :: Type 'HeliSIB_UH1D_camo' will be ignored. (Type does not exist. (Typo?))
20:52:46.865 !!! [CE][offlineDB] :: Type 'Helipolice_urban' will be ignored. (Type does not exist. (Typo?))
20:52:46.865 !!! [CE][offlineDB] :: Type 'Helipolice_raid_white' will be ignored. (Type does not exist. (Typo?))
20:52:46.865 !!! [CE][offlineDB] :: Type 'Helipolice_raid' will be ignored. (Type does not exist. (Typo?))
20:52:46.865 !!! [CE][offlineDB] :: Type 'Helipolice_green' will be ignored. (Type does not exist. (Typo?))
20:52:46.865 !!! [CE][offlineDB] :: Type 'Helipolice_Gold' will be ignored. (Type does not exist. (Typo?))
20:52:46.865 !!! [CE][offlineDB] :: Type 'Helipolice_flames' will be ignored. (Type does not exist. (Typo?))
20:52:46.865 !!! [CE][offlineDB] :: Type 'Helipolice_admin_green' will be ignored. (Type does not exist. (Typo?))
20:52:46.865 !!! [CE][offlineDB] :: Type 'Helipolice_admin_camo' will be ignored. (Type does not exist. (Typo?))
20:52:46.865 !!! [CE][offlineDB] :: Type 'Helipolice_admin' will be ignored. (Type does not exist. (Typo?))
20:52:46.865 !!! [CE][offlineDB] :: Type 'HeliSIB_UH1H2' will be ignored. (Type does not exist. (Typo?))
20:52:46.865 !!! [CE][offlineDB] :: Type 'HeliSIB_UH1H' will be ignored. (Type does not exist. (Typo?))
20:52:46.865 !!! [CE][offlineDB] :: Type 'HeliSIB_UH1D_iron' will be ignored. (Type does not exist. (Typo?))
20:52:46.865 !!! [CE][offlineDB] :: Type 'HeliSIB_UH1D_navy' will be ignored. (Type does not exist. (Typo?))
20:52:46.865 !!! [CE][offlineDB] :: Type 'HeliSIB_UH1D_airforce' will be ignored. (Type does not exist. (Typo?))
20:52:46.865 !!! [CE][offlineDB] :: Type 'HeliSIB_UH1D' will be ignored. (Type does not exist. (Typo?))
20:52:46.865 !!! [CE][offlineDB] :: Type 'Helipolice_swat_SIB5' will be ignored. (Type does not exist. (Typo?))
20:52:46.865 !!! [CE][offlineDB] :: Type 'Helipolice_SIB4' will be ignored. (Type does not exist. (Typo?))
20:52:46.865 !!! [CE][offlineDB] :: Type 'Heliblack_hawk_SIB_camo' will be ignored. (Type does not exist. (Typo?))
20:52:46.865 !!! [CE][offlineDB] :: Type 'Heliblack_hawk_SIB' will be ignored. (Type does not exist. (Typo?))
20:52:46.880 [CE][Storage] ver:21 stamp:105657, valid:yes, name:"mpmissions\dayzOffline.chernarusplus\storage_1\data\events.bin"
20:52:46.880 [CE][Storage] ver:21 stamp:105426, valid:yes, name:"mpmissions\dayzOffline.chernarusplus\storage_1\data\events.001"
20:52:46.880 [CE][Storage] ver:21 stamp:105427, valid:yes, name:"mpmissions\dayzOffline.chernarusplus\storage_1\data\events.002"
20:52:46.880 [CE][Storage] Restoring file "mpmissions\dayzOffline.chernarusplus\storage_1\data\events.bin".
20:52:46.880 [CE][DynamicEvent] Load  Events:[47] Primary spawners: 47 Secondary spawners: 3
20:52:46.880 [CE][Storage] ver:25 stamp:105657, valid:yes, name:"mpmissions\dayzOffline.chernarusplus\storage_1\data\dynamic_000.bin"
20:52:46.880 [CE][Storage] ver:25 stamp:105426, valid:yes, name:"mpmissions\dayzOffline.chernarusplus\storage_1\data\dynamic_000.001"
20:52:46.880 [CE][Storage] ver:25 stamp:105427, valid:yes, name:"mpmissions\dayzOffline.chernarusplus\storage_1\data\dynamic_000.002"
20:52:46.880 [CE][Storage] Restoring file "mpmissions\dayzOffline.chernarusplus\storage_1\data\dynamic_000.bin" 857 items.
20:52:47.412   857 items loaded. (0 failed)
20:52:47.412 [CE][Storage] ver:25 stamp:105657, valid:yes, name:"mpmissions\dayzOffline.chernarusplus\storage_1\data\dynamic_001.bin"
20:52:47.412 [CE][Storage] ver:25 stamp:105426, valid:yes, name:"mpmissions\dayzOffline.chernarusplus\storage_1\data\dynamic_001.001"
20:52:47.443 [CE][Storage] ver:25 stamp:105427, valid:yes, name:"mpmissions\dayzOffline.chernarusplus\storage_1\data\dynamic_001.002"
20:52:47.443 [CE][Storage] Restoring file "mpmissions\dayzOffline.chernarusplus\storage_1\data\dynamic_001.bin" 1791 items.
20:52:48.312   1791 items loaded. (0 failed)
20:52:48.312 [CE][Storage] ver:25 stamp:105657, valid:yes, name:"mpmissions\dayzOffline.chernarusplus\storage_1\data\dynamic_002.bin"
20:52:48.312 [CE][Storage] ver:25 stamp:105426, valid:yes, name:"mpmissions\dayzOffline.chernarusplus\storage_1\data\dynamic_002.001"
20:52:48.312 [CE][Storage] ver:25 stamp:105427, valid:yes, name:"mpmissions\dayzOffline.chernarusplus\storage_1\data\dynamic_002.002"
20:52:48.312 [CE][Storage] Restoring file "mpmissions\dayzOffline.chernarusplus\storage_1\data\dynamic_002.bin" 2441 items.
20:52:49.187   2441 items loaded. (0 failed)
20:52:49.187 [CE][Storage] ver:25 stamp:105657, valid:yes, name:"mpmissions\dayzOffline.chernarusplus\storage_1\data\dynamic_003.bin"
20:52:49.187 [CE][Storage] ver:25 stamp:105426, valid:yes, name:"mpmissions\dayzOffline.chernarusplus\storage_1\data\dynamic_003.001"
20:52:49.187 [CE][Storage] ver:25 stamp:105427, valid:yes, name:"mpmissions\dayzOffline.chernarusplus\storage_1\data\dynamic_003.002"
20:52:49.187 [CE][Storage] Restoring file "mpmissions\dayzOffline.chernarusplus\storage_1\data\dynamic_003.bin" 2363 items.
20:52:50.140   2363 items loaded. (0 failed)
20:52:50.140 [CE][Storage] ver:25 stamp:105657, valid:yes, name:"mpmissions\dayzOffline.chernarusplus\storage_1\data\dynamic_004.bin"
20:52:50.140 [CE][Storage] ver:25 stamp:105426, valid:yes, name:"mpmissions\dayzOffline.chernarusplus\storage_1\data\dynamic_004.001"
20:52:50.155 [CE][Storage] ver:25 stamp:105427, valid:yes, name:"mpmissions\dayzOffline.chernarusplus\storage_1\data\dynamic_004.002"
20:52:50.155 [CE][Storage] Restoring file "mpmissions\dayzOffline.chernarusplus\storage_1\data\dynamic_004.bin" 1953 items.
20:52:50.983   1953 items loaded. (0 failed)
20:52:50.983 [CE][Storage] ver:25 stamp:105657, valid:yes, name:"mpmissions\dayzOffline.chernarusplus\storage_1\data\dynamic_005.bin"
20:52:50.999 [CE][Storage] ver:25 stamp:105426, valid:yes, name:"mpmissions\dayzOffline.chernarusplus\storage_1\data\dynamic_005.001"
20:52:50.999 [CE][Storage] ver:25 stamp:105427, valid:yes, name:"mpmissions\dayzOffline.chernarusplus\storage_1\data\dynamic_005.002"
20:52:50.999 [CE][Storage] Restoring file "mpmissions\dayzOffline.chernarusplus\storage_1\data\dynamic_005.bin" 2083 items.
20:52:51.764   2083 items loaded. (0 failed)
20:52:51.764 [CE][Storage] ver:25 stamp:105657, valid:yes, name:"mpmissions\dayzOffline.chernarusplus\storage_1\data\dynamic_006.bin"
20:52:51.764 [CE][Storage] ver:25 stamp:105426, valid:yes, name:"mpmissions\dayzOffline.chernarusplus\storage_1\data\dynamic_006.001"
20:52:51.764 [CE][Storage] ver:25 stamp:105427, valid:yes, name:"mpmissions\dayzOffline.chernarusplus\storage_1\data\dynamic_006.002"
20:52:51.764 [CE][Storage] Restoring file "mpmissions\dayzOffline.chernarusplus\storage_1\data\dynamic_006.bin" 1508 items.
20:52:52.327   1508 items loaded. (0 failed)
20:52:52.342 [CE][Storage] ver:25 stamp:105657, valid:yes, name:"mpmissions\dayzOffline.chernarusplus\storage_1\data\dynamic_007.bin"
20:52:52.342 [CE][Storage] ver:25 stamp:105426, valid:yes, name:"mpmissions\dayzOffline.chernarusplus\storage_1\data\dynamic_007.001"
20:52:52.342 [CE][Storage] ver:25 stamp:105427, valid:yes, name:"mpmissions\dayzOffline.chernarusplus\storage_1\data\dynamic_007.002"
20:52:52.342 [CE][Storage] Restoring file "mpmissions\dayzOffline.chernarusplus\storage_1\data\dynamic_007.bin" 1520 items.
20:52:53.14   1520 items loaded. (0 failed)
20:52:53.14 [CE][Storage] ver:25 stamp:105657, valid:yes, name:"mpmissions\dayzOffline.chernarusplus\storage_1\data\dynamic_008.bin"
20:52:53.14 [CE][Storage] ver:25 stamp:105426, valid:yes, name:"mpmissions\dayzOffline.chernarusplus\storage_1\data\dynamic_008.001"
20:52:53.14 [CE][Storage] ver:25 stamp:105427, valid:yes, name:"mpmissions\dayzOffline.chernarusplus\storage_1\data\dynamic_008.002"
20:52:53.14 [CE][Storage] Restoring file "mpmissions\dayzOffline.chernarusplus\storage_1\data\dynamic_008.bin" 2083 items.
20:52:53.795   2083 items loaded. (0 failed)
20:52:53.811 [CE][Storage] ver:25 stamp:105657, valid:yes, name:"mpmissions\dayzOffline.chernarusplus\storage_1\data\dynamic_009.bin"
20:52:53.811 [CE][Storage] ver:25 stamp:105426, valid:yes, name:"mpmissions\dayzOffline.chernarusplus\storage_1\data\dynamic_009.001"
20:52:53.811 [CE][Storage] ver:25 stamp:105427, valid:yes, name:"mpmissions\dayzOffline.chernarusplus\storage_1\data\dynamic_009.002"
20:52:53.811 [CE][Storage] Restoring file "mpmissions\dayzOffline.chernarusplus\storage_1\data\dynamic_009.bin" 2675 items.
20:52:54.826   2675 items loaded. (0 failed)
20:52:54.826 [CE][Storage] ver:25 stamp:105657, valid:yes, name:"mpmissions\dayzOffline.chernarusplus\storage_1\data\dynamic_010.bin"
20:52:54.826 [CE][Storage] ver:25 stamp:105426, valid:yes, name:"mpmissions\dayzOffline.chernarusplus\storage_1\data\dynamic_010.001"
20:52:54.826 [CE][Storage] ver:25 stamp:105427, valid:yes, name:"mpmissions\dayzOffline.chernarusplus\storage_1\data\dynamic_010.002"
20:52:54.826 [CE][Storage] Restoring file "mpmissions\dayzOffline.chernarusplus\storage_1\data\dynamic_010.bin" 1750 items.
20:52:55.607   1750 items loaded. (0 failed)
20:52:55.607 [CE][Storage] ver:25 stamp:105657, valid:yes, name:"mpmissions\dayzOffline.chernarusplus\storage_1\data\dynamic_011.bin"
20:52:55.607 [CE][Storage] ver:25 stamp:105426, valid:yes, name:"mpmissions\dayzOffline.chernarusplus\storage_1\data\dynamic_011.001"
20:52:55.607 [CE][Storage] ver:25 stamp:105427, valid:yes, name:"mpmissions\dayzOffline.chernarusplus\storage_1\data\dynamic_011.002"
20:52:55.607 [CE][Storage] Restoring file "mpmissions\dayzOffline.chernarusplus\storage_1\data\dynamic_011.bin" 172 items.
20:52:55.670   172 items loaded. (0 failed)
20:52:55.685 [CE][Storage] ver:26 stamp:105657, valid:yes, name:"mpmissions\dayzOffline.chernarusplus\storage_1\data\building.bin"
20:52:55.685 [CE][Storage] ver:26 stamp:105426, valid:yes, name:"mpmissions\dayzOffline.chernarusplus\storage_1\data\building.001"
20:52:55.685 [CE][Storage] ver:26 stamp:105427, valid:yes, name:"mpmissions\dayzOffline.chernarusplus\storage_1\data\building.002"
20:52:55.685 [CE][Storage] Restoring file "mpmissions\dayzOffline.chernarusplus\storage_1\data\building.bin" 0 items.
20:52:55.685   0 items loaded. (0 failed)
20:52:55.685 [CE][Storage] ver:25 stamp:105657, valid:yes, name:"mpmissions\dayzOffline.chernarusplus\storage_1\data\vehicles.bin"
20:52:55.685 [CE][Storage] ver:25 stamp:105426, valid:yes, name:"mpmissions\dayzOffline.chernarusplus\storage_1\data\vehicles.001"
20:52:55.685 [CE][Storage] ver:25 stamp:105427, valid:yes, name:"mpmissions\dayzOffline.chernarusplus\storage_1\data\vehicles.002"
20:52:55.685 [CE][Storage] Restoring file "mpmissions\dayzOffline.chernarusplus\storage_1\data\vehicles.bin" 163 items.
20:52:56.60   163 items loaded. (0 failed)
20:52:56.76 [CE][Hive] :: Storage load took:9.19 seconds, recovery stamp:105657
20:52:56.76   entity: 24535, building: 0
20:52:56.76   no lifetime: 54
20:52:56.76   pathgraph's: 650
20:52:56.92 [CE][Hive] :: Initializing ... 
20:52:56.123 [CE][InitializeMap] :: initialized: 0
20:52:56.123 [CE][Hive] :: Initializing spawners ... 
20:52:56.342 !!! [CE][DE][SPAWNS] :: [WARNING] :: Skipping entry for non-existing event 'VehicleTransitBus'.
20:52:56.342 [CE][DE][SPAWNS] :: Total positions: 1146
20:52:56.342 [CE][DE][GROUPS] :: Total eventgroups defined: 21, Eventgroups in use: 21
20:52:58.91 [CE][LootRespawner] (PRIDummy) :: Initially (re)spawned:0, Nominal:27680, Total in Map: 20816 at 0 (sec)
20:52:58.91   tests:0, repeats:0 fails:0, overtime:0
20:52:58.107 !!! [CE][DE] DynamicEvent "VehicleHelicopter" does not have position 'player', so it needs configured positions.
20:52:58.107 !!!!!! [CE][DE] DynamicEvent "VehicleHelicopter" setup is invalid, event will be disabled.
20:52:58.107 !!! [CE][DE] DynamicEvent "VehicleBoat" does not have position 'player', so it needs configured positions.
20:52:58.107 !!!!!! [CE][DE] DynamicEvent "VehicleBoat" setup is invalid, event will be disabled.
20:52:58.107 [CE][DynEvent] :: 47 types
20:52:58.107 [00] AmbientHen
20:52:58.107   Primary Spawner: "Ambient", active: yes, repeat: 1
20:52:58.107 [01] AnimalBear
20:52:58.107   Primary Spawner: "Animal", active: yes, repeat: 1
20:52:58.107 [02] AnimalCow
20:52:58.107   Primary Spawner: "Animal", active: yes, repeat: 1
20:52:58.107 [03] AnimalDeer
20:52:58.107   Primary Spawner: "Animal", active: yes, repeat: 1
20:52:58.107 [04] AnimalGoat
20:52:58.107   Primary Spawner: "Animal", active: yes, repeat: 1
20:52:58.107 [05] AnimalPig
20:52:58.107   Primary Spawner: "Animal", active: yes, repeat: 1
20:52:58.107 [06] AnimalRoeDeer
20:52:58.107   Primary Spawner: "Animal", active: yes, repeat: 1
20:52:58.107 [07] AnimalSheep
20:52:58.107   Primary Spawner: "Animal", active: yes, repeat: 1
20:52:58.107 [08] AnimalWildBoar
20:52:58.107   Primary Spawner: "Animal", active: yes, repeat: 1
20:52:58.107 [09] AnimalWolf
20:52:58.107   Primary Spawner: "Animal", active: yes, repeat: 1
20:52:58.107 [10] InfectedBoss
20:52:58.107   Primary Spawner: "Infected", active: yes, repeat: 1
20:52:58.107 [11] InfectedArmy
20:52:58.107   Primary Spawner: "Infected", active: yes, repeat: 1
20:52:58.107 [12] InfectedArmyHard
20:52:58.107   Primary Spawner: "Infected", active: yes, repeat: 1
20:52:58.107 [13] InfectedCity
20:52:58.107   Primary Spawner: "Infected", active: yes, repeat: 1
20:52:58.107 [14] InfectedCityTier1
20:52:58.107   Primary Spawner: "Infected", active: yes, repeat: 1
20:52:58.107 [15] InfectedFirefighter
20:52:58.107   Primary Spawner: "Infected", active: yes, repeat: 1
20:52:58.107 [16] InfectedIndustrial
20:52:58.107   Primary Spawner: "Infected", active: yes, repeat: 1
20:52:58.107 [17] InfectedMedic
20:52:58.107   Primary Spawner: "Infected", active: yes, repeat: 1
20:52:58.107 [18] InfectedNBC
20:52:58.107   Primary Spawner: "Infected", active: yes, repeat: 1
20:52:58.107 [19] InfectedNBCYellow
20:52:58.107   Primary Spawner: "Infected", active: yes, repeat: 1
20:52:58.107 [20] InfectedPolice
20:52:58.107   Primary Spawner: "Infected", active: yes, repeat: 1
20:52:58.107 [21] InfectedPoliceHard
20:52:58.107   Primary Spawner: "Infected", active: yes, repeat: 1
20:52:58.107 [22] InfectedPrisoner
20:52:58.107   Primary Spawner: "Infected", active: yes, repeat: 1
20:52:58.107 [23] InfectedReligious
20:52:58.107   Primary Spawner: "Infected", active: yes, repeat: 1
20:52:58.107 [24] InfectedSolitude
20:52:58.107   Primary Spawner: "Infected", active: yes, repeat: 1
20:52:58.107 [25] InfectedVillage
20:52:58.107   Primary Spawner: "Infected", active: yes, repeat: 1
20:52:58.107 [26] InfectedVillageTier1
20:52:58.107   Primary Spawner: "Infected", active: yes, repeat: 1
20:52:58.107 [27] ItemPlanks
20:52:58.107   Primary Spawner: "Item", active: yes, repeat: 1
20:52:58.107 [28] Loot
20:52:58.107   Primary Spawner: "Loot", active: yes, repeat: 2
20:52:58.107 [29] StaticContaminatedArea
20:52:58.107   Primary Spawner: "Static", active: yes, repeat: 1
20:52:58.107 [30] StaticHeliCrash
20:52:58.107   Primary Spawner: "Static", active: yes, repeat: 1
20:52:58.107   Secondary Spawner: "Infected", active: yes, repeat: 1
20:52:58.107 [31] StaticPoliceCar
20:52:58.107   Primary Spawner: "Static", active: yes, repeat: 1
20:52:58.107   Secondary Spawner: "Infected", active: yes, repeat: 1
20:52:58.107 [32] StaticTrain
20:52:58.107   Primary Spawner: "Static", active: yes, repeat: 1
20:52:58.107   Secondary Spawner: "Infected", active: yes, repeat: 1
20:52:58.107 [33] TrajectoryApple
20:52:58.107   Primary Spawner: "Trajectory", active: yes, repeat: 1
20:52:58.107 [34] TrajectoryConiferous
20:52:58.107   Primary Spawner: "Trajectory", active: yes, repeat: 1
20:52:58.107 [35] TrajectoryDeciduous
20:52:58.107   Primary Spawner: "Trajectory", active: yes, repeat: 1
20:52:58.107 [36] TrajectoryHumus
20:52:58.107   Primary Spawner: "Trajectory", active: yes, repeat: 1
20:52:58.107 [37] TrajectoryPear
20:52:58.107   Primary Spawner: "Trajectory", active: yes, repeat: 1
20:52:58.107 [38] TrajectoryPlum
20:52:58.107   Primary Spawner: "Trajectory", active: yes, repeat: 1
20:52:58.107 [39] TrajectoryStones
20:52:58.107   Primary Spawner: "Trajectory", active: yes, repeat: 1
20:52:58.107 [40] VehicleCivilianSedan
20:52:58.107   Primary Spawner: "Vehicle", active: yes, repeat: 1
20:52:58.107 [41] VehicleHatchback02
20:52:58.107   Primary Spawner: "Vehicle", active: yes, repeat: 1
20:52:58.107 [42] VehicleOffroadHatchback
20:52:58.107   Primary Spawner: "Vehicle", active: yes, repeat: 1
20:52:58.107 [43] VehicleSedan02
20:52:58.107   Primary Spawner: "Vehicle", active: yes, repeat: 1
20:52:58.107 [44] VehicleTruck01
20:52:58.107   Primary Spawner: "Vehicle", active: yes, repeat: 1
20:52:58.107 [45] VehicleHelicopter
20:52:58.107   Primary Spawner: "Vehicle", active: no, repeat: 1
20:52:58.107 [46] VehicleBoat
20:52:58.107   Primary Spawner: "Vehicle", active: no, repeat: 1
20:52:58.107 [CE][Hive] :: Initializing of spawners done.
20:52:58.122 [CE][Hive] :: Init sequence finished.
20:52:58.122 Player connect enabled
20:52:58.966 [IdleMode] Entering IN - save processed
20:53:05.746 [UNLOCK] Server was unlocked.
21:02:43.144 [Login]: Adding player Survivor (16635642) to login queue at position 0
21:02:43.144 [LoginMachine]: Add player Survivor (16635642 186.194.222.4:12802)
21:02:43.144 [StateMachine]: Player Survivor (dpnid 16635642 uid ) Entering AuthPlayerLoginState
21:02:43.441 [StateMachine]: Player Survivor (dpnid 16635642 uid ) State Error (AuthPlayerLoginState)
21:02:43.441 Player Unknown (16635642) kicked from server: 115 (Client is missing a mod which is on the server. (TraderPlus; CodeLock; CannabisPlus; GoreZ; RedFalcon Flight System Heliz; CarsForAll; InventoryMoveSounds; MMG - Mightys Military Gear; S.A.P. Pack; SchanaModGlobalChat; GunnerTruck; VPPAdminTools; BaseBuildingPlus; StaminaSettings; Notifications; PseudoGiant; DrugsPLUS; Community Framework; BuilderItems; MuchStuffPack; Breachingcharge; Advanced Weapon Scopes; VanillaPlusPlusMap; SNAFU_Weapons; Burn Alive; MassA2Assets; InventoryDump; Dabs Framework; SchanaParty; Unknown Ghillie Mod; DayZ Editor Loader)  (Missing PBO. (@TraderPlus\addons\carlock.pbo)))
21:02:43.441 [StateMachine]: Kick player Survivor (dpnid 16635642 uid ) State AuthPlayerLoginState
21:02:43.456 [Disconnect]: Client 16635642 early disconnect
21:02:43.472 [Disconnect]: No identity -> remove player info 16635642 
21:02:43.472 [Disconnect]: DisconnectPlayerFinish 16635642
21:02:43.472 [Disconnect]: Remove player info 16635642
21:02:43.472 [Disconnect]: Player destroy 16635642 
21:09:18.422 [Login]: Adding player Survivor (22023775) to login queue at position 0
21:09:18.422 [LoginMachine]: Add player Survivor (22023775 179.34.203.15:12802)
21:09:18.422 [StateMachine]: Player Survivor (dpnid 22023775 uid ) Entering AuthPlayerLoginState
21:09:18.687 [StateMachine]: Player Survivor (dpnid 22023775 uid ) State Error (AuthPlayerLoginState)
21:09:18.687 Player Unknown (22023775) kicked from server: 115 (Client is missing a mod which is on the server. (RedFalcon Flight System Heliz)  (Missing PBO. (@RedFalcon\addons\rffsheli_apache.pbo)))
21:09:18.687 [StateMachine]: Kick player Survivor (dpnid 22023775 uid ) State AuthPlayerLoginState
21:09:18.703 [Disconnect]: Client 22023775 early disconnect
21:09:18.719 [Disconnect]: No identity -> remove player info 22023775 
21:09:18.719 [Disconnect]: DisconnectPlayerFinish 22023775
21:09:18.719 [Disconnect]: Remove player info 22023775
21:09:18.719 [Disconnect]: Player destroy 22023775 
21:11:07.977  --- Termination successfully completed --- 
