

=====================================================================
== C:\SERVICES\ni7063137_1_SHARE\ftproot\dayzstandalone\DayZServer_x64.exe
== "C:\SERVICES\ni7063137_1_SHARE\ftproot\dayzstandalone\DayZServer_x64.exe" -ip=31.214.158.194 -port=12800 -cpuCount=4 -limitFPS=100 -adminlog -config=serverDZ.cfg "-mod=@CF;@DabsFramework;@DayZEditorLoader;@BuilderItems;@BaseBuildingPlus;@CodeLock;@Breachingcharge;@VPPAdminTools;@TraderPlus;@InventoryDump;@BurnAlive;@GunnerTruckOshkosh;@MuchStuffPack;@SNAFU;@CannabisPlus;@MMG;@VanillaPlusPlusMap;@UnknownGhillieMod;@MassA2Assets;@SchanaParty;@PseudoGiant;@InventoryMoveSounds;@Notifications;@AdvancedWeaponScopes;@CarsForAll;@SchanaModGlobalChat;@StaminaSettings;@DrugsPLUS;@GoreZ;@PackSouthAmericanPlague;@RedFalcon" -profiles=C:\SERVICES\ni7063137_1_SHARE\ftproot\dayzstandalone/config -BEPath=C:\SERVICES\ni7063137_1_SHARE\ftproot\dayzstandalone\battleye -noFilePatching -nologs -freezecheck
=====================================================================
Exe timestamp: 2022/07/28 08:30:35
Current time:  2022/09/08 14:07:28

Version 1.18.155069
14:07:28.571 [Inputs] Loading inputs default "bin/constants.xml"
14:07:28.571 [Inputs] Loading inputs default "bin/specific.xml"
14:07:28.571 [Inputs] Loading inputs default "BBP_keybind/data/modded_Inputs.xml"
14:07:28.586 [Inputs] Loading inputs default "InventoryMoveSounds/Scripts/Data/Inputs.xml"
14:07:28.586 [Inputs] Loading inputs default "SpardaTextura/inputs/Inputs.xml"
14:07:28.586 [Inputs] Loading inputs default "VanillaPPMap/data/modded_Inputs.xml"
14:07:28.586 [Inputs] Loading inputs default "VehiclesVipNemesis/inputs/Inputs.xml"
14:07:28.586 [Inputs] Loading inputs default "VPPAdminTools/data/modded_Inputs.xml"
14:07:28.586 [Inputs] Loading inputs default "CarLock/scripts/3_Game/inputs.xml"
14:07:28.586 [Inputs] Loading inputs default "Ghost/InventoryDump/Client/Data/modded_inputs.xml"
14:07:28.586 [Inputs] Loading inputs default "Notifications/inputs/inputs.xml"
14:07:28.586 [Inputs] Loading inputs default "RFFSHeli_Core/modded_Inputs.xml"
14:07:28.586 [Inputs] Loading inputs default "SchanaModGlobalChat/Data/Inputs.xml"
14:07:28.586 [Inputs] Loading inputs default "SchanaModParty/Data/Inputs.xml"
14:07:28.602 !!! [Inputs] Cannot load inputs default "", file does not exist
14:07:28.602 !!! [Inputs] Failed to load MODDED inputs - file name/ path invalid?
14:07:28.602 [Inputs] Loading inputs cfg "C:\SERVICES\ni7063137_1_SHARE\ftproot\dayzstandalone/config\Users\Survivor\Server.core.xml"
14:07:28.602 [Inputs] Exporting inputs cfg "C:\SERVICES\ni7063137_1_SHARE\ftproot\dayzstandalone/config\Users\Survivor\Server.core.xml"
14:08:04.854 [CE][Hive] :: Initializing OFFLINE
14:08:04.854 [CE][Hive] :: Loading core data ... 
14:08:04.854 [CE][CoreData] :: 7 root classes, 18 defaults, 0 updaters...
14:08:10.852 [CE] :: WARNING :: Preset map "optics" is EMPTY.
14:08:10.852 [CE][TypeSetup] :: 470 classes setuped...
14:08:10.868 [CE] :: WARNING :: Preset map "optics" is EMPTY.
14:08:10.868 [CE][TypeSetup] :: 377 classes setuped...
14:08:13.305 [CE][RegisterBind] :: 0 classes binded...
14:08:13.305 [CE][RegisterConfig] :: 17183 config classes registered, 0 sub-counters...
14:08:13.305 [CE][Hive] :: Loading map data ... 
14:08:13.321 [CE][IgnoreList] "cfgignorelist.xml" :: loaded 19 types
14:08:13.368 [CE][LoadPrototype] :: loaded 368 prototypes
14:08:13.368   754 containers, 9611 points
14:08:13.368   32 dispatches, 115 proxies
14:08:13.368 !!! [CE][LoadPrototype] 14 groups have no points...
14:08:13.368 !!![CE][LoadPrototype]  2 groups have wrong points...
14:08:13.368 [CE][LoadPrototype] :: last group name: StaticObj_Wreck_Ural_DE...
14:08:13.368 [CE][LoadPrototype] :: loaded 0 prototypes
14:08:13.368   0 containers, 0 points
14:08:13.368   0 dispatches, 0 proxies
14:08:13.368 [CE][LoadPrototype] :: last group name: Rail9...
14:08:14.461 [CE][LoadMap] "Group" :: loaded 11620 groups, groups failed: 0, largest group range: 34.2
14:08:14.477 [CE][LoadMap] "Dirt" :: loaded 0 groups, groups failed: 0, largest group range: 34.2
14:08:14.883 [CE][Links] found 1888 total links between groups, of 11620
14:08:14.883 [CE][LoadClusters] "Cluster" :: Loading files...
14:08:15.70 [CE][LoadClusters] :: file: "mapgroupcluster.xml", 9 types, 50000 instances
14:08:15.289 [CE][LoadClusters] :: file: "mapgroupcluster01", 9 types, 50000 instances
14:08:15.492 [CE][LoadClusters] :: file: "mapgroupcluster02", 9 types, 50000 instances
14:08:15.695 [CE][LoadClusters] :: file: "mapgroupcluster03", 9 types, 50000 instances
14:08:15.773 [CE][LoadClusters] :: file: "mapgroupcluster04", 9 types, 17347 instances
14:08:15.789 [CE][Storage] ver:21 stamp:110412, valid:yes, name:"mpmissions\dayzOffline.chernarusplus\storage_1\data\types.bin"
14:08:15.789 [CE][Storage] ver:21 stamp:110367, valid:yes, name:"mpmissions\dayzOffline.chernarusplus\storage_1\data\types.001"
14:08:15.789 [CE][Storage] ver:21 stamp:110368, valid:yes, name:"mpmissions\dayzOffline.chernarusplus\storage_1\data\types.002"
14:08:15.789 [CE][Storage] Restoring file "mpmissions\dayzOffline.chernarusplus\storage_1\data\types.bin".
14:08:16.54 !!! [CE][offlineDB] :: No Shutdown message present.
14:08:16.54 [CE][offlineDB] :: Loaded 46 dynamic events 302 total types.
14:08:16.86 !!! [CE][offlineDB] :: Type 'ChristmasTree' will be ignored. (Not spawnable. (Scope is not public?))
14:08:16.117 [CE][Storage] ver:21 stamp:110412, valid:yes, name:"mpmissions\dayzOffline.chernarusplus\storage_1\data\events.bin"
14:08:16.117 [CE][Storage] ver:21 stamp:110367, valid:yes, name:"mpmissions\dayzOffline.chernarusplus\storage_1\data\events.001"
14:08:16.117 [CE][Storage] ver:21 stamp:110368, valid:yes, name:"mpmissions\dayzOffline.chernarusplus\storage_1\data\events.002"
14:08:16.117 [CE][Storage] Restoring file "mpmissions\dayzOffline.chernarusplus\storage_1\data\events.bin".
14:08:16.117 [CE][DynamicEvent] Load  Events:[46] Primary spawners: 46 Secondary spawners: 3
14:08:16.117 [CE][Storage] ver:25 stamp:110412, valid:yes, name:"mpmissions\dayzOffline.chernarusplus\storage_1\data\dynamic_000.bin"
14:08:16.117 [CE][Storage] ver:25 stamp:110367, valid:yes, name:"mpmissions\dayzOffline.chernarusplus\storage_1\data\dynamic_000.001"
14:08:16.117 [CE][Storage] ver:25 stamp:110368, valid:yes, name:"mpmissions\dayzOffline.chernarusplus\storage_1\data\dynamic_000.002"
14:08:16.117 [CE][Storage] Restoring file "mpmissions\dayzOffline.chernarusplus\storage_1\data\dynamic_000.bin" 854 items.
14:08:16.789   854 items loaded. (0 failed)
14:08:16.789 [CE][Storage] ver:25 stamp:110412, valid:yes, name:"mpmissions\dayzOffline.chernarusplus\storage_1\data\dynamic_001.bin"
14:08:16.804 [CE][Storage] ver:25 stamp:110367, valid:yes, name:"mpmissions\dayzOffline.chernarusplus\storage_1\data\dynamic_001.001"
14:08:16.804 [CE][Storage] ver:25 stamp:110368, valid:yes, name:"mpmissions\dayzOffline.chernarusplus\storage_1\data\dynamic_001.002"
14:08:16.804 [CE][Storage] Restoring file "mpmissions\dayzOffline.chernarusplus\storage_1\data\dynamic_001.bin" 1792 items.
14:08:17.788   1792 items loaded. (0 failed)
14:08:17.804 [CE][Storage] ver:25 stamp:110412, valid:yes, name:"mpmissions\dayzOffline.chernarusplus\storage_1\data\dynamic_002.bin"
14:08:17.804 [CE][Storage] ver:25 stamp:110367, valid:yes, name:"mpmissions\dayzOffline.chernarusplus\storage_1\data\dynamic_002.001"
14:08:17.804 [CE][Storage] ver:25 stamp:110368, valid:yes, name:"mpmissions\dayzOffline.chernarusplus\storage_1\data\dynamic_002.002"
14:08:17.804 [CE][Storage] Restoring file "mpmissions\dayzOffline.chernarusplus\storage_1\data\dynamic_002.bin" 2400 items.
14:08:18.741   2400 items loaded. (0 failed)
14:08:18.741 [CE][Storage] ver:25 stamp:110412, valid:yes, name:"mpmissions\dayzOffline.chernarusplus\storage_1\data\dynamic_003.bin"
14:08:18.741 [CE][Storage] ver:25 stamp:110367, valid:yes, name:"mpmissions\dayzOffline.chernarusplus\storage_1\data\dynamic_003.001"
14:08:18.741 [CE][Storage] ver:25 stamp:110368, valid:yes, name:"mpmissions\dayzOffline.chernarusplus\storage_1\data\dynamic_003.002"
14:08:18.741 [CE][Storage] Restoring file "mpmissions\dayzOffline.chernarusplus\storage_1\data\dynamic_003.bin" 2404 items.
14:08:19.866   2404 items loaded. (0 failed)
14:08:19.882 [CE][Storage] ver:25 stamp:110412, valid:yes, name:"mpmissions\dayzOffline.chernarusplus\storage_1\data\dynamic_004.bin"
14:08:19.882 [CE][Storage] ver:25 stamp:110367, valid:yes, name:"mpmissions\dayzOffline.chernarusplus\storage_1\data\dynamic_004.001"
14:08:19.882 [CE][Storage] ver:25 stamp:110368, valid:yes, name:"mpmissions\dayzOffline.chernarusplus\storage_1\data\dynamic_004.002"
14:08:19.882 [CE][Storage] Restoring file "mpmissions\dayzOffline.chernarusplus\storage_1\data\dynamic_004.bin" 1859 items.
14:08:20.741   1859 items loaded. (0 failed)
14:08:20.741 [CE][Storage] ver:25 stamp:110412, valid:yes, name:"mpmissions\dayzOffline.chernarusplus\storage_1\data\dynamic_005.bin"
14:08:20.741 [CE][Storage] ver:25 stamp:110367, valid:yes, name:"mpmissions\dayzOffline.chernarusplus\storage_1\data\dynamic_005.001"
14:08:20.741 [CE][Storage] ver:25 stamp:110368, valid:yes, name:"mpmissions\dayzOffline.chernarusplus\storage_1\data\dynamic_005.002"
14:08:20.741 [CE][Storage] Restoring file "mpmissions\dayzOffline.chernarusplus\storage_1\data\dynamic_005.bin" 2003 items.
14:08:21.538   2003 items loaded. (0 failed)
14:08:21.538 [CE][Storage] ver:25 stamp:110412, valid:yes, name:"mpmissions\dayzOffline.chernarusplus\storage_1\data\dynamic_006.bin"
14:08:21.538 [CE][Storage] ver:25 stamp:110367, valid:yes, name:"mpmissions\dayzOffline.chernarusplus\storage_1\data\dynamic_006.001"
14:08:21.538 [CE][Storage] ver:25 stamp:110368, valid:yes, name:"mpmissions\dayzOffline.chernarusplus\storage_1\data\dynamic_006.002"
14:08:21.538 [CE][Storage] Restoring file "mpmissions\dayzOffline.chernarusplus\storage_1\data\dynamic_006.bin" 1450 items.
14:08:22.131   1450 items loaded. (0 failed)
14:08:22.131 [CE][Storage] ver:25 stamp:110412, valid:yes, name:"mpmissions\dayzOffline.chernarusplus\storage_1\data\dynamic_007.bin"
14:08:22.131 [CE][Storage] ver:25 stamp:110367, valid:yes, name:"mpmissions\dayzOffline.chernarusplus\storage_1\data\dynamic_007.001"
14:08:22.131 [CE][Storage] ver:25 stamp:110368, valid:yes, name:"mpmissions\dayzOffline.chernarusplus\storage_1\data\dynamic_007.002"
14:08:22.131 [CE][Storage] Restoring file "mpmissions\dayzOffline.chernarusplus\storage_1\data\dynamic_007.bin" 1484 items.
14:08:22.818   1484 items loaded. (0 failed)
14:08:22.818 [CE][Storage] ver:25 stamp:110412, valid:yes, name:"mpmissions\dayzOffline.chernarusplus\storage_1\data\dynamic_008.bin"
14:08:22.818 [CE][Storage] ver:25 stamp:110367, valid:yes, name:"mpmissions\dayzOffline.chernarusplus\storage_1\data\dynamic_008.001"
14:08:22.818 [CE][Storage] ver:25 stamp:110368, valid:yes, name:"mpmissions\dayzOffline.chernarusplus\storage_1\data\dynamic_008.002"
14:08:22.818 [CE][Storage] Restoring file "mpmissions\dayzOffline.chernarusplus\storage_1\data\dynamic_008.bin" 2012 items.
14:08:23.662   2012 items loaded. (0 failed)
14:08:23.662 [CE][Storage] ver:25 stamp:110412, valid:yes, name:"mpmissions\dayzOffline.chernarusplus\storage_1\data\dynamic_009.bin"
14:08:23.662 [CE][Storage] ver:25 stamp:110367, valid:yes, name:"mpmissions\dayzOffline.chernarusplus\storage_1\data\dynamic_009.001"
14:08:23.662 [CE][Storage] ver:25 stamp:110368, valid:yes, name:"mpmissions\dayzOffline.chernarusplus\storage_1\data\dynamic_009.002"
14:08:23.662 [CE][Storage] Restoring file "mpmissions\dayzOffline.chernarusplus\storage_1\data\dynamic_009.bin" 2597 items.
14:08:24.771   2597 items loaded. (0 failed)
14:08:24.771 [CE][Storage] ver:25 stamp:110412, valid:yes, name:"mpmissions\dayzOffline.chernarusplus\storage_1\data\dynamic_010.bin"
14:08:24.771 [CE][Storage] ver:25 stamp:110367, valid:yes, name:"mpmissions\dayzOffline.chernarusplus\storage_1\data\dynamic_010.001"
14:08:24.771 [CE][Storage] ver:25 stamp:110368, valid:yes, name:"mpmissions\dayzOffline.chernarusplus\storage_1\data\dynamic_010.002"
14:08:24.771 [CE][Storage] Restoring file "mpmissions\dayzOffline.chernarusplus\storage_1\data\dynamic_010.bin" 1752 items.
14:08:25.568   1752 items loaded. (0 failed)
14:08:25.568 [CE][Storage] ver:25 stamp:110412, valid:yes, name:"mpmissions\dayzOffline.chernarusplus\storage_1\data\dynamic_011.bin"
14:08:25.568 [CE][Storage] ver:25 stamp:110367, valid:yes, name:"mpmissions\dayzOffline.chernarusplus\storage_1\data\dynamic_011.001"
14:08:25.568 [CE][Storage] ver:25 stamp:110368, valid:yes, name:"mpmissions\dayzOffline.chernarusplus\storage_1\data\dynamic_011.002"
14:08:25.568 [CE][Storage] Restoring file "mpmissions\dayzOffline.chernarusplus\storage_1\data\dynamic_011.bin" 145 items.
14:08:25.630   145 items loaded. (0 failed)
14:08:25.630 [CE][Storage] ver:26 stamp:110412, valid:yes, name:"mpmissions\dayzOffline.chernarusplus\storage_1\data\building.bin"
14:08:25.630 [CE][Storage] ver:26 stamp:110367, valid:yes, name:"mpmissions\dayzOffline.chernarusplus\storage_1\data\building.001"
14:08:25.630 [CE][Storage] ver:26 stamp:110368, valid:yes, name:"mpmissions\dayzOffline.chernarusplus\storage_1\data\building.002"
14:08:25.630 [CE][Storage] Restoring file "mpmissions\dayzOffline.chernarusplus\storage_1\data\building.bin" 1 items.
14:08:25.630   1 items loaded. (0 failed)
14:08:25.630 [CE][Storage] ver:25 stamp:110412, valid:yes, name:"mpmissions\dayzOffline.chernarusplus\storage_1\data\vehicles.bin"
14:08:25.630 [CE][Storage] ver:25 stamp:110367, valid:yes, name:"mpmissions\dayzOffline.chernarusplus\storage_1\data\vehicles.001"
14:08:25.630 [CE][Storage] ver:25 stamp:110368, valid:yes, name:"mpmissions\dayzOffline.chernarusplus\storage_1\data\vehicles.002"
14:08:25.630 [CE][Storage] Restoring file "mpmissions\dayzOffline.chernarusplus\storage_1\data\vehicles.bin" 175 items.
14:08:26.427   175 items loaded. (0 failed)
14:08:26.443 [CE][Hive] :: Storage load took:10.33 seconds, recovery stamp:110412
14:08:26.443   entity: 24903, building: 1
14:08:26.443   no lifetime: 63
14:08:26.443   pathgraph's: 661
14:08:26.474 [CE][Hive] :: Initializing ... 
14:08:26.505 [CE][InitializeMap] :: initialized: 1
14:08:26.505 [CE][Hive] :: Initializing spawners ... 
14:08:26.739 !!! [CE][DE][SPAWNS] :: [WARNING] :: Skipping entry for non-existing event 'VehicleTransitBus'.
14:08:26.739 [CE][DE][SPAWNS] :: Total positions: 1165
14:08:26.739 [CE][DE][GROUPS] :: Total eventgroups defined: 21, Eventgroups in use: 21
14:08:28.645 [CE][LootRespawner] (PRIDummy) :: Initially (re)spawned:0, Nominal:27680, Total in Map: 19992 at 0 (sec)
14:08:28.645   tests:0, repeats:0 fails:0, overtime:0
14:08:28.661 [CE][DynEvent] :: 46 types
14:08:28.661 [00] AmbientHen
14:08:28.661   Primary Spawner: "Ambient", active: yes, repeat: 1
14:08:28.661 [01] AnimalBear
14:08:28.661   Primary Spawner: "Animal", active: yes, repeat: 1
14:08:28.661 [02] AnimalCow
14:08:28.661   Primary Spawner: "Animal", active: yes, repeat: 1
14:08:28.661 [03] AnimalDeer
14:08:28.661   Primary Spawner: "Animal", active: yes, repeat: 1
14:08:28.661 [04] AnimalGoat
14:08:28.661   Primary Spawner: "Animal", active: yes, repeat: 1
14:08:28.661 [05] AnimalPig
14:08:28.661   Primary Spawner: "Animal", active: yes, repeat: 1
14:08:28.661 [06] AnimalRoeDeer
14:08:28.661   Primary Spawner: "Animal", active: yes, repeat: 1
14:08:28.661 [07] AnimalSheep
14:08:28.661   Primary Spawner: "Animal", active: yes, repeat: 1
14:08:28.661 [08] AnimalWildBoar
14:08:28.661   Primary Spawner: "Animal", active: yes, repeat: 1
14:08:28.661 [09] AnimalWolf
14:08:28.661   Primary Spawner: "Animal", active: yes, repeat: 1
14:08:28.661 [10] InfectedBoss
14:08:28.661   Primary Spawner: "Infected", active: yes, repeat: 1
14:08:28.661 [11] InfectedArmy
14:08:28.661   Primary Spawner: "Infected", active: yes, repeat: 1
14:08:28.661 [12] InfectedArmyHard
14:08:28.661   Primary Spawner: "Infected", active: yes, repeat: 1
14:08:28.661 [13] InfectedCity
14:08:28.661   Primary Spawner: "Infected", active: yes, repeat: 1
14:08:28.661 [14] InfectedCityTier1
14:08:28.661   Primary Spawner: "Infected", active: yes, repeat: 1
14:08:28.661 [15] InfectedFirefighter
14:08:28.661   Primary Spawner: "Infected", active: yes, repeat: 1
14:08:28.661 [16] InfectedIndustrial
14:08:28.661   Primary Spawner: "Infected", active: yes, repeat: 1
14:08:28.661 [17] InfectedMedic
14:08:28.661   Primary Spawner: "Infected", active: yes, repeat: 1
14:08:28.661 [18] InfectedNBC
14:08:28.661   Primary Spawner: "Infected", active: yes, repeat: 1
14:08:28.661 [19] InfectedNBCYellow
14:08:28.661   Primary Spawner: "Infected", active: yes, repeat: 1
14:08:28.661 [20] InfectedPolice
14:08:28.661   Primary Spawner: "Infected", active: yes, repeat: 1
14:08:28.661 [21] InfectedPoliceHard
14:08:28.661   Primary Spawner: "Infected", active: yes, repeat: 1
14:08:28.661 [22] InfectedPrisoner
14:08:28.661   Primary Spawner: "Infected", active: yes, repeat: 1
14:08:28.661 [23] InfectedReligious
14:08:28.661   Primary Spawner: "Infected", active: yes, repeat: 1
14:08:28.661 [24] InfectedSolitude
14:08:28.661   Primary Spawner: "Infected", active: yes, repeat: 1
14:08:28.661 [25] InfectedVillage
14:08:28.661   Primary Spawner: "Infected", active: yes, repeat: 1
14:08:28.661 [26] InfectedVillageTier1
14:08:28.661   Primary Spawner: "Infected", active: yes, repeat: 1
14:08:28.661 [27] ItemPlanks
14:08:28.661   Primary Spawner: "Item", active: yes, repeat: 1
14:08:28.661 [28] Loot
14:08:28.661   Primary Spawner: "Loot", active: yes, repeat: 2
14:08:28.661 [29] StaticContaminatedArea
14:08:28.661   Primary Spawner: "Static", active: yes, repeat: 1
14:08:28.661 [30] StaticHeliCrash
14:08:28.661   Primary Spawner: "Static", active: yes, repeat: 1
14:08:28.661   Secondary Spawner: "Infected", active: yes, repeat: 1
14:08:28.661 [31] StaticPoliceCar
14:08:28.661   Primary Spawner: "Static", active: yes, repeat: 1
14:08:28.661   Secondary Spawner: "Infected", active: yes, repeat: 1
14:08:28.661 [32] StaticTrain
14:08:28.661   Primary Spawner: "Static", active: yes, repeat: 1
14:08:28.661   Secondary Spawner: "Infected", active: yes, repeat: 1
14:08:28.661 [33] TrajectoryApple
14:08:28.661   Primary Spawner: "Trajectory", active: yes, repeat: 1
14:08:28.661 [34] TrajectoryConiferous
14:08:28.661   Primary Spawner: "Trajectory", active: yes, repeat: 1
14:08:28.661 [35] TrajectoryDeciduous
14:08:28.661   Primary Spawner: "Trajectory", active: yes, repeat: 1
14:08:28.661 [36] TrajectoryHumus
14:08:28.661   Primary Spawner: "Trajectory", active: yes, repeat: 1
14:08:28.661 [37] TrajectoryPear
14:08:28.661   Primary Spawner: "Trajectory", active: yes, repeat: 1
14:08:28.661 [38] TrajectoryPlum
14:08:28.661   Primary Spawner: "Trajectory", active: yes, repeat: 1
14:08:28.661 [39] TrajectoryStones
14:08:28.661   Primary Spawner: "Trajectory", active: yes, repeat: 1
14:08:28.661 [40] VehicleCivilianSedan
14:08:28.661   Primary Spawner: "Vehicle", active: yes, repeat: 1
14:08:28.661 [41] VehicleHatchback02
14:08:28.661   Primary Spawner: "Vehicle", active: yes, repeat: 1
14:08:28.661 [42] VehicleOffroadHatchback
14:08:28.661   Primary Spawner: "Vehicle", active: yes, repeat: 1
14:08:28.661 [43] VehicleSedan02
14:08:28.661   Primary Spawner: "Vehicle", active: yes, repeat: 1
14:08:28.661 [44] VehicleTruck01
14:08:28.661   Primary Spawner: "Vehicle", active: yes, repeat: 1
14:08:28.661 [45] VehicleHelicopter
14:08:28.661   Primary Spawner: "Vehicle", active: yes, repeat: 1
14:08:28.661 [CE][Hive] :: Initializing of spawners done.
14:08:28.661 [CE][Hive] :: Init sequence finished.
14:08:28.677 Player connect enabled
14:08:29.583 [IdleMode] Entering IN - save processed
14:08:37.253 [UNLOCK] Server was unlocked.
17:43:55.673 [Login]: Adding player N33 (47150899) to login queue at position 0
17:43:55.673 [LoginMachine]: Add player N33 (47150899 170.79.70.31:12802)
17:43:55.673 [StateMachine]: Player N33 (dpnid 47150899 uid ) Entering AuthPlayerLoginState
17:43:56.486 [StateMachine]: Player N33 (dpnid 47150899 uid ) State Error (AuthPlayerLoginState)
17:43:56.486 Player Unknown (47150899) kicked from server: 115 (Client is missing a mod which is on the server. (TraderPlus; CannabisPlus; GoreZ; InventoryMoveSounds; CarsForAll; RedFalcon Flight System Heliz; MMG - Mightys Military Gear; S.A.P. Pack; SchanaModGlobalChat; GunnerTruck; StaminaSettings; Notifications; PseudoGiant; DrugsPLUS; BuilderItems; Advanced Weapon Scopes; SNAFU_Weapons; Burn Alive; MassA2Assets; InventoryDump; Dabs Framework; SchanaParty; Unknown Ghillie Mod; DayZ Editor Loader)  (Missing PBO. (E:\Steam\steamapps\common\DayZ\!Workshop\@Trader\addons\trader.pbo)))
17:43:56.486 [StateMachine]: Kick player N33 (dpnid 47150899 uid ) State AuthPlayerLoginState
17:43:56.501 [Disconnect]: Client 47150899 early disconnect
17:43:56.501 [Disconnect]: No identity -> remove player info 47150899 
17:43:56.501 [Disconnect]: DisconnectPlayerFinish 47150899
17:43:56.501 [Disconnect]: Remove player info 47150899
17:43:56.501 [Disconnect]: Player destroy 47150899 
18:52:55.432 [Login]: Adding player Survivor (244517767) to login queue at position 0
18:52:55.432 [LoginMachine]: Add player Survivor (244517767 177.125.223.102:53715)
18:52:55.432 [StateMachine]: Player Survivor (dpnid 244517767 uid ) Entering AuthPlayerLoginState
18:52:55.573 [StateMachine]: Player Survivor (dpnid 244517767 uid ) State Error (AuthPlayerLoginState)
18:52:55.573 Player Unknown (244517767) kicked from server: 115 (Client is missing a mod which is on the server. (TraderPlus; CodeLock; CannabisPlus; GoreZ; InventoryMoveSounds; CarsForAll; RedFalcon Flight System Heliz; MMG - Mightys Military Gear; S.A.P. Pack; SchanaModGlobalChat; GunnerTruck; VPPAdminTools; BaseBuildingPlus; StaminaSettings; Notifications; PseudoGiant; DrugsPLUS; Community Framework; BuilderItems; MuchStuffPack; Breachingcharge; Advanced Weapon Scopes; VanillaPlusPlusMap; SNAFU_Weapons; Burn Alive; MassA2Assets; InventoryDump; Dabs Framework; SchanaParty; Unknown Ghillie Mod; DayZ Editor Loader)  (Missing PBO. (@TraderPlus\addons\carlock.pbo)))
18:52:55.573 [StateMachine]: Kick player Survivor (dpnid 244517767 uid ) State AuthPlayerLoginState
18:52:55.588 [Disconnect]: Client 244517767 early disconnect
18:52:55.588 [Disconnect]: No identity -> remove player info 244517767 
18:52:55.588 [Disconnect]: DisconnectPlayerFinish 244517767
18:52:55.588 [Disconnect]: Remove player info 244517767
18:52:55.588 [Disconnect]: Player destroy 244517767 
18:54:48.300 [Login]: Adding player Survivor (357392034) to login queue at position 0
18:54:48.300 [LoginMachine]: Add player Survivor (357392034 177.125.223.102:53715)
18:54:48.300 [StateMachine]: Player Survivor (dpnid 357392034 uid ) Entering AuthPlayerLoginState
18:54:48.472 [StateMachine]: Player Survivor (dpnid 357392034 uid ) State Error (AuthPlayerLoginState)
18:54:48.472 Player Unknown (357392034) kicked from server: 115 (Client is missing a mod which is on the server. (TraderPlus; CodeLock; CannabisPlus; GoreZ; InventoryMoveSounds; CarsForAll; RedFalcon Flight System Heliz; MMG - Mightys Military Gear; S.A.P. Pack; SchanaModGlobalChat; GunnerTruck; VPPAdminTools; BaseBuildingPlus; StaminaSettings; Notifications; PseudoGiant; DrugsPLUS; Community Framework; BuilderItems; MuchStuffPack; Breachingcharge; Advanced Weapon Scopes; VanillaPlusPlusMap; SNAFU_Weapons; Burn Alive; MassA2Assets; InventoryDump; Dabs Framework; SchanaParty; Unknown Ghillie Mod; DayZ Editor Loader)  (Missing PBO. (@TraderPlus\addons\carlock.pbo)))
18:54:48.472 [StateMachine]: Kick player Survivor (dpnid 357392034 uid ) State AuthPlayerLoginState
18:54:48.487 [Disconnect]: Client 357392034 early disconnect
18:54:48.503 [Disconnect]: No identity -> remove player info 357392034 
18:54:48.503 [Disconnect]: DisconnectPlayerFinish 357392034
18:54:48.503 [Disconnect]: Remove player info 357392034
18:54:48.503 [Disconnect]: Player destroy 357392034 
20:09:52.595  --- Termination successfully completed --- 
