

=====================================================================
== C:\SERVICES\ni7063137_1_SHARE\ftproot\dayzstandalone\DayZServer_x64.exe
== "C:\SERVICES\ni7063137_1_SHARE\ftproot\dayzstandalone\DayZServer_x64.exe" -ip=31.214.158.194 -port=12800 -cpuCount=4 -limitFPS=100 -adminlog -config=serverDZ.cfg "-mod=@CF;@AutoRUN;@dbo_surfaces;@DabsFramework;@DayZEditorLoader;@BuilderItems;@BaseBuildingPlus;@CodeLock;@Breachingcharge;@VPPAdminTools;@TraderPlus;@InventoryDump;@BurnAlive;@GunnerTruckOshkosh;@MuchStuffPack;@SNAFU;@CannabisPlus;@MMG;@VanillaPlusPlusMap;@UnknownGhillieMod;@MassA2Assets;@SchanaParty;@PseudoGiant;@InventoryMoveSounds;@Notifications;@AdvancedWeaponScopes;@CarsForAll;@SchanaModGlobalChat;@StaminaSettings;@DrugsPLUS;@GoreZ;@PackSouthAmericanPlague;@RedFalcon" -profiles=C:\SERVICES\ni7063137_1_SHARE\ftproot\dayzstandalone/config -BEPath=C:\SERVICES\ni7063137_1_SHARE\ftproot\dayzstandalone\battleye -noFilePatching -nologs -freezecheck
=====================================================================
Exe timestamp: 2022/07/28 08:30:35
Current time:  2022/09/18 08:05:15

Version 1.18.155069
 8:05:15.653 [Inputs] Loading inputs default "bin/constants.xml"
 8:05:15.669 [Inputs] Loading inputs default "bin/specific.xml"
 8:05:15.669 [Inputs] Loading inputs default "BBP_keybind/data/modded_Inputs.xml"
 8:05:15.669 [Inputs] Loading inputs default "InventoryMoveSounds/Scripts/Data/Inputs.xml"
 8:05:15.669 [Inputs] Loading inputs default "SIX_Autorun/Scripts/Inputs.xml"
 8:05:15.669 [Inputs] Loading inputs default "SpardaTextura/inputs/Inputs.xml"
 8:05:15.669 [Inputs] Loading inputs default "VanillaPPMap/data/modded_Inputs.xml"
 8:05:15.669 [Inputs] Loading inputs default "VehiclesVipNemesis/inputs/Inputs.xml"
 8:05:15.685 [Inputs] Loading inputs default "VPPAdminTools/data/modded_Inputs.xml"
 8:05:15.685 [Inputs] Loading inputs default "CarLock/scripts/3_Game/inputs.xml"
 8:05:15.685 [Inputs] Loading inputs default "Ghost/InventoryDump/Client/Data/modded_inputs.xml"
 8:05:15.685 [Inputs] Loading inputs default "Notifications/inputs/inputs.xml"
 8:05:15.685 [Inputs] Loading inputs default "RFFSHeli_Core/modded_Inputs.xml"
 8:05:15.685 [Inputs] Loading inputs default "SchanaModGlobalChat/Data/Inputs.xml"
 8:05:15.700 [Inputs] Loading inputs default "SchanaModParty/Data/Inputs.xml"
 8:05:15.700 !!! [Inputs] Cannot load inputs default "", file does not exist
 8:05:15.700 !!! [Inputs] Failed to load MODDED inputs - file name/ path invalid?
 8:05:15.700 [Inputs] Loading inputs cfg "C:\SERVICES\ni7063137_1_SHARE\ftproot\dayzstandalone/config\Users\Survivor\Server.core.xml"
 8:05:15.716 [Inputs] Exporting inputs cfg "C:\SERVICES\ni7063137_1_SHARE\ftproot\dayzstandalone/config\Users\Survivor\Server.core.xml"
 8:05:52.881 [CE][Hive] :: Initializing OFFLINE
 8:05:52.897 [CE][Hive] :: Loading core data ... 
 8:05:52.897 [CE][CoreData] :: 7 root classes, 18 defaults, 0 updaters...
 8:05:59.676 [CE] :: WARNING :: Preset map "optics" is EMPTY.
 8:05:59.676 [CE][TypeSetup] :: 470 classes setuped...
 8:05:59.692 [CE] :: WARNING :: Preset map "optics" is EMPTY.
 8:05:59.692 [CE][TypeSetup] :: 377 classes setuped...
 8:06:02.160 [CE][RegisterBind] :: 0 classes binded...
 8:06:02.160 [CE][RegisterConfig] :: 17183 config classes registered, 0 sub-counters...
 8:06:02.160 [CE][Hive] :: Loading map data ... 
 8:06:02.160 [CE][IgnoreList] "cfgignorelist.xml" :: loaded 19 types
 8:06:02.207 [CE][LoadPrototype] :: loaded 368 prototypes
 8:06:02.207   754 containers, 9611 points
 8:06:02.207   32 dispatches, 115 proxies
 8:06:02.207 !!! [CE][LoadPrototype] 14 groups have no points...
 8:06:02.207 !!![CE][LoadPrototype]  2 groups have wrong points...
 8:06:02.207 [CE][LoadPrototype] :: last group name: StaticObj_Wreck_Ural_DE...
 8:06:02.222 [CE][LoadPrototype] :: loaded 0 prototypes
 8:06:02.222   0 containers, 0 points
 8:06:02.222   0 dispatches, 0 proxies
 8:06:02.222 [CE][LoadPrototype] :: last group name: Rail9...
 8:06:03.378 [CE][LoadMap] "Group" :: loaded 11620 groups, groups failed: 0, largest group range: 34.2
 8:06:03.394 [CE][LoadMap] "Dirt" :: loaded 0 groups, groups failed: 0, largest group range: 34.2
 8:06:03.816 [CE][Links] found 1888 total links between groups, of 11620
 8:06:03.816 [CE][LoadClusters] "Cluster" :: Loading files...
 8:06:04.03 [CE][LoadClusters] :: file: "mapgroupcluster.xml", 9 types, 50000 instances
 8:06:04.206 [CE][LoadClusters] :: file: "mapgroupcluster01", 9 types, 50000 instances
 8:06:04.409 [CE][LoadClusters] :: file: "mapgroupcluster02", 9 types, 50000 instances
 8:06:04.612 [CE][LoadClusters] :: file: "mapgroupcluster03", 9 types, 50000 instances
 8:06:04.691 [CE][LoadClusters] :: file: "mapgroupcluster04", 9 types, 17347 instances
 8:06:04.691 [CE][Storage] ver:21 stamp:134836, valid:yes, name:"mpmissions\dayzOffline.chernarusplus\storage_1\data\types.bin"
 8:06:04.691 [CE][Storage] ver:21 stamp:134633, valid:yes, name:"mpmissions\dayzOffline.chernarusplus\storage_1\data\types.001"
 8:06:04.706 [CE][Storage] ver:21 stamp:134631, valid:yes, name:"mpmissions\dayzOffline.chernarusplus\storage_1\data\types.002"
 8:06:04.706 [CE][Storage] Restoring file "mpmissions\dayzOffline.chernarusplus\storage_1\data\types.bin".
 8:06:04.941 !!! [CE][offlineDB] :: No Shutdown message present.
 8:06:04.956 [CE][offlineDB] :: Loaded 46 dynamic events 302 total types.
 8:06:04.972 !!! [CE][offlineDB] :: Type 'ChristmasTree' will be ignored. (Not spawnable. (Scope is not public?))
 8:06:05.03 [CE][Storage] ver:21 stamp:134836, valid:yes, name:"mpmissions\dayzOffline.chernarusplus\storage_1\data\events.bin"
 8:06:05.03 [CE][Storage] ver:21 stamp:134633, valid:yes, name:"mpmissions\dayzOffline.chernarusplus\storage_1\data\events.001"
 8:06:05.19 [CE][Storage] ver:21 stamp:134631, valid:yes, name:"mpmissions\dayzOffline.chernarusplus\storage_1\data\events.002"
 8:06:05.19 [CE][Storage] Restoring file "mpmissions\dayzOffline.chernarusplus\storage_1\data\events.bin".
 8:06:05.19 [CE][DynamicEvent] Load  Events:[46] Primary spawners: 46 Secondary spawners: 3
 8:06:05.19 [CE][Storage] ver:25 stamp:134836, valid:yes, name:"mpmissions\dayzOffline.chernarusplus\storage_1\data\dynamic_000.bin"
 8:06:05.19 [CE][Storage] ver:25 stamp:134633, valid:yes, name:"mpmissions\dayzOffline.chernarusplus\storage_1\data\dynamic_000.001"
 8:06:05.19 [CE][Storage] ver:25 stamp:134631, valid:yes, name:"mpmissions\dayzOffline.chernarusplus\storage_1\data\dynamic_000.002"
 8:06:05.19 [CE][Storage] Restoring file "mpmissions\dayzOffline.chernarusplus\storage_1\data\dynamic_000.bin" 822 items.
 8:06:05.597   822 items loaded. (0 failed)
 8:06:05.597 [CE][Storage] ver:25 stamp:134836, valid:yes, name:"mpmissions\dayzOffline.chernarusplus\storage_1\data\dynamic_001.bin"
 8:06:05.597 [CE][Storage] ver:25 stamp:134633, valid:yes, name:"mpmissions\dayzOffline.chernarusplus\storage_1\data\dynamic_001.001"
 8:06:05.597 [CE][Storage] ver:25 stamp:134631, valid:yes, name:"mpmissions\dayzOffline.chernarusplus\storage_1\data\dynamic_001.002"
 8:06:05.597 [CE][Storage] Restoring file "mpmissions\dayzOffline.chernarusplus\storage_1\data\dynamic_001.bin" 1764 items.
 8:06:06.612   1764 items loaded. (0 failed)
 8:06:06.612 [CE][Storage] ver:25 stamp:134836, valid:yes, name:"mpmissions\dayzOffline.chernarusplus\storage_1\data\dynamic_002.bin"
 8:06:06.612 [CE][Storage] ver:25 stamp:134633, valid:yes, name:"mpmissions\dayzOffline.chernarusplus\storage_1\data\dynamic_002.001"
 8:06:06.612 [CE][Storage] ver:25 stamp:134631, valid:yes, name:"mpmissions\dayzOffline.chernarusplus\storage_1\data\dynamic_002.002"
 8:06:06.612 [CE][Storage] Restoring file "mpmissions\dayzOffline.chernarusplus\storage_1\data\dynamic_002.bin" 2381 items.
 8:06:07.565   2381 items loaded. (0 failed)
 8:06:07.565 [CE][Storage] ver:25 stamp:134836, valid:yes, name:"mpmissions\dayzOffline.chernarusplus\storage_1\data\dynamic_003.bin"
 8:06:07.580 [CE][Storage] ver:25 stamp:134633, valid:yes, name:"mpmissions\dayzOffline.chernarusplus\storage_1\data\dynamic_003.001"
 8:06:07.580 [CE][Storage] ver:25 stamp:134631, valid:yes, name:"mpmissions\dayzOffline.chernarusplus\storage_1\data\dynamic_003.002"
 8:06:07.580 [CE][Storage] Restoring file "mpmissions\dayzOffline.chernarusplus\storage_1\data\dynamic_003.bin" 2382 items.
 8:06:08.705   2382 items loaded. (0 failed)
 8:06:08.721 [CE][Storage] ver:25 stamp:134836, valid:yes, name:"mpmissions\dayzOffline.chernarusplus\storage_1\data\dynamic_004.bin"
 8:06:08.721 [CE][Storage] ver:25 stamp:134633, valid:yes, name:"mpmissions\dayzOffline.chernarusplus\storage_1\data\dynamic_004.001"
 8:06:08.721 [CE][Storage] ver:25 stamp:134631, valid:yes, name:"mpmissions\dayzOffline.chernarusplus\storage_1\data\dynamic_004.002"
 8:06:08.721 [CE][Storage] Restoring file "mpmissions\dayzOffline.chernarusplus\storage_1\data\dynamic_004.bin" 1868 items.
 8:06:09.549   1868 items loaded. (0 failed)
 8:06:09.549 [CE][Storage] ver:25 stamp:134836, valid:yes, name:"mpmissions\dayzOffline.chernarusplus\storage_1\data\dynamic_005.bin"
 8:06:09.549 [CE][Storage] ver:25 stamp:134633, valid:yes, name:"mpmissions\dayzOffline.chernarusplus\storage_1\data\dynamic_005.001"
 8:06:09.549 [CE][Storage] ver:25 stamp:134631, valid:yes, name:"mpmissions\dayzOffline.chernarusplus\storage_1\data\dynamic_005.002"
 8:06:09.549 [CE][Storage] Restoring file "mpmissions\dayzOffline.chernarusplus\storage_1\data\dynamic_005.bin" 2049 items.
 8:06:10.377   2049 items loaded. (0 failed)
 8:06:10.377 [CE][Storage] ver:25 stamp:134836, valid:yes, name:"mpmissions\dayzOffline.chernarusplus\storage_1\data\dynamic_006.bin"
 8:06:10.392 [CE][Storage] ver:25 stamp:134633, valid:yes, name:"mpmissions\dayzOffline.chernarusplus\storage_1\data\dynamic_006.001"
 8:06:10.392 [CE][Storage] ver:25 stamp:134631, valid:yes, name:"mpmissions\dayzOffline.chernarusplus\storage_1\data\dynamic_006.002"
 8:06:10.392 [CE][Storage] Restoring file "mpmissions\dayzOffline.chernarusplus\storage_1\data\dynamic_006.bin" 1483 items.
 8:06:10.970   1483 items loaded. (0 failed)
 8:06:10.970 [CE][Storage] ver:25 stamp:134836, valid:yes, name:"mpmissions\dayzOffline.chernarusplus\storage_1\data\dynamic_007.bin"
 8:06:10.970 [CE][Storage] ver:25 stamp:134633, valid:yes, name:"mpmissions\dayzOffline.chernarusplus\storage_1\data\dynamic_007.001"
 8:06:10.970 [CE][Storage] ver:25 stamp:134631, valid:yes, name:"mpmissions\dayzOffline.chernarusplus\storage_1\data\dynamic_007.002"
 8:06:10.970 [CE][Storage] Restoring file "mpmissions\dayzOffline.chernarusplus\storage_1\data\dynamic_007.bin" 1466 items.
 8:06:11.673   1466 items loaded. (0 failed)
 8:06:11.689 [CE][Storage] ver:25 stamp:134836, valid:yes, name:"mpmissions\dayzOffline.chernarusplus\storage_1\data\dynamic_008.bin"
 8:06:11.689 [CE][Storage] ver:25 stamp:134633, valid:yes, name:"mpmissions\dayzOffline.chernarusplus\storage_1\data\dynamic_008.001"
 8:06:11.689 [CE][Storage] ver:25 stamp:134631, valid:yes, name:"mpmissions\dayzOffline.chernarusplus\storage_1\data\dynamic_008.002"
 8:06:11.689 [CE][Storage] Restoring file "mpmissions\dayzOffline.chernarusplus\storage_1\data\dynamic_008.bin" 2062 items.
 8:06:12.611   2062 items loaded. (0 failed)
 8:06:12.611 [CE][Storage] ver:25 stamp:134836, valid:yes, name:"mpmissions\dayzOffline.chernarusplus\storage_1\data\dynamic_009.bin"
 8:06:12.611 [CE][Storage] ver:25 stamp:134633, valid:yes, name:"mpmissions\dayzOffline.chernarusplus\storage_1\data\dynamic_009.001"
 8:06:12.611 [CE][Storage] ver:25 stamp:134631, valid:yes, name:"mpmissions\dayzOffline.chernarusplus\storage_1\data\dynamic_009.002"
 8:06:12.611 [CE][Storage] Restoring file "mpmissions\dayzOffline.chernarusplus\storage_1\data\dynamic_009.bin" 2606 items.
 8:06:13.892   2606 items loaded. (0 failed)
 8:06:13.892 [CE][Storage] ver:25 stamp:134836, valid:yes, name:"mpmissions\dayzOffline.chernarusplus\storage_1\data\dynamic_010.bin"
 8:06:13.892 [CE][Storage] ver:25 stamp:134633, valid:yes, name:"mpmissions\dayzOffline.chernarusplus\storage_1\data\dynamic_010.001"
 8:06:13.892 [CE][Storage] ver:25 stamp:134631, valid:yes, name:"mpmissions\dayzOffline.chernarusplus\storage_1\data\dynamic_010.002"
 8:06:13.892 [CE][Storage] Restoring file "mpmissions\dayzOffline.chernarusplus\storage_1\data\dynamic_010.bin" 1766 items.
 8:06:14.735   1766 items loaded. (0 failed)
 8:06:14.735 [CE][Storage] ver:25 stamp:134836, valid:yes, name:"mpmissions\dayzOffline.chernarusplus\storage_1\data\dynamic_011.bin"
 8:06:14.735 [CE][Storage] ver:25 stamp:134633, valid:yes, name:"mpmissions\dayzOffline.chernarusplus\storage_1\data\dynamic_011.001"
 8:06:14.751 [CE][Storage] ver:25 stamp:134631, valid:yes, name:"mpmissions\dayzOffline.chernarusplus\storage_1\data\dynamic_011.002"
 8:06:14.751 [CE][Storage] Restoring file "mpmissions\dayzOffline.chernarusplus\storage_1\data\dynamic_011.bin" 239 items.
 8:06:15.16   239 items loaded. (0 failed)
 8:06:15.16 [CE][Storage] ver:26 stamp:134836, valid:yes, name:"mpmissions\dayzOffline.chernarusplus\storage_1\data\building.bin"
 8:06:15.16 [CE][Storage] ver:26 stamp:134633, valid:yes, name:"mpmissions\dayzOffline.chernarusplus\storage_1\data\building.001"
 8:06:15.16 [CE][Storage] ver:26 stamp:134631, valid:yes, name:"mpmissions\dayzOffline.chernarusplus\storage_1\data\building.002"
 8:06:15.16 [CE][Storage] Restoring file "mpmissions\dayzOffline.chernarusplus\storage_1\data\building.bin" 1 items.
 8:06:15.16   1 items loaded. (0 failed)
 8:06:15.32 [CE][Storage] ver:25 stamp:134836, valid:yes, name:"mpmissions\dayzOffline.chernarusplus\storage_1\data\vehicles.bin"
 8:06:15.32 [CE][Storage] ver:25 stamp:134633, valid:yes, name:"mpmissions\dayzOffline.chernarusplus\storage_1\data\vehicles.001"
 8:06:15.32 [CE][Storage] ver:25 stamp:134631, valid:yes, name:"mpmissions\dayzOffline.chernarusplus\storage_1\data\vehicles.002"
 8:06:15.32 [CE][Storage] Restoring file "mpmissions\dayzOffline.chernarusplus\storage_1\data\vehicles.bin" 160 items.
 8:06:15.735   160 items loaded. (0 failed)
 8:06:15.751 [CE][Hive] :: Storage load took:10.73 seconds, recovery stamp:134836
 8:06:15.751   entity: 25524, building: 1
 8:06:15.751   no lifetime: 67
 8:06:15.751   pathgraph's: 664
 8:06:15.751 [CE][Hive] :: Initializing ... 
 8:06:15.797 [CE][InitializeMap] :: initialized: 1
 8:06:15.797 [CE][Hive] :: Initializing spawners ... 
 8:06:16.32 !!! [CE][DE][SPAWNS] :: [WARNING] :: Skipping entry for non-existing event 'VehicleTransitBus'.
 8:06:16.32 [CE][DE][SPAWNS] :: Total positions: 1165
 8:06:16.32 [CE][DE][GROUPS] :: Total eventgroups defined: 21, Eventgroups in use: 21
 8:06:18.213 [CE][LootRespawner] (PRIDummy) :: Initially (re)spawned:0, Nominal:27680, Total in Map: 20061 at 0 (sec)
 8:06:18.213   tests:0, repeats:0 fails:0, overtime:0
 8:06:18.223 [CE][DynEvent] :: 46 types
 8:06:18.223 [00] AmbientHen
 8:06:18.223   Primary Spawner: "Ambient", active: yes, repeat: 1
 8:06:18.223 [01] AnimalBear
 8:06:18.223   Primary Spawner: "Animal", active: yes, repeat: 1
 8:06:18.223 [02] AnimalCow
 8:06:18.223   Primary Spawner: "Animal", active: yes, repeat: 1
 8:06:18.223 [03] AnimalDeer
 8:06:18.223   Primary Spawner: "Animal", active: yes, repeat: 1
 8:06:18.223 [04] AnimalGoat
 8:06:18.223   Primary Spawner: "Animal", active: yes, repeat: 1
 8:06:18.223 [05] AnimalPig
 8:06:18.223   Primary Spawner: "Animal", active: yes, repeat: 1
 8:06:18.223 [06] AnimalRoeDeer
 8:06:18.223   Primary Spawner: "Animal", active: yes, repeat: 1
 8:06:18.223 [07] AnimalSheep
 8:06:18.223   Primary Spawner: "Animal", active: yes, repeat: 1
 8:06:18.223 [08] AnimalWildBoar
 8:06:18.223   Primary Spawner: "Animal", active: yes, repeat: 1
 8:06:18.223 [09] AnimalWolf
 8:06:18.223   Primary Spawner: "Animal", active: yes, repeat: 1
 8:06:18.223 [10] InfectedBoss
 8:06:18.223   Primary Spawner: "Infected", active: yes, repeat: 1
 8:06:18.223 [11] InfectedArmy
 8:06:18.223   Primary Spawner: "Infected", active: yes, repeat: 1
 8:06:18.223 [12] InfectedArmyHard
 8:06:18.223   Primary Spawner: "Infected", active: yes, repeat: 1
 8:06:18.223 [13] InfectedCity
 8:06:18.223   Primary Spawner: "Infected", active: yes, repeat: 1
 8:06:18.223 [14] InfectedCityTier1
 8:06:18.223   Primary Spawner: "Infected", active: yes, repeat: 1
 8:06:18.223 [15] InfectedFirefighter
 8:06:18.223   Primary Spawner: "Infected", active: yes, repeat: 1
 8:06:18.223 [16] InfectedIndustrial
 8:06:18.223   Primary Spawner: "Infected", active: yes, repeat: 1
 8:06:18.223 [17] InfectedMedic
 8:06:18.223   Primary Spawner: "Infected", active: yes, repeat: 1
 8:06:18.223 [18] InfectedNBC
 8:06:18.223   Primary Spawner: "Infected", active: yes, repeat: 1
 8:06:18.223 [19] InfectedNBCYellow
 8:06:18.223   Primary Spawner: "Infected", active: yes, repeat: 1
 8:06:18.223 [20] InfectedPolice
 8:06:18.223   Primary Spawner: "Infected", active: yes, repeat: 1
 8:06:18.223 [21] InfectedPoliceHard
 8:06:18.223   Primary Spawner: "Infected", active: yes, repeat: 1
 8:06:18.223 [22] InfectedPrisoner
 8:06:18.223   Primary Spawner: "Infected", active: yes, repeat: 1
 8:06:18.223 [23] InfectedReligious
 8:06:18.223   Primary Spawner: "Infected", active: yes, repeat: 1
 8:06:18.223 [24] InfectedSolitude
 8:06:18.223   Primary Spawner: "Infected", active: yes, repeat: 1
 8:06:18.223 [25] InfectedVillage
 8:06:18.223   Primary Spawner: "Infected", active: yes, repeat: 1
 8:06:18.223 [26] InfectedVillageTier1
 8:06:18.223   Primary Spawner: "Infected", active: yes, repeat: 1
 8:06:18.223 [27] ItemPlanks
 8:06:18.223   Primary Spawner: "Item", active: yes, repeat: 1
 8:06:18.223 [28] Loot
 8:06:18.223   Primary Spawner: "Loot", active: yes, repeat: 2
