

=====================================================================
== C:\SERVICES\ni7063137_1_SHARE\ftproot\dayzstandalone\DayZServer_x64.exe
== "C:\SERVICES\ni7063137_1_SHARE\ftproot\dayzstandalone\DayZServer_x64.exe" -ip=31.214.158.194 -port=12800 -cpuCount=4 -limitFPS=100 -adminlog -config=serverDZ.cfg "-mod=@CF;@AutoRUN;@dbo_surfaces;@DabsFramework;@DayZEditorLoader;@BuilderItems;@BaseBuildingPlus;@CodeLock;@Breachingcharge;@VPPAdminTools;@TraderPlus;@InventoryDump;@BurnAlive;@GunnerTruckOshkosh;@MuchStuffPack;@SNAFU;@CannabisPlus;@MMG;@VanillaPlusPlusMap;@UnknownGhillieMod;@MassA2Assets;@SchanaParty;@PseudoGiant;@InventoryMoveSounds;@Notifications;@AdvancedWeaponScopes;@CarsForAll;@SchanaModGlobalChat;@StaminaSettings;@DrugsPLUS;@GoreZ;@PackSouthAmericanPlague;@RedFalcon" -profiles=C:\SERVICES\ni7063137_1_SHARE\ftproot\dayzstandalone/config -BEPath=C:\SERVICES\ni7063137_1_SHARE\ftproot\dayzstandalone\battleye -noFilePatching -nologs -freezecheck
=====================================================================
Exe timestamp: 2022/07/28 08:30:35
Current time:  2022/10/11 05:09:05

Version 1.18.155069
 5:09:05.70 [Inputs] Loading inputs default "bin/constants.xml"
 5:09:05.86 [Inputs] Loading inputs default "bin/specific.xml"
 5:09:05.86 [Inputs] Loading inputs default "BBP_keybind/data/modded_Inputs.xml"
 5:09:05.86 [Inputs] Loading inputs default "InventoryMoveSounds/Scripts/Data/Inputs.xml"
 5:09:05.86 [Inputs] Loading inputs default "SIX_Autorun/Scripts/Inputs.xml"
 5:09:05.86 [Inputs] Loading inputs default "SpardaTextura/inputs/Inputs.xml"
 5:09:05.86 [Inputs] Loading inputs default "VanillaPPMap/data/modded_Inputs.xml"
 5:09:05.86 [Inputs] Loading inputs default "VehiclesVipNemesis/inputs/Inputs.xml"
 5:09:05.86 [Inputs] Loading inputs default "VPPAdminTools/data/modded_Inputs.xml"
 5:09:05.86 [Inputs] Loading inputs default "CarLock/scripts/3_Game/inputs.xml"
 5:09:05.86 [Inputs] Loading inputs default "Ghost/InventoryDump/Client/Data/modded_inputs.xml"
 5:09:05.101 [Inputs] Loading inputs default "Notifications/inputs/inputs.xml"
 5:09:05.101 [Inputs] Loading inputs default "RFFSHeli_Core/modded_Inputs.xml"
 5:09:05.101 [Inputs] Loading inputs default "SchanaModGlobalChat/Data/Inputs.xml"
 5:09:05.101 [Inputs] Loading inputs default "SchanaModParty/Data/Inputs.xml"
 5:09:05.101 !!! [Inputs] Cannot load inputs default "", file does not exist
 5:09:05.101 !!! [Inputs] Failed to load MODDED inputs - file name/ path invalid?
 5:09:05.101 [Inputs] Loading inputs cfg "C:\SERVICES\ni7063137_1_SHARE\ftproot\dayzstandalone/config\Users\Survivor\Server.core.xml"
 5:09:05.117 [Inputs] Exporting inputs cfg "C:\SERVICES\ni7063137_1_SHARE\ftproot\dayzstandalone/config\Users\Survivor\Server.core.xml"
 5:09:45.550 [CE][Hive] :: Initializing OFFLINE
 5:09:45.550 [CE][Hive] :: Loading core data ... 
 5:09:45.550 [CE][CoreData] :: 7 root classes, 18 defaults, 0 updaters...
 5:09:53.252 [CE] :: WARNING :: Preset map "optics" is EMPTY.
 5:09:53.252 [CE][TypeSetup] :: 470 classes setuped...
 5:09:53.283 [CE] :: WARNING :: Preset map "optics" is EMPTY.
 5:09:53.283 [CE][TypeSetup] :: 377 classes setuped...
 5:09:55.251 [CE][RegisterBind] :: 0 classes binded...
 5:09:55.251 [CE][RegisterConfig] :: 17183 config classes registered, 0 sub-counters...
 5:09:55.251 [CE][Hive] :: Loading map data ... 
 5:09:55.251 [CE][IgnoreList] "cfgignorelist.xml" :: loaded 19 types
 5:09:55.314 [CE][LoadPrototype] :: loaded 368 prototypes
 5:09:55.314   754 containers, 9611 points
 5:09:55.314   32 dispatches, 115 proxies
 5:09:55.314 !!! [CE][LoadPrototype] 14 groups have no points...
 5:09:55.314 !!![CE][LoadPrototype]  2 groups have wrong points...
 5:09:55.314 [CE][LoadPrototype] :: last group name: StaticObj_Wreck_Ural_DE...
 5:09:55.329 [CE][LoadPrototype] :: loaded 0 prototypes
 5:09:55.329   0 containers, 0 points
 5:09:55.329   0 dispatches, 0 proxies
 5:09:55.329 [CE][LoadPrototype] :: last group name: Rail9...
 5:09:56.400 [CE][LoadMap] "Group" :: loaded 11620 groups, groups failed: 0, largest group range: 34.2
 5:09:56.415 [CE][LoadMap] "Dirt" :: loaded 0 groups, groups failed: 0, largest group range: 34.2
 5:09:56.806 [CE][Links] found 1888 total links between groups, of 11620
 5:09:56.806 [CE][LoadClusters] "Cluster" :: Loading files...
 5:09:56.978 [CE][LoadClusters] :: file: "mapgroupcluster.xml", 9 types, 50000 instances
 5:09:57.181 [CE][LoadClusters] :: file: "mapgroupcluster01", 9 types, 50000 instances
 5:09:57.368 [CE][LoadClusters] :: file: "mapgroupcluster02", 9 types, 50000 instances
 5:09:57.571 [CE][LoadClusters] :: file: "mapgroupcluster03", 9 types, 50000 instances
 5:09:57.665 [CE][LoadClusters] :: file: "mapgroupcluster04", 9 types, 17347 instances
 5:09:57.665 [CE][Storage] ver:21 stamp:177243, valid:yes, name:"mpmissions\dayzOffline.chernarusplus\storage_1\data\types.bin"
 5:09:57.665 [CE][Storage] ver:21 stamp:176635, valid:yes, name:"mpmissions\dayzOffline.chernarusplus\storage_1\data\types.001"
 5:09:57.665 [CE][Storage] ver:21 stamp:176636, valid:yes, name:"mpmissions\dayzOffline.chernarusplus\storage_1\data\types.002"
 5:09:57.665 [CE][Storage] Restoring file "mpmissions\dayzOffline.chernarusplus\storage_1\data\types.bin".
 5:09:57.915 !!! [CE][offlineDB] :: No Shutdown message present.
 5:09:57.930 [CE][offlineDB] :: Loaded 46 dynamic events 302 total types.
 5:09:57.962 !!! [CE][offlineDB] :: Type 'ChristmasTree' will be ignored. (Not spawnable. (Scope is not public?))
 5:09:58.09 [CE][Storage] ver:21 stamp:177243, valid:yes, name:"mpmissions\dayzOffline.chernarusplus\storage_1\data\events.bin"
 5:09:58.09 [CE][Storage] ver:21 stamp:176635, valid:yes, name:"mpmissions\dayzOffline.chernarusplus\storage_1\data\events.001"
 5:09:58.09 [CE][Storage] ver:21 stamp:176636, valid:yes, name:"mpmissions\dayzOffline.chernarusplus\storage_1\data\events.002"
 5:09:58.09 [CE][Storage] Restoring file "mpmissions\dayzOffline.chernarusplus\storage_1\data\events.bin".
 5:09:58.09 [CE][DynamicEvent] Load  Events:[46] Primary spawners: 46 Secondary spawners: 3
 5:09:58.09 [CE][Storage] ver:25 stamp:177243, valid:yes, name:"mpmissions\dayzOffline.chernarusplus\storage_1\data\dynamic_000.bin"
 5:09:58.24 [CE][Storage] ver:25 stamp:176635, valid:yes, name:"mpmissions\dayzOffline.chernarusplus\storage_1\data\dynamic_000.001"
 5:09:58.24 [CE][Storage] ver:25 stamp:176636, valid:yes, name:"mpmissions\dayzOffline.chernarusplus\storage_1\data\dynamic_000.002"
 5:09:58.24 [CE][Storage] Restoring file "mpmissions\dayzOffline.chernarusplus\storage_1\data\dynamic_000.bin" 865 items.
 5:09:58.649   865 items loaded. (0 failed)
 5:09:58.649 [CE][Storage] ver:25 stamp:177243, valid:yes, name:"mpmissions\dayzOffline.chernarusplus\storage_1\data\dynamic_001.bin"
 5:09:58.649 [CE][Storage] ver:25 stamp:176635, valid:yes, name:"mpmissions\dayzOffline.chernarusplus\storage_1\data\dynamic_001.001"
 5:09:58.649 [CE][Storage] ver:25 stamp:176636, valid:yes, name:"mpmissions\dayzOffline.chernarusplus\storage_1\data\dynamic_001.002"
 5:09:58.649 [CE][Storage] Restoring file "mpmissions\dayzOffline.chernarusplus\storage_1\data\dynamic_001.bin" 1825 items.
 5:09:59.696   1825 items loaded. (0 failed)
 5:09:59.711 [CE][Storage] ver:25 stamp:177243, valid:yes, name:"mpmissions\dayzOffline.chernarusplus\storage_1\data\dynamic_002.bin"
 5:09:59.711 [CE][Storage] ver:25 stamp:176635, valid:yes, name:"mpmissions\dayzOffline.chernarusplus\storage_1\data\dynamic_002.001"
 5:09:59.711 [CE][Storage] ver:25 stamp:176636, valid:yes, name:"mpmissions\dayzOffline.chernarusplus\storage_1\data\dynamic_002.002"
 5:09:59.711 [CE][Storage] Restoring file "mpmissions\dayzOffline.chernarusplus\storage_1\data\dynamic_002.bin" 2441 items.
 5:10:00.571   2441 items loaded. (0 failed)
 5:10:00.571 [CE][Storage] ver:25 stamp:177243, valid:yes, name:"mpmissions\dayzOffline.chernarusplus\storage_1\data\dynamic_003.bin"
 5:10:00.571 [CE][Storage] ver:25 stamp:176635, valid:yes, name:"mpmissions\dayzOffline.chernarusplus\storage_1\data\dynamic_003.001"
 5:10:00.571 [CE][Storage] ver:25 stamp:176636, valid:yes, name:"mpmissions\dayzOffline.chernarusplus\storage_1\data\dynamic_003.002"
 5:10:00.571 [CE][Storage] Restoring file "mpmissions\dayzOffline.chernarusplus\storage_1\data\dynamic_003.bin" 2351 items.
 5:10:01.477   2351 items loaded. (0 failed)
 5:10:01.477 [CE][Storage] ver:25 stamp:177243, valid:yes, name:"mpmissions\dayzOffline.chernarusplus\storage_1\data\dynamic_004.bin"
 5:10:01.477 [CE][Storage] ver:25 stamp:176635, valid:yes, name:"mpmissions\dayzOffline.chernarusplus\storage_1\data\dynamic_004.001"
 5:10:01.477 [CE][Storage] ver:25 stamp:176636, valid:yes, name:"mpmissions\dayzOffline.chernarusplus\storage_1\data\dynamic_004.002"
 5:10:01.477 [CE][Storage] Restoring file "mpmissions\dayzOffline.chernarusplus\storage_1\data\dynamic_004.bin" 1888 items.
 5:10:02.195   1888 items loaded. (0 failed)
 5:10:02.195 [CE][Storage] ver:25 stamp:177243, valid:yes, name:"mpmissions\dayzOffline.chernarusplus\storage_1\data\dynamic_005.bin"
 5:10:02.195 [CE][Storage] ver:25 stamp:176635, valid:yes, name:"mpmissions\dayzOffline.chernarusplus\storage_1\data\dynamic_005.001"
 5:10:02.195 [CE][Storage] ver:25 stamp:176636, valid:yes, name:"mpmissions\dayzOffline.chernarusplus\storage_1\data\dynamic_005.002"
 5:10:02.195 [CE][Storage] Restoring file "mpmissions\dayzOffline.chernarusplus\storage_1\data\dynamic_005.bin" 2019 items.
 5:10:02.882   2019 items loaded. (0 failed)
 5:10:02.882 [CE][Storage] ver:25 stamp:177243, valid:yes, name:"mpmissions\dayzOffline.chernarusplus\storage_1\data\dynamic_006.bin"
 5:10:02.898 [CE][Storage] ver:25 stamp:176635, valid:yes, name:"mpmissions\dayzOffline.chernarusplus\storage_1\data\dynamic_006.001"
 5:10:02.898 [CE][Storage] ver:25 stamp:176636, valid:yes, name:"mpmissions\dayzOffline.chernarusplus\storage_1\data\dynamic_006.002"
 5:10:02.898 [CE][Storage] Restoring file "mpmissions\dayzOffline.chernarusplus\storage_1\data\dynamic_006.bin" 1495 items.
 5:10:03.460   1495 items loaded. (0 failed)
 5:10:03.460 [CE][Storage] ver:25 stamp:177243, valid:yes, name:"mpmissions\dayzOffline.chernarusplus\storage_1\data\dynamic_007.bin"
 5:10:03.476 [CE][Storage] ver:25 stamp:176635, valid:yes, name:"mpmissions\dayzOffline.chernarusplus\storage_1\data\dynamic_007.001"
 5:10:03.476 [CE][Storage] ver:25 stamp:176636, valid:yes, name:"mpmissions\dayzOffline.chernarusplus\storage_1\data\dynamic_007.002"
 5:10:03.476 [CE][Storage] Restoring file "mpmissions\dayzOffline.chernarusplus\storage_1\data\dynamic_007.bin" 1509 items.
 5:10:04.163   1509 items loaded. (0 failed)
 5:10:04.163 [CE][Storage] ver:25 stamp:177243, valid:yes, name:"mpmissions\dayzOffline.chernarusplus\storage_1\data\dynamic_008.bin"
 5:10:04.163 [CE][Storage] ver:25 stamp:176635, valid:yes, name:"mpmissions\dayzOffline.chernarusplus\storage_1\data\dynamic_008.001"
 5:10:04.163 [CE][Storage] ver:25 stamp:176636, valid:yes, name:"mpmissions\dayzOffline.chernarusplus\storage_1\data\dynamic_008.002"
 5:10:04.163 [CE][Storage] Restoring file "mpmissions\dayzOffline.chernarusplus\storage_1\data\dynamic_008.bin" 2082 items.
 5:10:04.960   2082 items loaded. (0 failed)
 5:10:04.960 [CE][Storage] ver:25 stamp:177243, valid:yes, name:"mpmissions\dayzOffline.chernarusplus\storage_1\data\dynamic_009.bin"
 5:10:04.960 [CE][Storage] ver:25 stamp:176635, valid:yes, name:"mpmissions\dayzOffline.chernarusplus\storage_1\data\dynamic_009.001"
 5:10:04.976 [CE][Storage] ver:25 stamp:176636, valid:yes, name:"mpmissions\dayzOffline.chernarusplus\storage_1\data\dynamic_009.002"
 5:10:04.976 [CE][Storage] Restoring file "mpmissions\dayzOffline.chernarusplus\storage_1\data\dynamic_009.bin" 2643 items.
 5:10:06.100   2643 items loaded. (0 failed)
 5:10:06.100 [CE][Storage] ver:25 stamp:177243, valid:yes, name:"mpmissions\dayzOffline.chernarusplus\storage_1\data\dynamic_010.bin"
 5:10:06.116 [CE][Storage] ver:25 stamp:176635, valid:yes, name:"mpmissions\dayzOffline.chernarusplus\storage_1\data\dynamic_010.001"
 5:10:06.116 [CE][Storage] ver:25 stamp:176636, valid:yes, name:"mpmissions\dayzOffline.chernarusplus\storage_1\data\dynamic_010.002"
 5:10:06.116 [CE][Storage] Restoring file "mpmissions\dayzOffline.chernarusplus\storage_1\data\dynamic_010.bin" 1819 items.
 5:10:06.835   1819 items loaded. (0 failed)
 5:10:06.835 [CE][Storage] ver:25 stamp:177243, valid:yes, name:"mpmissions\dayzOffline.chernarusplus\storage_1\data\dynamic_011.bin"
 5:10:06.835 [CE][Storage] ver:25 stamp:176635, valid:yes, name:"mpmissions\dayzOffline.chernarusplus\storage_1\data\dynamic_011.001"
 5:10:06.835 [CE][Storage] ver:25 stamp:176636, valid:yes, name:"mpmissions\dayzOffline.chernarusplus\storage_1\data\dynamic_011.002"
 5:10:06.835 [CE][Storage] Restoring file "mpmissions\dayzOffline.chernarusplus\storage_1\data\dynamic_011.bin" 286 items.
 5:10:07.460   286 items loaded. (0 failed)
 5:10:07.475 [CE][Storage] ver:26 stamp:177243, valid:yes, name:"mpmissions\dayzOffline.chernarusplus\storage_1\data\building.bin"
 5:10:07.475 [CE][Storage] ver:26 stamp:176635, valid:yes, name:"mpmissions\dayzOffline.chernarusplus\storage_1\data\building.001"
 5:10:07.475 [CE][Storage] ver:26 stamp:176636, valid:yes, name:"mpmissions\dayzOffline.chernarusplus\storage_1\data\building.002"
 5:10:07.475 [CE][Storage] Restoring file "mpmissions\dayzOffline.chernarusplus\storage_1\data\building.bin" 5 items.
 5:10:07.475   5 items loaded. (0 failed)
 5:10:07.475 [CE][Storage] ver:25 stamp:177243, valid:yes, name:"mpmissions\dayzOffline.chernarusplus\storage_1\data\vehicles.bin"
 5:10:07.475 [CE][Storage] ver:25 stamp:176635, valid:yes, name:"mpmissions\dayzOffline.chernarusplus\storage_1\data\vehicles.001"
 5:10:07.491 [CE][Storage] ver:25 stamp:176636, valid:yes, name:"mpmissions\dayzOffline.chernarusplus\storage_1\data\vehicles.002"
 5:10:07.491 [CE][Storage] Restoring file "mpmissions\dayzOffline.chernarusplus\storage_1\data\vehicles.bin" 184 items.
 5:10:08.303   184 items loaded. (0 failed)
 5:10:08.319 [CE][Hive] :: Storage load took:10.31 seconds, recovery stamp:177243
 5:10:08.319   entity: 27349, building: 5
 5:10:08.319   no lifetime: 68
 5:10:08.319   pathgraph's: 809
 5:10:08.334 [CE][Hive] :: Initializing ... 
 5:10:08.381 [CE][InitializeMap] :: initialized: 4
 5:10:08.381 [CE][Hive] :: Initializing spawners ... 
 5:10:08.584 !!! [CE][DE][SPAWNS] :: [WARNING] :: Skipping entry for non-existing event 'VehicleTransitBus'.
 5:10:08.584 [CE][DE][SPAWNS] :: Total positions: 1165
 5:10:08.584 [CE][DE][GROUPS] :: Total eventgroups defined: 21, Eventgroups in use: 21
 5:10:10.849 [CE][LootRespawner] (PRIDummy) :: Initially (re)spawned:0, Nominal:27715, Total in Map: 20472 at 0 (sec)
 5:10:10.849   tests:0, repeats:0 fails:0, overtime:0
 5:10:10.849 [CE][DynEvent] :: 46 types
 5:10:10.849 [00] AmbientHen
 5:10:10.849   Primary Spawner: "Ambient", active: yes, repeat: 1
 5:10:10.849 [01] AnimalBear
 5:10:10.849   Primary Spawner: "Animal", active: yes, repeat: 1
 5:10:10.849 [02] AnimalCow
 5:10:10.849   Primary Spawner: "Animal", active: yes, repeat: 1
 5:10:10.849 [03] AnimalDeer
 5:10:10.849   Primary Spawner: "Animal", active: yes, repeat: 1
 5:10:10.849 [04] AnimalGoat
 5:10:10.849   Primary Spawner: "Animal", active: yes, repeat: 1
 5:10:10.849 [05] AnimalPig
 5:10:10.849   Primary Spawner: "Animal", active: yes, repeat: 1
 5:10:10.849 [06] AnimalRoeDeer
 5:10:10.849   Primary Spawner: "Animal", active: yes, repeat: 1
 5:10:10.849 [07] AnimalSheep
 5:10:10.849   Primary Spawner: "Animal", active: yes, repeat: 1
 5:10:10.849 [08] AnimalWildBoar
 5:10:10.849   Primary Spawner: "Animal", active: yes, repeat: 1
 5:10:10.849 [09] AnimalWolf
 5:10:10.849   Primary Spawner: "Animal", active: yes, repeat: 1
 5:10:10.849 [10] InfectedBoss
 5:10:10.849   Primary Spawner: "Infected", active: yes, repeat: 1
 5:10:10.849 [11] InfectedArmy
 5:10:10.849   Primary Spawner: "Infected", active: yes, repeat: 1
 5:10:10.849 [12] InfectedArmyHard
 5:10:10.849   Primary Spawner: "Infected", active: yes, repeat: 1
 5:10:10.849 [13] InfectedCity
 5:10:10.849   Primary Spawner: "Infected", active: yes, repeat: 1
 5:10:10.849 [14] InfectedCityTier1
 5:10:10.849   Primary Spawner: "Infected", active: yes, repeat: 1
 5:10:10.849 [15] InfectedFirefighter
 5:10:10.849   Primary Spawner: "Infected", active: yes, repeat: 1
 5:10:10.849 [16] InfectedIndustrial
 5:10:10.849   Primary Spawner: "Infected", active: yes, repeat: 1
 5:10:10.849 [17] InfectedMedic
 5:10:10.849   Primary Spawner: "Infected", active: yes, repeat: 1
 5:10:10.849 [18] InfectedNBC
 5:10:10.849   Primary Spawner: "Infected", active: yes, repeat: 1
 5:10:10.849 [19] InfectedNBCYellow
 5:10:10.849   Primary Spawner: "Infected", active: yes, repeat: 1
 5:10:10.849 [20] InfectedPolice
 5:10:10.849   Primary Spawner: "Infected", active: yes, repeat: 1
 5:10:10.849 [21] InfectedPoliceHard
 5:10:10.849   Primary Spawner: "Infected", active: yes, repeat: 1
 5:10:10.849 [22] InfectedPrisoner
 5:10:10.849   Primary Spawner: "Infected", active: yes, repeat: 1
 5:10:10.849 [23] InfectedReligious
 5:10:10.849   Primary Spawner: "Infected", active: yes, repeat: 1
 5:10:10.849 [24] InfectedSolitude
 5:10:10.849   Primary Spawner: "Infected", active: yes, repeat: 1
 5:10:10.849 [25] InfectedVillage
 5:10:10.849   Primary Spawner: "Infected", active: yes, repeat: 1
 5:10:10.849 [26] InfectedVillageTier1
 5:10:10.849   Primary Spawner: "Infected", active: yes, repeat: 1
 5:10:10.849 [27] ItemPlanks
 5:10:10.849   Primary Spawner: "Item", active: yes, repeat: 1
 5:10:10.849 [28] Loot
 5:10:10.849   Primary Spawner: "Loot", active: yes, repeat: 2
 5:10:10.849 [29] StaticContaminatedArea
 5:10:10.849   Primary Spawner: "Static", active: yes, repeat: 1
 5:10:10.849 [30] StaticHeliCrash
 5:10:10.849   Primary Spawner: "Static", active: yes, repeat: 1
 5:10:10.849   Secondary Spawner: "Infected", active: yes, repeat: 1
 5:10:10.849 [31] StaticPoliceCar
 5:10:10.849   Primary Spawner: "Static", active: yes, repeat: 1
 5:10:10.849   Secondary Spawner: "Infected", active: yes, repeat: 1
 5:10:10.849 [32] StaticTrain
 5:10:10.849   Primary Spawner: "Static", active: yes, repeat: 1
 5:10:10.849   Secondary Spawner: "Infected", active: yes, repeat: 1
 5:10:10.849 [33] TrajectoryApple
 5:10:10.849   Primary Spawner: "Trajectory", active: yes, repeat: 1
 5:10:10.849 [34] TrajectoryConiferous
 5:10:10.849   Primary Spawner: "Trajectory", active: yes, repeat: 1
 5:10:10.849 [35] TrajectoryDeciduous
 5:10:10.849   Primary Spawner: "Trajectory", active: yes, repeat: 1
 5:10:10.849 [36] TrajectoryHumus
 5:10:10.849   Primary Spawner: "Trajectory", active: yes, repeat: 1
 5:10:10.849 [37] TrajectoryPear
 5:10:10.849   Primary Spawner: "Trajectory", active: yes, repeat: 1
 5:10:10.849 [38] TrajectoryPlum
 5:10:10.849   Primary Spawner: "Trajectory", active: yes, repeat: 1
 5:10:10.849 [39] TrajectoryStones
 5:10:10.849   Primary Spawner: "Trajectory", active: yes, repeat: 1
 5:10:10.849 [40] VehicleCivilianSedan
 5:10:10.849   Primary Spawner: "Vehicle", active: yes, repeat: 1
 5:10:10.849 [41] VehicleHatchback02
 5:10:10.849   Primary Spawner: "Vehicle", active: yes, repeat: 1
 5:10:10.849 [42] VehicleOffroadHatchback
 5:10:10.849   Primary Spawner: "Vehicle", active: yes, repeat: 1
 5:10:10.849 [43] VehicleSedan02
 5:10:10.849   Primary Spawner: "Vehicle", active: yes, repeat: 1
 5:10:10.849 [44] VehicleTruck01
 5:10:10.849   Primary Spawner: "Vehicle", active: yes, repeat: 1
 5:10:10.849 [45] VehicleHelicopter
 5:10:10.849   Primary Spawner: "Vehicle", active: yes, repeat: 1
 5:10:10.849 [CE][Hive] :: Initializing of spawners done.
 5:10:10.865 [CE][Hive] :: Init sequence finished.
 5:10:10.865 Player connect enabled
 5:10:11.662 [IdleMode] Entering IN - save processed
 5:10:20.175 [UNLOCK] Server was unlocked.
11:01:51.735  --- Termination successfully completed --- 
