

=====================================================================
== C:\SERVICES\ni7063137_1_SHARE\ftproot\dayzstandalone\DayZServer_x64.exe
== "C:\SERVICES\ni7063137_1_SHARE\ftproot\dayzstandalone\DayZServer_x64.exe" -ip=31.214.158.194 -port=12800 -cpuCount=4 -limitFPS=100 -adminlog -config=serverDZ.cfg "-mod=@CF;@AutoRUN;@dbo_surfaces;@DabsFramework;@DayZEditorLoader;@BuilderItems;@BaseBuildingPlus;@CodeLock;@Breachingcharge;@VPPAdminTools;@TraderPlus;@InventoryDump;@BurnAlive;@GunnerTruckOshkosh;@MuchStuffPack;@SNAFU;@CannabisPlus;@MMG;@VanillaPlusPlusMap;@UnknownGhillieMod;@MassA2Assets;@SchanaParty;@PseudoGiant;@InventoryMoveSounds;@Notifications;@AdvancedWeaponScopes;@CarsForAll;@SchanaModGlobalChat;@StaminaSettings;@DrugsPLUS;@GoreZ;@PackSouthAmericanPlague;@RedFalcon" -profiles=C:\SERVICES\ni7063137_1_SHARE\ftproot\dayzstandalone/config -BEPath=C:\SERVICES\ni7063137_1_SHARE\ftproot\dayzstandalone\battleye -noFilePatching -nologs -freezecheck
=====================================================================
Exe timestamp: 2022/07/28 08:30:35
Current time:  2022/09/10 13:58:53

Version 1.18.155069
13:58:53.608 [Inputs] Loading inputs default "bin/constants.xml"
13:58:53.624 [Inputs] Loading inputs default "bin/specific.xml"
13:58:53.624 [Inputs] Loading inputs default "BBP_keybind/data/modded_Inputs.xml"
13:58:53.639 [Inputs] Loading inputs default "InventoryMoveSounds/Scripts/Data/Inputs.xml"
13:58:53.639 [Inputs] Loading inputs default "SIX_Autorun/Scripts/Inputs.xml"
13:58:53.639 [Inputs] Loading inputs default "SpardaTextura/inputs/Inputs.xml"
13:58:53.639 [Inputs] Loading inputs default "VanillaPPMap/data/modded_Inputs.xml"
13:58:53.639 [Inputs] Loading inputs default "VehiclesVipNemesis/inputs/Inputs.xml"
13:58:53.639 [Inputs] Loading inputs default "VPPAdminTools/data/modded_Inputs.xml"
13:58:53.639 [Inputs] Loading inputs default "CarLock/scripts/3_Game/inputs.xml"
13:58:53.639 [Inputs] Loading inputs default "Ghost/InventoryDump/Client/Data/modded_inputs.xml"
13:58:53.639 [Inputs] Loading inputs default "Notifications/inputs/inputs.xml"
13:58:53.655 [Inputs] Loading inputs default "RFFSHeli_Core/modded_Inputs.xml"
13:58:53.655 [Inputs] Loading inputs default "SchanaModGlobalChat/Data/Inputs.xml"
13:58:53.655 [Inputs] Loading inputs default "SchanaModParty/Data/Inputs.xml"
13:58:53.655 !!! [Inputs] Cannot load inputs default "", file does not exist
13:58:53.655 !!! [Inputs] Failed to load MODDED inputs - file name/ path invalid?
13:58:53.655 [Inputs] Loading inputs cfg "C:\SERVICES\ni7063137_1_SHARE\ftproot\dayzstandalone/config\Users\Survivor\Server.core.xml"
13:58:53.655 [Inputs] Exporting inputs cfg "C:\SERVICES\ni7063137_1_SHARE\ftproot\dayzstandalone/config\Users\Survivor\Server.core.xml"
13:59:29.912 [CE][Hive] :: Initializing OFFLINE
13:59:29.912 [CE][Hive] :: Loading core data ... 
13:59:29.928 [CE][CoreData] :: 7 root classes, 18 defaults, 0 updaters...
13:59:36.317 [CE] :: WARNING :: Preset map "optics" is EMPTY.
13:59:36.317 [CE][TypeSetup] :: 470 classes setuped...
13:59:36.348 [CE] :: WARNING :: Preset map "optics" is EMPTY.
13:59:36.348 [CE][TypeSetup] :: 377 classes setuped...
13:59:38.629 [CE][RegisterBind] :: 0 classes binded...
13:59:38.629 [CE][RegisterConfig] :: 17183 config classes registered, 0 sub-counters...
13:59:38.629 [CE][Hive] :: Loading map data ... 
13:59:38.629 [CE][IgnoreList] "cfgignorelist.xml" :: loaded 19 types
13:59:38.676 [CE][LoadPrototype] :: loaded 368 prototypes
13:59:38.676   754 containers, 9611 points
13:59:38.676   32 dispatches, 115 proxies
13:59:38.676 !!! [CE][LoadPrototype] 14 groups have no points...
13:59:38.676 !!![CE][LoadPrototype]  2 groups have wrong points...
13:59:38.676 [CE][LoadPrototype] :: last group name: StaticObj_Wreck_Ural_DE...
13:59:38.692 [CE][LoadPrototype] :: loaded 0 prototypes
13:59:38.692   0 containers, 0 points
13:59:38.692   0 dispatches, 0 proxies
13:59:38.692 [CE][LoadPrototype] :: last group name: Rail9...
13:59:39.754 [CE][LoadMap] "Group" :: loaded 11620 groups, groups failed: 0, largest group range: 34.2
13:59:39.769 [CE][LoadMap] "Dirt" :: loaded 0 groups, groups failed: 0, largest group range: 34.2
13:59:40.176 [CE][Links] found 1888 total links between groups, of 11620
13:59:40.176 [CE][LoadClusters] "Cluster" :: Loading files...
13:59:40.363 [CE][LoadClusters] :: file: "mapgroupcluster.xml", 9 types, 50000 instances
13:59:40.566 [CE][LoadClusters] :: file: "mapgroupcluster01", 9 types, 50000 instances
13:59:40.769 [CE][LoadClusters] :: file: "mapgroupcluster02", 9 types, 50000 instances
13:59:40.957 [CE][LoadClusters] :: file: "mapgroupcluster03", 9 types, 50000 instances
13:59:41.50 [CE][LoadClusters] :: file: "mapgroupcluster04", 9 types, 17347 instances
13:59:41.50 [CE][Storage] ver:21 stamp:113972, valid:yes, name:"mpmissions\dayzOffline.chernarusplus\storage_1\data\types.bin"
13:59:41.50 [CE][Storage] ver:21 stamp:113465, valid:yes, name:"mpmissions\dayzOffline.chernarusplus\storage_1\data\types.001"
13:59:41.50 [CE][Storage] ver:21 stamp:113466, valid:yes, name:"mpmissions\dayzOffline.chernarusplus\storage_1\data\types.002"
13:59:41.50 [CE][Storage] Restoring file "mpmissions\dayzOffline.chernarusplus\storage_1\data\types.bin".
13:59:41.300 !!! [CE][offlineDB] :: No Shutdown message present.
13:59:41.300 [CE][offlineDB] :: Loaded 46 dynamic events 302 total types.
13:59:41.332 !!! [CE][offlineDB] :: Type 'ChristmasTree' will be ignored. (Not spawnable. (Scope is not public?))
13:59:41.363 [CE][Storage] ver:21 stamp:113972, valid:yes, name:"mpmissions\dayzOffline.chernarusplus\storage_1\data\events.bin"
13:59:41.363 [CE][Storage] ver:21 stamp:113465, valid:yes, name:"mpmissions\dayzOffline.chernarusplus\storage_1\data\events.001"
13:59:41.363 [CE][Storage] ver:21 stamp:113466, valid:yes, name:"mpmissions\dayzOffline.chernarusplus\storage_1\data\events.002"
13:59:41.363 [CE][Storage] Restoring file "mpmissions\dayzOffline.chernarusplus\storage_1\data\events.bin".
13:59:41.363 [CE][DynamicEvent] Load  Events:[46] Primary spawners: 46 Secondary spawners: 3
13:59:41.363 [CE][Storage] ver:25 stamp:113972, valid:yes, name:"mpmissions\dayzOffline.chernarusplus\storage_1\data\dynamic_000.bin"
13:59:41.363 [CE][Storage] ver:25 stamp:113465, valid:yes, name:"mpmissions\dayzOffline.chernarusplus\storage_1\data\dynamic_000.001"
13:59:41.363 [CE][Storage] ver:25 stamp:113466, valid:yes, name:"mpmissions\dayzOffline.chernarusplus\storage_1\data\dynamic_000.002"
13:59:41.363 [CE][Storage] Restoring file "mpmissions\dayzOffline.chernarusplus\storage_1\data\dynamic_000.bin" 866 items.
13:59:42.03   866 items loaded. (0 failed)
13:59:42.03 [CE][Storage] ver:25 stamp:113972, valid:yes, name:"mpmissions\dayzOffline.chernarusplus\storage_1\data\dynamic_001.bin"
13:59:42.03 [CE][Storage] ver:25 stamp:113465, valid:yes, name:"mpmissions\dayzOffline.chernarusplus\storage_1\data\dynamic_001.001"
13:59:42.03 [CE][Storage] ver:25 stamp:113466, valid:yes, name:"mpmissions\dayzOffline.chernarusplus\storage_1\data\dynamic_001.002"
13:59:42.03 [CE][Storage] Restoring file "mpmissions\dayzOffline.chernarusplus\storage_1\data\dynamic_001.bin" 1796 items.
13:59:42.941   1796 items loaded. (0 failed)
13:59:42.941 [CE][Storage] ver:25 stamp:113972, valid:yes, name:"mpmissions\dayzOffline.chernarusplus\storage_1\data\dynamic_002.bin"
13:59:42.956 [CE][Storage] ver:25 stamp:113465, valid:yes, name:"mpmissions\dayzOffline.chernarusplus\storage_1\data\dynamic_002.001"
13:59:42.956 [CE][Storage] ver:25 stamp:113466, valid:yes, name:"mpmissions\dayzOffline.chernarusplus\storage_1\data\dynamic_002.002"
13:59:42.956 [CE][Storage] Restoring file "mpmissions\dayzOffline.chernarusplus\storage_1\data\dynamic_002.bin" 2391 items.
13:59:43.878   2391 items loaded. (0 failed)
13:59:43.893 [CE][Storage] ver:25 stamp:113972, valid:yes, name:"mpmissions\dayzOffline.chernarusplus\storage_1\data\dynamic_003.bin"
13:59:43.893 [CE][Storage] ver:25 stamp:113465, valid:yes, name:"mpmissions\dayzOffline.chernarusplus\storage_1\data\dynamic_003.001"
13:59:43.893 [CE][Storage] ver:25 stamp:113466, valid:yes, name:"mpmissions\dayzOffline.chernarusplus\storage_1\data\dynamic_003.002"
13:59:43.893 [CE][Storage] Restoring file "mpmissions\dayzOffline.chernarusplus\storage_1\data\dynamic_003.bin" 2397 items.
13:59:45.18   2397 items loaded. (0 failed)
13:59:45.34 [CE][Storage] ver:25 stamp:113972, valid:yes, name:"mpmissions\dayzOffline.chernarusplus\storage_1\data\dynamic_004.bin"
13:59:45.34 [CE][Storage] ver:25 stamp:113465, valid:yes, name:"mpmissions\dayzOffline.chernarusplus\storage_1\data\dynamic_004.001"
13:59:45.34 [CE][Storage] ver:25 stamp:113466, valid:yes, name:"mpmissions\dayzOffline.chernarusplus\storage_1\data\dynamic_004.002"
13:59:45.34 [CE][Storage] Restoring file "mpmissions\dayzOffline.chernarusplus\storage_1\data\dynamic_004.bin" 1842 items.
13:59:45.924   1842 items loaded. (0 failed)
13:59:45.924 [CE][Storage] ver:25 stamp:113972, valid:yes, name:"mpmissions\dayzOffline.chernarusplus\storage_1\data\dynamic_005.bin"
13:59:45.940 [CE][Storage] ver:25 stamp:113465, valid:yes, name:"mpmissions\dayzOffline.chernarusplus\storage_1\data\dynamic_005.001"
13:59:45.940 [CE][Storage] ver:25 stamp:113466, valid:yes, name:"mpmissions\dayzOffline.chernarusplus\storage_1\data\dynamic_005.002"
13:59:45.940 [CE][Storage] Restoring file "mpmissions\dayzOffline.chernarusplus\storage_1\data\dynamic_005.bin" 2005 items.
13:59:46.737   2005 items loaded. (0 failed)
13:59:46.737 [CE][Storage] ver:25 stamp:113972, valid:yes, name:"mpmissions\dayzOffline.chernarusplus\storage_1\data\dynamic_006.bin"
13:59:46.752 [CE][Storage] ver:25 stamp:113465, valid:yes, name:"mpmissions\dayzOffline.chernarusplus\storage_1\data\dynamic_006.001"
13:59:46.752 [CE][Storage] ver:25 stamp:113466, valid:yes, name:"mpmissions\dayzOffline.chernarusplus\storage_1\data\dynamic_006.002"
13:59:46.752 [CE][Storage] Restoring file "mpmissions\dayzOffline.chernarusplus\storage_1\data\dynamic_006.bin" 1444 items.
13:59:47.361   1444 items loaded. (0 failed)
13:59:47.377 [CE][Storage] ver:25 stamp:113972, valid:yes, name:"mpmissions\dayzOffline.chernarusplus\storage_1\data\dynamic_007.bin"
13:59:47.377 [CE][Storage] ver:25 stamp:113465, valid:yes, name:"mpmissions\dayzOffline.chernarusplus\storage_1\data\dynamic_007.001"
13:59:47.377 [CE][Storage] ver:25 stamp:113466, valid:yes, name:"mpmissions\dayzOffline.chernarusplus\storage_1\data\dynamic_007.002"
13:59:47.377 [CE][Storage] Restoring file "mpmissions\dayzOffline.chernarusplus\storage_1\data\dynamic_007.bin" 1474 items.
13:59:48.121   1474 items loaded. (0 failed)
13:59:48.121 [CE][Storage] ver:25 stamp:113972, valid:yes, name:"mpmissions\dayzOffline.chernarusplus\storage_1\data\dynamic_008.bin"
13:59:48.121 [CE][Storage] ver:25 stamp:113465, valid:yes, name:"mpmissions\dayzOffline.chernarusplus\storage_1\data\dynamic_008.001"
13:59:48.121 [CE][Storage] ver:25 stamp:113466, valid:yes, name:"mpmissions\dayzOffline.chernarusplus\storage_1\data\dynamic_008.002"
13:59:48.121 [CE][Storage] Restoring file "mpmissions\dayzOffline.chernarusplus\storage_1\data\dynamic_008.bin" 2001 items.
13:59:49.27   2001 items loaded. (0 failed)
13:59:49.27 [CE][Storage] ver:25 stamp:113972, valid:yes, name:"mpmissions\dayzOffline.chernarusplus\storage_1\data\dynamic_009.bin"
13:59:49.27 [CE][Storage] ver:25 stamp:113465, valid:yes, name:"mpmissions\dayzOffline.chernarusplus\storage_1\data\dynamic_009.001"
13:59:49.27 [CE][Storage] ver:25 stamp:113466, valid:yes, name:"mpmissions\dayzOffline.chernarusplus\storage_1\data\dynamic_009.002"
13:59:49.27 [CE][Storage] Restoring file "mpmissions\dayzOffline.chernarusplus\storage_1\data\dynamic_009.bin" 2580 items.
13:59:50.168   2580 items loaded. (0 failed)
13:59:50.168 [CE][Storage] ver:25 stamp:113972, valid:yes, name:"mpmissions\dayzOffline.chernarusplus\storage_1\data\dynamic_010.bin"
13:59:50.168 [CE][Storage] ver:25 stamp:113465, valid:yes, name:"mpmissions\dayzOffline.chernarusplus\storage_1\data\dynamic_010.001"
13:59:50.183 [CE][Storage] ver:25 stamp:113466, valid:yes, name:"mpmissions\dayzOffline.chernarusplus\storage_1\data\dynamic_010.002"
13:59:50.183 [CE][Storage] Restoring file "mpmissions\dayzOffline.chernarusplus\storage_1\data\dynamic_010.bin" 1766 items.
13:59:50.964   1766 items loaded. (0 failed)
13:59:50.964 [CE][Storage] ver:25 stamp:113972, valid:yes, name:"mpmissions\dayzOffline.chernarusplus\storage_1\data\dynamic_011.bin"
13:59:50.964 [CE][Storage] ver:25 stamp:113465, valid:yes, name:"mpmissions\dayzOffline.chernarusplus\storage_1\data\dynamic_011.001"
13:59:50.964 [CE][Storage] ver:25 stamp:113466, valid:yes, name:"mpmissions\dayzOffline.chernarusplus\storage_1\data\dynamic_011.002"
13:59:50.964 [CE][Storage] Restoring file "mpmissions\dayzOffline.chernarusplus\storage_1\data\dynamic_011.bin" 144 items.
13:59:51.27   144 items loaded. (0 failed)
13:59:51.27 [CE][Storage] ver:26 stamp:113972, valid:yes, name:"mpmissions\dayzOffline.chernarusplus\storage_1\data\building.bin"
13:59:51.27 [CE][Storage] ver:26 stamp:113465, valid:yes, name:"mpmissions\dayzOffline.chernarusplus\storage_1\data\building.001"
13:59:51.27 [CE][Storage] ver:26 stamp:113466, valid:yes, name:"mpmissions\dayzOffline.chernarusplus\storage_1\data\building.002"
13:59:51.27 [CE][Storage] Restoring file "mpmissions\dayzOffline.chernarusplus\storage_1\data\building.bin" 1 items.
13:59:51.27   1 items loaded. (0 failed)
13:59:51.43 [CE][Storage] ver:25 stamp:113972, valid:yes, name:"mpmissions\dayzOffline.chernarusplus\storage_1\data\vehicles.bin"
13:59:51.43 [CE][Storage] ver:25 stamp:113465, valid:yes, name:"mpmissions\dayzOffline.chernarusplus\storage_1\data\vehicles.001"
13:59:51.43 [CE][Storage] ver:25 stamp:113466, valid:yes, name:"mpmissions\dayzOffline.chernarusplus\storage_1\data\vehicles.002"
13:59:51.43 [CE][Storage] Restoring file "mpmissions\dayzOffline.chernarusplus\storage_1\data\vehicles.bin" 178 items.
13:59:51.699   178 items loaded. (0 failed)
13:59:51.730 [CE][Hive] :: Storage load took:10.38 seconds, recovery stamp:113972
13:59:51.730   entity: 24873, building: 1
13:59:51.730   no lifetime: 63
13:59:51.730   pathgraph's: 661
13:59:51.730 [CE][Hive] :: Initializing ... 
13:59:51.777 [CE][InitializeMap] :: initialized: 1
13:59:51.777 [CE][Hive] :: Initializing spawners ... 
13:59:52.11 !!! [CE][DE][SPAWNS] :: [WARNING] :: Skipping entry for non-existing event 'VehicleTransitBus'.
13:59:52.11 [CE][DE][SPAWNS] :: Total positions: 1165
13:59:52.11 [CE][DE][GROUPS] :: Total eventgroups defined: 21, Eventgroups in use: 21
13:59:53.901 [CE][LootRespawner] (PRIDummy) :: Initially (re)spawned:0, Nominal:27680, Total in Map: 19921 at 0 (sec)
13:59:53.901   tests:0, repeats:0 fails:0, overtime:0
13:59:53.901 [CE][DynEvent] :: 46 types
13:59:53.901 [00] AmbientHen
13:59:53.901   Primary Spawner: "Ambient", active: yes, repeat: 1
13:59:53.901 [01] AnimalBear
13:59:53.901   Primary Spawner: "Animal", active: yes, repeat: 1
13:59:53.901 [02] AnimalCow
13:59:53.901   Primary Spawner: "Animal", active: yes, repeat: 1
13:59:53.901 [03] AnimalDeer
13:59:53.901   Primary Spawner: "Animal", active: yes, repeat: 1
13:59:53.901 [04] AnimalGoat
13:59:53.901   Primary Spawner: "Animal", active: yes, repeat: 1
13:59:53.901 [05] AnimalPig
13:59:53.901   Primary Spawner: "Animal", active: yes, repeat: 1
13:59:53.901 [06] AnimalRoeDeer
13:59:53.901   Primary Spawner: "Animal", active: yes, repeat: 1
13:59:53.901 [07] AnimalSheep
13:59:53.901   Primary Spawner: "Animal", active: yes, repeat: 1
13:59:53.901 [08] AnimalWildBoar
13:59:53.901   Primary Spawner: "Animal", active: yes, repeat: 1
13:59:53.901 [09] AnimalWolf
13:59:53.901   Primary Spawner: "Animal", active: yes, repeat: 1
13:59:53.901 [10] InfectedBoss
13:59:53.901   Primary Spawner: "Infected", active: yes, repeat: 1
13:59:53.901 [11] InfectedArmy
13:59:53.901   Primary Spawner: "Infected", active: yes, repeat: 1
13:59:53.901 [12] InfectedArmyHard
13:59:53.901   Primary Spawner: "Infected", active: yes, repeat: 1
13:59:53.901 [13] InfectedCity
13:59:53.901   Primary Spawner: "Infected", active: yes, repeat: 1
13:59:53.901 [14] InfectedCityTier1
13:59:53.901   Primary Spawner: "Infected", active: yes, repeat: 1
13:59:53.901 [15] InfectedFirefighter
13:59:53.901   Primary Spawner: "Infected", active: yes, repeat: 1
13:59:53.901 [16] InfectedIndustrial
13:59:53.901   Primary Spawner: "Infected", active: yes, repeat: 1
13:59:53.901 [17] InfectedMedic
13:59:53.901   Primary Spawner: "Infected", active: yes, repeat: 1
13:59:53.901 [18] InfectedNBC
13:59:53.901   Primary Spawner: "Infected", active: yes, repeat: 1
13:59:53.901 [19] InfectedNBCYellow
13:59:53.901   Primary Spawner: "Infected", active: yes, repeat: 1
13:59:53.901 [20] InfectedPolice
13:59:53.901   Primary Spawner: "Infected", active: yes, repeat: 1
13:59:53.901 [21] InfectedPoliceHard
13:59:53.901   Primary Spawner: "Infected", active: yes, repeat: 1
13:59:53.901 [22] InfectedPrisoner
13:59:53.901   Primary Spawner: "Infected", active: yes, repeat: 1
13:59:53.901 [23] InfectedReligious
13:59:53.901   Primary Spawner: "Infected", active: yes, repeat: 1
13:59:53.901 [24] InfectedSolitude
13:59:53.901   Primary Spawner: "Infected", active: yes, repeat: 1
13:59:53.901 [25] InfectedVillage
13:59:53.901   Primary Spawner: "Infected", active: yes, repeat: 1
13:59:53.901 [26] InfectedVillageTier1
13:59:53.901   Primary Spawner: "Infected", active: yes, repeat: 1
13:59:53.901 [27] ItemPlanks
13:59:53.901   Primary Spawner: "Item", active: yes, repeat: 1
13:59:53.901 [28] Loot
13:59:53.901   Primary Spawner: "Loot", active: yes, repeat: 2
13:59:53.901 [29] StaticContaminatedArea
13:59:53.901   Primary Spawner: "Static", active: yes, repeat: 1
13:59:53.901 [30] StaticHeliCrash
13:59:53.901   Primary Spawner: "Static", active: yes, repeat: 1
13:59:53.901   Secondary Spawner: "Infected", active: yes, repeat: 1
13:59:53.901 [31] StaticPoliceCar
13:59:53.901   Primary Spawner: "Static", active: yes, repeat: 1
13:59:53.901   Secondary Spawner: "Infected", active: yes, repeat: 1
13:59:53.901 [32] StaticTrain
13:59:53.901   Primary Spawner: "Static", active: yes, repeat: 1
13:59:53.901   Secondary Spawner: "Infected", active: yes, repeat: 1
13:59:53.901 [33] TrajectoryApple
13:59:53.901   Primary Spawner: "Trajectory", active: yes, repeat: 1
13:59:53.901 [34] TrajectoryConiferous
13:59:53.901   Primary Spawner: "Trajectory", active: yes, repeat: 1
13:59:53.901 [35] TrajectoryDeciduous
13:59:53.901   Primary Spawner: "Trajectory", active: yes, repeat: 1
13:59:53.901 [36] TrajectoryHumus
13:59:53.901   Primary Spawner: "Trajectory", active: yes, repeat: 1
13:59:53.901 [37] TrajectoryPear
13:59:53.901   Primary Spawner: "Trajectory", active: yes, repeat: 1
13:59:53.901 [38] TrajectoryPlum
13:59:53.901   Primary Spawner: "Trajectory", active: yes, repeat: 1
13:59:53.901 [39] TrajectoryStones
13:59:53.901   Primary Spawner: "Trajectory", active: yes, repeat: 1
13:59:53.901 [40] VehicleCivilianSedan
13:59:53.901   Primary Spawner: "Vehicle", active: yes, repeat: 1
13:59:53.901 [41] VehicleHatchback02
13:59:53.901   Primary Spawner: "Vehicle", active: yes, repeat: 1
13:59:53.901 [42] VehicleOffroadHatchback
13:59:53.901   Primary Spawner: "Vehicle", active: yes, repeat: 1
13:59:53.901 [43] VehicleSedan02
13:59:53.901   Primary Spawner: "Vehicle", active: yes, repeat: 1
13:59:53.901 [44] VehicleTruck01
13:59:53.901   Primary Spawner: "Vehicle", active: yes, repeat: 1
13:59:53.901 [45] VehicleHelicopter
13:59:53.901   Primary Spawner: "Vehicle", active: yes, repeat: 1
13:59:53.901 [CE][Hive] :: Initializing of spawners done.
13:59:53.917 [CE][Hive] :: Init sequence finished.
13:59:53.917 Player connect enabled
13:59:54.776 [IdleMode] Entering IN - save processed
14:00:02.56 [UNLOCK] Server was unlocked.
14:06:40.792  --- Termination successfully completed --- 
