

=====================================================================
== C:\SERVICES\ni7063137_1_SHARE\ftproot\dayzstandalone\DayZServer_x64.exe
== "C:\SERVICES\ni7063137_1_SHARE\ftproot\dayzstandalone\DayZServer_x64.exe" -ip=31.214.158.194 -port=12800 -cpuCount=4 -limitFPS=100 -adminlog -config=serverDZ.cfg "-mod=@CF;@DabsFramework;@DayZEditorLoader;@BuilderItems;@BaseBuildingPlus;@CodeLock;@Breachingcharge;@VPPAdminTools;@TraderPlus;@InventoryDump;@BurnAlive;@GunnerTruckOshkosh;@MuchStuffPack;@SNAFU;@CannabisPlus;@MMG;@VanillaPlusPlusMap;@UnknownGhillieMod;@MassA2Assets;@SchanaParty;@PseudoGiant;@InventoryMoveSounds;@Notifications;@AdvancedWeaponScopes;@CarsForAll;@SchanaModGlobalChat;@StaminaSettings;@DrugsPLUS;@GoreZ;@PackSouthAmericanPlague;@RedFalcon" -profiles=C:\SERVICES\ni7063137_1_SHARE\ftproot\dayzstandalone/config -BEPath=C:\SERVICES\ni7063137_1_SHARE\ftproot\dayzstandalone\battleye -noFilePatching -nologs -freezecheck
=====================================================================
Exe timestamp: 2022/07/28 08:30:35
Current time:  2022/09/10 02:08:35

Version 1.18.155069
 2:08:35.245 [Inputs] Loading inputs default "bin/constants.xml"
 2:08:35.261 [Inputs] Loading inputs default "bin/specific.xml"
 2:08:35.261 [Inputs] Loading inputs default "BBP_keybind/data/modded_Inputs.xml"
 2:08:35.261 [Inputs] Loading inputs default "InventoryMoveSounds/Scripts/Data/Inputs.xml"
 2:08:35.261 [Inputs] Loading inputs default "SpardaTextura/inputs/Inputs.xml"
 2:08:35.261 [Inputs] Loading inputs default "VanillaPPMap/data/modded_Inputs.xml"
 2:08:35.261 [Inputs] Loading inputs default "VehiclesVipNemesis/inputs/Inputs.xml"
 2:08:35.261 [Inputs] Loading inputs default "VPPAdminTools/data/modded_Inputs.xml"
 2:08:35.261 [Inputs] Loading inputs default "CarLock/scripts/3_Game/inputs.xml"
 2:08:35.261 [Inputs] Loading inputs default "Ghost/InventoryDump/Client/Data/modded_inputs.xml"
 2:08:35.261 [Inputs] Loading inputs default "Notifications/inputs/inputs.xml"
 2:08:35.261 [Inputs] Loading inputs default "RFFSHeli_Core/modded_Inputs.xml"
 2:08:35.277 [Inputs] Loading inputs default "SchanaModGlobalChat/Data/Inputs.xml"
 2:08:35.277 [Inputs] Loading inputs default "SchanaModParty/Data/Inputs.xml"
 2:08:35.277 !!! [Inputs] Cannot load inputs default "", file does not exist
 2:08:35.277 !!! [Inputs] Failed to load MODDED inputs - file name/ path invalid?
 2:08:35.277 [Inputs] Loading inputs cfg "C:\SERVICES\ni7063137_1_SHARE\ftproot\dayzstandalone/config\Users\Survivor\Server.core.xml"
 2:08:35.277 [Inputs] Exporting inputs cfg "C:\SERVICES\ni7063137_1_SHARE\ftproot\dayzstandalone/config\Users\Survivor\Server.core.xml"
 2:09:10.364 [CE][Hive] :: Initializing OFFLINE
 2:09:10.380 [CE][Hive] :: Loading core data ... 
 2:09:10.380 [CE][CoreData] :: 7 root classes, 18 defaults, 0 updaters...
 2:09:17.34 [CE] :: WARNING :: Preset map "optics" is EMPTY.
 2:09:17.34 [CE][TypeSetup] :: 470 classes setuped...
 2:09:17.50 [CE] :: WARNING :: Preset map "optics" is EMPTY.
 2:09:17.50 [CE][TypeSetup] :: 377 classes setuped...
 2:09:19.81 [CE][RegisterBind] :: 0 classes binded...
 2:09:19.81 [CE][RegisterConfig] :: 17183 config classes registered, 0 sub-counters...
 2:09:19.81 [CE][Hive] :: Loading map data ... 
 2:09:19.81 [CE][IgnoreList] "cfgignorelist.xml" :: loaded 19 types
 2:09:19.128 [CE][LoadPrototype] :: loaded 368 prototypes
 2:09:19.128   754 containers, 9611 points
 2:09:19.128   32 dispatches, 115 proxies
 2:09:19.128 !!! [CE][LoadPrototype] 14 groups have no points...
 2:09:19.128 !!![CE][LoadPrototype]  2 groups have wrong points...
 2:09:19.128 [CE][LoadPrototype] :: last group name: StaticObj_Wreck_Ural_DE...
 2:09:19.143 [CE][LoadPrototype] :: loaded 0 prototypes
 2:09:19.143   0 containers, 0 points
 2:09:19.143   0 dispatches, 0 proxies
 2:09:19.143 [CE][LoadPrototype] :: last group name: Rail9...
 2:09:20.190 [CE][LoadMap] "Group" :: loaded 11620 groups, groups failed: 0, largest group range: 34.2
 2:09:20.205 [CE][LoadMap] "Dirt" :: loaded 0 groups, groups failed: 0, largest group range: 34.2
 2:09:20.549 [CE][Links] found 1888 total links between groups, of 11620
 2:09:20.549 [CE][LoadClusters] "Cluster" :: Loading files...
 2:09:20.752 [CE][LoadClusters] :: file: "mapgroupcluster.xml", 9 types, 50000 instances
 2:09:20.940 [CE][LoadClusters] :: file: "mapgroupcluster01", 9 types, 50000 instances
 2:09:21.143 [CE][LoadClusters] :: file: "mapgroupcluster02", 9 types, 50000 instances
 2:09:21.330 [CE][LoadClusters] :: file: "mapgroupcluster03", 9 types, 50000 instances
 2:09:21.424 [CE][LoadClusters] :: file: "mapgroupcluster04", 9 types, 17347 instances
 2:09:21.424 [CE][Storage] ver:21 stamp:112741, valid:yes, name:"mpmissions\dayzOffline.chernarusplus\storage_1\data\types.bin"
 2:09:21.424 [CE][Storage] ver:21 stamp:112258, valid:yes, name:"mpmissions\dayzOffline.chernarusplus\storage_1\data\types.001"
 2:09:21.424 [CE][Storage] ver:21 stamp:112259, valid:yes, name:"mpmissions\dayzOffline.chernarusplus\storage_1\data\types.002"
 2:09:21.424 [CE][Storage] Restoring file "mpmissions\dayzOffline.chernarusplus\storage_1\data\types.bin".
 2:09:21.627 !!! [CE][offlineDB] :: No Shutdown message present.
 2:09:21.643 [CE][offlineDB] :: Loaded 46 dynamic events 302 total types.
 2:09:21.658 !!! [CE][offlineDB] :: Type 'ChristmasTree' will be ignored. (Not spawnable. (Scope is not public?))
 2:09:21.705 [CE][Storage] ver:21 stamp:112741, valid:yes, name:"mpmissions\dayzOffline.chernarusplus\storage_1\data\events.bin"
 2:09:21.705 [CE][Storage] ver:21 stamp:112258, valid:yes, name:"mpmissions\dayzOffline.chernarusplus\storage_1\data\events.001"
 2:09:21.705 [CE][Storage] ver:21 stamp:112259, valid:yes, name:"mpmissions\dayzOffline.chernarusplus\storage_1\data\events.002"
 2:09:21.705 [CE][Storage] Restoring file "mpmissions\dayzOffline.chernarusplus\storage_1\data\events.bin".
 2:09:21.705 [CE][DynamicEvent] Load  Events:[46] Primary spawners: 46 Secondary spawners: 3
 2:09:21.705 [CE][Storage] ver:25 stamp:112741, valid:yes, name:"mpmissions\dayzOffline.chernarusplus\storage_1\data\dynamic_000.bin"
 2:09:21.705 [CE][Storage] ver:25 stamp:112258, valid:yes, name:"mpmissions\dayzOffline.chernarusplus\storage_1\data\dynamic_000.001"
 2:09:21.705 [CE][Storage] ver:25 stamp:112259, valid:yes, name:"mpmissions\dayzOffline.chernarusplus\storage_1\data\dynamic_000.002"
 2:09:21.705 [CE][Storage] Restoring file "mpmissions\dayzOffline.chernarusplus\storage_1\data\dynamic_000.bin" 833 items.
 2:09:22.283   833 items loaded. (0 failed)
 2:09:22.283 [CE][Storage] ver:25 stamp:112741, valid:yes, name:"mpmissions\dayzOffline.chernarusplus\storage_1\data\dynamic_001.bin"
 2:09:22.299 [CE][Storage] ver:25 stamp:112258, valid:yes, name:"mpmissions\dayzOffline.chernarusplus\storage_1\data\dynamic_001.001"
 2:09:22.299 [CE][Storage] ver:25 stamp:112259, valid:yes, name:"mpmissions\dayzOffline.chernarusplus\storage_1\data\dynamic_001.002"
 2:09:22.299 [CE][Storage] Restoring file "mpmissions\dayzOffline.chernarusplus\storage_1\data\dynamic_001.bin" 1761 items.
 2:09:23.173   1761 items loaded. (0 failed)
 2:09:23.173 [CE][Storage] ver:25 stamp:112741, valid:yes, name:"mpmissions\dayzOffline.chernarusplus\storage_1\data\dynamic_002.bin"
 2:09:23.173 [CE][Storage] ver:25 stamp:112258, valid:yes, name:"mpmissions\dayzOffline.chernarusplus\storage_1\data\dynamic_002.001"
 2:09:23.173 [CE][Storage] ver:25 stamp:112259, valid:yes, name:"mpmissions\dayzOffline.chernarusplus\storage_1\data\dynamic_002.002"
 2:09:23.173 [CE][Storage] Restoring file "mpmissions\dayzOffline.chernarusplus\storage_1\data\dynamic_002.bin" 2395 items.
 2:09:24.33   2395 items loaded. (0 failed)
 2:09:24.48 [CE][Storage] ver:25 stamp:112741, valid:yes, name:"mpmissions\dayzOffline.chernarusplus\storage_1\data\dynamic_003.bin"
 2:09:24.48 [CE][Storage] ver:25 stamp:112258, valid:yes, name:"mpmissions\dayzOffline.chernarusplus\storage_1\data\dynamic_003.001"
 2:09:24.48 [CE][Storage] ver:25 stamp:112259, valid:yes, name:"mpmissions\dayzOffline.chernarusplus\storage_1\data\dynamic_003.002"
 2:09:24.48 [CE][Storage] Restoring file "mpmissions\dayzOffline.chernarusplus\storage_1\data\dynamic_003.bin" 2407 items.
 2:09:25.95   2407 items loaded. (0 failed)
 2:09:25.95 [CE][Storage] ver:25 stamp:112741, valid:yes, name:"mpmissions\dayzOffline.chernarusplus\storage_1\data\dynamic_004.bin"
 2:09:25.95 [CE][Storage] ver:25 stamp:112258, valid:yes, name:"mpmissions\dayzOffline.chernarusplus\storage_1\data\dynamic_004.001"
 2:09:25.95 [CE][Storage] ver:25 stamp:112259, valid:yes, name:"mpmissions\dayzOffline.chernarusplus\storage_1\data\dynamic_004.002"
 2:09:25.95 [CE][Storage] Restoring file "mpmissions\dayzOffline.chernarusplus\storage_1\data\dynamic_004.bin" 1841 items.
 2:09:25.876   1841 items loaded. (0 failed)
 2:09:25.892 [CE][Storage] ver:25 stamp:112741, valid:yes, name:"mpmissions\dayzOffline.chernarusplus\storage_1\data\dynamic_005.bin"
 2:09:25.892 [CE][Storage] ver:25 stamp:112258, valid:yes, name:"mpmissions\dayzOffline.chernarusplus\storage_1\data\dynamic_005.001"
 2:09:25.892 [CE][Storage] ver:25 stamp:112259, valid:yes, name:"mpmissions\dayzOffline.chernarusplus\storage_1\data\dynamic_005.002"
 2:09:25.892 [CE][Storage] Restoring file "mpmissions\dayzOffline.chernarusplus\storage_1\data\dynamic_005.bin" 2004 items.
 2:09:26.595   2004 items loaded. (0 failed)
 2:09:26.595 [CE][Storage] ver:25 stamp:112741, valid:yes, name:"mpmissions\dayzOffline.chernarusplus\storage_1\data\dynamic_006.bin"
 2:09:26.595 [CE][Storage] ver:25 stamp:112258, valid:yes, name:"mpmissions\dayzOffline.chernarusplus\storage_1\data\dynamic_006.001"
 2:09:26.595 [CE][Storage] ver:25 stamp:112259, valid:yes, name:"mpmissions\dayzOffline.chernarusplus\storage_1\data\dynamic_006.002"
 2:09:26.595 [CE][Storage] Restoring file "mpmissions\dayzOffline.chernarusplus\storage_1\data\dynamic_006.bin" 1451 items.
 2:09:27.126   1451 items loaded. (0 failed)
 2:09:27.126 [CE][Storage] ver:25 stamp:112741, valid:yes, name:"mpmissions\dayzOffline.chernarusplus\storage_1\data\dynamic_007.bin"
 2:09:27.141 [CE][Storage] ver:25 stamp:112258, valid:yes, name:"mpmissions\dayzOffline.chernarusplus\storage_1\data\dynamic_007.001"
 2:09:27.141 [CE][Storage] ver:25 stamp:112259, valid:yes, name:"mpmissions\dayzOffline.chernarusplus\storage_1\data\dynamic_007.002"
 2:09:27.141 [CE][Storage] Restoring file "mpmissions\dayzOffline.chernarusplus\storage_1\data\dynamic_007.bin" 1483 items.
 2:09:27.766   1483 items loaded. (0 failed)
 2:09:27.782 [CE][Storage] ver:25 stamp:112741, valid:yes, name:"mpmissions\dayzOffline.chernarusplus\storage_1\data\dynamic_008.bin"
 2:09:27.782 [CE][Storage] ver:25 stamp:112258, valid:yes, name:"mpmissions\dayzOffline.chernarusplus\storage_1\data\dynamic_008.001"
 2:09:27.782 [CE][Storage] ver:25 stamp:112259, valid:yes, name:"mpmissions\dayzOffline.chernarusplus\storage_1\data\dynamic_008.002"
 2:09:27.782 [CE][Storage] Restoring file "mpmissions\dayzOffline.chernarusplus\storage_1\data\dynamic_008.bin" 2014 items.
 2:09:28.547   2014 items loaded. (0 failed)
 2:09:28.547 [CE][Storage] ver:25 stamp:112741, valid:yes, name:"mpmissions\dayzOffline.chernarusplus\storage_1\data\dynamic_009.bin"
 2:09:28.563 [CE][Storage] ver:25 stamp:112258, valid:yes, name:"mpmissions\dayzOffline.chernarusplus\storage_1\data\dynamic_009.001"
 2:09:28.563 [CE][Storage] ver:25 stamp:112259, valid:yes, name:"mpmissions\dayzOffline.chernarusplus\storage_1\data\dynamic_009.002"
 2:09:28.563 [CE][Storage] Restoring file "mpmissions\dayzOffline.chernarusplus\storage_1\data\dynamic_009.bin" 2591 items.
 2:09:29.547   2591 items loaded. (0 failed)
 2:09:29.547 [CE][Storage] ver:25 stamp:112741, valid:yes, name:"mpmissions\dayzOffline.chernarusplus\storage_1\data\dynamic_010.bin"
 2:09:29.547 [CE][Storage] ver:25 stamp:112258, valid:yes, name:"mpmissions\dayzOffline.chernarusplus\storage_1\data\dynamic_010.001"
 2:09:29.547 [CE][Storage] ver:25 stamp:112259, valid:yes, name:"mpmissions\dayzOffline.chernarusplus\storage_1\data\dynamic_010.002"
 2:09:29.547 [CE][Storage] Restoring file "mpmissions\dayzOffline.chernarusplus\storage_1\data\dynamic_010.bin" 1746 items.
 2:09:30.219   1746 items loaded. (0 failed)
 2:09:30.219 [CE][Storage] ver:25 stamp:112741, valid:yes, name:"mpmissions\dayzOffline.chernarusplus\storage_1\data\dynamic_011.bin"
 2:09:30.234 [CE][Storage] ver:25 stamp:112258, valid:yes, name:"mpmissions\dayzOffline.chernarusplus\storage_1\data\dynamic_011.001"
 2:09:30.234 [CE][Storage] ver:25 stamp:112259, valid:yes, name:"mpmissions\dayzOffline.chernarusplus\storage_1\data\dynamic_011.002"
 2:09:30.234 [CE][Storage] Restoring file "mpmissions\dayzOffline.chernarusplus\storage_1\data\dynamic_011.bin" 145 items.
 2:09:30.281   145 items loaded. (0 failed)
 2:09:30.281 [CE][Storage] ver:26 stamp:112741, valid:yes, name:"mpmissions\dayzOffline.chernarusplus\storage_1\data\building.bin"
 2:09:30.281 [CE][Storage] ver:26 stamp:112258, valid:yes, name:"mpmissions\dayzOffline.chernarusplus\storage_1\data\building.001"
 2:09:30.281 [CE][Storage] ver:26 stamp:112259, valid:yes, name:"mpmissions\dayzOffline.chernarusplus\storage_1\data\building.002"
 2:09:30.281 [CE][Storage] Restoring file "mpmissions\dayzOffline.chernarusplus\storage_1\data\building.bin" 1 items.
 2:09:30.281   1 items loaded. (0 failed)
 2:09:30.281 [CE][Storage] ver:25 stamp:112741, valid:yes, name:"mpmissions\dayzOffline.chernarusplus\storage_1\data\vehicles.bin"
 2:09:30.281 [CE][Storage] ver:25 stamp:112258, valid:yes, name:"mpmissions\dayzOffline.chernarusplus\storage_1\data\vehicles.001"
 2:09:30.281 [CE][Storage] ver:25 stamp:112259, valid:yes, name:"mpmissions\dayzOffline.chernarusplus\storage_1\data\vehicles.002"
 2:09:30.281 [CE][Storage] Restoring file "mpmissions\dayzOffline.chernarusplus\storage_1\data\vehicles.bin" 139 items.
 2:09:30.891   139 items loaded. (0 failed)
 2:09:30.906 [CE][Hive] :: Storage load took:9.20 seconds, recovery stamp:112741
 2:09:30.906   entity: 24794, building: 1
 2:09:30.906   no lifetime: 63
 2:09:30.906   pathgraph's: 621
 2:09:30.922 [CE][Hive] :: Initializing ... 
 2:09:30.953 [CE][InitializeMap] :: initialized: 1
 2:09:30.953 [CE][Hive] :: Initializing spawners ... 
 2:09:31.172 !!! [CE][DE][SPAWNS] :: [WARNING] :: Skipping entry for non-existing event 'VehicleTransitBus'.
 2:09:31.172 [CE][DE][SPAWNS] :: Total positions: 1165
 2:09:31.172 [CE][DE][GROUPS] :: Total eventgroups defined: 21, Eventgroups in use: 21
 2:09:33.796 [CE][LootRespawner] (PRIDummy) :: Initially (re)spawned:0, Nominal:27680, Total in Map: 19889 at 0 (sec)
 2:09:33.796   tests:0, repeats:0 fails:0, overtime:0
 2:09:33.812 [CE][DynEvent] :: 46 types
 2:09:33.812 [00] AmbientHen
 2:09:33.812   Primary Spawner: "Ambient", active: yes, repeat: 1
 2:09:33.812 [01] AnimalBear
 2:09:33.812   Primary Spawner: "Animal", active: yes, repeat: 1
 2:09:33.812 [02] AnimalCow
 2:09:33.812   Primary Spawner: "Animal", active: yes, repeat: 1
 2:09:33.812 [03] AnimalDeer
 2:09:33.812   Primary Spawner: "Animal", active: yes, repeat: 1
 2:09:33.812 [04] AnimalGoat
 2:09:33.812   Primary Spawner: "Animal", active: yes, repeat: 1
 2:09:33.812 [05] AnimalPig
 2:09:33.812   Primary Spawner: "Animal", active: yes, repeat: 1
 2:09:33.812 [06] AnimalRoeDeer
 2:09:33.812   Primary Spawner: "Animal", active: yes, repeat: 1
 2:09:33.812 [07] AnimalSheep
 2:09:33.812   Primary Spawner: "Animal", active: yes, repeat: 1
 2:09:33.812 [08] AnimalWildBoar
 2:09:33.812   Primary Spawner: "Animal", active: yes, repeat: 1
 2:09:33.812 [09] AnimalWolf
 2:09:33.812   Primary Spawner: "Animal", active: yes, repeat: 1
 2:09:33.812 [10] InfectedBoss
 2:09:33.812   Primary Spawner: "Infected", active: yes, repeat: 1
 2:09:33.812 [11] InfectedArmy
 2:09:33.812   Primary Spawner: "Infected", active: yes, repeat: 1
 2:09:33.812 [12] InfectedArmyHard
 2:09:33.812   Primary Spawner: "Infected", active: yes, repeat: 1
 2:09:33.812 [13] InfectedCity
 2:09:33.812   Primary Spawner: "Infected", active: yes, repeat: 1
 2:09:33.812 [14] InfectedCityTier1
 2:09:33.812   Primary Spawner: "Infected", active: yes, repeat: 1
 2:09:33.812 [15] InfectedFirefighter
 2:09:33.812   Primary Spawner: "Infected", active: yes, repeat: 1
 2:09:33.812 [16] InfectedIndustrial
 2:09:33.812   Primary Spawner: "Infected", active: yes, repeat: 1
 2:09:33.812 [17] InfectedMedic
 2:09:33.812   Primary Spawner: "Infected", active: yes, repeat: 1
 2:09:33.812 [18] InfectedNBC
 2:09:33.812   Primary Spawner: "Infected", active: yes, repeat: 1
 2:09:33.812 [19] InfectedNBCYellow
 2:09:33.812   Primary Spawner: "Infected", active: yes, repeat: 1
 2:09:33.812 [20] InfectedPolice
 2:09:33.812   Primary Spawner: "Infected", active: yes, repeat: 1
 2:09:33.812 [21] InfectedPoliceHard
 2:09:33.812   Primary Spawner: "Infected", active: yes, repeat: 1
 2:09:33.812 [22] InfectedPrisoner
 2:09:33.812   Primary Spawner: "Infected", active: yes, repeat: 1
 2:09:33.812 [23] InfectedReligious
 2:09:33.812   Primary Spawner: "Infected", active: yes, repeat: 1
 2:09:33.812 [24] InfectedSolitude
 2:09:33.812   Primary Spawner: "Infected", active: yes, repeat: 1
 2:09:33.812 [25] InfectedVillage
 2:09:33.812   Primary Spawner: "Infected", active: yes, repeat: 1
 2:09:33.812 [26] InfectedVillageTier1
 2:09:33.812   Primary Spawner: "Infected", active: yes, repeat: 1
 2:09:33.812 [27] ItemPlanks
 2:09:33.812   Primary Spawner: "Item", active: yes, repeat: 1
 2:09:33.812 [28] Loot
 2:09:33.812   Primary Spawner: "Loot", active: yes, repeat: 2
 2:09:33.812 [29] StaticContaminatedArea
 2:09:33.812   Primary Spawner: "Static", active: yes, repeat: 1
 2:09:33.812 [30] StaticHeliCrash
 2:09:33.812   Primary Spawner: "Static", active: yes, repeat: 1
 2:09:33.812   Secondary Spawner: "Infected", active: yes, repeat: 1
 2:09:33.812 [31] StaticPoliceCar
 2:09:33.812   Primary Spawner: "Static", active: yes, repeat: 1
 2:09:33.812   Secondary Spawner: "Infected", active: yes, repeat: 1
 2:09:33.812 [32] StaticTrain
 2:09:33.812   Primary Spawner: "Static", active: yes, repeat: 1
 2:09:33.812   Secondary Spawner: "Infected", active: yes, repeat: 1
 2:09:33.812 [33] TrajectoryApple
 2:09:33.812   Primary Spawner: "Trajectory", active: yes, repeat: 1
 2:09:33.812 [34] TrajectoryConiferous
 2:09:33.812   Primary Spawner: "Trajectory", active: yes, repeat: 1
 2:09:33.812 [35] TrajectoryDeciduous
 2:09:33.812   Primary Spawner: "Trajectory", active: yes, repeat: 1
 2:09:33.812 [36] TrajectoryHumus
 2:09:33.812   Primary Spawner: "Trajectory", active: yes, repeat: 1
 2:09:33.812 [37] TrajectoryPear
 2:09:33.812   Primary Spawner: "Trajectory", active: yes, repeat: 1
 2:09:33.812 [38] TrajectoryPlum
 2:09:33.812   Primary Spawner: "Trajectory", active: yes, repeat: 1
 2:09:33.812 [39] TrajectoryStones
 2:09:33.812   Primary Spawner: "Trajectory", active: yes, repeat: 1
 2:09:33.812 [40] VehicleCivilianSedan
 2:09:33.812   Primary Spawner: "Vehicle", active: yes, repeat: 1
 2:09:33.812 [41] VehicleHatchback02
 2:09:33.812   Primary Spawner: "Vehicle", active: yes, repeat: 1
 2:09:33.812 [42] VehicleOffroadHatchback
 2:09:33.812   Primary Spawner: "Vehicle", active: yes, repeat: 1
 2:09:33.812 [43] VehicleSedan02
 2:09:33.812   Primary Spawner: "Vehicle", active: yes, repeat: 1
 2:09:33.812 [44] VehicleTruck01
 2:09:33.812   Primary Spawner: "Vehicle", active: yes, repeat: 1
 2:09:33.812 [45] VehicleHelicopter
 2:09:33.812   Primary Spawner: "Vehicle", active: yes, repeat: 1
 2:09:33.812 [CE][Hive] :: Initializing of spawners done.
 2:09:33.812 [CE][Hive] :: Init sequence finished.
 2:09:33.812 Player connect enabled
 2:09:34.640 [IdleMode] Entering IN - save processed
 2:09:43.419 [UNLOCK] Server was unlocked.
 8:04:40.198  --- Termination successfully completed --- 
