

=====================================================================
== C:\SERVICES\ni7063137_1_SHARE\ftproot\dayzstandalone\DayZServer_x64.exe
== "C:\SERVICES\ni7063137_1_SHARE\ftproot\dayzstandalone\DayZServer_x64.exe" -ip=31.214.158.194 -port=12800 -cpuCount=4 -limitFPS=100 -adminlog -config=serverDZ.cfg "-mod=@CF;@AutoRUN;@dbo_surfaces;@DabsFramework;@DayZEditorLoader;@BuilderItems;@BaseBuildingPlus;@CodeLock;@Breachingcharge;@VPPAdminTools;@TraderPlus;@InventoryDump;@BurnAlive;@GunnerTruckOshkosh;@MuchStuffPack;@SNAFU;@CannabisPlus;@MMG;@VanillaPlusPlusMap;@UnknownGhillieMod;@MassA2Assets;@SchanaParty;@PseudoGiant;@InventoryMoveSounds;@Notifications;@AdvancedWeaponScopes;@CarsForAll;@SchanaModGlobalChat;@StaminaSettings;@DrugsPLUS;@GoreZ;@PackSouthAmericanPlague;@RedFalcon" -profiles=C:\SERVICES\ni7063137_1_SHARE\ftproot\dayzstandalone/config -BEPath=C:\SERVICES\ni7063137_1_SHARE\ftproot\dayzstandalone\battleye -noFilePatching -nologs -freezecheck
=====================================================================
Exe timestamp: 2022/07/28 08:30:35
Current time:  2022/10/13 23:03:58

Version 1.18.155069
23:03:58.00 [Inputs] Loading inputs default "bin/constants.xml"
23:03:58.16 [Inputs] Loading inputs default "bin/specific.xml"
23:03:58.16 [Inputs] Loading inputs default "BBP_keybind/data/modded_Inputs.xml"
23:03:58.16 [Inputs] Loading inputs default "InventoryMoveSounds/Scripts/Data/Inputs.xml"
23:03:58.16 [Inputs] Loading inputs default "SIX_Autorun/Scripts/Inputs.xml"
23:03:58.16 [Inputs] Loading inputs default "SpardaTextura/inputs/Inputs.xml"
23:03:58.16 [Inputs] Loading inputs default "VanillaPPMap/data/modded_Inputs.xml"
23:03:58.31 [Inputs] Loading inputs default "VehiclesVipNemesis/inputs/Inputs.xml"
23:03:58.31 [Inputs] Loading inputs default "VPPAdminTools/data/modded_Inputs.xml"
23:03:58.31 [Inputs] Loading inputs default "CarLock/scripts/3_Game/inputs.xml"
23:03:58.31 [Inputs] Loading inputs default "Ghost/InventoryDump/Client/Data/modded_inputs.xml"
23:03:58.31 [Inputs] Loading inputs default "Notifications/inputs/inputs.xml"
23:03:58.31 [Inputs] Loading inputs default "RFFSHeli_Core/modded_Inputs.xml"
23:03:58.31 [Inputs] Loading inputs default "SchanaModGlobalChat/Data/Inputs.xml"
23:03:58.31 [Inputs] Loading inputs default "SchanaModParty/Data/Inputs.xml"
23:03:58.31 !!! [Inputs] Cannot load inputs default "", file does not exist
23:03:58.31 !!! [Inputs] Failed to load MODDED inputs - file name/ path invalid?
23:03:58.31 [Inputs] Loading inputs cfg "C:\SERVICES\ni7063137_1_SHARE\ftproot\dayzstandalone/config\Users\Survivor\Server.core.xml"
23:03:58.47 [Inputs] Exporting inputs cfg "C:\SERVICES\ni7063137_1_SHARE\ftproot\dayzstandalone/config\Users\Survivor\Server.core.xml"
23:04:33.183 [CE][Hive] :: Initializing OFFLINE
23:04:33.199 [CE][Hive] :: Loading core data ... 
23:04:33.199 [CE][CoreData] :: 7 root classes, 18 defaults, 0 updaters...
23:04:40.44 [CE] :: WARNING :: Preset map "optics" is EMPTY.
23:04:40.44 [CE][TypeSetup] :: 470 classes setuped...
23:04:40.60 [CE] :: WARNING :: Preset map "optics" is EMPTY.
23:04:40.60 [CE][TypeSetup] :: 377 classes setuped...
23:04:42.169 [CE][RegisterBind] :: 0 classes binded...
23:04:42.169 [CE][RegisterConfig] :: 17183 config classes registered, 0 sub-counters...
23:04:42.169 [CE][Hive] :: Loading map data ... 
23:04:42.169 [CE][IgnoreList] "cfgignorelist.xml" :: loaded 19 types
23:04:42.231 [CE][LoadPrototype] :: loaded 368 prototypes
23:04:42.231   754 containers, 9611 points
23:04:42.231   32 dispatches, 115 proxies
23:04:42.231 !!! [CE][LoadPrototype] 14 groups have no points...
23:04:42.231 !!![CE][LoadPrototype]  2 groups have wrong points...
23:04:42.231 [CE][LoadPrototype] :: last group name: StaticObj_Wreck_Ural_DE...
23:04:42.231 [CE][LoadPrototype] :: loaded 0 prototypes
23:04:42.231   0 containers, 0 points
23:04:42.231   0 dispatches, 0 proxies
23:04:42.231 [CE][LoadPrototype] :: last group name: Rail9...
23:04:43.309 [CE][LoadMap] "Group" :: loaded 11620 groups, groups failed: 0, largest group range: 34.2
23:04:43.325 [CE][LoadMap] "Dirt" :: loaded 0 groups, groups failed: 0, largest group range: 34.2
23:04:43.700 [CE][Links] found 1888 total links between groups, of 11620
23:04:43.700 [CE][LoadClusters] "Cluster" :: Loading files...
23:04:43.872 [CE][LoadClusters] :: file: "mapgroupcluster.xml", 9 types, 50000 instances
23:04:44.59 [CE][LoadClusters] :: file: "mapgroupcluster01", 9 types, 50000 instances
23:04:44.262 [CE][LoadClusters] :: file: "mapgroupcluster02", 9 types, 50000 instances
23:04:44.450 [CE][LoadClusters] :: file: "mapgroupcluster03", 9 types, 50000 instances
23:04:44.528 [CE][LoadClusters] :: file: "mapgroupcluster04", 9 types, 17347 instances
23:04:44.528 [CE][Storage] ver:21 stamp:181940, valid:yes, name:"mpmissions\dayzOffline.chernarusplus\storage_1\data\types.bin"
23:04:44.528 [CE][Storage] ver:21 stamp:181561, valid:yes, name:"mpmissions\dayzOffline.chernarusplus\storage_1\data\types.001"
23:04:44.543 [CE][Storage] ver:21 stamp:181559, valid:yes, name:"mpmissions\dayzOffline.chernarusplus\storage_1\data\types.002"
23:04:44.543 [CE][Storage] Restoring file "mpmissions\dayzOffline.chernarusplus\storage_1\data\types.bin".
23:04:44.762 !!! [CE][offlineDB] :: No Shutdown message present.
23:04:44.778 [CE][offlineDB] :: Loaded 46 dynamic events 302 total types.
23:04:44.793 !!! [CE][offlineDB] :: Type 'ChristmasTree' will be ignored. (Not spawnable. (Scope is not public?))
23:04:44.824 [CE][Storage] ver:21 stamp:181940, valid:yes, name:"mpmissions\dayzOffline.chernarusplus\storage_1\data\events.bin"
23:04:44.840 [CE][Storage] ver:21 stamp:181561, valid:yes, name:"mpmissions\dayzOffline.chernarusplus\storage_1\data\events.001"
23:04:44.840 [CE][Storage] ver:21 stamp:181559, valid:yes, name:"mpmissions\dayzOffline.chernarusplus\storage_1\data\events.002"
23:04:44.840 [CE][Storage] Restoring file "mpmissions\dayzOffline.chernarusplus\storage_1\data\events.bin".
23:04:44.840 [CE][DynamicEvent] Load  Events:[46] Primary spawners: 46 Secondary spawners: 3
23:04:44.840 [CE][Storage] ver:25 stamp:181940, valid:yes, name:"mpmissions\dayzOffline.chernarusplus\storage_1\data\dynamic_000.bin"
23:04:44.840 [CE][Storage] ver:25 stamp:181561, valid:yes, name:"mpmissions\dayzOffline.chernarusplus\storage_1\data\dynamic_000.001"
23:04:44.840 [CE][Storage] ver:25 stamp:181559, valid:yes, name:"mpmissions\dayzOffline.chernarusplus\storage_1\data\dynamic_000.002"
23:04:44.840 [CE][Storage] Restoring file "mpmissions\dayzOffline.chernarusplus\storage_1\data\dynamic_000.bin" 833 items.
23:04:45.418   833 items loaded. (0 failed)
23:04:45.418 [CE][Storage] ver:25 stamp:181940, valid:yes, name:"mpmissions\dayzOffline.chernarusplus\storage_1\data\dynamic_001.bin"
23:04:45.418 [CE][Storage] ver:25 stamp:181561, valid:yes, name:"mpmissions\dayzOffline.chernarusplus\storage_1\data\dynamic_001.001"
23:04:45.418 [CE][Storage] ver:25 stamp:181559, valid:yes, name:"mpmissions\dayzOffline.chernarusplus\storage_1\data\dynamic_001.002"
23:04:45.418 [CE][Storage] Restoring file "mpmissions\dayzOffline.chernarusplus\storage_1\data\dynamic_001.bin" 1730 items.
23:04:46.449   1730 items loaded. (0 failed)
23:04:46.449 [CE][Storage] ver:25 stamp:181940, valid:yes, name:"mpmissions\dayzOffline.chernarusplus\storage_1\data\dynamic_002.bin"
23:04:46.449 [CE][Storage] ver:25 stamp:181561, valid:yes, name:"mpmissions\dayzOffline.chernarusplus\storage_1\data\dynamic_002.001"
23:04:46.449 [CE][Storage] ver:25 stamp:181559, valid:yes, name:"mpmissions\dayzOffline.chernarusplus\storage_1\data\dynamic_002.002"
23:04:46.449 [CE][Storage] Restoring file "mpmissions\dayzOffline.chernarusplus\storage_1\data\dynamic_002.bin" 2443 items.
23:04:47.386   2443 items loaded. (0 failed)
23:04:47.402 [CE][Storage] ver:25 stamp:181940, valid:yes, name:"mpmissions\dayzOffline.chernarusplus\storage_1\data\dynamic_003.bin"
23:04:47.402 [CE][Storage] ver:25 stamp:181561, valid:yes, name:"mpmissions\dayzOffline.chernarusplus\storage_1\data\dynamic_003.001"
23:04:47.402 [CE][Storage] ver:25 stamp:181559, valid:yes, name:"mpmissions\dayzOffline.chernarusplus\storage_1\data\dynamic_003.002"
23:04:47.402 [CE][Storage] Restoring file "mpmissions\dayzOffline.chernarusplus\storage_1\data\dynamic_003.bin" 2334 items.
23:04:48.365   2334 items loaded. (0 failed)
23:04:48.365 [CE][Storage] ver:25 stamp:181940, valid:yes, name:"mpmissions\dayzOffline.chernarusplus\storage_1\data\dynamic_004.bin"
23:04:48.365 [CE][Storage] ver:25 stamp:181561, valid:yes, name:"mpmissions\dayzOffline.chernarusplus\storage_1\data\dynamic_004.001"
23:04:48.365 [CE][Storage] ver:25 stamp:181559, valid:yes, name:"mpmissions\dayzOffline.chernarusplus\storage_1\data\dynamic_004.002"
23:04:48.365 [CE][Storage] Restoring file "mpmissions\dayzOffline.chernarusplus\storage_1\data\dynamic_004.bin" 1839 items.
23:04:49.68   1839 items loaded. (0 failed)
23:04:49.68 [CE][Storage] ver:25 stamp:181940, valid:yes, name:"mpmissions\dayzOffline.chernarusplus\storage_1\data\dynamic_005.bin"
23:04:49.68 [CE][Storage] ver:25 stamp:181561, valid:yes, name:"mpmissions\dayzOffline.chernarusplus\storage_1\data\dynamic_005.001"
23:04:49.68 [CE][Storage] ver:25 stamp:181559, valid:yes, name:"mpmissions\dayzOffline.chernarusplus\storage_1\data\dynamic_005.002"
23:04:49.68 [CE][Storage] Restoring file "mpmissions\dayzOffline.chernarusplus\storage_1\data\dynamic_005.bin" 2008 items.
23:04:49.771   2008 items loaded. (0 failed)
23:04:49.787 [CE][Storage] ver:25 stamp:181940, valid:yes, name:"mpmissions\dayzOffline.chernarusplus\storage_1\data\dynamic_006.bin"
23:04:49.787 [CE][Storage] ver:25 stamp:181561, valid:yes, name:"mpmissions\dayzOffline.chernarusplus\storage_1\data\dynamic_006.001"
23:04:49.787 [CE][Storage] ver:25 stamp:181559, valid:yes, name:"mpmissions\dayzOffline.chernarusplus\storage_1\data\dynamic_006.002"
23:04:49.787 [CE][Storage] Restoring file "mpmissions\dayzOffline.chernarusplus\storage_1\data\dynamic_006.bin" 1467 items.
23:04:50.318   1467 items loaded. (0 failed)
23:04:50.333 [CE][Storage] ver:25 stamp:181940, valid:yes, name:"mpmissions\dayzOffline.chernarusplus\storage_1\data\dynamic_007.bin"
23:04:50.333 [CE][Storage] ver:25 stamp:181561, valid:yes, name:"mpmissions\dayzOffline.chernarusplus\storage_1\data\dynamic_007.001"
23:04:50.333 [CE][Storage] ver:25 stamp:181559, valid:yes, name:"mpmissions\dayzOffline.chernarusplus\storage_1\data\dynamic_007.002"
23:04:50.333 [CE][Storage] Restoring file "mpmissions\dayzOffline.chernarusplus\storage_1\data\dynamic_007.bin" 1477 items.
23:04:50.989   1477 items loaded. (0 failed)
23:04:50.989 [CE][Storage] ver:25 stamp:181940, valid:yes, name:"mpmissions\dayzOffline.chernarusplus\storage_1\data\dynamic_008.bin"
23:04:50.989 [CE][Storage] ver:25 stamp:181561, valid:yes, name:"mpmissions\dayzOffline.chernarusplus\storage_1\data\dynamic_008.001"
23:04:50.989 [CE][Storage] ver:25 stamp:181559, valid:yes, name:"mpmissions\dayzOffline.chernarusplus\storage_1\data\dynamic_008.002"
23:04:50.989 [CE][Storage] Restoring file "mpmissions\dayzOffline.chernarusplus\storage_1\data\dynamic_008.bin" 2041 items.
23:04:51.771   2041 items loaded. (0 failed)
23:04:51.771 [CE][Storage] ver:25 stamp:181940, valid:yes, name:"mpmissions\dayzOffline.chernarusplus\storage_1\data\dynamic_009.bin"
23:04:51.786 [CE][Storage] ver:25 stamp:181561, valid:yes, name:"mpmissions\dayzOffline.chernarusplus\storage_1\data\dynamic_009.001"
23:04:51.786 [CE][Storage] ver:25 stamp:181559, valid:yes, name:"mpmissions\dayzOffline.chernarusplus\storage_1\data\dynamic_009.002"
23:04:51.786 [CE][Storage] Restoring file "mpmissions\dayzOffline.chernarusplus\storage_1\data\dynamic_009.bin" 2643 items.
23:04:52.895   2643 items loaded. (0 failed)
23:04:52.895 [CE][Storage] ver:25 stamp:181940, valid:yes, name:"mpmissions\dayzOffline.chernarusplus\storage_1\data\dynamic_010.bin"
23:04:52.911 [CE][Storage] ver:25 stamp:181561, valid:yes, name:"mpmissions\dayzOffline.chernarusplus\storage_1\data\dynamic_010.001"
23:04:52.911 [CE][Storage] ver:25 stamp:181559, valid:yes, name:"mpmissions\dayzOffline.chernarusplus\storage_1\data\dynamic_010.002"
23:04:52.911 [CE][Storage] Restoring file "mpmissions\dayzOffline.chernarusplus\storage_1\data\dynamic_010.bin" 1867 items.
23:04:53.645   1867 items loaded. (0 failed)
23:04:53.645 [CE][Storage] ver:25 stamp:181940, valid:yes, name:"mpmissions\dayzOffline.chernarusplus\storage_1\data\dynamic_011.bin"
23:04:53.645 [CE][Storage] ver:25 stamp:181561, valid:yes, name:"mpmissions\dayzOffline.chernarusplus\storage_1\data\dynamic_011.001"
23:04:53.645 [CE][Storage] ver:25 stamp:181559, valid:yes, name:"mpmissions\dayzOffline.chernarusplus\storage_1\data\dynamic_011.002"
23:04:53.645 [CE][Storage] Restoring file "mpmissions\dayzOffline.chernarusplus\storage_1\data\dynamic_011.bin" 255 items.
23:04:54.208   255 items loaded. (0 failed)
23:04:54.208 [CE][Storage] ver:26 stamp:181940, valid:yes, name:"mpmissions\dayzOffline.chernarusplus\storage_1\data\building.bin"
23:04:54.208 [CE][Storage] ver:26 stamp:181561, valid:yes, name:"mpmissions\dayzOffline.chernarusplus\storage_1\data\building.001"
23:04:54.208 [CE][Storage] ver:26 stamp:181559, valid:yes, name:"mpmissions\dayzOffline.chernarusplus\storage_1\data\building.002"
23:04:54.208 [CE][Storage] Restoring file "mpmissions\dayzOffline.chernarusplus\storage_1\data\building.bin" 5 items.
23:04:54.208   5 items loaded. (0 failed)
23:04:54.208 [CE][Storage] ver:25 stamp:181940, valid:yes, name:"mpmissions\dayzOffline.chernarusplus\storage_1\data\vehicles.bin"
23:04:54.208 [CE][Storage] ver:25 stamp:181561, valid:yes, name:"mpmissions\dayzOffline.chernarusplus\storage_1\data\vehicles.001"
23:04:54.223 [CE][Storage] ver:25 stamp:181559, valid:yes, name:"mpmissions\dayzOffline.chernarusplus\storage_1\data\vehicles.002"
23:04:54.223 [CE][Storage] Restoring file "mpmissions\dayzOffline.chernarusplus\storage_1\data\vehicles.bin" 181 items.
23:04:54.895   181 items loaded. (0 failed)
23:04:54.910 [CE][Hive] :: Storage load took:10.06 seconds, recovery stamp:181940
23:04:54.910   entity: 27149, building: 5
23:04:54.910   no lifetime: 68
23:04:54.910   pathgraph's: 818
23:04:54.926 [CE][Hive] :: Initializing ... 
23:04:54.957 [CE][InitializeMap] :: initialized: 4
23:04:54.957 [CE][Hive] :: Initializing spawners ... 
23:04:55.160 !!! [CE][DE][SPAWNS] :: [WARNING] :: Skipping entry for non-existing event 'VehicleTransitBus'.
23:04:55.160 [CE][DE][SPAWNS] :: Total positions: 1165
23:04:55.160 [CE][DE][GROUPS] :: Total eventgroups defined: 21, Eventgroups in use: 21
23:04:57.504 [CE][LootRespawner] (PRIDummy) :: Initially (re)spawned:0, Nominal:27715, Total in Map: 20209 at 0 (sec)
23:04:57.504   tests:0, repeats:0 fails:0, overtime:0
23:04:57.519 [CE][DynEvent] :: 46 types
23:04:57.519 [00] AmbientHen
23:04:57.519   Primary Spawner: "Ambient", active: yes, repeat: 1
23:04:57.519 [01] AnimalBear
23:04:57.519   Primary Spawner: "Animal", active: yes, repeat: 1
23:04:57.519 [02] AnimalCow
23:04:57.519   Primary Spawner: "Animal", active: yes, repeat: 1
23:04:57.519 [03] AnimalDeer
23:04:57.519   Primary Spawner: "Animal", active: yes, repeat: 1
23:04:57.519 [04] AnimalGoat
23:04:57.519   Primary Spawner: "Animal", active: yes, repeat: 1
23:04:57.519 [05] AnimalPig
23:04:57.519   Primary Spawner: "Animal", active: yes, repeat: 1
23:04:57.519 [06] AnimalRoeDeer
23:04:57.519   Primary Spawner: "Animal", active: yes, repeat: 1
23:04:57.519 [07] AnimalSheep
23:04:57.519   Primary Spawner: "Animal", active: yes, repeat: 1
23:04:57.519 [08] AnimalWildBoar
23:04:57.519   Primary Spawner: "Animal", active: yes, repeat: 1
23:04:57.519 [09] AnimalWolf
23:04:57.519   Primary Spawner: "Animal", active: yes, repeat: 1
23:04:57.519 [10] InfectedBoss
23:04:57.519   Primary Spawner: "Infected", active: yes, repeat: 1
23:04:57.519 [11] InfectedArmy
23:04:57.519   Primary Spawner: "Infected", active: yes, repeat: 1
23:04:57.519 [12] InfectedArmyHard
23:04:57.519   Primary Spawner: "Infected", active: yes, repeat: 1
23:04:57.519 [13] InfectedCity
23:04:57.519   Primary Spawner: "Infected", active: yes, repeat: 1
23:04:57.519 [14] InfectedCityTier1
23:04:57.519   Primary Spawner: "Infected", active: yes, repeat: 1
23:04:57.519 [15] InfectedFirefighter
23:04:57.519   Primary Spawner: "Infected", active: yes, repeat: 1
23:04:57.519 [16] InfectedIndustrial
23:04:57.519   Primary Spawner: "Infected", active: yes, repeat: 1
23:04:57.519 [17] InfectedMedic
23:04:57.519   Primary Spawner: "Infected", active: yes, repeat: 1
23:04:57.519 [18] InfectedNBC
23:04:57.519   Primary Spawner: "Infected", active: yes, repeat: 1
23:04:57.519 [19] InfectedNBCYellow
23:04:57.519   Primary Spawner: "Infected", active: yes, repeat: 1
23:04:57.519 [20] InfectedPolice
23:04:57.519   Primary Spawner: "Infected", active: yes, repeat: 1
23:04:57.519 [21] InfectedPoliceHard
23:04:57.519   Primary Spawner: "Infected", active: yes, repeat: 1
23:04:57.519 [22] InfectedPrisoner
23:04:57.519   Primary Spawner: "Infected", active: yes, repeat: 1
23:04:57.519 [23] InfectedReligious
23:04:57.519   Primary Spawner: "Infected", active: yes, repeat: 1
23:04:57.519 [24] InfectedSolitude
23:04:57.519   Primary Spawner: "Infected", active: yes, repeat: 1
23:04:57.519 [25] InfectedVillage
23:04:57.519   Primary Spawner: "Infected", active: yes, repeat: 1
23:04:57.519 [26] InfectedVillageTier1
23:04:57.519   Primary Spawner: "Infected", active: yes, repeat: 1
23:04:57.519 [27] ItemPlanks
23:04:57.519   Primary Spawner: "Item", active: yes, repeat: 1
23:04:57.519 [28] Loot
23:04:57.519   Primary Spawner: "Loot", active: yes, repeat: 2
23:04:57.519 [29] StaticContaminatedArea
23:04:57.519   Primary Spawner: "Static", active: yes, repeat: 1
23:04:57.519 [30] StaticHeliCrash
23:04:57.519   Primary Spawner: "Static", active: yes, repeat: 1
23:04:57.519   Secondary Spawner: "Infected", active: yes, repeat: 1
23:04:57.519 [31] StaticPoliceCar
23:04:57.519   Primary Spawner: "Static", active: yes, repeat: 1
23:04:57.519   Secondary Spawner: "Infected", active: yes, repeat: 1
23:04:57.519 [32] StaticTrain
23:04:57.519   Primary Spawner: "Static", active: yes, repeat: 1
23:04:57.519   Secondary Spawner: "Infected", active: yes, repeat: 1
23:04:57.519 [33] TrajectoryApple
23:04:57.519   Primary Spawner: "Trajectory", active: yes, repeat: 1
23:04:57.519 [34] TrajectoryConiferous
23:04:57.519   Primary Spawner: "Trajectory", active: yes, repeat: 1
23:04:57.519 [35] TrajectoryDeciduous
23:04:57.519   Primary Spawner: "Trajectory", active: yes, repeat: 1
23:04:57.519 [36] TrajectoryHumus
23:04:57.519   Primary Spawner: "Trajectory", active: yes, repeat: 1
23:04:57.519 [37] TrajectoryPear
23:04:57.519   Primary Spawner: "Trajectory", active: yes, repeat: 1
23:04:57.519 [38] TrajectoryPlum
23:04:57.519   Primary Spawner: "Trajectory", active: yes, repeat: 1
23:04:57.519 [39] TrajectoryStones
23:04:57.519   Primary Spawner: "Trajectory", active: yes, repeat: 1
23:04:57.519 [40] VehicleCivilianSedan
23:04:57.519   Primary Spawner: "Vehicle", active: yes, repeat: 1
23:04:57.519 [41] VehicleHatchback02
23:04:57.519   Primary Spawner: "Vehicle", active: yes, repeat: 1
23:04:57.519 [42] VehicleOffroadHatchback
23:04:57.519   Primary Spawner: "Vehicle", active: yes, repeat: 1
23:04:57.519 [43] VehicleSedan02
23:04:57.519   Primary Spawner: "Vehicle", active: yes, repeat: 1
23:04:57.519 [44] VehicleTruck01
23:04:57.519   Primary Spawner: "Vehicle", active: yes, repeat: 1
23:04:57.519 [45] VehicleHelicopter
23:04:57.519   Primary Spawner: "Vehicle", active: yes, repeat: 1
23:04:57.519 [CE][Hive] :: Initializing of spawners done.
23:04:57.535 [CE][Hive] :: Init sequence finished.
23:04:57.535 Player connect enabled
23:04:58.363 [IdleMode] Entering IN - save processed
23:05:07.486 [UNLOCK] Server was unlocked.
 5:09:04.148  --- Termination successfully completed --- 
