

=====================================================================
== C:\SERVICES\ni7063137_1_SHARE\ftproot\dayzstandalone\DayZServer_x64.exe
== "C:\SERVICES\ni7063137_1_SHARE\ftproot\dayzstandalone\DayZServer_x64.exe" -ip=31.214.158.194 -port=12800 -cpuCount=4 -limitFPS=100 -adminlog -config=serverDZ.cfg "-mod=@CF;@DabsFramework;@DayZEditorLoader;@BuilderItems;@BaseBuildingPlus;@CodeLock;@Breachingcharge;@VPPAdminTools;@TraderPlus;@InventoryDump;@BurnAlive;@GunnerTruckOshkosh;@MuchStuffPack;@SNAFU;@CannabisPlus;@MMG;@VanillaPlusPlusMap;@UnknownGhillieMod;@MassA2Assets;@SchanaParty;@PseudoGiant;@InventoryMoveSounds;@Notifications;@AdvancedWeaponScopes;@CarsForAll;@SchanaModGlobalChat;@StaminaSettings;@DrugsPLUS;@GoreZ;@PackSouthAmericanPlague;@RedFalcon" -profiles=C:\SERVICES\ni7063137_1_SHARE\ftproot\dayzstandalone/config -BEPath=C:\SERVICES\ni7063137_1_SHARE\ftproot\dayzstandalone\battleye -noFilePatching -nologs -freezecheck
=====================================================================
Exe timestamp: 2022/07/28 08:30:35
Current time:  2022/09/05 21:55:22

Version 1.18.155069
21:55:22.394 [Inputs] Loading inputs default "bin/constants.xml"
21:55:22.410 [Inputs] Loading inputs default "bin/specific.xml"
21:55:22.410 [Inputs] Loading inputs default "BBP_keybind/data/modded_Inputs.xml"
21:55:22.410 [Inputs] Loading inputs default "InventoryMoveSounds/Scripts/Data/Inputs.xml"
21:55:22.410 [Inputs] Loading inputs default "SpardaTextura/inputs/Inputs.xml"
21:55:22.410 [Inputs] Loading inputs default "VanillaPPMap/data/modded_Inputs.xml"
21:55:22.410 [Inputs] Loading inputs default "VehiclesVipNemesis/inputs/Inputs.xml"
21:55:22.410 [Inputs] Loading inputs default "VPPAdminTools/data/modded_Inputs.xml"
21:55:22.410 [Inputs] Loading inputs default "CarLock/scripts/3_Game/inputs.xml"
21:55:22.410 [Inputs] Loading inputs default "Ghost/InventoryDump/Client/Data/modded_inputs.xml"
21:55:22.410 [Inputs] Loading inputs default "Notifications/inputs/inputs.xml"
21:55:22.425 [Inputs] Loading inputs default "RFFSHeli_Core/modded_Inputs.xml"
21:55:22.425 [Inputs] Loading inputs default "SchanaModGlobalChat/Data/Inputs.xml"
21:55:22.425 [Inputs] Loading inputs default "SchanaModParty/Data/Inputs.xml"
21:55:22.425 !!! [Inputs] Cannot load inputs default "", file does not exist
21:55:22.425 !!! [Inputs] Failed to load MODDED inputs - file name/ path invalid?
21:55:22.425 [Inputs] Loading inputs cfg "C:\SERVICES\ni7063137_1_SHARE\ftproot\dayzstandalone/config\Users\Survivor\Server.core.xml"
21:55:22.441 [Inputs] Exporting inputs cfg "C:\SERVICES\ni7063137_1_SHARE\ftproot\dayzstandalone/config\Users\Survivor\Server.core.xml"
21:56:01.239 [CE][Hive] :: Initializing OFFLINE
21:56:01.255 [CE][Hive] :: Loading core data ... 
21:56:01.255 [CE][CoreData] :: 7 root classes, 18 defaults, 0 updaters...
21:56:07.956 [CE] :: WARNING :: Preset map "optics" is EMPTY.
21:56:07.956 [CE][TypeSetup] :: 470 classes setuped...
21:56:07.972 [CE] :: WARNING :: Preset map "optics" is EMPTY.
21:56:07.988 [CE][TypeSetup] :: 353 classes setuped...
21:56:10.300 [CE][RegisterBind] :: 0 classes binded...
21:56:10.300 [CE][RegisterConfig] :: 17183 config classes registered, 0 sub-counters...
21:56:10.300 [CE][Hive] :: Loading map data ... 
21:56:10.300 [CE][IgnoreList] "cfgignorelist.xml" :: loaded 19 types
21:56:10.346 [CE][LoadPrototype] :: loaded 368 prototypes
21:56:10.346   754 containers, 9611 points
21:56:10.346   32 dispatches, 115 proxies
21:56:10.346 !!! [CE][LoadPrototype] 14 groups have no points...
21:56:10.346 !!![CE][LoadPrototype]  2 groups have wrong points...
21:56:10.346 [CE][LoadPrototype] :: last group name: StaticObj_Wreck_Ural_DE...
21:56:10.362 [CE][LoadPrototype] :: loaded 0 prototypes
21:56:10.362   0 containers, 0 points
21:56:10.362   0 dispatches, 0 proxies
21:56:10.362 [CE][LoadPrototype] :: last group name: Rail9...
21:56:11.565 [CE][LoadMap] "Group" :: loaded 11620 groups, groups failed: 0, largest group range: 34.2
21:56:11.565 [CE][LoadMap] "Dirt" :: loaded 0 groups, groups failed: 0, largest group range: 34.2
21:56:11.971 [CE][Links] found 1888 total links between groups, of 11620
21:56:11.971 [CE][LoadClusters] "Cluster" :: Loading files...
21:56:12.174 [CE][LoadClusters] :: file: "mapgroupcluster.xml", 9 types, 50000 instances
21:56:12.377 [CE][LoadClusters] :: file: "mapgroupcluster01", 9 types, 50000 instances
21:56:12.596 [CE][LoadClusters] :: file: "mapgroupcluster02", 9 types, 50000 instances
21:56:12.799 [CE][LoadClusters] :: file: "mapgroupcluster03", 9 types, 50000 instances
21:56:12.877 [CE][LoadClusters] :: file: "mapgroupcluster04", 9 types, 17347 instances
21:56:12.893 [CE][Storage] ver:21 stamp:106048, valid:yes, name:"mpmissions\dayzOffline.chernarusplus\storage_1\data\types.bin"
21:56:12.893 [CE][Storage] ver:21 stamp:105982, valid:yes, name:"mpmissions\dayzOffline.chernarusplus\storage_1\data\types.001"
21:56:12.893 [CE][Storage] ver:21 stamp:105983, valid:yes, name:"mpmissions\dayzOffline.chernarusplus\storage_1\data\types.002"
21:56:12.893 [CE][Storage] Restoring file "mpmissions\dayzOffline.chernarusplus\storage_1\data\types.bin".
21:56:13.127 !!! [CE][offlineDB] :: No Shutdown message present.
21:56:13.143 !!! [CE][DE] (VehicleBoat) :: Unable to create child (powerboat_boat_SIB0) as the type does not exist.
21:56:13.143 [CE][offlineDB] :: Loaded 47 dynamic events 302 total types.
21:56:13.174 !!! [CE][offlineDB] :: Type 'ChristmasTree' will be ignored. (Not spawnable. (Scope is not public?))
21:56:13.205 [CE][Storage] ver:21 stamp:106048, valid:yes, name:"mpmissions\dayzOffline.chernarusplus\storage_1\data\events.bin"
21:56:13.205 [CE][Storage] ver:21 stamp:105982, valid:yes, name:"mpmissions\dayzOffline.chernarusplus\storage_1\data\events.001"
21:56:13.205 [CE][Storage] ver:21 stamp:105983, valid:yes, name:"mpmissions\dayzOffline.chernarusplus\storage_1\data\events.002"
21:56:13.205 [CE][Storage] Restoring file "mpmissions\dayzOffline.chernarusplus\storage_1\data\events.bin".
21:56:13.205 [CE][DynamicEvent] Load  Events:[47] Primary spawners: 47 Secondary spawners: 3
21:56:13.205 [CE][Storage] ver:25 stamp:106048, valid:yes, name:"mpmissions\dayzOffline.chernarusplus\storage_1\data\dynamic_000.bin"
21:56:13.205 [CE][Storage] ver:25 stamp:105982, valid:yes, name:"mpmissions\dayzOffline.chernarusplus\storage_1\data\dynamic_000.001"
21:56:13.221 [CE][Storage] ver:25 stamp:105983, valid:yes, name:"mpmissions\dayzOffline.chernarusplus\storage_1\data\dynamic_000.002"
21:56:13.221 [CE][Storage] Restoring file "mpmissions\dayzOffline.chernarusplus\storage_1\data\dynamic_000.bin" 839 items.
21:56:13.752   839 items loaded. (0 failed)
21:56:13.752 [CE][Storage] ver:25 stamp:106048, valid:yes, name:"mpmissions\dayzOffline.chernarusplus\storage_1\data\dynamic_001.bin"
21:56:13.752 [CE][Storage] ver:25 stamp:105982, valid:yes, name:"mpmissions\dayzOffline.chernarusplus\storage_1\data\dynamic_001.001"
21:56:13.752 [CE][Storage] ver:25 stamp:105983, valid:yes, name:"mpmissions\dayzOffline.chernarusplus\storage_1\data\dynamic_001.002"
21:56:13.752 [CE][Storage] Restoring file "mpmissions\dayzOffline.chernarusplus\storage_1\data\dynamic_001.bin" 1780 items.
21:56:14.674   1780 items loaded. (0 failed)
21:56:14.674 [CE][Storage] ver:25 stamp:106048, valid:yes, name:"mpmissions\dayzOffline.chernarusplus\storage_1\data\dynamic_002.bin"
21:56:14.689 [CE][Storage] ver:25 stamp:105982, valid:yes, name:"mpmissions\dayzOffline.chernarusplus\storage_1\data\dynamic_002.001"
21:56:14.689 [CE][Storage] ver:25 stamp:105983, valid:yes, name:"mpmissions\dayzOffline.chernarusplus\storage_1\data\dynamic_002.002"
21:56:14.689 [CE][Storage] Restoring file "mpmissions\dayzOffline.chernarusplus\storage_1\data\dynamic_002.bin" 2423 items.
21:56:15.611   2423 items loaded. (0 failed)
21:56:15.626 [CE][Storage] ver:25 stamp:106048, valid:yes, name:"mpmissions\dayzOffline.chernarusplus\storage_1\data\dynamic_003.bin"
21:56:15.626 [CE][Storage] ver:25 stamp:105982, valid:yes, name:"mpmissions\dayzOffline.chernarusplus\storage_1\data\dynamic_003.001"
21:56:15.626 [CE][Storage] ver:25 stamp:105983, valid:yes, name:"mpmissions\dayzOffline.chernarusplus\storage_1\data\dynamic_003.002"
21:56:15.626 [CE][Storage] Restoring file "mpmissions\dayzOffline.chernarusplus\storage_1\data\dynamic_003.bin" 2359 items.
21:56:16.611   2359 items loaded. (0 failed)
21:56:16.626 [CE][Storage] ver:25 stamp:106048, valid:yes, name:"mpmissions\dayzOffline.chernarusplus\storage_1\data\dynamic_004.bin"
21:56:16.626 [CE][Storage] ver:25 stamp:105982, valid:yes, name:"mpmissions\dayzOffline.chernarusplus\storage_1\data\dynamic_004.001"
21:56:16.626 [CE][Storage] ver:25 stamp:105983, valid:yes, name:"mpmissions\dayzOffline.chernarusplus\storage_1\data\dynamic_004.002"
21:56:16.626 [CE][Storage] Restoring file "mpmissions\dayzOffline.chernarusplus\storage_1\data\dynamic_004.bin" 1950 items.
21:56:17.532   1950 items loaded. (0 failed)
21:56:17.532 [CE][Storage] ver:25 stamp:106048, valid:yes, name:"mpmissions\dayzOffline.chernarusplus\storage_1\data\dynamic_005.bin"
21:56:17.532 [CE][Storage] ver:25 stamp:105982, valid:yes, name:"mpmissions\dayzOffline.chernarusplus\storage_1\data\dynamic_005.001"
21:56:17.532 [CE][Storage] ver:25 stamp:105983, valid:yes, name:"mpmissions\dayzOffline.chernarusplus\storage_1\data\dynamic_005.002"
21:56:17.532 [CE][Storage] Restoring file "mpmissions\dayzOffline.chernarusplus\storage_1\data\dynamic_005.bin" 2071 items.
21:56:18.355   2071 items loaded. (0 failed)
21:56:18.365 [CE][Storage] ver:25 stamp:106048, valid:yes, name:"mpmissions\dayzOffline.chernarusplus\storage_1\data\dynamic_006.bin"
21:56:18.365 [CE][Storage] ver:25 stamp:105982, valid:yes, name:"mpmissions\dayzOffline.chernarusplus\storage_1\data\dynamic_006.001"
21:56:18.365 [CE][Storage] ver:25 stamp:105983, valid:yes, name:"mpmissions\dayzOffline.chernarusplus\storage_1\data\dynamic_006.002"
21:56:18.365 [CE][Storage] Restoring file "mpmissions\dayzOffline.chernarusplus\storage_1\data\dynamic_006.bin" 1496 items.
21:56:18.933   1496 items loaded. (0 failed)
21:56:18.943 [CE][Storage] ver:25 stamp:106048, valid:yes, name:"mpmissions\dayzOffline.chernarusplus\storage_1\data\dynamic_007.bin"
21:56:18.943 [CE][Storage] ver:25 stamp:105982, valid:yes, name:"mpmissions\dayzOffline.chernarusplus\storage_1\data\dynamic_007.001"
21:56:18.943 [CE][Storage] ver:25 stamp:105983, valid:yes, name:"mpmissions\dayzOffline.chernarusplus\storage_1\data\dynamic_007.002"
21:56:18.943 [CE][Storage] Restoring file "mpmissions\dayzOffline.chernarusplus\storage_1\data\dynamic_007.bin" 1529 items.
21:56:19.648   1529 items loaded. (0 failed)
21:56:19.648 [CE][Storage] ver:25 stamp:106048, valid:yes, name:"mpmissions\dayzOffline.chernarusplus\storage_1\data\dynamic_008.bin"
21:56:19.664 [CE][Storage] ver:25 stamp:105982, valid:yes, name:"mpmissions\dayzOffline.chernarusplus\storage_1\data\dynamic_008.001"
21:56:19.664 [CE][Storage] ver:25 stamp:105983, valid:yes, name:"mpmissions\dayzOffline.chernarusplus\storage_1\data\dynamic_008.002"
21:56:19.664 [CE][Storage] Restoring file "mpmissions\dayzOffline.chernarusplus\storage_1\data\dynamic_008.bin" 2075 items.
21:56:20.507   2075 items loaded. (0 failed)
21:56:20.507 [CE][Storage] ver:25 stamp:106048, valid:yes, name:"mpmissions\dayzOffline.chernarusplus\storage_1\data\dynamic_009.bin"
21:56:20.507 [CE][Storage] ver:25 stamp:105982, valid:yes, name:"mpmissions\dayzOffline.chernarusplus\storage_1\data\dynamic_009.001"
21:56:20.507 [CE][Storage] ver:25 stamp:105983, valid:yes, name:"mpmissions\dayzOffline.chernarusplus\storage_1\data\dynamic_009.002"
21:56:20.507 [CE][Storage] Restoring file "mpmissions\dayzOffline.chernarusplus\storage_1\data\dynamic_009.bin" 2663 items.
21:56:21.585   2663 items loaded. (0 failed)
21:56:21.585 [CE][Storage] ver:25 stamp:106048, valid:yes, name:"mpmissions\dayzOffline.chernarusplus\storage_1\data\dynamic_010.bin"
21:56:21.585 [CE][Storage] ver:25 stamp:105982, valid:yes, name:"mpmissions\dayzOffline.chernarusplus\storage_1\data\dynamic_010.001"
21:56:21.585 [CE][Storage] ver:25 stamp:105983, valid:yes, name:"mpmissions\dayzOffline.chernarusplus\storage_1\data\dynamic_010.002"
21:56:21.585 [CE][Storage] Restoring file "mpmissions\dayzOffline.chernarusplus\storage_1\data\dynamic_010.bin" 1755 items.
21:56:22.382   1755 items loaded. (0 failed)
21:56:22.382 [CE][Storage] ver:25 stamp:106048, valid:yes, name:"mpmissions\dayzOffline.chernarusplus\storage_1\data\dynamic_011.bin"
21:56:22.382 [CE][Storage] ver:25 stamp:105982, valid:yes, name:"mpmissions\dayzOffline.chernarusplus\storage_1\data\dynamic_011.001"
21:56:22.382 [CE][Storage] ver:25 stamp:105983, valid:yes, name:"mpmissions\dayzOffline.chernarusplus\storage_1\data\dynamic_011.002"
21:56:22.382 [CE][Storage] Restoring file "mpmissions\dayzOffline.chernarusplus\storage_1\data\dynamic_011.bin" 169 items.
21:56:22.444   169 items loaded. (0 failed)
21:56:22.460 [CE][Storage] ver:26 stamp:106048, valid:yes, name:"mpmissions\dayzOffline.chernarusplus\storage_1\data\building.bin"
21:56:22.460 [CE][Storage] ver:26 stamp:105982, valid:yes, name:"mpmissions\dayzOffline.chernarusplus\storage_1\data\building.001"
21:56:22.460 [CE][Storage] ver:26 stamp:105983, valid:yes, name:"mpmissions\dayzOffline.chernarusplus\storage_1\data\building.002"
21:56:22.460 [CE][Storage] Restoring file "mpmissions\dayzOffline.chernarusplus\storage_1\data\building.bin" 0 items.
21:56:22.460   0 items loaded. (0 failed)
21:56:22.460 [CE][Storage] ver:25 stamp:106048, valid:yes, name:"mpmissions\dayzOffline.chernarusplus\storage_1\data\vehicles.bin"
21:56:22.460 [CE][Storage] ver:25 stamp:105982, valid:yes, name:"mpmissions\dayzOffline.chernarusplus\storage_1\data\vehicles.001"
21:56:22.460 [CE][Storage] ver:25 stamp:105983, valid:yes, name:"mpmissions\dayzOffline.chernarusplus\storage_1\data\vehicles.002"
21:56:22.460 [CE][Storage] Restoring file "mpmissions\dayzOffline.chernarusplus\storage_1\data\vehicles.bin" 186 items.
21:56:23.288   186 items loaded. (0 failed)
21:56:23.304 [CE][Hive] :: Storage load took:10.11 seconds, recovery stamp:106048
21:56:23.304   entity: 24858, building: 0
21:56:23.304   no lifetime: 65
21:56:23.304   pathgraph's: 646
21:56:23.319 [CE][Hive] :: Initializing ... 
21:56:23.366 [CE][InitializeMap] :: initialized: 0
21:56:23.366 [CE][Hive] :: Initializing spawners ... 
21:56:23.600 !!! [CE][DE][SPAWNS] :: [WARNING] :: Skipping entry for non-existing event 'VehicleTransitBus'.
21:56:23.600 [CE][DE][SPAWNS] :: Total positions: 1146
21:56:23.600 [CE][DE][GROUPS] :: Total eventgroups defined: 21, Eventgroups in use: 21
21:56:25.881 [CE][LootRespawner] (PRIDummy) :: Initially (re)spawned:0, Nominal:27680, Total in Map: 20734 at 0 (sec)
21:56:25.881   tests:0, repeats:0 fails:0, overtime:0
21:56:25.881 !!! [CE][DE] DynamicEvent "VehicleHelicopter" does not have position 'player', so it needs configured positions.
21:56:25.881 !!!!!! [CE][DE] DynamicEvent "VehicleHelicopter" setup is invalid, event will be disabled.
21:56:25.881 !!! [CE][DE] DynamicEvent "VehicleBoat" does not have position 'player', so it needs configured positions.
21:56:25.881 !!!!!! [CE][DE] DynamicEvent "VehicleBoat" setup is invalid, event will be disabled.
21:56:25.881 [CE][DynEvent] :: 47 types
21:56:25.881 [00] AmbientHen
21:56:25.881   Primary Spawner: "Ambient", active: yes, repeat: 1
21:56:25.881 [01] AnimalBear
21:56:25.881   Primary Spawner: "Animal", active: yes, repeat: 1
21:56:25.881 [02] AnimalCow
21:56:25.881   Primary Spawner: "Animal", active: yes, repeat: 1
21:56:25.881 [03] AnimalDeer
21:56:25.881   Primary Spawner: "Animal", active: yes, repeat: 1
21:56:25.881 [04] AnimalGoat
21:56:25.881   Primary Spawner: "Animal", active: yes, repeat: 1
21:56:25.881 [05] AnimalPig
21:56:25.881   Primary Spawner: "Animal", active: yes, repeat: 1
21:56:25.881 [06] AnimalRoeDeer
21:56:25.881   Primary Spawner: "Animal", active: yes, repeat: 1
21:56:25.881 [07] AnimalSheep
21:56:25.881   Primary Spawner: "Animal", active: yes, repeat: 1
21:56:25.881 [08] AnimalWildBoar
21:56:25.881   Primary Spawner: "Animal", active: yes, repeat: 1
21:56:25.881 [09] AnimalWolf
21:56:25.881   Primary Spawner: "Animal", active: yes, repeat: 1
21:56:25.881 [10] InfectedBoss
21:56:25.881   Primary Spawner: "Infected", active: yes, repeat: 1
21:56:25.881 [11] InfectedArmy
21:56:25.881   Primary Spawner: "Infected", active: yes, repeat: 1
21:56:25.881 [12] InfectedArmyHard
21:56:25.881   Primary Spawner: "Infected", active: yes, repeat: 1
21:56:25.881 [13] InfectedCity
21:56:25.881   Primary Spawner: "Infected", active: yes, repeat: 1
21:56:25.881 [14] InfectedCityTier1
21:56:25.881   Primary Spawner: "Infected", active: yes, repeat: 1
21:56:25.881 [15] InfectedFirefighter
21:56:25.881   Primary Spawner: "Infected", active: yes, repeat: 1
21:56:25.881 [16] InfectedIndustrial
21:56:25.881   Primary Spawner: "Infected", active: yes, repeat: 1
21:56:25.881 [17] InfectedMedic
21:56:25.881   Primary Spawner: "Infected", active: yes, repeat: 1
21:56:25.881 [18] InfectedNBC
21:56:25.881   Primary Spawner: "Infected", active: yes, repeat: 1
21:56:25.881 [19] InfectedNBCYellow
21:56:25.881   Primary Spawner: "Infected", active: yes, repeat: 1
21:56:25.881 [20] InfectedPolice
21:56:25.881   Primary Spawner: "Infected", active: yes, repeat: 1
21:56:25.881 [21] InfectedPoliceHard
21:56:25.881   Primary Spawner: "Infected", active: yes, repeat: 1
21:56:25.881 [22] InfectedPrisoner
21:56:25.881   Primary Spawner: "Infected", active: yes, repeat: 1
21:56:25.881 [23] InfectedReligious
21:56:25.881   Primary Spawner: "Infected", active: yes, repeat: 1
21:56:25.881 [24] InfectedSolitude
21:56:25.881   Primary Spawner: "Infected", active: yes, repeat: 1
21:56:25.881 [25] InfectedVillage
21:56:25.881   Primary Spawner: "Infected", active: yes, repeat: 1
21:56:25.881 [26] InfectedVillageTier1
21:56:25.881   Primary Spawner: "Infected", active: yes, repeat: 1
21:56:25.881 [27] ItemPlanks
21:56:25.881   Primary Spawner: "Item", active: yes, repeat: 1
21:56:25.881 [28] Loot
21:56:25.881   Primary Spawner: "Loot", active: yes, repeat: 2
21:56:25.881 [29] StaticContaminatedArea
21:56:25.881   Primary Spawner: "Static", active: yes, repeat: 1
21:56:25.881 [30] StaticHeliCrash
21:56:25.881   Primary Spawner: "Static", active: yes, repeat: 1
21:56:25.881   Secondary Spawner: "Infected", active: yes, repeat: 1
21:56:25.881 [31] StaticPoliceCar
21:56:25.881   Primary Spawner: "Static", active: yes, repeat: 1
21:56:25.881   Secondary Spawner: "Infected", active: yes, repeat: 1
21:56:25.881 [32] StaticTrain
21:56:25.881   Primary Spawner: "Static", active: yes, repeat: 1
21:56:25.881   Secondary Spawner: "Infected", active: yes, repeat: 1
21:56:25.881 [33] TrajectoryApple
21:56:25.881   Primary Spawner: "Trajectory", active: yes, repeat: 1
21:56:25.881 [34] TrajectoryConiferous
21:56:25.881   Primary Spawner: "Trajectory", active: yes, repeat: 1
21:56:25.881 [35] TrajectoryDeciduous
21:56:25.881   Primary Spawner: "Trajectory", active: yes, repeat: 1
21:56:25.881 [36] TrajectoryHumus
21:56:25.881   Primary Spawner: "Trajectory", active: yes, repeat: 1
21:56:25.881 [37] TrajectoryPear
21:56:25.881   Primary Spawner: "Trajectory", active: yes, repeat: 1
21:56:25.881 [38] TrajectoryPlum
21:56:25.881   Primary Spawner: "Trajectory", active: yes, repeat: 1
21:56:25.881 [39] TrajectoryStones
21:56:25.881   Primary Spawner: "Trajectory", active: yes, repeat: 1
21:56:25.881 [40] VehicleCivilianSedan
21:56:25.881   Primary Spawner: "Vehicle", active: yes, repeat: 1
21:56:25.881 [41] VehicleHatchback02
21:56:25.881   Primary Spawner: "Vehicle", active: yes, repeat: 1
21:56:25.881 [42] VehicleOffroadHatchback
21:56:25.881   Primary Spawner: "Vehicle", active: yes, repeat: 1
21:56:25.881 [43] VehicleSedan02
21:56:25.881   Primary Spawner: "Vehicle", active: yes, repeat: 1
21:56:25.881 [44] VehicleTruck01
21:56:25.881   Primary Spawner: "Vehicle", active: yes, repeat: 1
21:56:25.881 [45] VehicleHelicopter
21:56:25.881   Primary Spawner: "Vehicle", active: no, repeat: 1
21:56:25.881 [46] VehicleBoat
21:56:25.881   Primary Spawner: "Vehicle", active: no, repeat: 1
21:56:25.881 [CE][Hive] :: Initializing of spawners done.
21:56:25.897 [CE][Hive] :: Init sequence finished.
21:56:25.897 Player connect enabled
21:56:26.787 [IdleMode] Entering IN - save processed
21:56:35.426 [UNLOCK] Server was unlocked.
22:00:16.681 [Login]: Adding player Survivor (24718004) to login queue at position 0
22:00:16.681 [LoginMachine]: Add player Survivor (24718004 179.34.203.15:12802)
22:00:16.681 [StateMachine]: Player Survivor (dpnid 24718004 uid ) Entering AuthPlayerLoginState
22:00:18.384 [StateMachine]: Player Survivor (dpnid 24718004 uid ) Entering WaitAuthPlayerLoginState
22:00:20.08 Player Survivor connected (id=CUUGCFtoGjMZC828iIpqy53YtuyvkdWlY4aR__bM2cs=).
22:00:20.08 Player "Survivor" is connected (steamID=76561198966041256)
22:00:20.24 [StateMachine]: Player Survivor (dpnid 24718004 uid ) Entering WaitPlayerAssignedLoginState
22:00:20.633 [StateMachine]: Player Survivor (dpnid 24718004 uid CUUGCFtoGjMZC828iIpqy53YtuyvkdWlY4aR__bM2cs=) Entering DBGetLoginTimeLoginState
22:00:20.664 [StateMachine]: Player Survivor (dpnid 24718004 uid CUUGCFtoGjMZC828iIpqy53YtuyvkdWlY4aR__bM2cs=) Entering DBWaitLoginTimeLoginState
22:00:21.352 [IdleMode] Leaving OUT
22:00:25.679 [StateMachine]: Player Survivor (dpnid 24718004 uid CUUGCFtoGjMZC828iIpqy53YtuyvkdWlY4aR__bM2cs=) Entering DBGetCharacterLoginState
22:00:25.710 [StateMachine]: Player Survivor (dpnid 24718004 uid CUUGCFtoGjMZC828iIpqy53YtuyvkdWlY4aR__bM2cs=) Entering CreateNetObjectsLoginState
22:00:25.726 [StateMachine]: Player Survivor (dpnid 24718004 uid CUUGCFtoGjMZC828iIpqy53YtuyvkdWlY4aR__bM2cs=) Entering PreloadCamLoginState
22:00:25.741 [StateMachine]: Player Survivor (dpnid 24718004 uid CUUGCFtoGjMZC828iIpqy53YtuyvkdWlY4aR__bM2cs=) Entering WaitPreloadCamLoginState
22:00:37.114 [StateMachine]: Player Survivor (dpnid 24718004 uid CUUGCFtoGjMZC828iIpqy53YtuyvkdWlY4aR__bM2cs=) Entering GetNewCharLoginState
22:00:37.145 <CREATE NEW CHAR>:
    charID 87
    playerID 87
    dpnid 24718004
    uid CUUGCFtoGjMZC828iIpqy53YtuyvkdWlY4aR__bM2cs=
22:00:45.409 [CE][LootRespawner] (PRIDummy) :: Item [0] causing search overtime: "SR3_Vikhr_Mag"
22:00:45.518 [CE][LootRespawner] (PRIDummy) :: Item [1] causing search overtime: "SR3_Vikhr_Gun"
22:00:45.627 [CE][LootRespawner] (PRIDummy) :: Item [2] causing search overtime: "SNAFU_PL14HQP"
22:00:45.737 [CE][LootRespawner] (PRIDummy) :: Item [3] causing search overtime: "Snafu_ScarH_Tan_GUN"
22:00:45.846 [CE][LootRespawner] (PRIDummy) :: Item [4] causing search overtime: "SNAFU_Trenchgun"
22:00:45.955 [CE][LootRespawner] (PRIDummy) :: Item [5] causing search overtime: "Snafu_ScarH_Black_GUN"
22:00:46.65 [CE][LootRespawner] (PRIDummy) :: Item [6] causing search overtime: "SNAFUVECTOR_9mm_Mag"
22:00:46.174 [CE][LootRespawner] (PRIDummy) :: Item [7] causing search overtime: "Snafu_ScarH_25RND_Mag_Snow"
22:00:46.283 [CE][LootRespawner] (PRIDummy) :: Item [8] causing search overtime: "SNAFUAUG_30rdMag"
22:00:46.393 [CE][LootRespawner] (PRIDummy) :: Item [9] causing search overtime: "Snafu_ScarH_25RND_Mag_DKMC"
22:00:46.502 [CE][LootRespawner] (PRIDummy) :: Item [10] causing search overtime: "Snafu_ScarH_25RND_Mag_Tan"
22:00:46.611 [CE][LootRespawner] (PRIDummy) :: Item [11] causing search overtime: "SNAFUP90_50rdMag"
22:00:46.721 [CE][LootRespawner] (PRIDummy) :: Item [12] causing search overtime: "Snafu_ScarH_25RND_Mag_BK"
22:00:46.815 [CE][LootRespawner] (PRIDummy) :: Item [13] causing search overtime: "GCGN_BenelliM4"
22:00:46.924 [CE][LootRespawner] (PRIDummy) :: Item [14] causing search overtime: "SNAFUHoneyBadger_30rdMag_Tan"
22:00:47.33 [CE][LootRespawner] (PRIDummy) :: Item [15] causing search overtime: "SNAFU_Fort12_GUN"
22:00:47.143 [CE][LootRespawner] (PRIDummy) :: Item [16] causing search overtime: "SNAFUVECTOR_45acp_GUN"
22:00:47.252 [CE][LootRespawner] (PRIDummy) :: Item [17] causing search overtime: "Snafu_ScarH_DKMC_GUN"
22:00:47.361 [CE][LootRespawner] (PRIDummy) :: Item [18] causing search overtime: "SNAFUAR15_SPR_Tan_GUN"
22:00:47.471 [CE][LootRespawner] (PRIDummy) :: Item [19] causing search overtime: "SNAFUVECTOR_9mm_GUN"
22:01:17.427 [CE][VehicleRespawner] (PRIContaminatedArea) :: Initial random enabled for "StaticContaminatedArea" - Chosen nominal: 0
22:02:45.263 [CE][VehicleRespawner] (PRIContaminatedArea) :: Initial random enabled for "StaticContaminatedArea" - Chosen nominal: 2
22:03:47.57 [CE][VehicleRespawner] (PRIContaminatedArea) :: Initial random enabled for "StaticContaminatedArea" - Chosen nominal: 2
22:05:10.43 [CE][LootRespawner] (PRIDummy) :: Item [0] is hard to place, performance drops: "MMG_combatshirt_tan"
22:05:14.964 [CE][VehicleRespawner] (PRIContaminatedArea) :: Initial random enabled for "StaticContaminatedArea" - Chosen nominal: 1
22:06:17.882 [Disconnect]: Client 24718004 early disconnect
22:06:18.384 [Disconnect]: Start script disconnect 24718004 (dbCharacterId 87 dbPlayerId 87) logoutTime 0
22:06:18.384 [Disconnect]: Remove player info 24718004
22:06:18.914 [Disconnect]: Player destroy 24718004 
22:06:18.914 [Disconnect]: Finish script disconnect -1
22:06:29.896  --- Termination successfully completed --- 
