

=====================================================================
== C:\SERVICES\ni7063137_1_SHARE\ftproot\dayzstandalone\DayZServer_x64.exe
== "C:\SERVICES\ni7063137_1_SHARE\ftproot\dayzstandalone\DayZServer_x64.exe" -ip=31.214.158.194 -port=12800 -cpuCount=4 -limitFPS=100 -adminlog -config=serverDZ.cfg "-mod=@CF;@AutoRUN;@dbo_surfaces;@DabsFramework;@DayZEditorLoader;@BuilderItems;@BaseBuildingPlus;@CodeLock;@Breachingcharge;@VPPAdminTools;@TraderPlus;@InventoryDump;@BurnAlive;@GunnerTruckOshkosh;@MuchStuffPack;@SNAFU;@CannabisPlus;@MMG;@VanillaPlusPlusMap;@UnknownGhillieMod;@MassA2Assets;@SchanaParty;@PseudoGiant;@InventoryMoveSounds;@Notifications;@AdvancedWeaponScopes;@CarsForAll;@SchanaModGlobalChat;@StaminaSettings;@DrugsPLUS;@GoreZ;@PackSouthAmericanPlague;@RedFalcon" -profiles=C:\SERVICES\ni7063137_1_SHARE\ftproot\dayzstandalone/config -BEPath=C:\SERVICES\ni7063137_1_SHARE\ftproot\dayzstandalone\battleye -noFilePatching -nologs -freezecheck
=====================================================================
Exe timestamp: 2022/07/28 08:30:35
Current time:  2022/09/30 05:09:33

Version 1.18.155069
 5:09:33.722 [Inputs] Loading inputs default "bin/constants.xml"
 5:09:33.738 [Inputs] Loading inputs default "bin/specific.xml"
 5:09:33.738 [Inputs] Loading inputs default "BBP_keybind/data/modded_Inputs.xml"
 5:09:33.738 [Inputs] Loading inputs default "InventoryMoveSounds/Scripts/Data/Inputs.xml"
 5:09:33.738 [Inputs] Loading inputs default "SIX_Autorun/Scripts/Inputs.xml"
 5:09:33.738 [Inputs] Loading inputs default "SpardaTextura/inputs/Inputs.xml"
 5:09:33.738 [Inputs] Loading inputs default "VanillaPPMap/data/modded_Inputs.xml"
 5:09:33.738 [Inputs] Loading inputs default "VehiclesVipNemesis/inputs/Inputs.xml"
 5:09:33.738 [Inputs] Loading inputs default "VPPAdminTools/data/modded_Inputs.xml"
 5:09:33.753 [Inputs] Loading inputs default "CarLock/scripts/3_Game/inputs.xml"
 5:09:33.753 [Inputs] Loading inputs default "Ghost/InventoryDump/Client/Data/modded_inputs.xml"
 5:09:33.753 [Inputs] Loading inputs default "Notifications/inputs/inputs.xml"
 5:09:33.753 [Inputs] Loading inputs default "RFFSHeli_Core/modded_Inputs.xml"
 5:09:33.753 [Inputs] Loading inputs default "SchanaModGlobalChat/Data/Inputs.xml"
 5:09:33.753 [Inputs] Loading inputs default "SchanaModParty/Data/Inputs.xml"
 5:09:33.753 !!! [Inputs] Cannot load inputs default "", file does not exist
 5:09:33.753 !!! [Inputs] Failed to load MODDED inputs - file name/ path invalid?
 5:09:33.753 [Inputs] Loading inputs cfg "C:\SERVICES\ni7063137_1_SHARE\ftproot\dayzstandalone/config\Users\Survivor\Server.core.xml"
 5:09:33.769 [Inputs] Exporting inputs cfg "C:\SERVICES\ni7063137_1_SHARE\ftproot\dayzstandalone/config\Users\Survivor\Server.core.xml"
 5:10:09.911 [CE][Hive] :: Initializing OFFLINE
 5:10:09.911 [CE][Hive] :: Loading core data ... 
 5:10:09.911 [CE][CoreData] :: 7 root classes, 18 defaults, 0 updaters...
 5:10:16.863 [CE] :: WARNING :: Preset map "optics" is EMPTY.
 5:10:16.863 [CE][TypeSetup] :: 470 classes setuped...
 5:10:16.879 [CE] :: WARNING :: Preset map "optics" is EMPTY.
 5:10:16.879 [CE][TypeSetup] :: 377 classes setuped...
 5:10:18.987 [CE][RegisterBind] :: 0 classes binded...
 5:10:18.987 [CE][RegisterConfig] :: 17183 config classes registered, 0 sub-counters...
 5:10:18.987 [CE][Hive] :: Loading map data ... 
 5:10:19.03 [CE][IgnoreList] "cfgignorelist.xml" :: loaded 19 types
 5:10:19.66 [CE][LoadPrototype] :: loaded 368 prototypes
 5:10:19.66   754 containers, 9611 points
 5:10:19.66   32 dispatches, 115 proxies
 5:10:19.66 !!! [CE][LoadPrototype] 14 groups have no points...
 5:10:19.66 !!![CE][LoadPrototype]  2 groups have wrong points...
 5:10:19.66 [CE][LoadPrototype] :: last group name: StaticObj_Wreck_Ural_DE...
 5:10:19.66 [CE][LoadPrototype] :: loaded 0 prototypes
 5:10:19.66   0 containers, 0 points
 5:10:19.66   0 dispatches, 0 proxies
 5:10:19.66 [CE][LoadPrototype] :: last group name: Rail9...
 5:10:20.362 [CE][LoadMap] "Group" :: loaded 11620 groups, groups failed: 0, largest group range: 34.2
 5:10:20.378 [CE][LoadMap] "Dirt" :: loaded 0 groups, groups failed: 0, largest group range: 34.2
 5:10:20.737 [CE][Links] found 1888 total links between groups, of 11620
 5:10:20.737 [CE][LoadClusters] "Cluster" :: Loading files...
 5:10:20.956 [CE][LoadClusters] :: file: "mapgroupcluster.xml", 9 types, 50000 instances
 5:10:21.174 [CE][LoadClusters] :: file: "mapgroupcluster01", 9 types, 50000 instances
 5:10:21.393 [CE][LoadClusters] :: file: "mapgroupcluster02", 9 types, 50000 instances
 5:10:21.612 [CE][LoadClusters] :: file: "mapgroupcluster03", 9 types, 50000 instances
 5:10:21.706 [CE][LoadClusters] :: file: "mapgroupcluster04", 9 types, 17347 instances
 5:10:21.706 [CE][Storage] ver:21 stamp:148083, valid:yes, name:"mpmissions\dayzOffline.chernarusplus\storage_1\data\types.bin"
 5:10:21.706 [CE][Storage] ver:21 stamp:147712, valid:yes, name:"mpmissions\dayzOffline.chernarusplus\storage_1\data\types.001"
 5:10:21.721 [CE][Storage] ver:21 stamp:147713, valid:yes, name:"mpmissions\dayzOffline.chernarusplus\storage_1\data\types.002"
 5:10:21.721 [CE][Storage] Restoring file "mpmissions\dayzOffline.chernarusplus\storage_1\data\types.bin".
 5:10:21.955 !!! [CE][offlineDB] :: No Shutdown message present.
 5:10:21.955 [CE][offlineDB] :: Loaded 46 dynamic events 302 total types.
 5:10:21.971 !!! [CE][offlineDB] :: Type 'ChristmasTree' will be ignored. (Not spawnable. (Scope is not public?))
 5:10:22.18 [CE][Storage] ver:21 stamp:148083, valid:yes, name:"mpmissions\dayzOffline.chernarusplus\storage_1\data\events.bin"
 5:10:22.18 [CE][Storage] ver:21 stamp:147712, valid:yes, name:"mpmissions\dayzOffline.chernarusplus\storage_1\data\events.001"
 5:10:22.18 [CE][Storage] ver:21 stamp:147713, valid:yes, name:"mpmissions\dayzOffline.chernarusplus\storage_1\data\events.002"
 5:10:22.18 [CE][Storage] Restoring file "mpmissions\dayzOffline.chernarusplus\storage_1\data\events.bin".
 5:10:22.18 [CE][DynamicEvent] Load  Events:[46] Primary spawners: 46 Secondary spawners: 3
 5:10:22.18 [CE][Storage] ver:25 stamp:148083, valid:yes, name:"mpmissions\dayzOffline.chernarusplus\storage_1\data\dynamic_000.bin"
 5:10:22.18 [CE][Storage] ver:25 stamp:147712, valid:yes, name:"mpmissions\dayzOffline.chernarusplus\storage_1\data\dynamic_000.001"
 5:10:22.18 [CE][Storage] ver:25 stamp:147713, valid:yes, name:"mpmissions\dayzOffline.chernarusplus\storage_1\data\dynamic_000.002"
 5:10:22.18 [CE][Storage] Restoring file "mpmissions\dayzOffline.chernarusplus\storage_1\data\dynamic_000.bin" 808 items.
 5:10:22.596   808 items loaded. (0 failed)
 5:10:22.596 [CE][Storage] ver:25 stamp:148083, valid:yes, name:"mpmissions\dayzOffline.chernarusplus\storage_1\data\dynamic_001.bin"
 5:10:22.596 [CE][Storage] ver:25 stamp:147712, valid:yes, name:"mpmissions\dayzOffline.chernarusplus\storage_1\data\dynamic_001.001"
 5:10:22.596 [CE][Storage] ver:25 stamp:147713, valid:yes, name:"mpmissions\dayzOffline.chernarusplus\storage_1\data\dynamic_001.002"
 5:10:22.596 [CE][Storage] Restoring file "mpmissions\dayzOffline.chernarusplus\storage_1\data\dynamic_001.bin" 1733 items.
 5:10:23.486   1733 items loaded. (0 failed)
 5:10:23.486 [CE][Storage] ver:25 stamp:148083, valid:yes, name:"mpmissions\dayzOffline.chernarusplus\storage_1\data\dynamic_002.bin"
 5:10:23.486 [CE][Storage] ver:25 stamp:147712, valid:yes, name:"mpmissions\dayzOffline.chernarusplus\storage_1\data\dynamic_002.001"
 5:10:23.502 [CE][Storage] ver:25 stamp:147713, valid:yes, name:"mpmissions\dayzOffline.chernarusplus\storage_1\data\dynamic_002.002"
 5:10:23.502 [CE][Storage] Restoring file "mpmissions\dayzOffline.chernarusplus\storage_1\data\dynamic_002.bin" 2448 items.
 5:10:24.424   2448 items loaded. (0 failed)
 5:10:24.424 [CE][Storage] ver:25 stamp:148083, valid:yes, name:"mpmissions\dayzOffline.chernarusplus\storage_1\data\dynamic_003.bin"
 5:10:24.424 [CE][Storage] ver:25 stamp:147712, valid:yes, name:"mpmissions\dayzOffline.chernarusplus\storage_1\data\dynamic_003.001"
 5:10:24.424 [CE][Storage] ver:25 stamp:147713, valid:yes, name:"mpmissions\dayzOffline.chernarusplus\storage_1\data\dynamic_003.002"
 5:10:24.424 [CE][Storage] Restoring file "mpmissions\dayzOffline.chernarusplus\storage_1\data\dynamic_003.bin" 2406 items.
 5:10:25.439   2406 items loaded. (0 failed)
 5:10:25.439 [CE][Storage] ver:25 stamp:148083, valid:yes, name:"mpmissions\dayzOffline.chernarusplus\storage_1\data\dynamic_004.bin"
 5:10:25.439 [CE][Storage] ver:25 stamp:147712, valid:yes, name:"mpmissions\dayzOffline.chernarusplus\storage_1\data\dynamic_004.001"
 5:10:25.455 [CE][Storage] ver:25 stamp:147713, valid:yes, name:"mpmissions\dayzOffline.chernarusplus\storage_1\data\dynamic_004.002"
 5:10:25.455 [CE][Storage] Restoring file "mpmissions\dayzOffline.chernarusplus\storage_1\data\dynamic_004.bin" 1883 items.
 5:10:26.251   1883 items loaded. (0 failed)
 5:10:26.267 [CE][Storage] ver:25 stamp:148083, valid:yes, name:"mpmissions\dayzOffline.chernarusplus\storage_1\data\dynamic_005.bin"
 5:10:26.267 [CE][Storage] ver:25 stamp:147712, valid:yes, name:"mpmissions\dayzOffline.chernarusplus\storage_1\data\dynamic_005.001"
 5:10:26.267 [CE][Storage] ver:25 stamp:147713, valid:yes, name:"mpmissions\dayzOffline.chernarusplus\storage_1\data\dynamic_005.002"
 5:10:26.267 [CE][Storage] Restoring file "mpmissions\dayzOffline.chernarusplus\storage_1\data\dynamic_005.bin" 2081 items.
 5:10:27.17   2081 items loaded. (0 failed)
 5:10:27.17 [CE][Storage] ver:25 stamp:148083, valid:yes, name:"mpmissions\dayzOffline.chernarusplus\storage_1\data\dynamic_006.bin"
 5:10:27.17 [CE][Storage] ver:25 stamp:147712, valid:yes, name:"mpmissions\dayzOffline.chernarusplus\storage_1\data\dynamic_006.001"
 5:10:27.17 [CE][Storage] ver:25 stamp:147713, valid:yes, name:"mpmissions\dayzOffline.chernarusplus\storage_1\data\dynamic_006.002"
 5:10:27.17 [CE][Storage] Restoring file "mpmissions\dayzOffline.chernarusplus\storage_1\data\dynamic_006.bin" 1498 items.
 5:10:27.564   1498 items loaded. (0 failed)
 5:10:27.564 [CE][Storage] ver:25 stamp:148083, valid:yes, name:"mpmissions\dayzOffline.chernarusplus\storage_1\data\dynamic_007.bin"
 5:10:27.564 [CE][Storage] ver:25 stamp:147712, valid:yes, name:"mpmissions\dayzOffline.chernarusplus\storage_1\data\dynamic_007.001"
 5:10:27.564 [CE][Storage] ver:25 stamp:147713, valid:yes, name:"mpmissions\dayzOffline.chernarusplus\storage_1\data\dynamic_007.002"
 5:10:27.564 [CE][Storage] Restoring file "mpmissions\dayzOffline.chernarusplus\storage_1\data\dynamic_007.bin" 1494 items.
 5:10:28.204   1494 items loaded. (0 failed)
 5:10:28.204 [CE][Storage] ver:25 stamp:148083, valid:yes, name:"mpmissions\dayzOffline.chernarusplus\storage_1\data\dynamic_008.bin"
 5:10:28.204 [CE][Storage] ver:25 stamp:147712, valid:yes, name:"mpmissions\dayzOffline.chernarusplus\storage_1\data\dynamic_008.001"
 5:10:28.235 [CE][Storage] ver:25 stamp:147713, valid:yes, name:"mpmissions\dayzOffline.chernarusplus\storage_1\data\dynamic_008.002"
 5:10:28.235 [CE][Storage] Restoring file "mpmissions\dayzOffline.chernarusplus\storage_1\data\dynamic_008.bin" 2060 items.
 5:10:29.63   2060 items loaded. (0 failed)
 5:10:29.63 [CE][Storage] ver:25 stamp:148083, valid:yes, name:"mpmissions\dayzOffline.chernarusplus\storage_1\data\dynamic_009.bin"
 5:10:29.63 [CE][Storage] ver:25 stamp:147712, valid:yes, name:"mpmissions\dayzOffline.chernarusplus\storage_1\data\dynamic_009.001"
 5:10:29.63 [CE][Storage] ver:25 stamp:147713, valid:yes, name:"mpmissions\dayzOffline.chernarusplus\storage_1\data\dynamic_009.002"
 5:10:29.63 [CE][Storage] Restoring file "mpmissions\dayzOffline.chernarusplus\storage_1\data\dynamic_009.bin" 2647 items.
 5:10:30.235   2647 items loaded. (0 failed)
 5:10:30.250 [CE][Storage] ver:25 stamp:148083, valid:yes, name:"mpmissions\dayzOffline.chernarusplus\storage_1\data\dynamic_010.bin"
 5:10:30.250 [CE][Storage] ver:25 stamp:147712, valid:yes, name:"mpmissions\dayzOffline.chernarusplus\storage_1\data\dynamic_010.001"
 5:10:30.250 [CE][Storage] ver:25 stamp:147713, valid:yes, name:"mpmissions\dayzOffline.chernarusplus\storage_1\data\dynamic_010.002"
 5:10:30.250 [CE][Storage] Restoring file "mpmissions\dayzOffline.chernarusplus\storage_1\data\dynamic_010.bin" 1793 items.
 5:10:31.00   1793 items loaded. (0 failed)
 5:10:31.00 [CE][Storage] ver:25 stamp:148083, valid:yes, name:"mpmissions\dayzOffline.chernarusplus\storage_1\data\dynamic_011.bin"
 5:10:31.16 [CE][Storage] ver:25 stamp:147712, valid:yes, name:"mpmissions\dayzOffline.chernarusplus\storage_1\data\dynamic_011.001"
 5:10:31.16 [CE][Storage] ver:25 stamp:147713, valid:yes, name:"mpmissions\dayzOffline.chernarusplus\storage_1\data\dynamic_011.002"
 5:10:31.16 [CE][Storage] Restoring file "mpmissions\dayzOffline.chernarusplus\storage_1\data\dynamic_011.bin" 279 items.
 5:10:31.422   279 items loaded. (0 failed)
 5:10:31.422 [CE][Storage] ver:26 stamp:148083, valid:yes, name:"mpmissions\dayzOffline.chernarusplus\storage_1\data\building.bin"
 5:10:31.422 [CE][Storage] ver:26 stamp:147712, valid:yes, name:"mpmissions\dayzOffline.chernarusplus\storage_1\data\building.001"
 5:10:31.422 [CE][Storage] ver:26 stamp:147713, valid:yes, name:"mpmissions\dayzOffline.chernarusplus\storage_1\data\building.002"
 5:10:31.422 [CE][Storage] Restoring file "mpmissions\dayzOffline.chernarusplus\storage_1\data\building.bin" 1 items.
 5:10:31.422   1 items loaded. (0 failed)
 5:10:31.422 [CE][Storage] ver:25 stamp:148083, valid:yes, name:"mpmissions\dayzOffline.chernarusplus\storage_1\data\vehicles.bin"
 5:10:31.422 [CE][Storage] ver:25 stamp:147712, valid:yes, name:"mpmissions\dayzOffline.chernarusplus\storage_1\data\vehicles.001"
 5:10:31.422 [CE][Storage] ver:25 stamp:147713, valid:yes, name:"mpmissions\dayzOffline.chernarusplus\storage_1\data\vehicles.002"
 5:10:31.422 [CE][Storage] Restoring file "mpmissions\dayzOffline.chernarusplus\storage_1\data\vehicles.bin" 179 items.
 5:10:32.125   179 items loaded. (0 failed)
 5:10:32.141 [CE][Hive] :: Storage load took:10.13 seconds, recovery stamp:148083
 5:10:32.141   entity: 26390, building: 1
 5:10:32.141   no lifetime: 68
 5:10:32.141   pathgraph's: 725
 5:10:32.156 [CE][Hive] :: Initializing ... 
 5:10:32.203 [CE][InitializeMap] :: initialized: 1
 5:10:32.203 [CE][Hive] :: Initializing spawners ... 
 5:10:32.406 !!! [CE][DE][SPAWNS] :: [WARNING] :: Skipping entry for non-existing event 'VehicleTransitBus'.
 5:10:32.406 [CE][DE][SPAWNS] :: Total positions: 1165
 5:10:32.406 [CE][DE][GROUPS] :: Total eventgroups defined: 21, Eventgroups in use: 21
 5:10:34.703 [CE][LootRespawner] (PRIDummy) :: Initially (re)spawned:0, Nominal:27715, Total in Map: 20393 at 0 (sec)
 5:10:34.703   tests:0, repeats:0 fails:0, overtime:0
 5:10:34.718 [CE][DynEvent] :: 46 types
 5:10:34.718 [00] AmbientHen
 5:10:34.718   Primary Spawner: "Ambient", active: yes, repeat: 1
 5:10:34.718 [01] AnimalBear
 5:10:34.718   Primary Spawner: "Animal", active: yes, repeat: 1
 5:10:34.718 [02] AnimalCow
 5:10:34.718   Primary Spawner: "Animal", active: yes, repeat: 1
 5:10:34.718 [03] AnimalDeer
 5:10:34.718   Primary Spawner: "Animal", active: yes, repeat: 1
 5:10:34.718 [04] AnimalGoat
 5:10:34.718   Primary Spawner: "Animal", active: yes, repeat: 1
 5:10:34.718 [05] AnimalPig
 5:10:34.718   Primary Spawner: "Animal", active: yes, repeat: 1
 5:10:34.718 [06] AnimalRoeDeer
 5:10:34.718   Primary Spawner: "Animal", active: yes, repeat: 1
 5:10:34.718 [07] AnimalSheep
 5:10:34.718   Primary Spawner: "Animal", active: yes, repeat: 1
 5:10:34.718 [08] AnimalWildBoar
 5:10:34.718   Primary Spawner: "Animal", active: yes, repeat: 1
 5:10:34.718 [09] AnimalWolf
 5:10:34.718   Primary Spawner: "Animal", active: yes, repeat: 1
 5:10:34.718 [10] InfectedBoss
 5:10:34.718   Primary Spawner: "Infected", active: yes, repeat: 1
 5:10:34.718 [11] InfectedArmy
 5:10:34.718   Primary Spawner: "Infected", active: yes, repeat: 1
 5:10:34.718 [12] InfectedArmyHard
 5:10:34.718   Primary Spawner: "Infected", active: yes, repeat: 1
 5:10:34.718 [13] InfectedCity
 5:10:34.718   Primary Spawner: "Infected", active: yes, repeat: 1
 5:10:34.718 [14] InfectedCityTier1
 5:10:34.718   Primary Spawner: "Infected", active: yes, repeat: 1
 5:10:34.718 [15] InfectedFirefighter
 5:10:34.718   Primary Spawner: "Infected", active: yes, repeat: 1
 5:10:34.718 [16] InfectedIndustrial
 5:10:34.718   Primary Spawner: "Infected", active: yes, repeat: 1
 5:10:34.718 [17] InfectedMedic
 5:10:34.718   Primary Spawner: "Infected", active: yes, repeat: 1
 5:10:34.718 [18] InfectedNBC
 5:10:34.718   Primary Spawner: "Infected", active: yes, repeat: 1
 5:10:34.718 [19] InfectedNBCYellow
 5:10:34.718   Primary Spawner: "Infected", active: yes, repeat: 1
 5:10:34.718 [20] InfectedPolice
 5:10:34.718   Primary Spawner: "Infected", active: yes, repeat: 1
 5:10:34.718 [21] InfectedPoliceHard
 5:10:34.718   Primary Spawner: "Infected", active: yes, repeat: 1
 5:10:34.718 [22] InfectedPrisoner
 5:10:34.718   Primary Spawner: "Infected", active: yes, repeat: 1
 5:10:34.718 [23] InfectedReligious
 5:10:34.718   Primary Spawner: "Infected", active: yes, repeat: 1
 5:10:34.718 [24] InfectedSolitude
 5:10:34.718   Primary Spawner: "Infected", active: yes, repeat: 1
 5:10:34.718 [25] InfectedVillage
 5:10:34.718   Primary Spawner: "Infected", active: yes, repeat: 1
 5:10:34.718 [26] InfectedVillageTier1
 5:10:34.718   Primary Spawner: "Infected", active: yes, repeat: 1
 5:10:34.718 [27] ItemPlanks
 5:10:34.718   Primary Spawner: "Item", active: yes, repeat: 1
 5:10:34.718 [28] Loot
 5:10:34.718   Primary Spawner: "Loot", active: yes, repeat: 2
 5:10:34.718 [29] StaticContaminatedArea
 5:10:34.718   Primary Spawner: "Static", active: yes, repeat: 1
 5:10:34.718 [30] StaticHeliCrash
 5:10:34.718   Primary Spawner: "Static", active: yes, repeat: 1
 5:10:34.718   Secondary Spawner: "Infected", active: yes, repeat: 1
 5:10:34.718 [31] StaticPoliceCar
 5:10:34.718   Primary Spawner: "Static", active: yes, repeat: 1
 5:10:34.718   Secondary Spawner: "Infected", active: yes, repeat: 1
 5:10:34.718 [32] StaticTrain
 5:10:34.718   Primary Spawner: "Static", active: yes, repeat: 1
 5:10:34.718   Secondary Spawner: "Infected", active: yes, repeat: 1
 5:10:34.718 [33] TrajectoryApple
 5:10:34.718   Primary Spawner: "Trajectory", active: yes, repeat: 1
 5:10:34.718 [34] TrajectoryConiferous
 5:10:34.718   Primary Spawner: "Trajectory", active: yes, repeat: 1
 5:10:34.718 [35] TrajectoryDeciduous
 5:10:34.718   Primary Spawner: "Trajectory", active: yes, repeat: 1
 5:10:34.718 [36] TrajectoryHumus
 5:10:34.718   Primary Spawner: "Trajectory", active: yes, repeat: 1
 5:10:34.718 [37] TrajectoryPear
 5:10:34.718   Primary Spawner: "Trajectory", active: yes, repeat: 1
 5:10:34.718 [38] TrajectoryPlum
 5:10:34.718   Primary Spawner: "Trajectory", active: yes, repeat: 1
 5:10:34.718 [39] TrajectoryStones
 5:10:34.718   Primary Spawner: "Trajectory", active: yes, repeat: 1
 5:10:34.718 [40] VehicleCivilianSedan
 5:10:34.718   Primary Spawner: "Vehicle", active: yes, repeat: 1
 5:10:34.718 [41] VehicleHatchback02
 5:10:34.718   Primary Spawner: "Vehicle", active: yes, repeat: 1
 5:10:34.718 [42] VehicleOffroadHatchback
 5:10:34.718   Primary Spawner: "Vehicle", active: yes, repeat: 1
 5:10:34.718 [43] VehicleSedan02
 5:10:34.718   Primary Spawner: "Vehicle", active: yes, repeat: 1
 5:10:34.718 [44] VehicleTruck01
 5:10:34.718   Primary Spawner: "Vehicle", active: yes, repeat: 1
 5:10:34.718 [45] VehicleHelicopter
 5:10:34.718   Primary Spawner: "Vehicle", active: yes, repeat: 1
 5:10:34.718 [CE][Hive] :: Initializing of spawners done.
 5:10:34.718 [CE][Hive] :: Init sequence finished.
 5:10:34.718 Player connect enabled
 5:10:35.546 [IdleMode] Entering IN - save processed
 5:10:44.575 [UNLOCK] Server was unlocked.
 9:08:38.419 [Login]: Adding player LwShutt (26419354) to login queue at position 0
 9:08:38.419 [LoginMachine]: Add player LwShutt (26419354 186.194.222.4:12802)
 9:08:38.419 [StateMachine]: Player LwShutt (dpnid 26419354 uid ) Entering AuthPlayerLoginState
 9:08:38.826 [IdleMode] Leaving OUT
 9:08:40.91 [StateMachine]: Player LwShutt (dpnid 26419354 uid ) Entering WaitAuthPlayerLoginState
 9:08:41.715 Player LwShutt connected (id=uho_2iwV5BkQRUcetHJQzDrb_aYfiG3GIw3ojtjlKhI=).
 9:08:41.715 Player "LwShutt" is connected (steamID=76561199378753491)
 9:08:41.731 [StateMachine]: Player LwShutt (dpnid 26419354 uid ) Entering WaitPlayerAssignedLoginState
 9:08:42.309 [StateMachine]: Player LwShutt (dpnid 26419354 uid uho_2iwV5BkQRUcetHJQzDrb_aYfiG3GIw3ojtjlKhI=) Entering DBGetLoginTimeLoginState
 9:08:42.340 [StateMachine]: Player LwShutt (dpnid 26419354 uid uho_2iwV5BkQRUcetHJQzDrb_aYfiG3GIw3ojtjlKhI=) Entering DBWaitLoginTimeLoginState
 9:08:47.355 [StateMachine]: Player LwShutt (dpnid 26419354 uid uho_2iwV5BkQRUcetHJQzDrb_aYfiG3GIw3ojtjlKhI=) Entering DBGetCharacterLoginState
 9:08:47.386 [StateMachine]: Player LwShutt (dpnid 26419354 uid uho_2iwV5BkQRUcetHJQzDrb_aYfiG3GIw3ojtjlKhI=) Entering CreateNetObjectsLoginState
 9:08:47.402 [StateMachine]: Player LwShutt (dpnid 26419354 uid uho_2iwV5BkQRUcetHJQzDrb_aYfiG3GIw3ojtjlKhI=) Entering PreloadCamLoginState
 9:08:47.402 [StateMachine]: Player LwShutt (dpnid 26419354 uid uho_2iwV5BkQRUcetHJQzDrb_aYfiG3GIw3ojtjlKhI=) Entering WaitPreloadCamLoginState
 9:08:55.212 [StateMachine]: Player LwShutt (dpnid 26419354 uid uho_2iwV5BkQRUcetHJQzDrb_aYfiG3GIw3ojtjlKhI=) Entering GetLoadedCharLoginState
 9:08:55.274 <LOAD EXISTING CHAR>:
    charID 51
    playerID 51
    dpnid 26419354
    uid uho_2iwV5BkQRUcetHJQzDrb_aYfiG3GIw3ojtjlKhI=
 9:09:02.960 [CE][LootRespawner] (PRIDummy) :: Item [0] causing search overtime: "Ammo_45ACP"
 9:09:03.69 [CE][LootRespawner] (PRIDummy) :: Item [1] causing search overtime: "SNAFU_PL14HQP"
 9:09:03.179 [CE][LootRespawner] (PRIDummy) :: Item [2] causing search overtime: "Snafu_ScarH_Tan_GUN"
 9:09:03.288 [CE][LootRespawner] (PRIDummy) :: Item [3] causing search overtime: "SNAFU_Trenchgun"
 9:09:03.398 [CE][LootRespawner] (PRIDummy) :: Item [4] causing search overtime: "SR3_Vikhr_Mag"
 9:09:03.507 [CE][LootRespawner] (PRIDummy) :: Item [5] causing search overtime: "SR3_Vikhr_Gun"
 9:09:03.616 [CE][LootRespawner] (PRIDummy) :: Item [6] causing search overtime: "SKS"
 9:09:03.725 [CE][LootRespawner] (PRIDummy) :: Item [7] causing search overtime: "Ammo_308WinTracer"
 9:09:03.835 [CE][LootRespawner] (PRIDummy) :: Item [8] causing search overtime: "Snafu_ScarH_25RND_Mag_OD"
 9:09:03.944 [CE][LootRespawner] (PRIDummy) :: Item [9] causing search overtime: "Snafu_ScarH_Snow_GUN"
 9:09:04.54 [CE][LootRespawner] (PRIDummy) :: Item [10] causing search overtime: "Mag_1911_7Rnd"
 9:09:04.178 [CE][LootRespawner] (PRIDummy) :: Item [11] causing search overtime: "Snafu_ScarH_Black_GUN"
 9:09:04.288 [CE][LootRespawner] (PRIDummy) :: Item [12] causing search overtime: "SNAFUUzi_72rdMag"
 9:09:04.397 [CE][LootRespawner] (PRIDummy) :: Item [13] causing search overtime: "SNAFUVECTOR_9mm_Mag"
 9:09:04.506 [CE][LootRespawner] (PRIDummy) :: Item [14] causing search overtime: "Ammo_762x39Tracer"
 9:09:04.616 [CE][LootRespawner] (PRIDummy) :: Item [15] causing search overtime: "Snafu_ScarH_25RND_Mag_Snow"
 9:09:04.725 [CE][LootRespawner] (PRIDummy) :: Item [16] causing search overtime: "GCGN_BenelliM4"
 9:09:04.835 [CE][LootRespawner] (PRIDummy) :: Item [17] causing search overtime: "SNAFUAUG_30rdMag"
 9:09:04.944 [CE][LootRespawner] (PRIDummy) :: Item [18] causing search overtime: "Snafu_ScarH_25RND_Mag_Tan"
 9:09:05.53 [CE][LootRespawner] (PRIDummy) :: Item [19] causing search overtime: "SNAFUP90_50rdMag"
 9:09:34.999 [CE][VehicleRespawner] (PRIContaminatedArea) :: Initial random enabled for "StaticContaminatedArea" - Chosen nominal: 0
 9:10:36.449 [CE][VehicleRespawner] (PRIContaminatedArea) :: Initial random enabled for "StaticContaminatedArea" - Chosen nominal: 1
 9:11:00.735 [CE][LootRespawner] (PRIDummy) :: Item [0] is hard to place, performance drops: "SNAFUKH9"
 9:12:03.922 [CE][VehicleRespawner] (PRIContaminatedArea) :: Initial random enabled for "StaticContaminatedArea" - Chosen nominal: 0
 9:13:27.788 [CE][LootRespawner] (PRIDummy) :: Item [1] is hard to place, performance drops: "SNAFU_HuntingOptic"
 9:13:31.506 [CE][VehicleRespawner] (PRIContaminatedArea) :: Initial random enabled for "StaticContaminatedArea" - Chosen nominal: 3
 9:14:55.820 [CE][LootRespawner] (PRIDummy) :: Item [2] is hard to place, performance drops: "MMG_MK_III_Armor_alpine"
 9:14:55.820 [CE][LootRespawner] (PRIDummy) :: Item [3] is hard to place, performance drops: "MMG_MK_III_Armor_alpine"
 9:14:55.820 [CE][LootRespawner] (PRIDummy) :: Item [4] is hard to place, performance drops: "MMG_MK_III_Armor_alpine"
 9:14:59.101 [CE][VehicleRespawner] (PRIContaminatedArea) :: Initial random enabled for "StaticContaminatedArea" - Chosen nominal: 3
 9:16:26.592 [CE][VehicleRespawner] (PRIContaminatedArea) :: Initial random enabled for "StaticContaminatedArea" - Chosen nominal: 2
 9:16:53.924 [CE][LootRespawner] (PRIDummy) :: Item [5] is hard to place, performance drops: "MMG_MK_III_Armor_black"
 9:17:28.41 [CE][VehicleRespawner] (PRIContaminatedArea) :: Initial random enabled for "StaticContaminatedArea" - Chosen nominal: 2
 9:18:51.233 [CE][LootRespawner] (PRIDummy) :: Item [6] is hard to place, performance drops: "MMG_tt_vest_tan"
 9:18:51.233 [CE][LootRespawner] (PRIDummy) :: Item [7] is hard to place, performance drops: "MMG_tt_vest_tan"
 9:18:55.606 [CE][VehicleRespawner] (PRIContaminatedArea) :: Initial random enabled for "StaticContaminatedArea" - Chosen nominal: 0
 9:18:56.263 [CE][Links] found 0 total links between groups, of 1
 9:18:56.263 [CE][SpawnRandomLoot] (StaticPoliceCar) :: Type: Land_Wreck_sed01_aban2_police, lootmin: 3, lootmax: 5, wanted: 4, deloot: 2, containermaxsum: 6
 9:20:23.196 [CE][VehicleRespawner] (PRIContaminatedArea) :: Initial random enabled for "StaticContaminatedArea" - Chosen nominal: 3
 9:21:50.687 [CE][VehicleRespawner] (PRIContaminatedArea) :: Initial random enabled for "StaticContaminatedArea" - Chosen nominal: 3
 9:21:51.15 [CE][Links] found 0 total links between groups, of 2
 9:21:51.15 [CE][SpawnRandomLoot] (StaticHeliCrash) :: Type: Wreck_UH1Y, lootmin: 10, lootmax: 15, wanted: 11, deloot: 2, containermaxsum: 15
 9:22:16.931 [CE][LootRespawner] (PRIDummy) :: Item [8] is hard to place, performance drops: "GorkaPants_Summer"
 9:22:16.931 [CE][LootRespawner] (PRIDummy) :: Item [9] is hard to place, performance drops: "GorkaPants_Summer"
 9:22:16.931 [CE][LootRespawner] (PRIDummy) :: Item [10] is hard to place, performance drops: "GorkaPants_Summer"
 9:22:16.931 [CE][LootRespawner] (PRIDummy) :: Item [11] is hard to place, performance drops: "GorkaPants_Summer"
 9:23:18.271 [CE][VehicleRespawner] (PRIContaminatedArea) :: Initial random enabled for "StaticContaminatedArea" - Chosen nominal: 3
 9:24:19.737 [CE][VehicleRespawner] (PRIContaminatedArea) :: Initial random enabled for "StaticContaminatedArea" - Chosen nominal: 3
 9:25:42.953 [CE][LootRespawner] (PRIDummy) :: Item [12] is hard to place, performance drops: "UKAssVest_Camo"
 9:25:47.327 [CE][VehicleRespawner] (PRIContaminatedArea) :: Initial random enabled for "StaticContaminatedArea" - Chosen nominal: 0
 9:25:47.655 [CE][Links] found 0 total links between groups, of 3
 9:25:47.655 [CE][SpawnRandomLoot] (StaticHeliCrash) :: Type: Wreck_UH1Y, lootmin: 10, lootmax: 15, wanted: 12, deloot: 2, containermaxsum: 15
 9:25:47.977 [CE][Links] found 0 total links between groups, of 4
 9:25:47.977 [CE][SpawnRandomLoot] (StaticPoliceCar) :: Type: Land_Wreck_sed01_aban1_police, lootmin: 3, lootmax: 5, wanted: 3, deloot: 2, containermaxsum: 6
 9:27:14.791 [CE][VehicleRespawner] (PRIContaminatedArea) :: Initial random enabled for "StaticContaminatedArea" - Chosen nominal: 0
 9:28:42.376 [CE][VehicleRespawner] (PRIContaminatedArea) :: Initial random enabled for "StaticContaminatedArea" - Chosen nominal: 2
 9:30:09.940 [CE][VehicleRespawner] (PRIContaminatedArea) :: Initial random enabled for "StaticContaminatedArea" - Chosen nominal: 1
 9:31:11.405 [CE][VehicleRespawner] (PRIContaminatedArea) :: Initial random enabled for "StaticContaminatedArea" - Chosen nominal: 1
 9:31:37.786 [CE][Links] found 0 total links between groups, of 5
 9:31:37.786 [CE][SpawnRandomLoot] (StaticHeliCrash) :: Type: Wreck_UH1Y, lootmin: 10, lootmax: 15, wanted: 10, deloot: 2, containermaxsum: 15
 9:31:38.114 [CE][Links] found 0 total links between groups, of 6
 9:31:38.114 [CE][SpawnRandomLoot] (StaticPoliceCar) :: Type: Land_Wreck_sed01_aban2_police, lootmin: 3, lootmax: 5, wanted: 4, deloot: 2, containermaxsum: 6
 9:32:38.908 [CE][VehicleRespawner] (PRIContaminatedArea) :: Initial random enabled for "StaticContaminatedArea" - Chosen nominal: 2
 9:33:03.944 [CE][LootRespawner] (PRIDummy) :: Item [13] is hard to place, performance drops: "SNAFUSten_32rdMag"
 9:33:04.163 [CE][LootRespawner] (PRIDummy) :: Item [14] is hard to place, performance drops: "SNAFU_PDW_45ACP"
 9:34:06.503 [CE][VehicleRespawner] (PRIContaminatedArea) :: Initial random enabled for "StaticContaminatedArea" - Chosen nominal: 1
 9:35:34.87 [CE][VehicleRespawner] (PRIContaminatedArea) :: Initial random enabled for "StaticContaminatedArea" - Chosen nominal: 1
 9:36:29.725 [CE][LootRespawner] (PRIDummy) :: Item [15] is hard to place, performance drops: "MMG_JPC_Vest_multicamblack"
 9:36:29.725 [CE][LootRespawner] (PRIDummy) :: Item [16] is hard to place, performance drops: "MMG_JPC_Vest_multicamblack"
 9:36:29.725 [CE][LootRespawner] (PRIDummy) :: Item [17] is hard to place, performance drops: "MMG_JPC_Vest_multicamblack"
 9:36:59.41 [CE][LootRespawner] (PRIDummy) :: Item [18] is hard to place, performance drops: "MMG_tt_vest_erdl"
 9:36:59.41 [CE][LootRespawner] (PRIDummy) :: Item [19] is hard to place, performance drops: "MMG_tt_vest_erdl"
 9:37:01.665 [CE][VehicleRespawner] (PRIContaminatedArea) :: Initial random enabled for "StaticContaminatedArea" - Chosen nominal: 0
 9:37:02.321 [CE][Links] found 0 total links between groups, of 7
 9:37:02.321 [CE][SpawnRandomLoot] (StaticPoliceCar) :: Type: Land_Wreck_sed01_aban2_police, lootmin: 3, lootmax: 5, wanted: 3, deloot: 2, containermaxsum: 6
 9:38:03.115 [CE][VehicleRespawner] (PRIContaminatedArea) :: Initial random enabled for "StaticContaminatedArea" - Chosen nominal: 2
 9:38:29.905 [CE][Links] found 0 total links between groups, of 8
 9:38:29.905 [CE][SpawnRandomLoot] (StaticPoliceCar) :: Type: Land_Wreck_sed01_aban1_police, lootmin: 3, lootmax: 5, wanted: 3, deloot: 2, containermaxsum: 6
 9:39:30.698 [CE][VehicleRespawner] (PRIContaminatedArea) :: Initial random enabled for "StaticContaminatedArea" - Chosen nominal: 1
 9:39:31.355 [CE][Links] found 0 total links between groups, of 9
 9:39:31.355 [CE][SpawnRandomLoot] (StaticPoliceCar) :: Type: Land_Wreck_sed01_aban2_police, lootmin: 3, lootmax: 5, wanted: 4, deloot: 2, containermaxsum: 6
 9:39:31.355 [CE][Links] found 0 total links between groups, of 10
 9:39:31.355 [CE][SpawnRandomLoot] (StaticPoliceCar) :: Type: Land_Wreck_sed01_aban1_police, lootmin: 3, lootmax: 5, wanted: 4, deloot: 2, containermaxsum: 6
 9:40:58.324 [CE][VehicleRespawner] (PRIContaminatedArea) :: Initial random enabled for "StaticContaminatedArea" - Chosen nominal: 0
 9:40:58.964 [CE][Links] found 0 total links between groups, of 11
 9:40:58.964 [CE][SpawnRandomLoot] (StaticPoliceCar) :: Type: Land_Wreck_sed01_aban1_police, lootmin: 3, lootmax: 5, wanted: 3, deloot: 2, containermaxsum: 6
 9:40:58.964 [CE][Links] found 0 total links between groups, of 12
 9:40:58.964 [CE][SpawnRandomLoot] (StaticPoliceCar) :: Type: Land_Wreck_sed01_aban1_police, lootmin: 3, lootmax: 5, wanted: 3, deloot: 2, containermaxsum: 6
 9:42:25.844 [CE][VehicleRespawner] (PRIContaminatedArea) :: Initial random enabled for "StaticContaminatedArea" - Chosen nominal: 3
 9:42:26.828 [CE][SpawnRandomLoot] DE "StaticTrain" is set to spawn loot, but there is no group configured
 9:42:26.828 [CE][Links] found 0 total links between groups, of 13
 9:42:26.828 [CE][SpawnRandomLoot] (StaticTrain) :: Type: Land_Train_Wagon_Box_DE, lootmin: 2, lootmax: 3, wanted: 2, deloot: 0, containermaxsum: 15
 9:42:26.828 [CE][Links] found 0 total links between groups, of 14
 9:42:26.828 [CE][SpawnRandomLoot] (StaticTrain) :: Type: Land_Train_Wagon_Box_DE, lootmin: 2, lootmax: 3, wanted: 2, deloot: 0, containermaxsum: 15
 9:42:26.828 [CE][Links] found 0 total links between groups, of 15
 9:42:26.828 [CE][SpawnRandomLoot] (StaticTrain) :: Type: Land_Train_Wagon_Box_DE, lootmin: 2, lootmax: 3, wanted: 2, deloot: 0, containermaxsum: 15
 9:42:26.828 [CE][Links] found 0 total links between groups, of 16
 9:42:26.828 [CE][SpawnRandomLoot] (StaticTrain) :: Type: StaticObj_Train_Wagon_Flat_Industrial_Planks_DE, lootmin: 1, lootmax: 3, wanted: 2, deloot: 0, containermaxsum: 15
 9:42:26.828 [CE][Links] found 0 total links between groups, of 17
 9:42:26.828 [CE][SpawnRandomLoot] (StaticTrain) :: Type: Land_Train_Wagon_Box_DE, lootmin: 2, lootmax: 3, wanted: 2, deloot: 0, containermaxsum: 15
 9:42:26.828 [CE][Links] found 0 total links between groups, of 18
 9:42:26.828 [CE][SpawnRandomLoot] (StaticTrain) :: Type: Land_Train_Wagon_Box_DE, lootmin: 2, lootmax: 3, wanted: 2, deloot: 0, containermaxsum: 15
 9:42:26.828 [CE][Links] found 0 total links between groups, of 19
 9:42:26.828 [CE][SpawnRandomLoot] (StaticTrain) :: Type: Land_Train_Wagon_Box_DE, lootmin: 2, lootmax: 3, wanted: 2, deloot: 0, containermaxsum: 15
 9:42:26.844 [CE][Links] found 0 total links between groups, of 20
 9:42:26.844 [CE][SpawnRandomLoot] (StaticTrain) :: Type: StaticObj_Wreck_Train_Wagon_Flat_DE, lootmin: 1, lootmax: 3, wanted: 1, deloot: 0, containermaxsum: 15
 9:42:26.844 [CE][Links] found 0 total links between groups, of 21
 9:42:26.844 [CE][SpawnRandomLoot] (StaticTrain) :: Type: StaticObj_Train_Wagon_Flat_Industrial_Barrels_DE, lootmin: 1, lootmax: 3, wanted: 1, deloot: 0, containermaxsum: 15
 9:42:26.844 [CE][Links] found 2 total links between groups, of 22
 9:42:26.844 [CE][SpawnRandomLoot] (StaticTrain) :: Type: Land_Container_1Aoh_DE, lootmin: 3, lootmax: 5, wanted: 4, deloot: 0, containermaxsum: 15
 9:42:26.844 [CE][Links] found 4 total links between groups, of 23
 9:42:26.844 [CE][SpawnRandomLoot] (StaticTrain) :: Type: Land_Container_1Aoh_DE, lootmin: 3, lootmax: 5, wanted: 3, deloot: 0, containermaxsum: 15
 9:42:26.844 [CE][Links] found 6 total links between groups, of 24
 9:42:26.844 [CE][SpawnRandomLoot] (StaticTrain) :: Type: Land_Container_1Bo_DE, lootmin: 2, lootmax: 4, wanted: 2, deloot: 0, containermaxsum: 15
 9:42:26.844 [CE][Links] found 6 total links between groups, of 25
 9:42:26.844 [CE][SpawnRandomLoot] (StaticTrain) :: Type: StaticObj_Wreck_Train_742_Blue_Mil_DE, lootmin: 1, lootmax: 3, wanted: 2, deloot: 0, containermaxsum: 15
 9:42:26.844 [CE][Links] found 8 total links between groups, of 26
 9:42:26.844 [CE][SpawnRandomLoot] (StaticTrain) :: Type: StaticObj_Wreck_Ural_DE, lootmin: 1, lootmax: 3, wanted: 1, deloot: 0, containermaxsum: 15
 9:42:26.844 [CE][Links] found 8 total links between groups, of 27
 9:42:26.844 [CE][SpawnRandomLoot] (StaticTrain) :: Type: Land_Container_1Moh_DE, lootmin: 3, lootmax: 4, wanted: 3, deloot: 0, containermaxsum: 15
 9:42:26.844 [CE][Links] found 8 total links between groups, of 28
 9:42:26.844 [CE][SpawnRandomLoot] (StaticTrain) :: Type: Land_Container_1Moh_DE, lootmin: 3, lootmax: 4, wanted: 3, deloot: 0, containermaxsum: 15
 9:42:26.859 [CE][Links] found 8 total links between groups, of 29
 9:42:26.859 [CE][SpawnRandomLoot] (StaticTrain) :: Type: Land_Container_1Moh_DE, lootmin: 3, lootmax: 4, wanted: 3, deloot: 0, containermaxsum: 15
 9:42:26.859 [CE][Links] found 8 total links between groups, of 30
 9:42:26.859 [CE][SpawnRandomLoot] (StaticTrain) :: Type: Land_Container_1Moh_DE, lootmin: 3, lootmax: 4, wanted: 3, deloot: 0, containermaxsum: 15
 9:42:26.859 [CE][Links] found 8 total links between groups, of 31
 9:42:26.859 [CE][SpawnRandomLoot] (StaticTrain) :: Type: Land_Container_1Moh_DE, lootmin: 3, lootmax: 4, wanted: 3, deloot: 0, containermaxsum: 15
 9:42:26.859 [CE][Links] found 8 total links between groups, of 32
 9:42:26.859 [CE][SpawnRandomLoot] (StaticTrain) :: Type: Land_Container_1Moh_DE, lootmin: 3, lootmax: 4, wanted: 3, deloot: 0, containermaxsum: 15
 9:42:26.859 [CE][Links] found 12 total links between groups, of 33
 9:42:26.859 [CE][SpawnRandomLoot] (StaticTrain) :: Type: StaticObj_Wreck_Train_Wagon_Flat_Mil_DE, lootmin: 1, lootmax: 3, wanted: 2, deloot: 0, containermaxsum: 15
 9:42:26.859 [CE][Links] found 16 total links between groups, of 34
 9:42:26.859 [CE][SpawnRandomLoot] (StaticTrain) :: Type: StaticObj_Wreck_Train_Wagon_Flat_Mil_DE, lootmin: 1, lootmax: 3, wanted: 2, deloot: 0, containermaxsum: 15
 9:42:26.875 [CE][Links] found 20 total links between groups, of 35
 9:42:26.875 [CE][SpawnRandomLoot] (StaticTrain) :: Type: StaticObj_Wreck_Train_Wagon_Flat_Mil_DE, lootmin: 1, lootmax: 3, wanted: 2, deloot: 0, containermaxsum: 15
 9:42:26.875 [CE][Links] found 20 total links between groups, of 36
 9:42:26.875 [CE][SpawnRandomLoot] (StaticTrain) :: Type: StaticObj_Wreck_BMP1_DE, lootmin: 1, lootmax: 3, wanted: 1, deloot: 0, containermaxsum: 15
 9:42:26.875 [CE][Links] found 20 total links between groups, of 37
 9:42:26.875 [CE][SpawnRandomLoot] (StaticTrain) :: Type: Land_Container_1Mo_DE, lootmin: 3, lootmax: 4, wanted: 3, deloot: 0, containermaxsum: 15
 9:42:26.875 [CE][Links] found 22 total links between groups, of 38
 9:42:26.875 [CE][SpawnRandomLoot] (StaticTrain) :: Type: StaticObj_Wreck_Train_Wagon_Flat_Mil_DE, lootmin: 1, lootmax: 3, wanted: 2, deloot: 0, containermaxsum: 15
 9:42:26.875 [CE][Links] found 22 total links between groups, of 39
 9:42:26.875 [CE][SpawnRandomLoot] (StaticTrain) :: Type: StaticObj_Wreck_Train_Wagon_Tanker_Mil_DE, lootmin: 1, lootmax: 3, wanted: 1, deloot: 0, containermaxsum: 15
 9:42:26.891 [CE][Links] found 22 total links between groups, of 40
 9:42:26.891 [CE][SpawnRandomLoot] (StaticTrain) :: Type: StaticObj_Wreck_Train_Wagon_Tanker_Mil_DE, lootmin: 1, lootmax: 3, wanted: 2, deloot: 0, containermaxsum: 15
 9:42:26.891 [CE][Links] found 22 total links between groups, of 41
 9:42:26.891 [CE][SpawnRandomLoot] (StaticTrain) :: Type: Land_Train_Wagon_Box_Mil_DE, lootmin: 1, lootmax: 3, wanted: 1, deloot: 0, containermaxsum: 15
 9:42:26.891 [CE][Links] found 22 total links between groups, of 42
 9:42:26.891 [CE][SpawnRandomLoot] (StaticTrain) :: Type: Land_Train_Wagon_Box_Mil_DE, lootmin: 1, lootmax: 3, wanted: 1, deloot: 0, containermaxsum: 15
 9:42:26.891 [CE][Links] found 22 total links between groups, of 43
 9:42:26.891 [CE][SpawnRandomLoot] (StaticTrain) :: Type: Land_Train_Wagon_Box_Mil_DE, lootmin: 1, lootmax: 3, wanted: 2, deloot: 0, containermaxsum: 15
 9:42:26.891 [CE][Links] found 22 total links between groups, of 44
 9:42:26.891 [CE][SpawnRandomLoot] (StaticTrain) :: Type: StaticObj_Wreck_Train_742_Red_DE, lootmin: 1, lootmax: 3, wanted: 2, deloot: 0, containermaxsum: 15
 9:42:26.891 [CE][Links] found 22 total links between groups, of 45
 9:42:26.891 [CE][SpawnRandomLoot] (StaticTrain) :: Type: StaticObj_Wreck_Train_Wagon_Tanker_DE, lootmin: 1, lootmax: 3, wanted: 1, deloot: 0, containermaxsum: 15
 9:42:26.891 [CE][Links] found 22 total links between groups, of 46
 9:42:26.891 [CE][SpawnRandomLoot] (StaticTrain) :: Type: StaticObj_Wreck_Train_Wagon_Tanker_DE, lootmin: 1, lootmax: 3, wanted: 2, deloot: 0, containermaxsum: 15
 9:42:26.891 [CE][Links] found 22 total links between groups, of 47
 9:42:26.891 [CE][SpawnRandomLoot] (StaticTrain) :: Type: Land_Train_Wagon_Box_DE, lootmin: 2, lootmax: 3, wanted: 2, deloot: 0, containermaxsum: 15
 9:42:26.891 [CE][Links] found 22 total links between groups, of 48
 9:42:26.891 [CE][SpawnRandomLoot] (StaticTrain) :: Type: Land_Train_Wagon_Box_DE, lootmin: 2, lootmax: 3, wanted: 2, deloot: 0, containermaxsum: 15
 9:42:26.891 [CE][Links] found 22 total links between groups, of 49
 9:42:26.891 [CE][SpawnRandomLoot] (StaticTrain) :: Type: Land_Train_Wagon_Box_DE, lootmin: 2, lootmax: 3, wanted: 2, deloot: 0, containermaxsum: 15
 9:42:26.891 [CE][Links] found 22 total links between groups, of 50
 9:42:26.891 [CE][SpawnRandomLoot] (StaticTrain) :: Type: Land_Train_Wagon_Box_DE, lootmin: 2, lootmax: 3, wanted: 2, deloot: 0, containermaxsum: 15
 9:42:26.891 [CE][Links] found 22 total links between groups, of 51
 9:42:26.891 [CE][SpawnRandomLoot] (StaticTrain) :: Type: Land_Train_Wagon_Box_DE, lootmin: 2, lootmax: 3, wanted: 2, deloot: 0, containermaxsum: 15
 9:42:26.891 [CE][Links] found 22 total links between groups, of 52
 9:42:26.891 [CE][SpawnRandomLoot] (StaticTrain) :: Type: Land_Wreck_sed02_aban1_yellow, lootmin: 1, lootmax: 3, wanted: 2, deloot: 0, containermaxsum: 2
 9:42:26.891 [CE][SpawnRandomLoot] (StaticTrain) :: Type: Land_Wreck_sed02_aban1_yellow :: !!! Sum of container LootMax is lower than event child LootMax (2 < 3)
 9:43:53.391 [CE][VehicleRespawner] (PRIContaminatedArea) :: Initial random enabled for "StaticContaminatedArea" - Chosen nominal: 0
 9:44:54.840 [CE][VehicleRespawner] (PRIContaminatedArea) :: Initial random enabled for "StaticContaminatedArea" - Chosen nominal: 1
 9:46:22.385 [CE][VehicleRespawner] (PRIContaminatedArea) :: Initial random enabled for "StaticContaminatedArea" - Chosen nominal: 0
 9:47:49.948 [CE][VehicleRespawner] (PRIContaminatedArea) :: Initial random enabled for "StaticContaminatedArea" - Chosen nominal: 0
 9:47:50.667 [Disconnect]: Start script disconnect 26419354 (dbCharacterId 51 dbPlayerId 51) logoutTime 15
 9:47:53.838 [Disconnect]: Client 26419354 disconnecting
 9:47:53.838 [Disconnect]: Client 26419354 early disconnect
 9:47:53.854 [Disconnect]: Start script disconnect 26419354 (dbCharacterId 51 dbPlayerId 51) logoutTime 15
 9:48:04.617 [Disconnect]: No packets from 26419354
 9:48:04.617 [Disconnect]: Already in progress 26419354 
 9:48:05.679 [Disconnect]: Finish script disconnect 26419354
 9:48:05.679 [Disconnect]: DisconnectPlayerFinish 26419354
 9:48:05.679 [Disconnect]: Remove player info 26419354
 9:48:05.695 [Disconnect]: Player destroy 26419354 
 9:49:18.579 [CE][VehicleRespawner] (PRIContaminatedArea) :: Initial random enabled for "StaticContaminatedArea" - Chosen nominal: 1
 9:49:27.795 [IdleMode] Entering IN - save processed
11:02:03.661  --- Termination successfully completed --- 
