

=====================================================================
== C:\SERVICES\ni7063137_1_SHARE\ftproot\dayzstandalone\DayZServer_x64.exe
== "C:\SERVICES\ni7063137_1_SHARE\ftproot\dayzstandalone\DayZServer_x64.exe" -ip=31.214.158.194 -port=12800 -cpuCount=4 -limitFPS=100 -adminlog -config=serverDZ.cfg "-mod=@CF;@AutoRUN;@dbo_surfaces;@DabsFramework;@DayZEditorLoader;@BuilderItems;@BaseBuildingPlus;@CodeLock;@Breachingcharge;@VPPAdminTools;@TraderPlus;@InventoryDump;@BurnAlive;@GunnerTruckOshkosh;@MuchStuffPack;@SNAFU;@CannabisPlus;@MMG;@VanillaPlusPlusMap;@UnknownGhillieMod;@MassA2Assets;@SchanaParty;@PseudoGiant;@InventoryMoveSounds;@Notifications;@AdvancedWeaponScopes;@CarsForAll;@SchanaModGlobalChat;@StaminaSettings;@DrugsPLUS;@GoreZ;@PackSouthAmericanPlague;@RedFalcon" -profiles=C:\SERVICES\ni7063137_1_SHARE\ftproot\dayzstandalone/config -BEPath=C:\SERVICES\ni7063137_1_SHARE\ftproot\dayzstandalone\battleye -noFilePatching -nologs -freezecheck
=====================================================================
Exe timestamp: 2022/07/28 08:30:35
Current time:  2022/09/26 14:52:14

Version 1.18.155069
14:52:14.41 [Inputs] Loading inputs default "bin/constants.xml"
14:52:14.57 [Inputs] Loading inputs default "bin/specific.xml"
14:52:14.57 [Inputs] Loading inputs default "BBP_keybind/data/modded_Inputs.xml"
14:52:14.57 [Inputs] Loading inputs default "InventoryMoveSounds/Scripts/Data/Inputs.xml"
14:52:14.57 [Inputs] Loading inputs default "SIX_Autorun/Scripts/Inputs.xml"
14:52:14.57 [Inputs] Loading inputs default "SpardaTextura/inputs/Inputs.xml"
14:52:14.57 [Inputs] Loading inputs default "VanillaPPMap/data/modded_Inputs.xml"
14:52:14.73 [Inputs] Loading inputs default "VehiclesVipNemesis/inputs/Inputs.xml"
14:52:14.73 [Inputs] Loading inputs default "VPPAdminTools/data/modded_Inputs.xml"
14:52:14.73 [Inputs] Loading inputs default "CarLock/scripts/3_Game/inputs.xml"
14:52:14.73 [Inputs] Loading inputs default "Ghost/InventoryDump/Client/Data/modded_inputs.xml"
14:52:14.73 [Inputs] Loading inputs default "Notifications/inputs/inputs.xml"
14:52:14.73 [Inputs] Loading inputs default "RFFSHeli_Core/modded_Inputs.xml"
14:52:14.73 [Inputs] Loading inputs default "SchanaModGlobalChat/Data/Inputs.xml"
14:52:14.73 [Inputs] Loading inputs default "SchanaModParty/Data/Inputs.xml"
14:52:14.73 !!! [Inputs] Cannot load inputs default "", file does not exist
14:52:14.73 !!! [Inputs] Failed to load MODDED inputs - file name/ path invalid?
14:52:14.73 [Inputs] Loading inputs cfg "C:\SERVICES\ni7063137_1_SHARE\ftproot\dayzstandalone/config\Users\Survivor\Server.core.xml"
14:52:14.88 [Inputs] Exporting inputs cfg "C:\SERVICES\ni7063137_1_SHARE\ftproot\dayzstandalone/config\Users\Survivor\Server.core.xml"
14:52:50.590 [CE][Hive] :: Initializing OFFLINE
14:52:50.590 [CE][Hive] :: Loading core data ... 
14:52:50.590 [CE][CoreData] :: 7 root classes, 18 defaults, 0 updaters...
14:52:58.182 [CE] :: WARNING :: Preset map "optics" is EMPTY.
14:52:58.182 [CE][TypeSetup] :: 470 classes setuped...
14:52:58.198 [CE] :: WARNING :: Preset map "optics" is EMPTY.
14:52:58.198 [CE][TypeSetup] :: 377 classes setuped...
14:53:00.447 [CE][RegisterBind] :: 0 classes binded...
14:53:00.447 [CE][RegisterConfig] :: 17183 config classes registered, 0 sub-counters...
14:53:00.447 [CE][Hive] :: Loading map data ... 
14:53:00.463 [CE][IgnoreList] "cfgignorelist.xml" :: loaded 19 types
14:53:00.541 [CE][LoadPrototype] :: loaded 368 prototypes
14:53:00.541   754 containers, 9611 points
14:53:00.541   32 dispatches, 115 proxies
14:53:00.541 !!! [CE][LoadPrototype] 14 groups have no points...
14:53:00.541 !!![CE][LoadPrototype]  2 groups have wrong points...
14:53:00.541 [CE][LoadPrototype] :: last group name: StaticObj_Wreck_Ural_DE...
14:53:00.541 [CE][LoadPrototype] :: loaded 0 prototypes
14:53:00.541   0 containers, 0 points
14:53:00.541   0 dispatches, 0 proxies
14:53:00.541 [CE][LoadPrototype] :: last group name: Rail9...
14:53:01.635 [CE][LoadMap] "Group" :: loaded 11620 groups, groups failed: 0, largest group range: 34.2
14:53:01.635 [CE][LoadMap] "Dirt" :: loaded 0 groups, groups failed: 0, largest group range: 34.2
14:53:02.56 [CE][Links] found 1888 total links between groups, of 11620
14:53:02.56 [CE][LoadClusters] "Cluster" :: Loading files...
14:53:02.228 [CE][LoadClusters] :: file: "mapgroupcluster.xml", 9 types, 50000 instances
14:53:02.431 [CE][LoadClusters] :: file: "mapgroupcluster01", 9 types, 50000 instances
14:53:02.634 [CE][LoadClusters] :: file: "mapgroupcluster02", 9 types, 50000 instances
14:53:02.822 [CE][LoadClusters] :: file: "mapgroupcluster03", 9 types, 50000 instances
14:53:02.900 [CE][LoadClusters] :: file: "mapgroupcluster04", 9 types, 17347 instances
14:53:02.915 [CE][Storage] ver:21 stamp:140747, valid:yes, name:"mpmissions\dayzOffline.chernarusplus\storage_1\data\types.bin"
14:53:02.915 [CE][Storage] ver:21 stamp:140007, valid:yes, name:"mpmissions\dayzOffline.chernarusplus\storage_1\data\types.001"
14:53:02.915 [CE][Storage] ver:21 stamp:140008, valid:yes, name:"mpmissions\dayzOffline.chernarusplus\storage_1\data\types.002"
14:53:02.915 [CE][Storage] Restoring file "mpmissions\dayzOffline.chernarusplus\storage_1\data\types.bin".
14:53:03.150 !!! [CE][offlineDB] :: No Shutdown message present.
14:53:03.165 [CE][offlineDB] :: Loaded 46 dynamic events 302 total types.
14:53:03.181 !!! [CE][offlineDB] :: Type 'ChristmasTree' will be ignored. (Not spawnable. (Scope is not public?))
14:53:03.212 [CE][Storage] ver:21 stamp:140747, valid:yes, name:"mpmissions\dayzOffline.chernarusplus\storage_1\data\events.bin"
14:53:03.212 [CE][Storage] ver:21 stamp:140007, valid:yes, name:"mpmissions\dayzOffline.chernarusplus\storage_1\data\events.001"
14:53:03.228 [CE][Storage] ver:21 stamp:140008, valid:yes, name:"mpmissions\dayzOffline.chernarusplus\storage_1\data\events.002"
14:53:03.228 [CE][Storage] Restoring file "mpmissions\dayzOffline.chernarusplus\storage_1\data\events.bin".
14:53:03.228 [CE][DynamicEvent] Load  Events:[46] Primary spawners: 46 Secondary spawners: 3
14:53:03.228 [CE][Storage] ver:25 stamp:140747, valid:yes, name:"mpmissions\dayzOffline.chernarusplus\storage_1\data\dynamic_000.bin"
14:53:03.228 [CE][Storage] ver:25 stamp:140007, valid:yes, name:"mpmissions\dayzOffline.chernarusplus\storage_1\data\dynamic_000.001"
14:53:03.228 [CE][Storage] ver:25 stamp:140008, valid:yes, name:"mpmissions\dayzOffline.chernarusplus\storage_1\data\dynamic_000.002"
14:53:03.228 [CE][Storage] Restoring file "mpmissions\dayzOffline.chernarusplus\storage_1\data\dynamic_000.bin" 822 items.
14:53:03.837   822 items loaded. (0 failed)
14:53:03.837 [CE][Storage] ver:25 stamp:140747, valid:yes, name:"mpmissions\dayzOffline.chernarusplus\storage_1\data\dynamic_001.bin"
14:53:03.853 [CE][Storage] ver:25 stamp:140007, valid:yes, name:"mpmissions\dayzOffline.chernarusplus\storage_1\data\dynamic_001.001"
14:53:03.853 [CE][Storage] ver:25 stamp:140008, valid:yes, name:"mpmissions\dayzOffline.chernarusplus\storage_1\data\dynamic_001.002"
14:53:03.853 [CE][Storage] Restoring file "mpmissions\dayzOffline.chernarusplus\storage_1\data\dynamic_001.bin" 1739 items.
14:53:04.821   1739 items loaded. (0 failed)
14:53:04.821 [CE][Storage] ver:25 stamp:140747, valid:yes, name:"mpmissions\dayzOffline.chernarusplus\storage_1\data\dynamic_002.bin"
14:53:04.821 [CE][Storage] ver:25 stamp:140007, valid:yes, name:"mpmissions\dayzOffline.chernarusplus\storage_1\data\dynamic_002.001"
14:53:04.837 [CE][Storage] ver:25 stamp:140008, valid:yes, name:"mpmissions\dayzOffline.chernarusplus\storage_1\data\dynamic_002.002"
14:53:04.837 [CE][Storage] Restoring file "mpmissions\dayzOffline.chernarusplus\storage_1\data\dynamic_002.bin" 2366 items.
14:53:05.774   2366 items loaded. (0 failed)
14:53:05.774 [CE][Storage] ver:25 stamp:140747, valid:yes, name:"mpmissions\dayzOffline.chernarusplus\storage_1\data\dynamic_003.bin"
14:53:05.790 [CE][Storage] ver:25 stamp:140007, valid:yes, name:"mpmissions\dayzOffline.chernarusplus\storage_1\data\dynamic_003.001"
14:53:05.790 [CE][Storage] ver:25 stamp:140008, valid:yes, name:"mpmissions\dayzOffline.chernarusplus\storage_1\data\dynamic_003.002"
14:53:05.790 [CE][Storage] Restoring file "mpmissions\dayzOffline.chernarusplus\storage_1\data\dynamic_003.bin" 2437 items.
14:53:06.883   2437 items loaded. (0 failed)
14:53:06.883 [CE][Storage] ver:25 stamp:140747, valid:yes, name:"mpmissions\dayzOffline.chernarusplus\storage_1\data\dynamic_004.bin"
14:53:06.883 [CE][Storage] ver:25 stamp:140007, valid:yes, name:"mpmissions\dayzOffline.chernarusplus\storage_1\data\dynamic_004.001"
14:53:06.883 [CE][Storage] ver:25 stamp:140008, valid:yes, name:"mpmissions\dayzOffline.chernarusplus\storage_1\data\dynamic_004.002"
14:53:06.883 [CE][Storage] Restoring file "mpmissions\dayzOffline.chernarusplus\storage_1\data\dynamic_004.bin" 1867 items.
14:53:07.711   1867 items loaded. (0 failed)
14:53:07.727 [CE][Storage] ver:25 stamp:140747, valid:yes, name:"mpmissions\dayzOffline.chernarusplus\storage_1\data\dynamic_005.bin"
14:53:07.727 [CE][Storage] ver:25 stamp:140007, valid:yes, name:"mpmissions\dayzOffline.chernarusplus\storage_1\data\dynamic_005.001"
14:53:07.727 [CE][Storage] ver:25 stamp:140008, valid:yes, name:"mpmissions\dayzOffline.chernarusplus\storage_1\data\dynamic_005.002"
14:53:07.727 [CE][Storage] Restoring file "mpmissions\dayzOffline.chernarusplus\storage_1\data\dynamic_005.bin" 2010 items.
14:53:08.477   2010 items loaded. (0 failed)
14:53:08.477 [CE][Storage] ver:25 stamp:140747, valid:yes, name:"mpmissions\dayzOffline.chernarusplus\storage_1\data\dynamic_006.bin"
14:53:08.477 [CE][Storage] ver:25 stamp:140007, valid:yes, name:"mpmissions\dayzOffline.chernarusplus\storage_1\data\dynamic_006.001"
14:53:08.477 [CE][Storage] ver:25 stamp:140008, valid:yes, name:"mpmissions\dayzOffline.chernarusplus\storage_1\data\dynamic_006.002"
14:53:08.477 [CE][Storage] Restoring file "mpmissions\dayzOffline.chernarusplus\storage_1\data\dynamic_006.bin" 1511 items.
14:53:09.86   1511 items loaded. (0 failed)
14:53:09.86 [CE][Storage] ver:25 stamp:140747, valid:yes, name:"mpmissions\dayzOffline.chernarusplus\storage_1\data\dynamic_007.bin"
14:53:09.86 [CE][Storage] ver:25 stamp:140007, valid:yes, name:"mpmissions\dayzOffline.chernarusplus\storage_1\data\dynamic_007.001"
14:53:09.86 [CE][Storage] ver:25 stamp:140008, valid:yes, name:"mpmissions\dayzOffline.chernarusplus\storage_1\data\dynamic_007.002"
14:53:09.86 [CE][Storage] Restoring file "mpmissions\dayzOffline.chernarusplus\storage_1\data\dynamic_007.bin" 1499 items.
14:53:09.773   1499 items loaded. (0 failed)
14:53:09.773 [CE][Storage] ver:25 stamp:140747, valid:yes, name:"mpmissions\dayzOffline.chernarusplus\storage_1\data\dynamic_008.bin"
14:53:09.789 [CE][Storage] ver:25 stamp:140007, valid:yes, name:"mpmissions\dayzOffline.chernarusplus\storage_1\data\dynamic_008.001"
14:53:09.789 [CE][Storage] ver:25 stamp:140008, valid:yes, name:"mpmissions\dayzOffline.chernarusplus\storage_1\data\dynamic_008.002"
14:53:09.789 [CE][Storage] Restoring file "mpmissions\dayzOffline.chernarusplus\storage_1\data\dynamic_008.bin" 2070 items.
14:53:10.633   2070 items loaded. (0 failed)
14:53:10.633 [CE][Storage] ver:25 stamp:140747, valid:yes, name:"mpmissions\dayzOffline.chernarusplus\storage_1\data\dynamic_009.bin"
14:53:10.633 [CE][Storage] ver:25 stamp:140007, valid:yes, name:"mpmissions\dayzOffline.chernarusplus\storage_1\data\dynamic_009.001"
14:53:10.633 [CE][Storage] ver:25 stamp:140008, valid:yes, name:"mpmissions\dayzOffline.chernarusplus\storage_1\data\dynamic_009.002"
14:53:10.633 [CE][Storage] Restoring file "mpmissions\dayzOffline.chernarusplus\storage_1\data\dynamic_009.bin" 2590 items.
14:53:11.742   2590 items loaded. (0 failed)
14:53:11.742 [CE][Storage] ver:25 stamp:140747, valid:yes, name:"mpmissions\dayzOffline.chernarusplus\storage_1\data\dynamic_010.bin"
14:53:11.742 [CE][Storage] ver:25 stamp:140007, valid:yes, name:"mpmissions\dayzOffline.chernarusplus\storage_1\data\dynamic_010.001"
14:53:11.742 [CE][Storage] ver:25 stamp:140008, valid:yes, name:"mpmissions\dayzOffline.chernarusplus\storage_1\data\dynamic_010.002"
14:53:11.742 [CE][Storage] Restoring file "mpmissions\dayzOffline.chernarusplus\storage_1\data\dynamic_010.bin" 1760 items.
14:53:12.492   1760 items loaded. (0 failed)
14:53:12.492 [CE][Storage] ver:25 stamp:140747, valid:yes, name:"mpmissions\dayzOffline.chernarusplus\storage_1\data\dynamic_011.bin"
14:53:12.492 [CE][Storage] ver:25 stamp:140007, valid:yes, name:"mpmissions\dayzOffline.chernarusplus\storage_1\data\dynamic_011.001"
14:53:12.492 [CE][Storage] ver:25 stamp:140008, valid:yes, name:"mpmissions\dayzOffline.chernarusplus\storage_1\data\dynamic_011.002"
14:53:12.492 [CE][Storage] Restoring file "mpmissions\dayzOffline.chernarusplus\storage_1\data\dynamic_011.bin" 205 items.
14:53:12.788   205 items loaded. (0 failed)
14:53:12.804 [CE][Storage] ver:26 stamp:140747, valid:yes, name:"mpmissions\dayzOffline.chernarusplus\storage_1\data\building.bin"
14:53:12.804 [CE][Storage] ver:26 stamp:140007, valid:yes, name:"mpmissions\dayzOffline.chernarusplus\storage_1\data\building.001"
14:53:12.804 [CE][Storage] ver:26 stamp:140008, valid:yes, name:"mpmissions\dayzOffline.chernarusplus\storage_1\data\building.002"
14:53:12.804 [CE][Storage] Restoring file "mpmissions\dayzOffline.chernarusplus\storage_1\data\building.bin" 1 items.
14:53:12.804   1 items loaded. (0 failed)
14:53:12.804 [CE][Storage] ver:25 stamp:140747, valid:yes, name:"mpmissions\dayzOffline.chernarusplus\storage_1\data\vehicles.bin"
14:53:12.804 [CE][Storage] ver:25 stamp:140007, valid:yes, name:"mpmissions\dayzOffline.chernarusplus\storage_1\data\vehicles.001"
14:53:12.804 [CE][Storage] ver:25 stamp:140008, valid:yes, name:"mpmissions\dayzOffline.chernarusplus\storage_1\data\vehicles.002"
14:53:12.804 [CE][Storage] Restoring file "mpmissions\dayzOffline.chernarusplus\storage_1\data\vehicles.bin" 143 items.
14:53:13.569   143 items loaded. (0 failed)
14:53:13.569 [CE][Hive] :: Storage load took:10.33 seconds, recovery stamp:140747
14:53:13.569   entity: 25528, building: 1
14:53:13.569   no lifetime: 68
14:53:13.569   pathgraph's: 666
14:53:13.585 [CE][Hive] :: Initializing ... 
14:53:13.632 [CE][InitializeMap] :: initialized: 1
14:53:13.632 [CE][Hive] :: Initializing spawners ... 
14:53:13.851 !!! [CE][DE][SPAWNS] :: [WARNING] :: Skipping entry for non-existing event 'VehicleTransitBus'.
14:53:13.851 [CE][DE][SPAWNS] :: Total positions: 1165
14:53:13.851 [CE][DE][GROUPS] :: Total eventgroups defined: 21, Eventgroups in use: 21
14:53:16.06 [CE][LootRespawner] (PRIDummy) :: Initially (re)spawned:0, Nominal:27680, Total in Map: 20059 at 0 (sec)
14:53:16.06   tests:0, repeats:0 fails:0, overtime:0
14:53:16.06 [CE][DynEvent] :: 46 types
14:53:16.06 [00] AmbientHen
14:53:16.06   Primary Spawner: "Ambient", active: yes, repeat: 1
14:53:16.06 [01] AnimalBear
14:53:16.06   Primary Spawner: "Animal", active: yes, repeat: 1
14:53:16.06 [02] AnimalCow
14:53:16.06   Primary Spawner: "Animal", active: yes, repeat: 1
14:53:16.06 [03] AnimalDeer
14:53:16.06   Primary Spawner: "Animal", active: yes, repeat: 1
14:53:16.06 [04] AnimalGoat
14:53:16.06   Primary Spawner: "Animal", active: yes, repeat: 1
14:53:16.06 [05] AnimalPig
14:53:16.06   Primary Spawner: "Animal", active: yes, repeat: 1
14:53:16.06 [06] AnimalRoeDeer
14:53:16.06   Primary Spawner: "Animal", active: yes, repeat: 1
14:53:16.06 [07] AnimalSheep
14:53:16.06   Primary Spawner: "Animal", active: yes, repeat: 1
14:53:16.06 [08] AnimalWildBoar
14:53:16.06   Primary Spawner: "Animal", active: yes, repeat: 1
14:53:16.06 [09] AnimalWolf
14:53:16.06   Primary Spawner: "Animal", active: yes, repeat: 1
14:53:16.06 [10] InfectedBoss
14:53:16.06   Primary Spawner: "Infected", active: yes, repeat: 1
14:53:16.06 [11] InfectedArmy
14:53:16.06   Primary Spawner: "Infected", active: yes, repeat: 1
14:53:16.06 [12] InfectedArmyHard
14:53:16.06   Primary Spawner: "Infected", active: yes, repeat: 1
14:53:16.06 [13] InfectedCity
14:53:16.06   Primary Spawner: "Infected", active: yes, repeat: 1
14:53:16.06 [14] InfectedCityTier1
14:53:16.06   Primary Spawner: "Infected", active: yes, repeat: 1
14:53:16.06 [15] InfectedFirefighter
14:53:16.06   Primary Spawner: "Infected", active: yes, repeat: 1
14:53:16.06 [16] InfectedIndustrial
14:53:16.06   Primary Spawner: "Infected", active: yes, repeat: 1
14:53:16.06 [17] InfectedMedic
14:53:16.06   Primary Spawner: "Infected", active: yes, repeat: 1
14:53:16.06 [18] InfectedNBC
14:53:16.06   Primary Spawner: "Infected", active: yes, repeat: 1
14:53:16.06 [19] InfectedNBCYellow
14:53:16.06   Primary Spawner: "Infected", active: yes, repeat: 1
14:53:16.06 [20] InfectedPolice
14:53:16.06   Primary Spawner: "Infected", active: yes, repeat: 1
14:53:16.06 [21] InfectedPoliceHard
14:53:16.06   Primary Spawner: "Infected", active: yes, repeat: 1
14:53:16.06 [22] InfectedPrisoner
14:53:16.06   Primary Spawner: "Infected", active: yes, repeat: 1
14:53:16.06 [23] InfectedReligious
14:53:16.06   Primary Spawner: "Infected", active: yes, repeat: 1
14:53:16.06 [24] InfectedSolitude
14:53:16.06   Primary Spawner: "Infected", active: yes, repeat: 1
14:53:16.06 [25] InfectedVillage
14:53:16.06   Primary Spawner: "Infected", active: yes, repeat: 1
14:53:16.06 [26] InfectedVillageTier1
14:53:16.06   Primary Spawner: "Infected", active: yes, repeat: 1
14:53:16.06 [27] ItemPlanks
14:53:16.06   Primary Spawner: "Item", active: yes, repeat: 1
14:53:16.06 [28] Loot
14:53:16.06   Primary Spawner: "Loot", active: yes, repeat: 2
14:53:16.06 [29] StaticContaminatedArea
14:53:16.06   Primary Spawner: "Static", active: yes, repeat: 1
14:53:16.06 [30] StaticHeliCrash
14:53:16.06   Primary Spawner: "Static", active: yes, repeat: 1
14:53:16.06   Secondary Spawner: "Infected", active: yes, repeat: 1
14:53:16.06 [31] StaticPoliceCar
14:53:16.06   Primary Spawner: "Static", active: yes, repeat: 1
14:53:16.06   Secondary Spawner: "Infected", active: yes, repeat: 1
14:53:16.06 [32] StaticTrain
14:53:16.06   Primary Spawner: "Static", active: yes, repeat: 1
14:53:16.06   Secondary Spawner: "Infected", active: yes, repeat: 1
14:53:16.06 [33] TrajectoryApple
14:53:16.06   Primary Spawner: "Trajectory", active: yes, repeat: 1
14:53:16.06 [34] TrajectoryConiferous
14:53:16.06   Primary Spawner: "Trajectory", active: yes, repeat: 1
14:53:16.06 [35] TrajectoryDeciduous
14:53:16.06   Primary Spawner: "Trajectory", active: yes, repeat: 1
14:53:16.06 [36] TrajectoryHumus
14:53:16.06   Primary Spawner: "Trajectory", active: yes, repeat: 1
14:53:16.06 [37] TrajectoryPear
14:53:16.06   Primary Spawner: "Trajectory", active: yes, repeat: 1
14:53:16.06 [38] TrajectoryPlum
14:53:16.06   Primary Spawner: "Trajectory", active: yes, repeat: 1
14:53:16.06 [39] TrajectoryStones
14:53:16.06   Primary Spawner: "Trajectory", active: yes, repeat: 1
14:53:16.06 [40] VehicleCivilianSedan
14:53:16.06   Primary Spawner: "Vehicle", active: yes, repeat: 1
14:53:16.06 [41] VehicleHatchback02
14:53:16.06   Primary Spawner: "Vehicle", active: yes, repeat: 1
14:53:16.06 [42] VehicleOffroadHatchback
14:53:16.06   Primary Spawner: "Vehicle", active: yes, repeat: 1
14:53:16.06 [43] VehicleSedan02
14:53:16.06   Primary Spawner: "Vehicle", active: yes, repeat: 1
14:53:16.06 [44] VehicleTruck01
14:53:16.06   Primary Spawner: "Vehicle", active: yes, repeat: 1
14:53:16.06 [45] VehicleHelicopter
14:53:16.06   Primary Spawner: "Vehicle", active: yes, repeat: 1
14:53:16.06 [CE][Hive] :: Initializing of spawners done.
14:53:16.22 [CE][Hive] :: Init sequence finished.
14:53:16.22 Player connect enabled
14:53:16.850 [IdleMode] Entering IN - save processed
14:53:25.520 [UNLOCK] Server was unlocked.
14:57:59.725  --- Termination successfully completed --- 
