

=====================================================================
== C:\SERVICES\ni7063137_1_SHARE\ftproot\dayzstandalone\DayZServer_x64.exe
== "C:\SERVICES\ni7063137_1_SHARE\ftproot\dayzstandalone\DayZServer_x64.exe" -ip=31.214.158.194 -port=12800 -cpuCount=4 -limitFPS=100 -adminlog -config=serverDZ.cfg "-mod=@CF;@AutoRUN;@dbo_surfaces;@DabsFramework;@DayZEditorLoader;@BuilderItems;@BaseBuildingPlus;@CodeLock;@Breachingcharge;@VPPAdminTools;@TraderPlus;@InventoryDump;@BurnAlive;@GunnerTruckOshkosh;@MuchStuffPack;@SNAFU;@CannabisPlus;@MMG;@VanillaPlusPlusMap;@UnknownGhillieMod;@MassA2Assets;@SchanaParty;@PseudoGiant;@InventoryMoveSounds;@Notifications;@AdvancedWeaponScopes;@CarsForAll;@SchanaModGlobalChat;@StaminaSettings;@DrugsPLUS;@GoreZ;@PackSouthAmericanPlague;@RedFalcon" -profiles=C:\SERVICES\ni7063137_1_SHARE\ftproot\dayzstandalone/config -BEPath=C:\SERVICES\ni7063137_1_SHARE\ftproot\dayzstandalone\battleye -noFilePatching -nologs -freezecheck
=====================================================================
Exe timestamp: 2022/07/28 08:30:35
Current time:  2022/09/29 05:09:20

Version 1.18.155069
 5:09:20.511 [Inputs] Loading inputs default "bin/constants.xml"
 5:09:20.526 [Inputs] Loading inputs default "bin/specific.xml"
 5:09:20.526 [Inputs] Loading inputs default "BBP_keybind/data/modded_Inputs.xml"
 5:09:20.526 [Inputs] Loading inputs default "InventoryMoveSounds/Scripts/Data/Inputs.xml"
 5:09:20.526 [Inputs] Loading inputs default "SIX_Autorun/Scripts/Inputs.xml"
 5:09:20.526 [Inputs] Loading inputs default "SpardaTextura/inputs/Inputs.xml"
 5:09:20.542 [Inputs] Loading inputs default "VanillaPPMap/data/modded_Inputs.xml"
 5:09:20.542 [Inputs] Loading inputs default "VehiclesVipNemesis/inputs/Inputs.xml"
 5:09:20.542 [Inputs] Loading inputs default "VPPAdminTools/data/modded_Inputs.xml"
 5:09:20.542 [Inputs] Loading inputs default "CarLock/scripts/3_Game/inputs.xml"
 5:09:20.542 [Inputs] Loading inputs default "Ghost/InventoryDump/Client/Data/modded_inputs.xml"
 5:09:20.542 [Inputs] Loading inputs default "Notifications/inputs/inputs.xml"
 5:09:20.542 [Inputs] Loading inputs default "RFFSHeli_Core/modded_Inputs.xml"
 5:09:20.542 [Inputs] Loading inputs default "SchanaModGlobalChat/Data/Inputs.xml"
 5:09:20.542 [Inputs] Loading inputs default "SchanaModParty/Data/Inputs.xml"
 5:09:20.542 !!! [Inputs] Cannot load inputs default "", file does not exist
 5:09:20.542 !!! [Inputs] Failed to load MODDED inputs - file name/ path invalid?
 5:09:20.542 [Inputs] Loading inputs cfg "C:\SERVICES\ni7063137_1_SHARE\ftproot\dayzstandalone/config\Users\Survivor\Server.core.xml"
 5:09:20.558 [Inputs] Exporting inputs cfg "C:\SERVICES\ni7063137_1_SHARE\ftproot\dayzstandalone/config\Users\Survivor\Server.core.xml"
 5:09:59.996 [CE][Hive] :: Initializing OFFLINE
 5:09:59.996 [CE][Hive] :: Loading core data ... 
 5:10:00.12 [CE][CoreData] :: 7 root classes, 18 defaults, 0 updaters...
 5:10:07.995 [CE] :: WARNING :: Preset map "optics" is EMPTY.
 5:10:07.995 [CE][TypeSetup] :: 470 classes setuped...
 5:10:08.10 [CE] :: WARNING :: Preset map "optics" is EMPTY.
 5:10:08.10 [CE][TypeSetup] :: 377 classes setuped...
 5:10:10.307 [CE][RegisterBind] :: 0 classes binded...
 5:10:10.307 [CE][RegisterConfig] :: 17183 config classes registered, 0 sub-counters...
 5:10:10.307 [CE][Hive] :: Loading map data ... 
 5:10:10.338 [CE][IgnoreList] "cfgignorelist.xml" :: loaded 19 types
 5:10:10.400 [CE][LoadPrototype] :: loaded 368 prototypes
 5:10:10.400   754 containers, 9611 points
 5:10:10.400   32 dispatches, 115 proxies
 5:10:10.400 !!! [CE][LoadPrototype] 14 groups have no points...
 5:10:10.400 !!![CE][LoadPrototype]  2 groups have wrong points...
 5:10:10.400 [CE][LoadPrototype] :: last group name: StaticObj_Wreck_Ural_DE...
 5:10:10.432 [CE][LoadPrototype] :: loaded 0 prototypes
 5:10:10.432   0 containers, 0 points
 5:10:10.432   0 dispatches, 0 proxies
 5:10:10.432 [CE][LoadPrototype] :: last group name: Rail9...
 5:10:11.588 [CE][LoadMap] "Group" :: loaded 11620 groups, groups failed: 0, largest group range: 34.2
 5:10:11.603 [CE][LoadMap] "Dirt" :: loaded 0 groups, groups failed: 0, largest group range: 34.2
 5:10:11.947 [CE][Links] found 1888 total links between groups, of 11620
 5:10:11.947 [CE][LoadClusters] "Cluster" :: Loading files...
 5:10:12.134 [CE][LoadClusters] :: file: "mapgroupcluster.xml", 9 types, 50000 instances
 5:10:12.322 [CE][LoadClusters] :: file: "mapgroupcluster01", 9 types, 50000 instances
 5:10:12.509 [CE][LoadClusters] :: file: "mapgroupcluster02", 9 types, 50000 instances
 5:10:12.712 [CE][LoadClusters] :: file: "mapgroupcluster03", 9 types, 50000 instances
 5:10:12.790 [CE][LoadClusters] :: file: "mapgroupcluster04", 9 types, 17347 instances
 5:10:12.790 [CE][Storage] ver:21 stamp:145632, valid:yes, name:"mpmissions\dayzOffline.chernarusplus\storage_1\data\types.bin"
 5:10:12.790 [CE][Storage] ver:21 stamp:145200, valid:yes, name:"mpmissions\dayzOffline.chernarusplus\storage_1\data\types.001"
 5:10:12.806 [CE][Storage] ver:21 stamp:145201, valid:yes, name:"mpmissions\dayzOffline.chernarusplus\storage_1\data\types.002"
 5:10:12.806 [CE][Storage] Restoring file "mpmissions\dayzOffline.chernarusplus\storage_1\data\types.bin".
 5:10:13.40 !!! [CE][offlineDB] :: No Shutdown message present.
 5:10:13.56 [CE][offlineDB] :: Loaded 46 dynamic events 302 total types.
 5:10:13.72 !!! [CE][offlineDB] :: Type 'ChristmasTree' will be ignored. (Not spawnable. (Scope is not public?))
 5:10:13.103 [CE][Storage] ver:21 stamp:145632, valid:yes, name:"mpmissions\dayzOffline.chernarusplus\storage_1\data\events.bin"
 5:10:13.103 [CE][Storage] ver:21 stamp:145200, valid:yes, name:"mpmissions\dayzOffline.chernarusplus\storage_1\data\events.001"
 5:10:13.103 [CE][Storage] ver:21 stamp:145201, valid:yes, name:"mpmissions\dayzOffline.chernarusplus\storage_1\data\events.002"
 5:10:13.103 [CE][Storage] Restoring file "mpmissions\dayzOffline.chernarusplus\storage_1\data\events.bin".
 5:10:13.103 [CE][DynamicEvent] Load  Events:[46] Primary spawners: 46 Secondary spawners: 3
 5:10:13.103 [CE][Storage] ver:25 stamp:145632, valid:yes, name:"mpmissions\dayzOffline.chernarusplus\storage_1\data\dynamic_000.bin"
 5:10:13.118 [CE][Storage] ver:25 stamp:145200, valid:yes, name:"mpmissions\dayzOffline.chernarusplus\storage_1\data\dynamic_000.001"
 5:10:13.118 [CE][Storage] ver:25 stamp:145201, valid:yes, name:"mpmissions\dayzOffline.chernarusplus\storage_1\data\dynamic_000.002"
 5:10:13.118 [CE][Storage] Restoring file "mpmissions\dayzOffline.chernarusplus\storage_1\data\dynamic_000.bin" 778 items.
 5:10:13.650   778 items loaded. (0 failed)
 5:10:13.650 [CE][Storage] ver:25 stamp:145632, valid:yes, name:"mpmissions\dayzOffline.chernarusplus\storage_1\data\dynamic_001.bin"
 5:10:13.665 [CE][Storage] ver:25 stamp:145200, valid:yes, name:"mpmissions\dayzOffline.chernarusplus\storage_1\data\dynamic_001.001"
 5:10:13.665 [CE][Storage] ver:25 stamp:145201, valid:yes, name:"mpmissions\dayzOffline.chernarusplus\storage_1\data\dynamic_001.002"
 5:10:13.665 [CE][Storage] Restoring file "mpmissions\dayzOffline.chernarusplus\storage_1\data\dynamic_001.bin" 1724 items.
 5:10:14.602   1724 items loaded. (0 failed)
 5:10:14.602 [CE][Storage] ver:25 stamp:145632, valid:yes, name:"mpmissions\dayzOffline.chernarusplus\storage_1\data\dynamic_002.bin"
 5:10:14.602 [CE][Storage] ver:25 stamp:145200, valid:yes, name:"mpmissions\dayzOffline.chernarusplus\storage_1\data\dynamic_002.001"
 5:10:14.602 [CE][Storage] ver:25 stamp:145201, valid:yes, name:"mpmissions\dayzOffline.chernarusplus\storage_1\data\dynamic_002.002"
 5:10:14.602 [CE][Storage] Restoring file "mpmissions\dayzOffline.chernarusplus\storage_1\data\dynamic_002.bin" 2395 items.
 5:10:15.524   2395 items loaded. (0 failed)
 5:10:15.524 [CE][Storage] ver:25 stamp:145632, valid:yes, name:"mpmissions\dayzOffline.chernarusplus\storage_1\data\dynamic_003.bin"
 5:10:15.524 [CE][Storage] ver:25 stamp:145200, valid:yes, name:"mpmissions\dayzOffline.chernarusplus\storage_1\data\dynamic_003.001"
 5:10:15.524 [CE][Storage] ver:25 stamp:145201, valid:yes, name:"mpmissions\dayzOffline.chernarusplus\storage_1\data\dynamic_003.002"
 5:10:15.524 [CE][Storage] Restoring file "mpmissions\dayzOffline.chernarusplus\storage_1\data\dynamic_003.bin" 2371 items.
 5:10:16.540   2371 items loaded. (0 failed)
 5:10:16.540 [CE][Storage] ver:25 stamp:145632, valid:yes, name:"mpmissions\dayzOffline.chernarusplus\storage_1\data\dynamic_004.bin"
 5:10:16.555 [CE][Storage] ver:25 stamp:145200, valid:yes, name:"mpmissions\dayzOffline.chernarusplus\storage_1\data\dynamic_004.001"
 5:10:16.555 [CE][Storage] ver:25 stamp:145201, valid:yes, name:"mpmissions\dayzOffline.chernarusplus\storage_1\data\dynamic_004.002"
 5:10:16.555 [CE][Storage] Restoring file "mpmissions\dayzOffline.chernarusplus\storage_1\data\dynamic_004.bin" 1855 items.
 5:10:17.383   1855 items loaded. (0 failed)
 5:10:17.383 [CE][Storage] ver:25 stamp:145632, valid:yes, name:"mpmissions\dayzOffline.chernarusplus\storage_1\data\dynamic_005.bin"
 5:10:17.383 [CE][Storage] ver:25 stamp:145200, valid:yes, name:"mpmissions\dayzOffline.chernarusplus\storage_1\data\dynamic_005.001"
 5:10:17.399 [CE][Storage] ver:25 stamp:145201, valid:yes, name:"mpmissions\dayzOffline.chernarusplus\storage_1\data\dynamic_005.002"
 5:10:17.399 [CE][Storage] Restoring file "mpmissions\dayzOffline.chernarusplus\storage_1\data\dynamic_005.bin" 1998 items.
 5:10:18.164   1998 items loaded. (0 failed)
 5:10:18.164 [CE][Storage] ver:25 stamp:145632, valid:yes, name:"mpmissions\dayzOffline.chernarusplus\storage_1\data\dynamic_006.bin"
 5:10:18.164 [CE][Storage] ver:25 stamp:145200, valid:yes, name:"mpmissions\dayzOffline.chernarusplus\storage_1\data\dynamic_006.001"
 5:10:18.164 [CE][Storage] ver:25 stamp:145201, valid:yes, name:"mpmissions\dayzOffline.chernarusplus\storage_1\data\dynamic_006.002"
 5:10:18.164 [CE][Storage] Restoring file "mpmissions\dayzOffline.chernarusplus\storage_1\data\dynamic_006.bin" 1504 items.
 5:10:18.758   1504 items loaded. (0 failed)
 5:10:18.758 [CE][Storage] ver:25 stamp:145632, valid:yes, name:"mpmissions\dayzOffline.chernarusplus\storage_1\data\dynamic_007.bin"
 5:10:18.758 [CE][Storage] ver:25 stamp:145200, valid:yes, name:"mpmissions\dayzOffline.chernarusplus\storage_1\data\dynamic_007.001"
 5:10:18.758 [CE][Storage] ver:25 stamp:145201, valid:yes, name:"mpmissions\dayzOffline.chernarusplus\storage_1\data\dynamic_007.002"
 5:10:18.758 [CE][Storage] Restoring file "mpmissions\dayzOffline.chernarusplus\storage_1\data\dynamic_007.bin" 1477 items.
 5:10:19.383   1477 items loaded. (0 failed)
 5:10:19.383 [CE][Storage] ver:25 stamp:145632, valid:yes, name:"mpmissions\dayzOffline.chernarusplus\storage_1\data\dynamic_008.bin"
 5:10:19.383 [CE][Storage] ver:25 stamp:145200, valid:yes, name:"mpmissions\dayzOffline.chernarusplus\storage_1\data\dynamic_008.001"
 5:10:19.383 [CE][Storage] ver:25 stamp:145201, valid:yes, name:"mpmissions\dayzOffline.chernarusplus\storage_1\data\dynamic_008.002"
 5:10:19.383 [CE][Storage] Restoring file "mpmissions\dayzOffline.chernarusplus\storage_1\data\dynamic_008.bin" 2082 items.
 5:10:20.148   2082 items loaded. (0 failed)
 5:10:20.164 [CE][Storage] ver:25 stamp:145632, valid:yes, name:"mpmissions\dayzOffline.chernarusplus\storage_1\data\dynamic_009.bin"
 5:10:20.164 [CE][Storage] ver:25 stamp:145200, valid:yes, name:"mpmissions\dayzOffline.chernarusplus\storage_1\data\dynamic_009.001"
 5:10:20.164 [CE][Storage] ver:25 stamp:145201, valid:yes, name:"mpmissions\dayzOffline.chernarusplus\storage_1\data\dynamic_009.002"
 5:10:20.164 [CE][Storage] Restoring file "mpmissions\dayzOffline.chernarusplus\storage_1\data\dynamic_009.bin" 2610 items.
 5:10:21.289   2610 items loaded. (0 failed)
 5:10:21.304 [CE][Storage] ver:25 stamp:145632, valid:yes, name:"mpmissions\dayzOffline.chernarusplus\storage_1\data\dynamic_010.bin"
 5:10:21.304 [CE][Storage] ver:25 stamp:145200, valid:yes, name:"mpmissions\dayzOffline.chernarusplus\storage_1\data\dynamic_010.001"
 5:10:21.304 [CE][Storage] ver:25 stamp:145201, valid:yes, name:"mpmissions\dayzOffline.chernarusplus\storage_1\data\dynamic_010.002"
 5:10:21.304 [CE][Storage] Restoring file "mpmissions\dayzOffline.chernarusplus\storage_1\data\dynamic_010.bin" 1721 items.
 5:10:22.07   1721 items loaded. (0 failed)
 5:10:22.07 [CE][Storage] ver:25 stamp:145632, valid:yes, name:"mpmissions\dayzOffline.chernarusplus\storage_1\data\dynamic_011.bin"
 5:10:22.07 [CE][Storage] ver:25 stamp:145200, valid:yes, name:"mpmissions\dayzOffline.chernarusplus\storage_1\data\dynamic_011.001"
 5:10:22.07 [CE][Storage] ver:25 stamp:145201, valid:yes, name:"mpmissions\dayzOffline.chernarusplus\storage_1\data\dynamic_011.002"
 5:10:22.07 [CE][Storage] Restoring file "mpmissions\dayzOffline.chernarusplus\storage_1\data\dynamic_011.bin" 226 items.
 5:10:22.366   226 items loaded. (0 failed)
 5:10:22.366 [CE][Storage] ver:26 stamp:145632, valid:yes, name:"mpmissions\dayzOffline.chernarusplus\storage_1\data\building.bin"
 5:10:22.366 [CE][Storage] ver:26 stamp:145200, valid:yes, name:"mpmissions\dayzOffline.chernarusplus\storage_1\data\building.001"
 5:10:22.366 [CE][Storage] ver:26 stamp:145201, valid:yes, name:"mpmissions\dayzOffline.chernarusplus\storage_1\data\building.002"
 5:10:22.366 [CE][Storage] Restoring file "mpmissions\dayzOffline.chernarusplus\storage_1\data\building.bin" 1 items.
 5:10:22.366   1 items loaded. (0 failed)
 5:10:22.382 [CE][Storage] ver:25 stamp:145632, valid:yes, name:"mpmissions\dayzOffline.chernarusplus\storage_1\data\vehicles.bin"
 5:10:22.382 [CE][Storage] ver:25 stamp:145200, valid:yes, name:"mpmissions\dayzOffline.chernarusplus\storage_1\data\vehicles.001"
 5:10:22.382 [CE][Storage] ver:25 stamp:145201, valid:yes, name:"mpmissions\dayzOffline.chernarusplus\storage_1\data\vehicles.002"
 5:10:22.382 [CE][Storage] Restoring file "mpmissions\dayzOffline.chernarusplus\storage_1\data\vehicles.bin" 182 items.
 5:10:23.85   182 items loaded. (0 failed)
 5:10:23.101 [CE][Hive] :: Storage load took:10.00 seconds, recovery stamp:145632
 5:10:23.101   entity: 25722, building: 1
 5:10:23.101   no lifetime: 67
 5:10:23.101   pathgraph's: 718
 5:10:23.101 [CE][Hive] :: Initializing ... 
 5:10:23.148 [CE][InitializeMap] :: initialized: 1
 5:10:23.148 [CE][Hive] :: Initializing spawners ... 
 5:10:23.351 !!! [CE][DE][SPAWNS] :: [WARNING] :: Skipping entry for non-existing event 'VehicleTransitBus'.
 5:10:23.351 [CE][DE][SPAWNS] :: Total positions: 1165
 5:10:23.351 [CE][DE][GROUPS] :: Total eventgroups defined: 21, Eventgroups in use: 21
 5:10:25.897 [CE][LootRespawner] (PRIDummy) :: Initially (re)spawned:0, Nominal:27715, Total in Map: 19972 at 0 (sec)
 5:10:25.897   tests:0, repeats:0 fails:0, overtime:0
 5:10:25.913 [CE][DynEvent] :: 46 types
 5:10:25.913 [00] AmbientHen
 5:10:25.913   Primary Spawner: "Ambient", active: yes, repeat: 1
 5:10:25.913 [01] AnimalBear
 5:10:25.913   Primary Spawner: "Animal", active: yes, repeat: 1
 5:10:25.913 [02] AnimalCow
 5:10:25.913   Primary Spawner: "Animal", active: yes, repeat: 1
 5:10:25.913 [03] AnimalDeer
 5:10:25.913   Primary Spawner: "Animal", active: yes, repeat: 1
 5:10:25.913 [04] AnimalGoat
 5:10:25.913   Primary Spawner: "Animal", active: yes, repeat: 1
 5:10:25.913 [05] AnimalPig
 5:10:25.913   Primary Spawner: "Animal", active: yes, repeat: 1
 5:10:25.913 [06] AnimalRoeDeer
 5:10:25.913   Primary Spawner: "Animal", active: yes, repeat: 1
 5:10:25.913 [07] AnimalSheep
 5:10:25.913   Primary Spawner: "Animal", active: yes, repeat: 1
 5:10:25.913 [08] AnimalWildBoar
 5:10:25.913   Primary Spawner: "Animal", active: yes, repeat: 1
 5:10:25.913 [09] AnimalWolf
 5:10:25.913   Primary Spawner: "Animal", active: yes, repeat: 1
 5:10:25.913 [10] InfectedBoss
 5:10:25.913   Primary Spawner: "Infected", active: yes, repeat: 1
 5:10:25.913 [11] InfectedArmy
 5:10:25.913   Primary Spawner: "Infected", active: yes, repeat: 1
 5:10:25.913 [12] InfectedArmyHard
 5:10:25.913   Primary Spawner: "Infected", active: yes, repeat: 1
 5:10:25.913 [13] InfectedCity
 5:10:25.913   Primary Spawner: "Infected", active: yes, repeat: 1
 5:10:25.913 [14] InfectedCityTier1
 5:10:25.913   Primary Spawner: "Infected", active: yes, repeat: 1
 5:10:25.913 [15] InfectedFirefighter
 5:10:25.913   Primary Spawner: "Infected", active: yes, repeat: 1
 5:10:25.913 [16] InfectedIndustrial
 5:10:25.913   Primary Spawner: "Infected", active: yes, repeat: 1
 5:10:25.913 [17] InfectedMedic
 5:10:25.913   Primary Spawner: "Infected", active: yes, repeat: 1
 5:10:25.913 [18] InfectedNBC
 5:10:25.913   Primary Spawner: "Infected", active: yes, repeat: 1
 5:10:25.913 [19] InfectedNBCYellow
 5:10:25.913   Primary Spawner: "Infected", active: yes, repeat: 1
 5:10:25.913 [20] InfectedPolice
 5:10:25.913   Primary Spawner: "Infected", active: yes, repeat: 1
 5:10:25.913 [21] InfectedPoliceHard
 5:10:25.913   Primary Spawner: "Infected", active: yes, repeat: 1
 5:10:25.913 [22] InfectedPrisoner
 5:10:25.913   Primary Spawner: "Infected", active: yes, repeat: 1
 5:10:25.913 [23] InfectedReligious
 5:10:25.913   Primary Spawner: "Infected", active: yes, repeat: 1
 5:10:25.913 [24] InfectedSolitude
 5:10:25.913   Primary Spawner: "Infected", active: yes, repeat: 1
 5:10:25.913 [25] InfectedVillage
 5:10:25.913   Primary Spawner: "Infected", active: yes, repeat: 1
 5:10:25.913 [26] InfectedVillageTier1
 5:10:25.913   Primary Spawner: "Infected", active: yes, repeat: 1
 5:10:25.913 [27] ItemPlanks
 5:10:25.913   Primary Spawner: "Item", active: yes, repeat: 1
 5:10:25.913 [28] Loot
 5:10:25.913   Primary Spawner: "Loot", active: yes, repeat: 2
 5:10:25.913 [29] StaticContaminatedArea
 5:10:25.913   Primary Spawner: "Static", active: yes, repeat: 1
 5:10:25.913 [30] StaticHeliCrash
 5:10:25.913   Primary Spawner: "Static", active: yes, repeat: 1
 5:10:25.913   Secondary Spawner: "Infected", active: yes, repeat: 1
 5:10:25.913 [31] StaticPoliceCar
 5:10:25.913   Primary Spawner: "Static", active: yes, repeat: 1
 5:10:25.913   Secondary Spawner: "Infected", active: yes, repeat: 1
 5:10:25.913 [32] StaticTrain
 5:10:25.913   Primary Spawner: "Static", active: yes, repeat: 1
 5:10:25.913   Secondary Spawner: "Infected", active: yes, repeat: 1
 5:10:25.913 [33] TrajectoryApple
 5:10:25.913   Primary Spawner: "Trajectory", active: yes, repeat: 1
 5:10:25.913 [34] TrajectoryConiferous
 5:10:25.913   Primary Spawner: "Trajectory", active: yes, repeat: 1
 5:10:25.913 [35] TrajectoryDeciduous
 5:10:25.913   Primary Spawner: "Trajectory", active: yes, repeat: 1
 5:10:25.913 [36] TrajectoryHumus
 5:10:25.913   Primary Spawner: "Trajectory", active: yes, repeat: 1
 5:10:25.913 [37] TrajectoryPear
 5:10:25.913   Primary Spawner: "Trajectory", active: yes, repeat: 1
 5:10:25.913 [38] TrajectoryPlum
 5:10:25.913   Primary Spawner: "Trajectory", active: yes, repeat: 1
 5:10:25.913 [39] TrajectoryStones
 5:10:25.913   Primary Spawner: "Trajectory", active: yes, repeat: 1
 5:10:25.913 [40] VehicleCivilianSedan
 5:10:25.913   Primary Spawner: "Vehicle", active: yes, repeat: 1
 5:10:25.913 [41] VehicleHatchback02
 5:10:25.913   Primary Spawner: "Vehicle", active: yes, repeat: 1
 5:10:25.913 [42] VehicleOffroadHatchback
 5:10:25.913   Primary Spawner: "Vehicle", active: yes, repeat: 1
 5:10:25.913 [43] VehicleSedan02
 5:10:25.913   Primary Spawner: "Vehicle", active: yes, repeat: 1
 5:10:25.913 [44] VehicleTruck01
 5:10:25.913   Primary Spawner: "Vehicle", active: yes, repeat: 1
 5:10:25.913 [45] VehicleHelicopter
 5:10:25.913   Primary Spawner: "Vehicle", active: yes, repeat: 1
 5:10:25.913 [CE][Hive] :: Initializing of spawners done.
 5:10:25.913 [CE][Hive] :: Init sequence finished.
 5:10:25.928 Player connect enabled
 5:10:26.803 [IdleMode] Entering IN - save processed
 5:10:36.488 [UNLOCK] Server was unlocked.
11:01:39.956  --- Termination successfully completed --- 
