

=====================================================================
== C:\SERVICES\ni7063137_1_SHARE\ftproot\dayzstandalone\DayZServer_x64.exe
== "C:\SERVICES\ni7063137_1_SHARE\ftproot\dayzstandalone\DayZServer_x64.exe" -ip=31.214.158.194 -port=12800 -cpuCount=4 -limitFPS=100 -adminlog -config=serverDZ.cfg "-mod=@CF;@AutoRUN;@dbo_surfaces;@DabsFramework;@DayZEditorLoader;@BuilderItems;@BaseBuildingPlus;@CodeLock;@Breachingcharge;@VPPAdminTools;@TraderPlus;@InventoryDump;@BurnAlive;@GunnerTruckOshkosh;@MuchStuffPack;@SNAFU;@CannabisPlus;@MMG;@VanillaPlusPlusMap;@UnknownGhillieMod;@MassA2Assets;@SchanaParty;@PseudoGiant;@InventoryMoveSounds;@Notifications;@AdvancedWeaponScopes;@CarsForAll;@SchanaModGlobalChat;@StaminaSettings;@DrugsPLUS;@GoreZ;@PackSouthAmericanPlague;@RedFalcon" -profiles=C:\SERVICES\ni7063137_1_SHARE\ftproot\dayzstandalone/config -BEPath=C:\SERVICES\ni7063137_1_SHARE\ftproot\dayzstandalone\battleye -noFilePatching -nologs -freezecheck
=====================================================================
Exe timestamp: 2022/07/28 08:30:35
Current time:  2022/09/26 23:03:33

Version 1.18.155069
23:03:33.712 [Inputs] Loading inputs default "bin/constants.xml"
23:03:33.712 [Inputs] Loading inputs default "bin/specific.xml"
23:03:33.712 [Inputs] Loading inputs default "BBP_keybind/data/modded_Inputs.xml"
23:03:33.712 [Inputs] Loading inputs default "InventoryMoveSounds/Scripts/Data/Inputs.xml"
23:03:33.712 [Inputs] Loading inputs default "SIX_Autorun/Scripts/Inputs.xml"
23:03:33.727 [Inputs] Loading inputs default "SpardaTextura/inputs/Inputs.xml"
23:03:33.727 [Inputs] Loading inputs default "VanillaPPMap/data/modded_Inputs.xml"
23:03:33.727 [Inputs] Loading inputs default "VehiclesVipNemesis/inputs/Inputs.xml"
23:03:33.727 [Inputs] Loading inputs default "VPPAdminTools/data/modded_Inputs.xml"
23:03:33.727 [Inputs] Loading inputs default "CarLock/scripts/3_Game/inputs.xml"
23:03:33.727 [Inputs] Loading inputs default "Ghost/InventoryDump/Client/Data/modded_inputs.xml"
23:03:33.727 [Inputs] Loading inputs default "Notifications/inputs/inputs.xml"
23:03:33.727 [Inputs] Loading inputs default "RFFSHeli_Core/modded_Inputs.xml"
23:03:33.727 [Inputs] Loading inputs default "SchanaModGlobalChat/Data/Inputs.xml"
23:03:33.727 [Inputs] Loading inputs default "SchanaModParty/Data/Inputs.xml"
23:03:33.727 !!! [Inputs] Cannot load inputs default "", file does not exist
23:03:33.727 !!! [Inputs] Failed to load MODDED inputs - file name/ path invalid?
23:03:33.727 [Inputs] Loading inputs cfg "C:\SERVICES\ni7063137_1_SHARE\ftproot\dayzstandalone/config\Users\Survivor\Server.core.xml"
23:03:33.743 [Inputs] Exporting inputs cfg "C:\SERVICES\ni7063137_1_SHARE\ftproot\dayzstandalone/config\Users\Survivor\Server.core.xml"
23:04:10.88 [CE][Hive] :: Initializing OFFLINE
23:04:10.104 [CE][Hive] :: Loading core data ... 
23:04:10.104 [CE][CoreData] :: 7 root classes, 18 defaults, 0 updaters...
23:04:18.618 [CE] :: WARNING :: Preset map "optics" is EMPTY.
23:04:18.618 [CE][TypeSetup] :: 470 classes setuped...
23:04:18.633 [CE] :: WARNING :: Preset map "optics" is EMPTY.
23:04:18.633 [CE][TypeSetup] :: 377 classes setuped...
23:04:20.836 [CE][RegisterBind] :: 0 classes binded...
23:04:20.836 [CE][RegisterConfig] :: 17183 config classes registered, 0 sub-counters...
23:04:20.836 [CE][Hive] :: Loading map data ... 
23:04:20.836 [CE][IgnoreList] "cfgignorelist.xml" :: loaded 19 types
23:04:20.898 [CE][LoadPrototype] :: loaded 368 prototypes
23:04:20.898   754 containers, 9611 points
23:04:20.898   32 dispatches, 115 proxies
23:04:20.898 !!! [CE][LoadPrototype] 14 groups have no points...
23:04:20.898 !!![CE][LoadPrototype]  2 groups have wrong points...
23:04:20.898 [CE][LoadPrototype] :: last group name: StaticObj_Wreck_Ural_DE...
23:04:20.898 [CE][LoadPrototype] :: loaded 0 prototypes
23:04:20.898   0 containers, 0 points
23:04:20.898   0 dispatches, 0 proxies
23:04:20.898 [CE][LoadPrototype] :: last group name: Rail9...
23:04:21.992 [CE][LoadMap] "Group" :: loaded 11620 groups, groups failed: 0, largest group range: 34.2
23:04:21.992 [CE][LoadMap] "Dirt" :: loaded 0 groups, groups failed: 0, largest group range: 34.2
23:04:22.367 [CE][Links] found 1888 total links between groups, of 11620
23:04:22.367 [CE][LoadClusters] "Cluster" :: Loading files...
23:04:22.601 [CE][LoadClusters] :: file: "mapgroupcluster.xml", 9 types, 50000 instances
23:04:22.789 [CE][LoadClusters] :: file: "mapgroupcluster01", 9 types, 50000 instances
23:04:22.976 [CE][LoadClusters] :: file: "mapgroupcluster02", 9 types, 50000 instances
23:04:23.179 [CE][LoadClusters] :: file: "mapgroupcluster03", 9 types, 50000 instances
23:04:23.257 [CE][LoadClusters] :: file: "mapgroupcluster04", 9 types, 17347 instances
23:04:23.273 [CE][Storage] ver:21 stamp:141521, valid:yes, name:"mpmissions\dayzOffline.chernarusplus\storage_1\data\types.bin"
23:04:23.273 [CE][Storage] ver:21 stamp:141273, valid:yes, name:"mpmissions\dayzOffline.chernarusplus\storage_1\data\types.001"
23:04:23.273 [CE][Storage] ver:21 stamp:141274, valid:yes, name:"mpmissions\dayzOffline.chernarusplus\storage_1\data\types.002"
23:04:23.273 [CE][Storage] Restoring file "mpmissions\dayzOffline.chernarusplus\storage_1\data\types.bin".
23:04:23.491 !!! [CE][offlineDB] :: No Shutdown message present.
23:04:23.507 [CE][offlineDB] :: Loaded 46 dynamic events 302 total types.
23:04:23.523 !!! [CE][offlineDB] :: Type 'ChristmasTree' will be ignored. (Not spawnable. (Scope is not public?))
23:04:23.554 [CE][Storage] ver:21 stamp:141521, valid:yes, name:"mpmissions\dayzOffline.chernarusplus\storage_1\data\events.bin"
23:04:23.570 [CE][Storage] ver:21 stamp:141273, valid:yes, name:"mpmissions\dayzOffline.chernarusplus\storage_1\data\events.001"
23:04:23.570 [CE][Storage] ver:21 stamp:141274, valid:yes, name:"mpmissions\dayzOffline.chernarusplus\storage_1\data\events.002"
23:04:23.570 [CE][Storage] Restoring file "mpmissions\dayzOffline.chernarusplus\storage_1\data\events.bin".
23:04:23.570 [CE][DynamicEvent] Load  Events:[46] Primary spawners: 46 Secondary spawners: 3
23:04:23.570 [CE][Storage] ver:25 stamp:141521, valid:yes, name:"mpmissions\dayzOffline.chernarusplus\storage_1\data\dynamic_000.bin"
23:04:23.570 [CE][Storage] ver:25 stamp:141273, valid:yes, name:"mpmissions\dayzOffline.chernarusplus\storage_1\data\dynamic_000.001"
23:04:23.570 [CE][Storage] ver:25 stamp:141274, valid:yes, name:"mpmissions\dayzOffline.chernarusplus\storage_1\data\dynamic_000.002"
23:04:23.570 [CE][Storage] Restoring file "mpmissions\dayzOffline.chernarusplus\storage_1\data\dynamic_000.bin" 821 items.
23:04:24.116   821 items loaded. (0 failed)
23:04:24.116 [CE][Storage] ver:25 stamp:141521, valid:yes, name:"mpmissions\dayzOffline.chernarusplus\storage_1\data\dynamic_001.bin"
23:04:24.132 [CE][Storage] ver:25 stamp:141273, valid:yes, name:"mpmissions\dayzOffline.chernarusplus\storage_1\data\dynamic_001.001"
23:04:24.132 [CE][Storage] ver:25 stamp:141274, valid:yes, name:"mpmissions\dayzOffline.chernarusplus\storage_1\data\dynamic_001.002"
23:04:24.132 [CE][Storage] Restoring file "mpmissions\dayzOffline.chernarusplus\storage_1\data\dynamic_001.bin" 1733 items.
23:04:25.22   1733 items loaded. (0 failed)
23:04:25.22 [CE][Storage] ver:25 stamp:141521, valid:yes, name:"mpmissions\dayzOffline.chernarusplus\storage_1\data\dynamic_002.bin"
23:04:25.22 [CE][Storage] ver:25 stamp:141273, valid:yes, name:"mpmissions\dayzOffline.chernarusplus\storage_1\data\dynamic_002.001"
23:04:25.22 [CE][Storage] ver:25 stamp:141274, valid:yes, name:"mpmissions\dayzOffline.chernarusplus\storage_1\data\dynamic_002.002"
23:04:25.22 [CE][Storage] Restoring file "mpmissions\dayzOffline.chernarusplus\storage_1\data\dynamic_002.bin" 2354 items.
23:04:25.850   2354 items loaded. (0 failed)
23:04:25.850 [CE][Storage] ver:25 stamp:141521, valid:yes, name:"mpmissions\dayzOffline.chernarusplus\storage_1\data\dynamic_003.bin"
23:04:25.850 [CE][Storage] ver:25 stamp:141273, valid:yes, name:"mpmissions\dayzOffline.chernarusplus\storage_1\data\dynamic_003.001"
23:04:25.850 [CE][Storage] ver:25 stamp:141274, valid:yes, name:"mpmissions\dayzOffline.chernarusplus\storage_1\data\dynamic_003.002"
23:04:25.850 [CE][Storage] Restoring file "mpmissions\dayzOffline.chernarusplus\storage_1\data\dynamic_003.bin" 2434 items.
23:04:26.881   2434 items loaded. (0 failed)
23:04:26.881 [CE][Storage] ver:25 stamp:141521, valid:yes, name:"mpmissions\dayzOffline.chernarusplus\storage_1\data\dynamic_004.bin"
23:04:26.881 [CE][Storage] ver:25 stamp:141273, valid:yes, name:"mpmissions\dayzOffline.chernarusplus\storage_1\data\dynamic_004.001"
23:04:26.881 [CE][Storage] ver:25 stamp:141274, valid:yes, name:"mpmissions\dayzOffline.chernarusplus\storage_1\data\dynamic_004.002"
23:04:26.881 [CE][Storage] Restoring file "mpmissions\dayzOffline.chernarusplus\storage_1\data\dynamic_004.bin" 1859 items.
23:04:27.647   1859 items loaded. (0 failed)
23:04:27.647 [CE][Storage] ver:25 stamp:141521, valid:yes, name:"mpmissions\dayzOffline.chernarusplus\storage_1\data\dynamic_005.bin"
23:04:27.647 [CE][Storage] ver:25 stamp:141273, valid:yes, name:"mpmissions\dayzOffline.chernarusplus\storage_1\data\dynamic_005.001"
23:04:27.662 [CE][Storage] ver:25 stamp:141274, valid:yes, name:"mpmissions\dayzOffline.chernarusplus\storage_1\data\dynamic_005.002"
23:04:27.662 [CE][Storage] Restoring file "mpmissions\dayzOffline.chernarusplus\storage_1\data\dynamic_005.bin" 2002 items.
23:04:28.350   2002 items loaded. (0 failed)
23:04:28.350 [CE][Storage] ver:25 stamp:141521, valid:yes, name:"mpmissions\dayzOffline.chernarusplus\storage_1\data\dynamic_006.bin"
23:04:28.350 [CE][Storage] ver:25 stamp:141273, valid:yes, name:"mpmissions\dayzOffline.chernarusplus\storage_1\data\dynamic_006.001"
23:04:28.365 [CE][Storage] ver:25 stamp:141274, valid:yes, name:"mpmissions\dayzOffline.chernarusplus\storage_1\data\dynamic_006.002"
23:04:28.365 [CE][Storage] Restoring file "mpmissions\dayzOffline.chernarusplus\storage_1\data\dynamic_006.bin" 1505 items.
23:04:28.912   1505 items loaded. (0 failed)
23:04:28.912 [CE][Storage] ver:25 stamp:141521, valid:yes, name:"mpmissions\dayzOffline.chernarusplus\storage_1\data\dynamic_007.bin"
23:04:28.928 [CE][Storage] ver:25 stamp:141273, valid:yes, name:"mpmissions\dayzOffline.chernarusplus\storage_1\data\dynamic_007.001"
23:04:28.928 [CE][Storage] ver:25 stamp:141274, valid:yes, name:"mpmissions\dayzOffline.chernarusplus\storage_1\data\dynamic_007.002"
23:04:28.928 [CE][Storage] Restoring file "mpmissions\dayzOffline.chernarusplus\storage_1\data\dynamic_007.bin" 1494 items.
23:04:29.553   1494 items loaded. (0 failed)
23:04:29.568 [CE][Storage] ver:25 stamp:141521, valid:yes, name:"mpmissions\dayzOffline.chernarusplus\storage_1\data\dynamic_008.bin"
23:04:29.568 [CE][Storage] ver:25 stamp:141273, valid:yes, name:"mpmissions\dayzOffline.chernarusplus\storage_1\data\dynamic_008.001"
23:04:29.568 [CE][Storage] ver:25 stamp:141274, valid:yes, name:"mpmissions\dayzOffline.chernarusplus\storage_1\data\dynamic_008.002"
23:04:29.568 [CE][Storage] Restoring file "mpmissions\dayzOffline.chernarusplus\storage_1\data\dynamic_008.bin" 2064 items.
23:04:30.349   2064 items loaded. (0 failed)
23:04:30.349 [CE][Storage] ver:25 stamp:141521, valid:yes, name:"mpmissions\dayzOffline.chernarusplus\storage_1\data\dynamic_009.bin"
23:04:30.349 [CE][Storage] ver:25 stamp:141273, valid:yes, name:"mpmissions\dayzOffline.chernarusplus\storage_1\data\dynamic_009.001"
23:04:30.349 [CE][Storage] ver:25 stamp:141274, valid:yes, name:"mpmissions\dayzOffline.chernarusplus\storage_1\data\dynamic_009.002"
23:04:30.349 [CE][Storage] Restoring file "mpmissions\dayzOffline.chernarusplus\storage_1\data\dynamic_009.bin" 2580 items.
23:04:31.396   2580 items loaded. (0 failed)
23:04:31.396 [CE][Storage] ver:25 stamp:141521, valid:yes, name:"mpmissions\dayzOffline.chernarusplus\storage_1\data\dynamic_010.bin"
23:04:31.396 [CE][Storage] ver:25 stamp:141273, valid:yes, name:"mpmissions\dayzOffline.chernarusplus\storage_1\data\dynamic_010.001"
23:04:31.396 [CE][Storage] ver:25 stamp:141274, valid:yes, name:"mpmissions\dayzOffline.chernarusplus\storage_1\data\dynamic_010.002"
23:04:31.396 [CE][Storage] Restoring file "mpmissions\dayzOffline.chernarusplus\storage_1\data\dynamic_010.bin" 1756 items.
23:04:32.114   1756 items loaded. (0 failed)
23:04:32.114 [CE][Storage] ver:25 stamp:141521, valid:yes, name:"mpmissions\dayzOffline.chernarusplus\storage_1\data\dynamic_011.bin"
23:04:32.114 [CE][Storage] ver:25 stamp:141273, valid:yes, name:"mpmissions\dayzOffline.chernarusplus\storage_1\data\dynamic_011.001"
23:04:32.114 [CE][Storage] ver:25 stamp:141274, valid:yes, name:"mpmissions\dayzOffline.chernarusplus\storage_1\data\dynamic_011.002"
23:04:32.114 [CE][Storage] Restoring file "mpmissions\dayzOffline.chernarusplus\storage_1\data\dynamic_011.bin" 203 items.
23:04:32.396   203 items loaded. (0 failed)
23:04:32.396 [CE][Storage] ver:26 stamp:141521, valid:yes, name:"mpmissions\dayzOffline.chernarusplus\storage_1\data\building.bin"
23:04:32.396 [CE][Storage] ver:26 stamp:141273, valid:yes, name:"mpmissions\dayzOffline.chernarusplus\storage_1\data\building.001"
23:04:32.396 [CE][Storage] ver:26 stamp:141274, valid:yes, name:"mpmissions\dayzOffline.chernarusplus\storage_1\data\building.002"
23:04:32.396 [CE][Storage] Restoring file "mpmissions\dayzOffline.chernarusplus\storage_1\data\building.bin" 1 items.
23:04:32.396   1 items loaded. (0 failed)
23:04:32.396 [CE][Storage] ver:25 stamp:141521, valid:yes, name:"mpmissions\dayzOffline.chernarusplus\storage_1\data\vehicles.bin"
23:04:32.396 [CE][Storage] ver:25 stamp:141273, valid:yes, name:"mpmissions\dayzOffline.chernarusplus\storage_1\data\vehicles.001"
23:04:32.411 [CE][Storage] ver:25 stamp:141274, valid:yes, name:"mpmissions\dayzOffline.chernarusplus\storage_1\data\vehicles.002"
23:04:32.411 [CE][Storage] Restoring file "mpmissions\dayzOffline.chernarusplus\storage_1\data\vehicles.bin" 143 items.
23:04:33.114   143 items loaded. (0 failed)
23:04:33.130 [CE][Hive] :: Storage load took:9.56 seconds, recovery stamp:141521
23:04:33.130   entity: 25462, building: 1
23:04:33.130   no lifetime: 68
23:04:33.130   pathgraph's: 665
23:04:33.145 [CE][Hive] :: Initializing ... 
23:04:33.192 [CE][InitializeMap] :: initialized: 1
23:04:33.192 [CE][Hive] :: Initializing spawners ... 
23:04:33.395 !!! [CE][DE][SPAWNS] :: [WARNING] :: Skipping entry for non-existing event 'VehicleTransitBus'.
23:04:33.395 [CE][DE][SPAWNS] :: Total positions: 1165
23:04:33.395 [CE][DE][GROUPS] :: Total eventgroups defined: 21, Eventgroups in use: 21
23:04:35.692 [CE][LootRespawner] (PRIDummy) :: Initially (re)spawned:0, Nominal:27680, Total in Map: 19990 at 0 (sec)
23:04:35.692   tests:0, repeats:0 fails:0, overtime:0
23:04:35.707 [CE][DynEvent] :: 46 types
23:04:35.707 [00] AmbientHen
23:04:35.707   Primary Spawner: "Ambient", active: yes, repeat: 1
23:04:35.707 [01] AnimalBear
23:04:35.707   Primary Spawner: "Animal", active: yes, repeat: 1
23:04:35.707 [02] AnimalCow
23:04:35.707   Primary Spawner: "Animal", active: yes, repeat: 1
23:04:35.707 [03] AnimalDeer
23:04:35.707   Primary Spawner: "Animal", active: yes, repeat: 1
23:04:35.707 [04] AnimalGoat
23:04:35.707   Primary Spawner: "Animal", active: yes, repeat: 1
23:04:35.707 [05] AnimalPig
23:04:35.707   Primary Spawner: "Animal", active: yes, repeat: 1
23:04:35.707 [06] AnimalRoeDeer
23:04:35.707   Primary Spawner: "Animal", active: yes, repeat: 1
23:04:35.707 [07] AnimalSheep
23:04:35.707   Primary Spawner: "Animal", active: yes, repeat: 1
23:04:35.707 [08] AnimalWildBoar
23:04:35.707   Primary Spawner: "Animal", active: yes, repeat: 1
23:04:35.707 [09] AnimalWolf
23:04:35.707   Primary Spawner: "Animal", active: yes, repeat: 1
23:04:35.707 [10] InfectedBoss
23:04:35.707   Primary Spawner: "Infected", active: yes, repeat: 1
23:04:35.707 [11] InfectedArmy
23:04:35.707   Primary Spawner: "Infected", active: yes, repeat: 1
23:04:35.707 [12] InfectedArmyHard
23:04:35.707   Primary Spawner: "Infected", active: yes, repeat: 1
23:04:35.707 [13] InfectedCity
23:04:35.707   Primary Spawner: "Infected", active: yes, repeat: 1
23:04:35.707 [14] InfectedCityTier1
23:04:35.707   Primary Spawner: "Infected", active: yes, repeat: 1
23:04:35.707 [15] InfectedFirefighter
23:04:35.707   Primary Spawner: "Infected", active: yes, repeat: 1
23:04:35.707 [16] InfectedIndustrial
23:04:35.707   Primary Spawner: "Infected", active: yes, repeat: 1
23:04:35.707 [17] InfectedMedic
23:04:35.707   Primary Spawner: "Infected", active: yes, repeat: 1
23:04:35.707 [18] InfectedNBC
23:04:35.707   Primary Spawner: "Infected", active: yes, repeat: 1
23:04:35.707 [19] InfectedNBCYellow
23:04:35.707   Primary Spawner: "Infected", active: yes, repeat: 1
23:04:35.707 [20] InfectedPolice
23:04:35.707   Primary Spawner: "Infected", active: yes, repeat: 1
23:04:35.707 [21] InfectedPoliceHard
23:04:35.707   Primary Spawner: "Infected", active: yes, repeat: 1
23:04:35.707 [22] InfectedPrisoner
23:04:35.707   Primary Spawner: "Infected", active: yes, repeat: 1
23:04:35.707 [23] InfectedReligious
23:04:35.707   Primary Spawner: "Infected", active: yes, repeat: 1
23:04:35.707 [24] InfectedSolitude
23:04:35.707   Primary Spawner: "Infected", active: yes, repeat: 1
23:04:35.707 [25] InfectedVillage
23:04:35.707   Primary Spawner: "Infected", active: yes, repeat: 1
23:04:35.707 [26] InfectedVillageTier1
23:04:35.707   Primary Spawner: "Infected", active: yes, repeat: 1
23:04:35.707 [27] ItemPlanks
23:04:35.707   Primary Spawner: "Item", active: yes, repeat: 1
23:04:35.707 [28] Loot
23:04:35.707   Primary Spawner: "Loot", active: yes, repeat: 2
23:04:35.707 [29] StaticContaminatedArea
23:04:35.707   Primary Spawner: "Static", active: yes, repeat: 1
23:04:35.707 [30] StaticHeliCrash
23:04:35.707   Primary Spawner: "Static", active: yes, repeat: 1
23:04:35.707   Secondary Spawner: "Infected", active: yes, repeat: 1
23:04:35.707 [31] StaticPoliceCar
23:04:35.707   Primary Spawner: "Static", active: yes, repeat: 1
23:04:35.707   Secondary Spawner: "Infected", active: yes, repeat: 1
23:04:35.707 [32] StaticTrain
23:04:35.707   Primary Spawner: "Static", active: yes, repeat: 1
23:04:35.707   Secondary Spawner: "Infected", active: yes, repeat: 1
23:04:35.707 [33] TrajectoryApple
23:04:35.707   Primary Spawner: "Trajectory", active: yes, repeat: 1
23:04:35.707 [34] TrajectoryConiferous
23:04:35.707   Primary Spawner: "Trajectory", active: yes, repeat: 1
23:04:35.707 [35] TrajectoryDeciduous
23:04:35.707   Primary Spawner: "Trajectory", active: yes, repeat: 1
23:04:35.707 [36] TrajectoryHumus
23:04:35.707   Primary Spawner: "Trajectory", active: yes, repeat: 1
23:04:35.707 [37] TrajectoryPear
23:04:35.707   Primary Spawner: "Trajectory", active: yes, repeat: 1
23:04:35.707 [38] TrajectoryPlum
23:04:35.707   Primary Spawner: "Trajectory", active: yes, repeat: 1
23:04:35.707 [39] TrajectoryStones
23:04:35.707   Primary Spawner: "Trajectory", active: yes, repeat: 1
23:04:35.707 [40] VehicleCivilianSedan
23:04:35.707   Primary Spawner: "Vehicle", active: yes, repeat: 1
23:04:35.707 [41] VehicleHatchback02
23:04:35.707   Primary Spawner: "Vehicle", active: yes, repeat: 1
23:04:35.707 [42] VehicleOffroadHatchback
23:04:35.707   Primary Spawner: "Vehicle", active: yes, repeat: 1
23:04:35.707 [43] VehicleSedan02
23:04:35.707   Primary Spawner: "Vehicle", active: yes, repeat: 1
23:04:35.707 [44] VehicleTruck01
23:04:35.707   Primary Spawner: "Vehicle", active: yes, repeat: 1
23:04:35.707 [45] VehicleHelicopter
23:04:35.707   Primary Spawner: "Vehicle", active: yes, repeat: 1
23:04:35.707 [CE][Hive] :: Initializing of spawners done.
23:04:35.707 [CE][Hive] :: Init sequence finished.
23:04:35.707 Player connect enabled
23:04:36.504 [IdleMode] Entering IN - save processed
23:04:46.486 [UNLOCK] Server was unlocked.
23:08:20.700 [Login]: Adding player O Menino (79943628) to login queue at position 0
23:08:20.700 [LoginMachine]: Add player O Menino (79943628 190.134.119.184:2304)
23:08:20.700 [StateMachine]: Player O Menino (dpnid 79943628 uid ) Entering AuthPlayerLoginState
23:08:21.91 [StateMachine]: Player O Menino (dpnid 79943628 uid ) State Error (AuthPlayerLoginState)
23:08:21.91 Player Unknown (79943628) kicked from server: 115 (Client is missing a mod which is on the server. (TraderPlus; GoreZ; InventoryMoveSounds; CarsForAll; RedFalcon Flight System Heliz; MMG - Mightys Military Gear; S.A.P. Pack; SchanaModGlobalChat; GunnerTruck; dbo_surfaces; Notifications; StaminaSettings; PseudoGiant; DrugsPLUS; VanillaPlusPlusMap; SNAFU_Weapons; 6IX DayZ Auto Run Mod; Burn Alive; MassA2Assets; InventoryDump; Dabs Framework; Unknown Ghillie Mod; DayZ Editor Loader)  (Missing PBO. (C:\Program Files (x86)\Steam\steamapps\common\DayZ\!Workshop\@EHOSGURIDECWB\addons\audi_rs6_byalex.pbo)))
23:08:21.91 [StateMachine]: Kick player O Menino (dpnid 79943628 uid ) State AuthPlayerLoginState
23:08:21.106 [Disconnect]: Client 79943628 early disconnect
23:08:21.122 [Disconnect]: No identity -> remove player info 79943628 
23:08:21.122 [Disconnect]: DisconnectPlayerFinish 79943628
23:08:21.122 [Disconnect]: Remove player info 79943628
23:08:21.122 [Disconnect]: Player destroy 79943628 
 5:09:07.558  --- Termination successfully completed --- 
