

=====================================================================
== C:\SERVICES\ni7063137_1_SHARE\ftproot\dayzstandalone\DayZServer_x64.exe
== "C:\SERVICES\ni7063137_1_SHARE\ftproot\dayzstandalone\DayZServer_x64.exe" -ip=31.214.158.194 -port=12800 -cpuCount=4 -limitFPS=100 -adminlog -config=serverDZ.cfg "-mod=@CF;@AutoRUN;@dbo_surfaces;@DabsFramework;@DayZEditorLoader;@BuilderItems;@BaseBuildingPlus;@CodeLock;@Breachingcharge;@VPPAdminTools;@TraderPlus;@InventoryDump;@BurnAlive;@GunnerTruckOshkosh;@MuchStuffPack;@SNAFU;@CannabisPlus;@MMG;@VanillaPlusPlusMap;@UnknownGhillieMod;@MassA2Assets;@SchanaParty;@PseudoGiant;@InventoryMoveSounds;@Notifications;@AdvancedWeaponScopes;@CarsForAll;@SchanaModGlobalChat;@StaminaSettings;@DrugsPLUS;@GoreZ;@PackSouthAmericanPlague;@RedFalcon" -profiles=C:\SERVICES\ni7063137_1_SHARE\ftproot\dayzstandalone/config -BEPath=C:\SERVICES\ni7063137_1_SHARE\ftproot\dayzstandalone\battleye -noFilePatching -nologs -freezecheck
=====================================================================
Exe timestamp: 2022/07/28 08:30:35
Current time:  2022/09/15 08:05:20

Version 1.18.155069
 8:05:20.656 [Inputs] Loading inputs default "bin/constants.xml"
 8:05:20.672 [Inputs] Loading inputs default "bin/specific.xml"
 8:05:20.672 [Inputs] Loading inputs default "BBP_keybind/data/modded_Inputs.xml"
 8:05:20.672 [Inputs] Loading inputs default "InventoryMoveSounds/Scripts/Data/Inputs.xml"
 8:05:20.672 [Inputs] Loading inputs default "SIX_Autorun/Scripts/Inputs.xml"
 8:05:20.687 [Inputs] Loading inputs default "SpardaTextura/inputs/Inputs.xml"
 8:05:20.687 [Inputs] Loading inputs default "VanillaPPMap/data/modded_Inputs.xml"
 8:05:20.687 [Inputs] Loading inputs default "VehiclesVipNemesis/inputs/Inputs.xml"
 8:05:20.703 [Inputs] Loading inputs default "VPPAdminTools/data/modded_Inputs.xml"
 8:05:20.703 [Inputs] Loading inputs default "CarLock/scripts/3_Game/inputs.xml"
 8:05:20.719 [Inputs] Loading inputs default "Ghost/InventoryDump/Client/Data/modded_inputs.xml"
 8:05:20.719 [Inputs] Loading inputs default "Notifications/inputs/inputs.xml"
 8:05:20.719 [Inputs] Loading inputs default "RFFSHeli_Core/modded_Inputs.xml"
 8:05:20.735 [Inputs] Loading inputs default "SchanaModGlobalChat/Data/Inputs.xml"
 8:05:20.735 [Inputs] Loading inputs default "SchanaModParty/Data/Inputs.xml"
 8:05:20.735 !!! [Inputs] Cannot load inputs default "", file does not exist
 8:05:20.735 !!! [Inputs] Failed to load MODDED inputs - file name/ path invalid?
 8:05:20.735 [Inputs] Loading inputs cfg "C:\SERVICES\ni7063137_1_SHARE\ftproot\dayzstandalone/config\Users\Survivor\Server.core.xml"
 8:05:20.765 [Inputs] Exporting inputs cfg "C:\SERVICES\ni7063137_1_SHARE\ftproot\dayzstandalone/config\Users\Survivor\Server.core.xml"
 8:05:58.204 [CE][Hive] :: Initializing OFFLINE
 8:05:58.220 [CE][Hive] :: Loading core data ... 
 8:05:58.220 [CE][CoreData] :: 7 root classes, 18 defaults, 0 updaters...
 8:06:06.109 [CE] :: WARNING :: Preset map "optics" is EMPTY.
 8:06:06.109 [CE][TypeSetup] :: 470 classes setuped...
 8:06:06.140 [CE] :: WARNING :: Preset map "optics" is EMPTY.
 8:06:06.140 [CE][TypeSetup] :: 377 classes setuped...
 8:06:08.546 [CE][RegisterBind] :: 0 classes binded...
 8:06:08.546 [CE][RegisterConfig] :: 17183 config classes registered, 0 sub-counters...
 8:06:08.546 [CE][Hive] :: Loading map data ... 
 8:06:08.561 [CE][IgnoreList] "cfgignorelist.xml" :: loaded 19 types
 8:06:08.608 [CE][LoadPrototype] :: loaded 368 prototypes
 8:06:08.608   754 containers, 9611 points
 8:06:08.608   32 dispatches, 115 proxies
 8:06:08.608 !!! [CE][LoadPrototype] 14 groups have no points...
 8:06:08.608 !!![CE][LoadPrototype]  2 groups have wrong points...
 8:06:08.608 [CE][LoadPrototype] :: last group name: StaticObj_Wreck_Ural_DE...
 8:06:08.624 [CE][LoadPrototype] :: loaded 0 prototypes
 8:06:08.624   0 containers, 0 points
 8:06:08.624   0 dispatches, 0 proxies
 8:06:08.624 [CE][LoadPrototype] :: last group name: Rail9...
 8:06:09.717 [CE][LoadMap] "Group" :: loaded 11620 groups, groups failed: 0, largest group range: 34.2
 8:06:09.717 [CE][LoadMap] "Dirt" :: loaded 0 groups, groups failed: 0, largest group range: 34.2
 8:06:10.139 [CE][Links] found 1888 total links between groups, of 11620
 8:06:10.139 [CE][LoadClusters] "Cluster" :: Loading files...
 8:06:10.327 [CE][LoadClusters] :: file: "mapgroupcluster.xml", 9 types, 50000 instances
 8:06:10.514 [CE][LoadClusters] :: file: "mapgroupcluster01", 9 types, 50000 instances
 8:06:10.717 [CE][LoadClusters] :: file: "mapgroupcluster02", 9 types, 50000 instances
 8:06:10.920 [CE][LoadClusters] :: file: "mapgroupcluster03", 9 types, 50000 instances
 8:06:11.14 [CE][LoadClusters] :: file: "mapgroupcluster04", 9 types, 17347 instances
 8:06:11.14 [CE][Storage] ver:21 stamp:124948, valid:yes, name:"mpmissions\dayzOffline.chernarusplus\storage_1\data\types.bin"
 8:06:11.14 [CE][Storage] ver:21 stamp:124374, valid:yes, name:"mpmissions\dayzOffline.chernarusplus\storage_1\data\types.001"
 8:06:11.14 [CE][Storage] ver:21 stamp:124375, valid:yes, name:"mpmissions\dayzOffline.chernarusplus\storage_1\data\types.002"
 8:06:11.14 [CE][Storage] Restoring file "mpmissions\dayzOffline.chernarusplus\storage_1\data\types.bin".
 8:06:11.264 !!! [CE][offlineDB] :: No Shutdown message present.
 8:06:11.264 [CE][offlineDB] :: Loaded 46 dynamic events 302 total types.
 8:06:11.295 !!! [CE][offlineDB] :: Type 'ChristmasTree' will be ignored. (Not spawnable. (Scope is not public?))
 8:06:11.326 [CE][Storage] ver:21 stamp:124948, valid:yes, name:"mpmissions\dayzOffline.chernarusplus\storage_1\data\events.bin"
 8:06:11.326 [CE][Storage] ver:21 stamp:124374, valid:yes, name:"mpmissions\dayzOffline.chernarusplus\storage_1\data\events.001"
 8:06:11.326 [CE][Storage] ver:21 stamp:124375, valid:yes, name:"mpmissions\dayzOffline.chernarusplus\storage_1\data\events.002"
 8:06:11.326 [CE][Storage] Restoring file "mpmissions\dayzOffline.chernarusplus\storage_1\data\events.bin".
 8:06:11.326 [CE][DynamicEvent] Load  Events:[46] Primary spawners: 46 Secondary spawners: 3
 8:06:11.326 [CE][Storage] ver:25 stamp:124948, valid:yes, name:"mpmissions\dayzOffline.chernarusplus\storage_1\data\dynamic_000.bin"
 8:06:11.326 [CE][Storage] ver:25 stamp:124374, valid:yes, name:"mpmissions\dayzOffline.chernarusplus\storage_1\data\dynamic_000.001"
 8:06:11.326 [CE][Storage] ver:25 stamp:124375, valid:yes, name:"mpmissions\dayzOffline.chernarusplus\storage_1\data\dynamic_000.002"
 8:06:11.326 [CE][Storage] Restoring file "mpmissions\dayzOffline.chernarusplus\storage_1\data\dynamic_000.bin" 823 items.
 8:06:11.936   823 items loaded. (0 failed)
 8:06:11.936 [CE][Storage] ver:25 stamp:124948, valid:yes, name:"mpmissions\dayzOffline.chernarusplus\storage_1\data\dynamic_001.bin"
 8:06:11.936 [CE][Storage] ver:25 stamp:124374, valid:yes, name:"mpmissions\dayzOffline.chernarusplus\storage_1\data\dynamic_001.001"
 8:06:11.951 [CE][Storage] ver:25 stamp:124375, valid:yes, name:"mpmissions\dayzOffline.chernarusplus\storage_1\data\dynamic_001.002"
 8:06:11.951 [CE][Storage] Restoring file "mpmissions\dayzOffline.chernarusplus\storage_1\data\dynamic_001.bin" 1738 items.
 8:06:12.967   1738 items loaded. (0 failed)
 8:06:12.967 [CE][Storage] ver:25 stamp:124948, valid:yes, name:"mpmissions\dayzOffline.chernarusplus\storage_1\data\dynamic_002.bin"
 8:06:12.982 [CE][Storage] ver:25 stamp:124374, valid:yes, name:"mpmissions\dayzOffline.chernarusplus\storage_1\data\dynamic_002.001"
 8:06:12.982 [CE][Storage] ver:25 stamp:124375, valid:yes, name:"mpmissions\dayzOffline.chernarusplus\storage_1\data\dynamic_002.002"
 8:06:12.982 [CE][Storage] Restoring file "mpmissions\dayzOffline.chernarusplus\storage_1\data\dynamic_002.bin" 2478 items.
 8:06:14.29   2478 items loaded. (0 failed)
 8:06:14.29 [CE][Storage] ver:25 stamp:124948, valid:yes, name:"mpmissions\dayzOffline.chernarusplus\storage_1\data\dynamic_003.bin"
 8:06:14.29 [CE][Storage] ver:25 stamp:124374, valid:yes, name:"mpmissions\dayzOffline.chernarusplus\storage_1\data\dynamic_003.001"
 8:06:14.29 [CE][Storage] ver:25 stamp:124375, valid:yes, name:"mpmissions\dayzOffline.chernarusplus\storage_1\data\dynamic_003.002"
 8:06:14.29 [CE][Storage] Restoring file "mpmissions\dayzOffline.chernarusplus\storage_1\data\dynamic_003.bin" 2402 items.
 8:06:15.201   2402 items loaded. (0 failed)
 8:06:15.201 [CE][Storage] ver:25 stamp:124948, valid:yes, name:"mpmissions\dayzOffline.chernarusplus\storage_1\data\dynamic_004.bin"
 8:06:15.201 [CE][Storage] ver:25 stamp:124374, valid:yes, name:"mpmissions\dayzOffline.chernarusplus\storage_1\data\dynamic_004.001"
 8:06:15.216 [CE][Storage] ver:25 stamp:124375, valid:yes, name:"mpmissions\dayzOffline.chernarusplus\storage_1\data\dynamic_004.002"
 8:06:15.216 [CE][Storage] Restoring file "mpmissions\dayzOffline.chernarusplus\storage_1\data\dynamic_004.bin" 1879 items.
 8:06:16.28   1879 items loaded. (0 failed)
 8:06:16.28 [CE][Storage] ver:25 stamp:124948, valid:yes, name:"mpmissions\dayzOffline.chernarusplus\storage_1\data\dynamic_005.bin"
 8:06:16.44 [CE][Storage] ver:25 stamp:124374, valid:yes, name:"mpmissions\dayzOffline.chernarusplus\storage_1\data\dynamic_005.001"
 8:06:16.44 [CE][Storage] ver:25 stamp:124375, valid:yes, name:"mpmissions\dayzOffline.chernarusplus\storage_1\data\dynamic_005.002"
 8:06:16.44 [CE][Storage] Restoring file "mpmissions\dayzOffline.chernarusplus\storage_1\data\dynamic_005.bin" 2004 items.
 8:06:16.841   2004 items loaded. (0 failed)
 8:06:16.841 [CE][Storage] ver:25 stamp:124948, valid:yes, name:"mpmissions\dayzOffline.chernarusplus\storage_1\data\dynamic_006.bin"
 8:06:16.856 [CE][Storage] ver:25 stamp:124374, valid:yes, name:"mpmissions\dayzOffline.chernarusplus\storage_1\data\dynamic_006.001"
 8:06:16.856 [CE][Storage] ver:25 stamp:124375, valid:yes, name:"mpmissions\dayzOffline.chernarusplus\storage_1\data\dynamic_006.002"
 8:06:16.856 [CE][Storage] Restoring file "mpmissions\dayzOffline.chernarusplus\storage_1\data\dynamic_006.bin" 1513 items.
 8:06:17.466   1513 items loaded. (0 failed)
 8:06:17.466 [CE][Storage] ver:25 stamp:124948, valid:yes, name:"mpmissions\dayzOffline.chernarusplus\storage_1\data\dynamic_007.bin"
 8:06:17.466 [CE][Storage] ver:25 stamp:124374, valid:yes, name:"mpmissions\dayzOffline.chernarusplus\storage_1\data\dynamic_007.001"
 8:06:17.466 [CE][Storage] ver:25 stamp:124375, valid:yes, name:"mpmissions\dayzOffline.chernarusplus\storage_1\data\dynamic_007.002"
 8:06:17.466 [CE][Storage] Restoring file "mpmissions\dayzOffline.chernarusplus\storage_1\data\dynamic_007.bin" 1465 items.
 8:06:18.201   1465 items loaded. (0 failed)
 8:06:18.201 [CE][Storage] ver:25 stamp:124948, valid:yes, name:"mpmissions\dayzOffline.chernarusplus\storage_1\data\dynamic_008.bin"
 8:06:18.201 [CE][Storage] ver:25 stamp:124374, valid:yes, name:"mpmissions\dayzOffline.chernarusplus\storage_1\data\dynamic_008.001"
 8:06:18.201 [CE][Storage] ver:25 stamp:124375, valid:yes, name:"mpmissions\dayzOffline.chernarusplus\storage_1\data\dynamic_008.002"
 8:06:18.201 [CE][Storage] Restoring file "mpmissions\dayzOffline.chernarusplus\storage_1\data\dynamic_008.bin" 2116 items.
 8:06:19.105   2116 items loaded. (0 failed)
 8:06:19.105 [CE][Storage] ver:25 stamp:124948, valid:yes, name:"mpmissions\dayzOffline.chernarusplus\storage_1\data\dynamic_009.bin"
 8:06:19.105 [CE][Storage] ver:25 stamp:124374, valid:yes, name:"mpmissions\dayzOffline.chernarusplus\storage_1\data\dynamic_009.001"
 8:06:19.105 [CE][Storage] ver:25 stamp:124375, valid:yes, name:"mpmissions\dayzOffline.chernarusplus\storage_1\data\dynamic_009.002"
 8:06:19.105 [CE][Storage] Restoring file "mpmissions\dayzOffline.chernarusplus\storage_1\data\dynamic_009.bin" 2639 items.
 8:06:20.311   2639 items loaded. (0 failed)
 8:06:20.311 [CE][Storage] ver:25 stamp:124948, valid:yes, name:"mpmissions\dayzOffline.chernarusplus\storage_1\data\dynamic_010.bin"
 8:06:20.311 [CE][Storage] ver:25 stamp:124374, valid:yes, name:"mpmissions\dayzOffline.chernarusplus\storage_1\data\dynamic_010.001"
 8:06:20.311 [CE][Storage] ver:25 stamp:124375, valid:yes, name:"mpmissions\dayzOffline.chernarusplus\storage_1\data\dynamic_010.002"
 8:06:20.311 [CE][Storage] Restoring file "mpmissions\dayzOffline.chernarusplus\storage_1\data\dynamic_010.bin" 1800 items.
 8:06:21.92   1800 items loaded. (0 failed)
 8:06:21.107 [CE][Storage] ver:25 stamp:124948, valid:yes, name:"mpmissions\dayzOffline.chernarusplus\storage_1\data\dynamic_011.bin"
 8:06:21.107 [CE][Storage] ver:25 stamp:124374, valid:yes, name:"mpmissions\dayzOffline.chernarusplus\storage_1\data\dynamic_011.001"
 8:06:21.107 [CE][Storage] ver:25 stamp:124375, valid:yes, name:"mpmissions\dayzOffline.chernarusplus\storage_1\data\dynamic_011.002"
 8:06:21.107 [CE][Storage] Restoring file "mpmissions\dayzOffline.chernarusplus\storage_1\data\dynamic_011.bin" 167 items.
 8:06:21.185   167 items loaded. (0 failed)
 8:06:21.185 [CE][Storage] ver:26 stamp:124948, valid:yes, name:"mpmissions\dayzOffline.chernarusplus\storage_1\data\building.bin"
 8:06:21.185 [CE][Storage] ver:26 stamp:124374, valid:yes, name:"mpmissions\dayzOffline.chernarusplus\storage_1\data\building.001"
 8:06:21.185 [CE][Storage] ver:26 stamp:124375, valid:yes, name:"mpmissions\dayzOffline.chernarusplus\storage_1\data\building.002"
 8:06:21.185 [CE][Storage] Restoring file "mpmissions\dayzOffline.chernarusplus\storage_1\data\building.bin" 1 items.
 8:06:21.185   1 items loaded. (0 failed)
 8:06:21.185 [CE][Storage] ver:25 stamp:124948, valid:yes, name:"mpmissions\dayzOffline.chernarusplus\storage_1\data\vehicles.bin"
 8:06:21.185 [CE][Storage] ver:25 stamp:124374, valid:yes, name:"mpmissions\dayzOffline.chernarusplus\storage_1\data\vehicles.001"
 8:06:21.201 [CE][Storage] ver:25 stamp:124375, valid:yes, name:"mpmissions\dayzOffline.chernarusplus\storage_1\data\vehicles.002"
 8:06:21.201 [CE][Storage] Restoring file "mpmissions\dayzOffline.chernarusplus\storage_1\data\vehicles.bin" 175 items.
 8:06:21.982   175 items loaded. (0 failed)
 8:06:21.982 [CE][Hive] :: Storage load took:10.66 seconds, recovery stamp:124948
 8:06:21.982   entity: 25356, building: 1
 8:06:21.982   no lifetime: 64
 8:06:21.982   pathgraph's: 652
 8:06:21.998 [CE][Hive] :: Initializing ... 
 8:06:22.45 [CE][InitializeMap] :: initialized: 1
 8:06:22.45 [CE][Hive] :: Initializing spawners ... 
 8:06:22.279 !!! [CE][DE][SPAWNS] :: [WARNING] :: Skipping entry for non-existing event 'VehicleTransitBus'.
 8:06:22.279 [CE][DE][SPAWNS] :: Total positions: 1165
 8:06:22.279 [CE][DE][GROUPS] :: Total eventgroups defined: 21, Eventgroups in use: 21
 8:06:24.731 [CE][LootRespawner] (PRIDummy) :: Initially (re)spawned:0, Nominal:27680, Total in Map: 20212 at 0 (sec)
 8:06:24.731   tests:0, repeats:0 fails:0, overtime:0
 8:06:24.731 [CE][DynEvent] :: 46 types
 8:06:24.731 [00] AmbientHen
 8:06:24.731   Primary Spawner: "Ambient", active: yes, repeat: 1
 8:06:24.731 [01] AnimalBear
 8:06:24.731   Primary Spawner: "Animal", active: yes, repeat: 1
 8:06:24.731 [02] AnimalCow
 8:06:24.731   Primary Spawner: "Animal", active: yes, repeat: 1
 8:06:24.731 [03] AnimalDeer
 8:06:24.731   Primary Spawner: "Animal", active: yes, repeat: 1
 8:06:24.747 [04] AnimalGoat
 8:06:24.747   Primary Spawner: "Animal", active: yes, repeat: 1
 8:06:24.747 [05] AnimalPig
 8:06:24.747   Primary Spawner: "Animal", active: yes, repeat: 1
 8:06:24.747 [06] AnimalRoeDeer
 8:06:24.747   Primary Spawner: "Animal", active: yes, repeat: 1
 8:06:24.747 [07] AnimalSheep
 8:06:24.747   Primary Spawner: "Animal", active: yes, repeat: 1
 8:06:24.747 [08] AnimalWildBoar
 8:06:24.747   Primary Spawner: "Animal", active: yes, repeat: 1
 8:06:24.747 [09] AnimalWolf
 8:06:24.747   Primary Spawner: "Animal", active: yes, repeat: 1
 8:06:24.747 [10] InfectedBoss
 8:06:24.747   Primary Spawner: "Infected", active: yes, repeat: 1
 8:06:24.747 [11] InfectedArmy
 8:06:24.747   Primary Spawner: "Infected", active: yes, repeat: 1
 8:06:24.747 [12] InfectedArmyHard
 8:06:24.747   Primary Spawner: "Infected", active: yes, repeat: 1
 8:06:24.747 [13] InfectedCity
 8:06:24.747   Primary Spawner: "Infected", active: yes, repeat: 1
 8:06:24.747 [14] InfectedCityTier1
 8:06:24.747   Primary Spawner: "Infected", active: yes, repeat: 1
 8:06:24.747 [15] InfectedFirefighter
 8:06:24.747   Primary Spawner: "Infected", active: yes, repeat: 1
 8:06:24.747 [16] InfectedIndustrial
 8:06:24.747   Primary Spawner: "Infected", active: yes, repeat: 1
 8:06:24.747 [17] InfectedMedic
 8:06:24.747   Primary Spawner: "Infected", active: yes, repeat: 1
 8:06:24.747 [18] InfectedNBC
 8:06:24.747   Primary Spawner: "Infected", active: yes, repeat: 1
 8:06:24.747 [19] InfectedNBCYellow
 8:06:24.747   Primary Spawner: "Infected", active: yes, repeat: 1
 8:06:24.747 [20] InfectedPolice
 8:06:24.747   Primary Spawner: "Infected", active: yes, repeat: 1
 8:06:24.747 [21] InfectedPoliceHard
 8:06:24.747   Primary Spawner: "Infected", active: yes, repeat: 1
 8:06:24.747 [22] InfectedPrisoner
 8:06:24.747   Primary Spawner: "Infected", active: yes, repeat: 1
 8:06:24.747 [23] InfectedReligious
 8:06:24.747   Primary Spawner: "Infected", active: yes, repeat: 1
 8:06:24.747 [24] InfectedSolitude
 8:06:24.747   Primary Spawner: "Infected", active: yes, repeat: 1
 8:06:24.747 [25] InfectedVillage
 8:06:24.747   Primary Spawner: "Infected", active: yes, repeat: 1
 8:06:24.747 [26] InfectedVillageTier1
 8:06:24.747   Primary Spawner: "Infected", active: yes, repeat: 1
 8:06:24.747 [27] ItemPlanks
 8:06:24.747   Primary Spawner: "Item", active: yes, repeat: 1
 8:06:24.747 [28] Loot
 8:06:24.747   Primary Spawner: "Loot", active: yes, repeat: 2
 8:06:24.747 [29] StaticContaminatedArea
 8:06:24.747   Primary Spawner: "Static", active: yes, repeat: 1
 8:06:24.747 [30] StaticHeliCrash
 8:06:24.747   Primary Spawner: "Static", active: yes, repeat: 1
 8:06:24.747   Secondary Spawner: "Infected", active: yes, repeat: 1
 8:06:24.747 [31] StaticPoliceCar
 8:06:24.747   Primary Spawner: "Static", active: yes, repeat: 1
 8:06:24.747   Secondary Spawner: "Infected", active: yes, repeat: 1
 8:06:24.747 [32] StaticTrain
 8:06:24.747   Primary Spawner: "Static", active: yes, repeat: 1
 8:06:24.747   Secondary Spawner: "Infected", active: yes, repeat: 1
 8:06:24.747 [33] TrajectoryApple
 8:06:24.747   Primary Spawner: "Trajectory", active: yes, repeat: 1
 8:06:24.747 [34] TrajectoryConiferous
 8:06:24.747   Primary Spawner: "Trajectory", active: yes, repeat: 1
 8:06:24.747 [35] TrajectoryDeciduous
 8:06:24.747   Primary Spawner: "Trajectory", active: yes, repeat: 1
 8:06:24.747 [36] TrajectoryHumus
 8:06:24.747   Primary Spawner: "Trajectory", active: yes, repeat: 1
 8:06:24.747 [37] TrajectoryPear
 8:06:24.747   Primary Spawner: "Trajectory", active: yes, repeat: 1
 8:06:24.747 [38] TrajectoryPlum
 8:06:24.747   Primary Spawner: "Trajectory", active: yes, repeat: 1
 8:06:24.747 [39] TrajectoryStones
 8:06:24.747   Primary Spawner: "Trajectory", active: yes, repeat: 1
 8:06:24.747 [40] VehicleCivilianSedan
 8:06:24.747   Primary Spawner: "Vehicle", active: yes, repeat: 1
 8:06:24.747 [41] VehicleHatchback02
 8:06:24.747   Primary Spawner: "Vehicle", active: yes, repeat: 1
 8:06:24.747 [42] VehicleOffroadHatchback
 8:06:24.747   Primary Spawner: "Vehicle", active: yes, repeat: 1
 8:06:24.747 [43] VehicleSedan02
 8:06:24.747   Primary Spawner: "Vehicle", active: yes, repeat: 1
 8:06:24.747 [44] VehicleTruck01
 8:06:24.747   Primary Spawner: "Vehicle", active: yes, repeat: 1
 8:06:24.747 [45] VehicleHelicopter
 8:06:24.747   Primary Spawner: "Vehicle", active: yes, repeat: 1
 8:06:24.747 [CE][Hive] :: Initializing of spawners done.
 8:06:24.747 [CE][Hive] :: Init sequence finished.
 8:06:24.747 Player connect enabled
 8:06:25.575 [IdleMode] Entering IN - save processed
 8:06:34.42 [UNLOCK] Server was unlocked.
 9:12:21.126 [Login]: Adding player LwShutt (23941645) to login queue at position 0
 9:12:21.126 [LoginMachine]: Add player LwShutt (23941645 186.194.222.4:12802)
 9:12:21.126 [StateMachine]: Player LwShutt (dpnid 23941645 uid ) Entering AuthPlayerLoginState
 9:12:22.845 [StateMachine]: Player LwShutt (dpnid 23941645 uid ) Entering WaitAuthPlayerLoginState
 9:12:23.407 [IdleMode] Leaving OUT
 9:12:24.407 Player LwShutt connected (id=uho_2iwV5BkQRUcetHJQzDrb_aYfiG3GIw3ojtjlKhI=).
 9:12:24.407 Player "LwShutt" is connected (steamID=76561199378753491)
 9:12:24.422 [StateMachine]: Player LwShutt (dpnid 23941645 uid ) Entering WaitPlayerAssignedLoginState
 9:12:25.173 [StateMachine]: Player LwShutt (dpnid 23941645 uid uho_2iwV5BkQRUcetHJQzDrb_aYfiG3GIw3ojtjlKhI=) Entering DBGetLoginTimeLoginState
 9:12:25.204 [StateMachine]: Player LwShutt (dpnid 23941645 uid uho_2iwV5BkQRUcetHJQzDrb_aYfiG3GIw3ojtjlKhI=) Entering DBWaitLoginTimeLoginState
 9:12:30.218 [StateMachine]: Player LwShutt (dpnid 23941645 uid uho_2iwV5BkQRUcetHJQzDrb_aYfiG3GIw3ojtjlKhI=) Entering DBGetCharacterLoginState
 9:12:30.250 [StateMachine]: Player LwShutt (dpnid 23941645 uid uho_2iwV5BkQRUcetHJQzDrb_aYfiG3GIw3ojtjlKhI=) Entering CreateNetObjectsLoginState
 9:12:30.265 [StateMachine]: Player LwShutt (dpnid 23941645 uid uho_2iwV5BkQRUcetHJQzDrb_aYfiG3GIw3ojtjlKhI=) Entering PreloadCamLoginState
 9:12:30.281 [StateMachine]: Player LwShutt (dpnid 23941645 uid uho_2iwV5BkQRUcetHJQzDrb_aYfiG3GIw3ojtjlKhI=) Entering WaitPreloadCamLoginState
 9:12:37.810 [StateMachine]: Player LwShutt (dpnid 23941645 uid uho_2iwV5BkQRUcetHJQzDrb_aYfiG3GIw3ojtjlKhI=) Entering GetLoadedCharLoginState
 9:12:37.872 <LOAD EXISTING CHAR>:
    charID 51
    playerID 51
    dpnid 23941645
    uid uho_2iwV5BkQRUcetHJQzDrb_aYfiG3GIw3ojtjlKhI=
 9:12:47.496 [CE][LootRespawner] (PRIDummy) :: Item [0] causing search overtime: "Ammo_45ACP"
 9:12:47.605 [CE][LootRespawner] (PRIDummy) :: Item [1] causing search overtime: "SNAFU_Trenchgun"
 9:12:47.710 [CE][LootRespawner] (PRIDummy) :: Item [2] causing search overtime: "SNAFU_Kabar"
 9:12:47.819 [CE][LootRespawner] (PRIDummy) :: Item [3] causing search overtime: "Ammo_545x39"
 9:12:47.928 [CE][LootRespawner] (PRIDummy) :: Item [4] causing search overtime: "SR3_Vikhr_Mag"
 9:12:48.38 [CE][LootRespawner] (PRIDummy) :: Item [5] causing search overtime: "SNAFU_PL14HQP_Mag"
 9:12:48.147 [CE][LootRespawner] (PRIDummy) :: Item [6] causing search overtime: "SKS"
 9:12:48.257 [CE][LootRespawner] (PRIDummy) :: Item [7] causing search overtime: "Ammo_308WinTracer"
 9:12:48.366 [CE][LootRespawner] (PRIDummy) :: Item [8] causing search overtime: "Snafu_ScarH_25RND_Mag_OD"
 9:12:48.475 [CE][LootRespawner] (PRIDummy) :: Item [9] causing search overtime: "Snafu_ScarH_Snow_GUN"
 9:12:48.694 [CE][LootRespawner] (PRIDummy) :: Item [10] causing search overtime: "Mag_SVD_10Rnd"
 9:12:48.803 [CE][LootRespawner] (PRIDummy) :: Item [11] causing search overtime: "Snafu_ScarH_Black_GUN"
 9:12:48.913 [CE][LootRespawner] (PRIDummy) :: Item [12] causing search overtime: "SNAFUUzi_72rdMag"
 9:12:49.22 [CE][LootRespawner] (PRIDummy) :: Item [13] causing search overtime: "CZ61"
 9:12:49.131 [CE][LootRespawner] (PRIDummy) :: Item [14] causing search overtime: "SNAFUVECTOR_9mm_Mag"
 9:12:49.241 [CE][LootRespawner] (PRIDummy) :: Item [15] causing search overtime: "Snafu_ScarH_25RND_Mag_Snow"
 9:12:49.350 [CE][LootRespawner] (PRIDummy) :: Item [16] causing search overtime: "AmmoBox_380_35rnd"
 9:12:49.459 [CE][LootRespawner] (PRIDummy) :: Item [17] causing search overtime: "Glock19"
 9:12:49.568 [CE][LootRespawner] (PRIDummy) :: Item [18] causing search overtime: "SNAFUAUG_30rdMag"
 9:13:16.906 [CE][LootRespawner] (PRIDummy) :: Item [19] causing search overtime: "SNAFUAUG_30rdMag"
 9:13:19.531 [CE][VehicleRespawner] (PRIContaminatedArea) :: Initial random enabled for "StaticContaminatedArea" - Chosen nominal: 2
 9:14:20.965 [CE][VehicleRespawner] (PRIContaminatedArea) :: Initial random enabled for "StaticContaminatedArea" - Chosen nominal: 0
 9:15:44.176 [CE][LootRespawner] (PRIDummy) :: Item [0] is hard to place, performance drops: "SCAR_Gun"
 9:15:48.545 [CE][VehicleRespawner] (PRIContaminatedArea) :: Initial random enabled for "StaticContaminatedArea" - Chosen nominal: 3
 9:17:16.30 [CE][VehicleRespawner] (PRIContaminatedArea) :: Initial random enabled for "StaticContaminatedArea" - Chosen nominal: 3
 9:17:16.686 [CE][Links] found 0 total links between groups, of 1
 9:17:16.686 [CE][SpawnRandomLoot] (StaticPoliceCar) :: Type: Land_Wreck_sed01_aban2_police, lootmin: 3, lootmax: 5, wanted: 4, deloot: 2, containermaxsum: 6
 9:18:43.584 [CE][VehicleRespawner] (PRIContaminatedArea) :: Initial random enabled for "StaticContaminatedArea" - Chosen nominal: 2
 9:20:11.116 [CE][VehicleRespawner] (PRIContaminatedArea) :: Initial random enabled for "StaticContaminatedArea" - Chosen nominal: 3
 9:21:12.504 [CE][VehicleRespawner] (PRIContaminatedArea) :: Initial random enabled for "StaticContaminatedArea" - Chosen nominal: 1
 9:22:06.69 !!! [CE][Point] Removing 6500.132324, 3577.571777 from Land_BusStation_wall_bench
 9:22:40.77 [CE][VehicleRespawner] (PRIContaminatedArea) :: Initial random enabled for "StaticContaminatedArea" - Chosen nominal: 2
 9:22:40.733 [CE][Links] found 0 total links between groups, of 2
 9:22:40.733 [CE][SpawnRandomLoot] (StaticPoliceCar) :: Type: Land_Wreck_sed01_aban2_police, lootmin: 3, lootmax: 5, wanted: 4, deloot: 2, containermaxsum: 6
 9:24:07.623 [CE][VehicleRespawner] (PRIContaminatedArea) :: Initial random enabled for "StaticContaminatedArea" - Chosen nominal: 2
 9:24:08.279 [CE][Links] found 0 total links between groups, of 3
 9:24:08.279 [CE][SpawnRandomLoot] (StaticPoliceCar) :: Type: Land_Wreck_sed01_aban1_police, lootmin: 3, lootmax: 5, wanted: 3, deloot: 2, containermaxsum: 6
 9:24:08.279 [CE][Links] found 0 total links between groups, of 4
 9:24:08.279 [CE][SpawnRandomLoot] (StaticPoliceCar) :: Type: Land_Wreck_sed01_aban2_police, lootmin: 3, lootmax: 5, wanted: 4, deloot: 2, containermaxsum: 6
 9:24:18.683 [Login]: Adding player AngelParadise (33304814) to login queue at position 0
 9:24:18.683 [LoginMachine]: Add player AngelParadise (33304814 186.194.222.4:1024)
 9:24:18.683 [StateMachine]: Player AngelParadise (dpnid 33304814 uid ) Entering AuthPlayerLoginState
 9:24:23.682 [StateMachine]: Player AngelParadise (dpnid 33304814 uid ) Entering WaitAuthPlayerLoginState
 9:24:26.947 Player AngelParadise connected (id=dY6nUi1Xz9JezA_WQaEK_UOLVlSu_yPN_Y7MiSIyk3w=).
 9:24:26.947 Player "AngelParadise" is connected (steamID=76561198199313275)
 9:24:26.962 [StateMachine]: Player AngelParadise (dpnid 33304814 uid ) Entering WaitPlayerAssignedLoginState
 9:24:28.118 [StateMachine]: Player AngelParadise (dpnid 33304814 uid dY6nUi1Xz9JezA_WQaEK_UOLVlSu_yPN_Y7MiSIyk3w=) Entering DBGetLoginTimeLoginState
 9:24:28.150 [StateMachine]: Player AngelParadise (dpnid 33304814 uid dY6nUi1Xz9JezA_WQaEK_UOLVlSu_yPN_Y7MiSIyk3w=) Entering DBWaitLoginTimeLoginState
 9:24:33.164 [StateMachine]: Player AngelParadise (dpnid 33304814 uid dY6nUi1Xz9JezA_WQaEK_UOLVlSu_yPN_Y7MiSIyk3w=) Entering DBGetCharacterLoginState
 9:24:33.195 [StateMachine]: Player AngelParadise (dpnid 33304814 uid dY6nUi1Xz9JezA_WQaEK_UOLVlSu_yPN_Y7MiSIyk3w=) Entering CreateNetObjectsLoginState
 9:24:33.211 [StateMachine]: Player AngelParadise (dpnid 33304814 uid dY6nUi1Xz9JezA_WQaEK_UOLVlSu_yPN_Y7MiSIyk3w=) Entering PreloadCamLoginState
 9:24:33.226 [StateMachine]: Player AngelParadise (dpnid 33304814 uid dY6nUi1Xz9JezA_WQaEK_UOLVlSu_yPN_Y7MiSIyk3w=) Entering WaitPreloadCamLoginState
 9:24:34.617 [CE][LootRespawner] (PRIDummy) :: Item [1] is hard to place, performance drops: "UKAssVest_Camo"
 9:24:49.208 [StateMachine]: Player AngelParadise (dpnid 33304814 uid dY6nUi1Xz9JezA_WQaEK_UOLVlSu_yPN_Y7MiSIyk3w=) Entering GetLoadedCharLoginState
 9:24:49.270 <LOAD EXISTING CHAR>:
    charID 67
    playerID 67
    dpnid 33304814
    uid dY6nUi1Xz9JezA_WQaEK_UOLVlSu_yPN_Y7MiSIyk3w=
 9:25:32.370 [CE][LootRespawner] (PRIDummy) :: Item [2] is hard to place, performance drops: "MMG_JPC_Vest_ucp"
 9:25:32.808 [CE][LootRespawner] (PRIDummy) :: Item [3] is hard to place, performance drops: "TankerHelmet"
 9:25:35.213 [CE][VehicleRespawner] (PRIContaminatedArea) :: Initial random enabled for "StaticContaminatedArea" - Chosen nominal: 1
 9:27:02.691 [CE][VehicleRespawner] (PRIContaminatedArea) :: Initial random enabled for "StaticContaminatedArea" - Chosen nominal: 0
 9:27:03.347 [CE][Links] found 0 total links between groups, of 5
 9:27:03.347 [CE][SpawnRandomLoot] (StaticPoliceCar) :: Type: Land_Wreck_sed01_aban2_police, lootmin: 3, lootmax: 5, wanted: 4, deloot: 2, containermaxsum: 6
 9:27:03.347 [CE][Links] found 0 total links between groups, of 6
 9:27:03.347 [CE][SpawnRandomLoot] (StaticPoliceCar) :: Type: Land_Wreck_sed01_aban2_police, lootmin: 3, lootmax: 5, wanted: 3, deloot: 2, containermaxsum: 6
 9:27:03.347 [CE][Links] found 0 total links between groups, of 7
 9:27:03.347 [CE][SpawnRandomLoot] (StaticPoliceCar) :: Type: Land_Wreck_sed01_aban1_police, lootmin: 3, lootmax: 5, wanted: 3, deloot: 2, containermaxsum: 6
 9:28:04.125 [CE][VehicleRespawner] (PRIContaminatedArea) :: Initial random enabled for "StaticContaminatedArea" - Chosen nominal: 0
 9:28:30.587 [CE][Links] found 0 total links between groups, of 8
 9:28:30.587 [CE][SpawnRandomLoot] (StaticHeliCrash) :: Type: Wreck_Mi8_Crashed, lootmin: 10, lootmax: 15, wanted: 10, deloot: 2, containermaxsum: 15
 9:28:30.915 [CE][Links] found 0 total links between groups, of 9
 9:28:30.915 [CE][SpawnRandomLoot] (StaticPoliceCar) :: Type: Land_Wreck_sed01_aban1_police, lootmin: 3, lootmax: 5, wanted: 4, deloot: 2, containermaxsum: 6
 9:29:27.414 [CE][LootRespawner] (PRIDummy) :: Item [4] is hard to place, performance drops: "LabCoat"
 9:29:31.678 [CE][VehicleRespawner] (PRIContaminatedArea) :: Initial random enabled for "StaticContaminatedArea" - Chosen nominal: 2
 9:30:59.211 [CE][VehicleRespawner] (PRIContaminatedArea) :: Initial random enabled for "StaticContaminatedArea" - Chosen nominal: 2
 9:30:59.538 [CE][Links] found 0 total links between groups, of 10
 9:30:59.538 [CE][SpawnRandomLoot] (StaticHeliCrash) :: Type: Wreck_Mi8_Crashed, lootmin: 10, lootmax: 15, wanted: 10, deloot: 2, containermaxsum: 15
 9:30:59.866 [CE][Links] found 0 total links between groups, of 11
 9:30:59.866 [CE][SpawnRandomLoot] (StaticPoliceCar) :: Type: Land_Wreck_sed01_aban2_police, lootmin: 3, lootmax: 5, wanted: 3, deloot: 2, containermaxsum: 6
 9:32:24.771 [CE][LootRespawner] (PRIDummy) :: Item [5] is hard to place, performance drops: "SNAFUUzi"
 9:32:26.739 [CE][VehicleRespawner] (PRIContaminatedArea) :: Initial random enabled for "StaticContaminatedArea" - Chosen nominal: 1
 9:32:27.395 [CE][Links] found 0 total links between groups, of 12
 9:32:27.395 [CE][SpawnRandomLoot] (StaticPoliceCar) :: Type: Land_Wreck_sed01_aban1_police, lootmin: 3, lootmax: 5, wanted: 3, deloot: 2, containermaxsum: 6
 9:32:28.708 !!! [CE][Point] Removing 14625.869141, 14916.859375 from QuercusRobur_2d
 9:33:54.285 [CE][VehicleRespawner] (PRIContaminatedArea) :: Initial random enabled for "StaticContaminatedArea" - Chosen nominal: 3
 9:34:55.724 [CE][VehicleRespawner] (PRIContaminatedArea) :: Initial random enabled for "StaticContaminatedArea" - Chosen nominal: 3
 9:36:23.141 [CE][VehicleRespawner] (PRIContaminatedArea) :: Initial random enabled for "StaticContaminatedArea" - Chosen nominal: 3
 9:36:23.469 [CE][Links] found 0 total links between groups, of 13
 9:36:23.469 [CE][SpawnRandomLoot] (StaticHeliCrash) :: Type: Wreck_Mi8_Crashed, lootmin: 10, lootmax: 15, wanted: 12, deloot: 2, containermaxsum: 15
 9:37:50.688 [CE][VehicleRespawner] (PRIContaminatedArea) :: Initial random enabled for "StaticContaminatedArea" - Chosen nominal: 3
 9:39:18.210 [CE][VehicleRespawner] (PRIContaminatedArea) :: Initial random enabled for "StaticContaminatedArea" - Chosen nominal: 1
 9:40:45.731 [CE][VehicleRespawner] (PRIContaminatedArea) :: Initial random enabled for "StaticContaminatedArea" - Chosen nominal: 3
 9:41:47.103 [CE][VehicleRespawner] (PRIContaminatedArea) :: Initial random enabled for "StaticContaminatedArea" - Chosen nominal: 1
 9:43:14.650 [CE][VehicleRespawner] (PRIContaminatedArea) :: Initial random enabled for "StaticContaminatedArea" - Chosen nominal: 1
 9:43:42.753 !!! [CE][Point] Removing 14633.231445, 14898.533203 from QuercusRobur_2d
 9:44:42.203 [CE][VehicleRespawner] (PRIContaminatedArea) :: Initial random enabled for "StaticContaminatedArea" - Chosen nominal: 1
 9:46:09.734 [CE][VehicleRespawner] (PRIContaminatedArea) :: Initial random enabled for "StaticContaminatedArea" - Chosen nominal: 1
 9:46:36.583 [CE][LootRespawner] (PRIDummy) :: Item [6] is hard to place, performance drops: "NBCJacketGray"
 9:47:37.204 [CE][VehicleRespawner] (PRIContaminatedArea) :: Initial random enabled for "StaticContaminatedArea" - Chosen nominal: 0
 9:47:39.172 !!! [CE][Point] Removing 14633.231445, 14898.533203 from QuercusRobur_2d
 9:48:38.575 [CE][VehicleRespawner] (PRIContaminatedArea) :: Initial random enabled for "StaticContaminatedArea" - Chosen nominal: 2
 9:50:06.122 [CE][VehicleRespawner] (PRIContaminatedArea) :: Initial random enabled for "StaticContaminatedArea" - Chosen nominal: 0
 9:51:00.776 [CE][LootRespawner] (PRIDummy) :: Item [7] is hard to place, performance drops: "GCGN_M200_Tan"
 9:51:33.630 [CE][VehicleRespawner] (PRIContaminatedArea) :: Initial random enabled for "StaticContaminatedArea" - Chosen nominal: 0
 9:52:02.603 [Disconnect]: Start script disconnect 23941645 (dbCharacterId 51 dbPlayerId 51) logoutTime 15
 9:52:04.275 [Disconnect]: Client 23941645 disconnecting
 9:52:04.275 [Disconnect]: Client 23941645 early disconnect
 9:52:04.290 [Disconnect]: Start script disconnect 23941645 (dbCharacterId 51 dbPlayerId 51) logoutTime 15
 9:52:14.788 [Disconnect]: No packets from 23941645
 9:52:14.788 [Disconnect]: Already in progress 23941645 
 9:52:17.615 [Disconnect]: Finish script disconnect 23941645
 9:52:17.615 [Disconnect]: DisconnectPlayerFinish 23941645
 9:52:17.615 [Disconnect]: Remove player info 23941645
 9:52:17.630 [Disconnect]: Player destroy 23941645 
 9:53:01.944 [CE][VehicleRespawner] (PRIContaminatedArea) :: Initial random enabled for "StaticContaminatedArea" - Chosen nominal: 2
 9:54:29.497 [CE][VehicleRespawner] (PRIContaminatedArea) :: Initial random enabled for "StaticContaminatedArea" - Chosen nominal: 2
 9:54:53.503 [Disconnect]: Start script disconnect 33304814 (dbCharacterId 67 dbPlayerId 67) logoutTime 15
 9:54:59.892 Player AngelParadise (33304814) kicked from server: 198 (Ticket has been canceled.)
 9:54:59.908 [Disconnect]: Client 33304814 early disconnect
 9:54:59.923 [Disconnect]: Start script disconnect 33304814 (dbCharacterId 67 dbPlayerId 67) logoutTime 15
 9:55:00.923 [Disconnect]: Remove player info 33304814
 9:55:00.939 [Disconnect]: Player destroy 33304814 
 9:55:08.515 [Disconnect]: Finish script disconnect -1
 9:55:30.885 [CE][VehicleRespawner] (PRIContaminatedArea) :: Initial random enabled for "StaticContaminatedArea" - Chosen nominal: 2
 9:56:07.512 [IdleMode] Entering IN - save processed
10:25:06.422 [Login]: Adding player yt4lx (70691231) to login queue at position 0
10:25:06.422 [LoginMachine]: Add player yt4lx (70691231 170.81.152.182:12802)
10:25:06.422 [StateMachine]: Player yt4lx (dpnid 70691231 uid ) Entering AuthPlayerLoginState
10:25:07.984 [StateMachine]: Player yt4lx (dpnid 70691231 uid ) Entering WaitAuthPlayerLoginState
10:25:09.624 [IdleMode] Leaving OUT
10:25:09.796 Player yt4lx connected (id=dhMrr4xtYdiAKrvnl1DhLFP6a-fUklUL8NhT9gXDhNA=).
10:25:09.796 Player "yt4lx" is connected (steamID=76561199069952490)
10:25:09.812 [StateMachine]: Player yt4lx (dpnid 70691231 uid ) Entering WaitPlayerAssignedLoginState
10:25:10.577 [StateMachine]: Player yt4lx (dpnid 70691231 uid dhMrr4xtYdiAKrvnl1DhLFP6a-fUklUL8NhT9gXDhNA=) Entering DBGetLoginTimeLoginState
10:25:10.608 [StateMachine]: Player yt4lx (dpnid 70691231 uid dhMrr4xtYdiAKrvnl1DhLFP6a-fUklUL8NhT9gXDhNA=) Entering DBWaitLoginTimeLoginState
10:25:15.623 [StateMachine]: Player yt4lx (dpnid 70691231 uid dhMrr4xtYdiAKrvnl1DhLFP6a-fUklUL8NhT9gXDhNA=) Entering DBGetCharacterLoginState
10:25:15.654 [StateMachine]: Player yt4lx (dpnid 70691231 uid dhMrr4xtYdiAKrvnl1DhLFP6a-fUklUL8NhT9gXDhNA=) Entering CreateNetObjectsLoginState
10:25:15.670 [StateMachine]: Player yt4lx (dpnid 70691231 uid dhMrr4xtYdiAKrvnl1DhLFP6a-fUklUL8NhT9gXDhNA=) Entering PreloadCamLoginState
10:25:15.685 [StateMachine]: Player yt4lx (dpnid 70691231 uid dhMrr4xtYdiAKrvnl1DhLFP6a-fUklUL8NhT9gXDhNA=) Entering WaitPreloadCamLoginState
10:26:07.653 [CE][VehicleRespawner] (PRIContaminatedArea) :: Initial random enabled for "StaticContaminatedArea" - Chosen nominal: 1
10:26:20.463 [StateMachine]: Player yt4lx (dpnid 70691231 uid dhMrr4xtYdiAKrvnl1DhLFP6a-fUklUL8NhT9gXDhNA=) Entering GetLoadedCharLoginState
10:26:20.510 <LOAD EXISTING CHAR>:
    charID 94
    playerID 94
    dpnid 70691231
    uid dhMrr4xtYdiAKrvnl1DhLFP6a-fUklUL8NhT9gXDhNA=
10:27:35.270 [CE][VehicleRespawner] (PRIContaminatedArea) :: Initial random enabled for "StaticContaminatedArea" - Chosen nominal: 3
10:29:02.818 [CE][VehicleRespawner] (PRIContaminatedArea) :: Initial random enabled for "StaticContaminatedArea" - Chosen nominal: 2
10:30:30.371 [CE][VehicleRespawner] (PRIContaminatedArea) :: Initial random enabled for "StaticContaminatedArea" - Chosen nominal: 0
10:31:31.763 [CE][VehicleRespawner] (PRIContaminatedArea) :: Initial random enabled for "StaticContaminatedArea" - Chosen nominal: 2
10:32:59.327 [CE][VehicleRespawner] (PRIContaminatedArea) :: Initial random enabled for "StaticContaminatedArea" - Chosen nominal: 0
10:34:26.880 [CE][VehicleRespawner] (PRIContaminatedArea) :: Initial random enabled for "StaticContaminatedArea" - Chosen nominal: 0
10:34:27.536 [CE][Links] found 0 total links between groups, of 14
10:34:27.536 [CE][SpawnRandomLoot] (StaticPoliceCar) :: Type: Land_Wreck_sed01_aban2_police, lootmin: 3, lootmax: 5, wanted: 4, deloot: 2, containermaxsum: 6
10:35:52.990 [CE][LootRespawner] (PRIDummy) :: Item [8] is hard to place, performance drops: "GorkaPants_Autumn"
10:35:54.411 [CE][VehicleRespawner] (PRIContaminatedArea) :: Initial random enabled for "StaticContaminatedArea" - Chosen nominal: 3
10:37:21.841 [CE][VehicleRespawner] (PRIContaminatedArea) :: Initial random enabled for "StaticContaminatedArea" - Chosen nominal: 2
10:37:22.169 [CE][Links] found 0 total links between groups, of 15
10:37:22.169 [CE][SpawnRandomLoot] (StaticHeliCrash) :: Type: Wreck_UH1Y, lootmin: 10, lootmax: 15, wanted: 12, deloot: 2, containermaxsum: 15
10:38:23.290 [CE][VehicleRespawner] (PRIContaminatedArea) :: Initial random enabled for "StaticContaminatedArea" - Chosen nominal: 3
10:38:50.44 [CE][Links] found 0 total links between groups, of 16
10:38:50.44 [CE][SpawnRandomLoot] (StaticPoliceCar) :: Type: Land_Wreck_sed01_aban1_police, lootmin: 3, lootmax: 5, wanted: 4, deloot: 2, containermaxsum: 6
10:39:05.212 [Disconnect]: Start script disconnect 70691231 (dbCharacterId 94 dbPlayerId 94) logoutTime 15
10:39:06.290 [Disconnect]: Client 70691231 disconnecting
10:39:06.290 [Disconnect]: Client 70691231 early disconnect
10:39:06.306 [Disconnect]: Start script disconnect 70691231 (dbCharacterId 94 dbPlayerId 94) logoutTime 15
10:39:16.600 [Disconnect]: No packets from 70691231
10:39:16.600 [Disconnect]: Already in progress 70691231 
10:39:20.225 [Disconnect]: Finish script disconnect 70691231
10:39:20.225 [Disconnect]: DisconnectPlayerFinish 70691231
10:39:20.225 [Disconnect]: Remove player info 70691231
10:39:20.256 [Disconnect]: Player destroy 70691231 
10:39:50.806 [CE][VehicleRespawner] (PRIContaminatedArea) :: Initial random enabled for "StaticContaminatedArea" - Chosen nominal: 2
10:39:51.134 [CE][Links] found 0 total links between groups, of 17
10:39:51.134 [CE][SpawnRandomLoot] (StaticHeliCrash) :: Type: Wreck_UH1Y, lootmin: 10, lootmax: 15, wanted: 14, deloot: 2, containermaxsum: 15
10:40:28.94 [IdleMode] Entering IN - save processed
10:46:10.257 [Login]: Adding player brasil deer (38245312) to login queue at position 0
10:46:10.257 [LoginMachine]: Add player brasil deer (38245312 31.50.32.57:12802)
10:46:10.257 [StateMachine]: Player brasil deer (dpnid 38245312 uid ) Entering AuthPlayerLoginState
10:46:12.69 [StateMachine]: Player brasil deer (dpnid 38245312 uid ) Entering WaitAuthPlayerLoginState
10:46:12.319 [IdleMode] Leaving OUT
10:46:13.943 Player brasil deer connected (id=iwh9nfxIuRD6GZf5CG4AjV3ujWJEMsSJ-4M_C5ZHy-o=).
10:46:13.943 Player "brasil deer" is connected (steamID=76561198194578202)
10:46:13.959 [StateMachine]: Player brasil deer (dpnid 38245312 uid ) Entering WaitPlayerAssignedLoginState
10:46:15.287 [StateMachine]: Player brasil deer (dpnid 38245312 uid iwh9nfxIuRD6GZf5CG4AjV3ujWJEMsSJ-4M_C5ZHy-o=) Entering DBGetLoginTimeLoginState
10:46:15.349 [StateMachine]: Player brasil deer (dpnid 38245312 uid iwh9nfxIuRD6GZf5CG4AjV3ujWJEMsSJ-4M_C5ZHy-o=) Entering DBWaitLoginTimeLoginState
10:46:20.363 [StateMachine]: Player brasil deer (dpnid 38245312 uid iwh9nfxIuRD6GZf5CG4AjV3ujWJEMsSJ-4M_C5ZHy-o=) Entering DBGetCharacterLoginState
10:46:20.394 [StateMachine]: Player brasil deer (dpnid 38245312 uid iwh9nfxIuRD6GZf5CG4AjV3ujWJEMsSJ-4M_C5ZHy-o=) Entering CreateNetObjectsLoginState
10:46:20.410 [StateMachine]: Player brasil deer (dpnid 38245312 uid iwh9nfxIuRD6GZf5CG4AjV3ujWJEMsSJ-4M_C5ZHy-o=) Entering PreloadCamLoginState
10:46:20.426 [StateMachine]: Player brasil deer (dpnid 38245312 uid iwh9nfxIuRD6GZf5CG4AjV3ujWJEMsSJ-4M_C5ZHy-o=) Entering WaitPreloadCamLoginState
10:46:36.484 [StateMachine]: Player brasil deer (dpnid 38245312 uid iwh9nfxIuRD6GZf5CG4AjV3ujWJEMsSJ-4M_C5ZHy-o=) Entering GetNewCharLoginState
10:46:36.516 <CREATE NEW CHAR>:
    charID 99
    playerID 99
    dpnid 38245312
    uid iwh9nfxIuRD6GZf5CG4AjV3ujWJEMsSJ-4M_C5ZHy-o=
10:47:09.743 [CE][VehicleRespawner] (PRIContaminatedArea) :: Initial random enabled for "StaticContaminatedArea" - Chosen nominal: 2
10:47:10.399 [CE][Links] found 0 total links between groups, of 18
10:47:10.399 [CE][SpawnRandomLoot] (StaticPoliceCar) :: Type: Land_Wreck_sed01_aban1_police, lootmin: 3, lootmax: 5, wanted: 4, deloot: 2, containermaxsum: 6
10:47:10.399 [CE][Links] found 0 total links between groups, of 19
10:47:10.399 [CE][SpawnRandomLoot] (StaticPoliceCar) :: Type: Land_Wreck_sed01_aban1_police, lootmin: 3, lootmax: 5, wanted: 4, deloot: 2, containermaxsum: 6
10:47:36.96 [CE][LootRespawner] (PRIDummy) :: Item [9] is hard to place, performance drops: "SG550_Gun"
10:48:37.302 [CE][VehicleRespawner] (PRIContaminatedArea) :: Initial random enabled for "StaticContaminatedArea" - Chosen nominal: 3
10:49:05.297 [CE][LootRespawner] (PRIDummy) :: Item [10] is hard to place, performance drops: "SNAFUUzi"
10:49:05.297 [CE][LootRespawner] (PRIDummy) :: Item [11] is hard to place, performance drops: "SNAFUUzi"
10:50:04.878 [CE][VehicleRespawner] (PRIContaminatedArea) :: Initial random enabled for "StaticContaminatedArea" - Chosen nominal: 3
10:50:05.534 [CE][Links] found 2 total links between groups, of 20
10:50:05.534 [CE][SpawnRandomLoot] (StaticPoliceCar) :: Type: Land_Wreck_sed01_aban2_police, lootmin: 3, lootmax: 5, wanted: 4, deloot: 2, containermaxsum: 6
10:50:05.534 [CE][Links] found 2 total links between groups, of 21
10:50:05.534 [CE][SpawnRandomLoot] (StaticPoliceCar) :: Type: Land_Wreck_sed01_aban2_police, lootmin: 3, lootmax: 5, wanted: 4, deloot: 2, containermaxsum: 6
10:50:05.534 [CE][Links] found 2 total links between groups, of 22
10:50:05.534 [CE][SpawnRandomLoot] (StaticPoliceCar) :: Type: Land_Wreck_sed01_aban1_police, lootmin: 3, lootmax: 5, wanted: 3, deloot: 2, containermaxsum: 6
10:51:06.287 [CE][VehicleRespawner] (PRIContaminatedArea) :: Initial random enabled for "StaticContaminatedArea" - Chosen nominal: 3
10:51:32.599 [CE][Links] found 2 total links between groups, of 23
10:51:32.599 [CE][SpawnRandomLoot] (StaticHeliCrash) :: Type: Wreck_UH1Y, lootmin: 10, lootmax: 15, wanted: 14, deloot: 2, containermaxsum: 15
10:51:32.927 [CE][Links] found 4 total links between groups, of 24
10:51:32.927 [CE][SpawnRandomLoot] (StaticPoliceCar) :: Type: Land_Wreck_sed01_aban2_police, lootmin: 3, lootmax: 5, wanted: 3, deloot: 2, containermaxsum: 6
10:52:29.206 [CE][LootRespawner] (PRIDummy) :: Item [12] is hard to place, performance drops: "PoliceVest"
10:52:33.690 [CE][VehicleRespawner] (PRIContaminatedArea) :: Initial random enabled for "StaticContaminatedArea" - Chosen nominal: 0
10:53:27.922 [CE][LootRespawner] (PRIDummy) :: Item [13] is hard to place, performance drops: "MP5K"
10:53:28.16 [CE][LootRespawner] (PRIDummy) :: Item [14] is hard to place, performance drops: "SNAFUHoneyBadger_Black"
10:54:01.254 [CE][VehicleRespawner] (PRIContaminatedArea) :: Initial random enabled for "StaticContaminatedArea" - Chosen nominal: 3
10:54:01.910 [CE][Links] found 4 total links between groups, of 25
10:54:01.910 [CE][SpawnRandomLoot] (StaticPoliceCar) :: Type: Land_Wreck_sed01_aban2_police, lootmin: 3, lootmax: 5, wanted: 4, deloot: 2, containermaxsum: 6
10:55:28.729 [CE][VehicleRespawner] (PRIContaminatedArea) :: Initial random enabled for "StaticContaminatedArea" - Chosen nominal: 0
10:55:29.385 [CE][Links] found 4 total links between groups, of 26
10:55:29.385 [CE][SpawnRandomLoot] (StaticPoliceCar) :: Type: Land_Wreck_sed01_aban2_police, lootmin: 3, lootmax: 5, wanted: 3, deloot: 2, containermaxsum: 6
10:56:25.137 [CE][LootRespawner] (PRIDummy) :: Item [15] is hard to place, performance drops: "SNAFU_TP82S"
10:56:56.172 [CE][VehicleRespawner] (PRIContaminatedArea) :: Initial random enabled for "StaticContaminatedArea" - Chosen nominal: 3
10:57:57.575 [CE][VehicleRespawner] (PRIContaminatedArea) :: Initial random enabled for "StaticContaminatedArea" - Chosen nominal: 0
10:58:22.382 [CE][LootRespawner] (PRIDummy) :: Item [16] is hard to place, performance drops: "GhillieBushrag_Black"
10:58:23.584 [CE][LootRespawner] (PRIDummy) :: Item [17] is hard to place, performance drops: "SNAFUVSSK"
10:59:25.128 [CE][VehicleRespawner] (PRIContaminatedArea) :: Initial random enabled for "StaticContaminatedArea" - Chosen nominal: 1
11:00:19.423 [CE][LootRespawner] (PRIDummy) :: Item [18] is hard to place, performance drops: "MMG_tt_vest_multicamblack"
11:00:52.644 [CE][VehicleRespawner] (PRIContaminatedArea) :: Initial random enabled for "StaticContaminatedArea" - Chosen nominal: 2
11:02:20.160 [CE][VehicleRespawner] (PRIContaminatedArea) :: Initial random enabled for "StaticContaminatedArea" - Chosen nominal: 0
11:03:47.723 [CE][VehicleRespawner] (PRIContaminatedArea) :: Initial random enabled for "StaticContaminatedArea" - Chosen nominal: 1
11:04:15.482 [CE][LootRespawner] (PRIDummy) :: Item [19] is hard to place, performance drops: "UKAssVest_Camo"
11:04:49.125 [CE][VehicleRespawner] (PRIContaminatedArea) :: Initial random enabled for "StaticContaminatedArea" - Chosen nominal: 3
11:06:16.693 [CE][VehicleRespawner] (PRIContaminatedArea) :: Initial random enabled for "StaticContaminatedArea" - Chosen nominal: 1
11:07:44.321 [CE][VehicleRespawner] (PRIContaminatedArea) :: Initial random enabled for "StaticContaminatedArea" - Chosen nominal: 0
11:09:11.868 [CE][VehicleRespawner] (PRIContaminatedArea) :: Initial random enabled for "StaticContaminatedArea" - Chosen nominal: 1
11:10:39.405 [CE][VehicleRespawner] (PRIContaminatedArea) :: Initial random enabled for "StaticContaminatedArea" - Chosen nominal: 0
11:11:40.718 [CE][VehicleRespawner] (PRIContaminatedArea) :: Initial random enabled for "StaticContaminatedArea" - Chosen nominal: 1
11:13:08.281 [CE][VehicleRespawner] (PRIContaminatedArea) :: Initial random enabled for "StaticContaminatedArea" - Chosen nominal: 0
11:14:35.818 [CE][VehicleRespawner] (PRIContaminatedArea) :: Initial random enabled for "StaticContaminatedArea" - Chosen nominal: 0
11:15:04.542 !!! [CE][Point] Removing 13901.204102, 13290.217773 from PearTree1
11:16:03.273 [CE][VehicleRespawner] (PRIContaminatedArea) :: Initial random enabled for "StaticContaminatedArea" - Chosen nominal: 3
11:17:30.740 [CE][VehicleRespawner] (PRIContaminatedArea) :: Initial random enabled for "StaticContaminatedArea" - Chosen nominal: 2
11:18:32.128 [CE][VehicleRespawner] (PRIContaminatedArea) :: Initial random enabled for "StaticContaminatedArea" - Chosen nominal: 2
11:18:59.882 !!! [CE][Point] Removing 13376.454102, 13101.248047 from PiceaAbies_fallen
11:19:59.614 [CE][VehicleRespawner] (PRIContaminatedArea) :: Initial random enabled for "StaticContaminatedArea" - Chosen nominal: 1
11:21:27.28 [CE][VehicleRespawner] (PRIContaminatedArea) :: Initial random enabled for "StaticContaminatedArea" - Chosen nominal: 2
11:22:54.576 [CE][VehicleRespawner] (PRIContaminatedArea) :: Initial random enabled for "StaticContaminatedArea" - Chosen nominal: 2
11:22:54.904 [CE][Links] found 4 total links between groups, of 27
11:22:54.904 [CE][SpawnRandomLoot] (StaticHeliCrash) :: Type: Wreck_UH1Y, lootmin: 10, lootmax: 15, wanted: 14, deloot: 2, containermaxsum: 15
11:22:55.561 [CE][Links] found 4 total links between groups, of 28
11:22:55.561 [CE][SpawnRandomLoot] (StaticTrain) :: Type: StaticObj_Wreck_Train_742_Red_DE, lootmin: 1, lootmax: 3, wanted: 1, deloot: 0, containermaxsum: 15
11:22:55.561 [CE][Links] found 4 total links between groups, of 29
11:22:55.561 [CE][SpawnRandomLoot] (StaticTrain) :: Type: StaticObj_Wreck_Train_Wagon_Tanker_DE, lootmin: 1, lootmax: 3, wanted: 2, deloot: 0, containermaxsum: 15
11:22:55.561 [CE][Links] found 4 total links between groups, of 30
11:22:55.561 [CE][SpawnRandomLoot] (StaticTrain) :: Type: StaticObj_Wreck_Train_Wagon_Tanker_DE, lootmin: 1, lootmax: 3, wanted: 2, deloot: 0, containermaxsum: 15
11:22:55.561 [CE][Links] found 4 total links between groups, of 31
11:22:55.561 [CE][SpawnRandomLoot] (StaticTrain) :: Type: Land_Train_Wagon_Box_DE, lootmin: 2, lootmax: 3, wanted: 2, deloot: 0, containermaxsum: 15
11:22:55.561 [CE][Links] found 4 total links between groups, of 32
11:22:55.561 [CE][SpawnRandomLoot] (StaticTrain) :: Type: Land_Train_Wagon_Box_DE, lootmin: 2, lootmax: 3, wanted: 2, deloot: 0, containermaxsum: 15
11:22:55.561 [CE][Links] found 4 total links between groups, of 33
11:22:55.561 [CE][SpawnRandomLoot] (StaticTrain) :: Type: Land_Train_Wagon_Box_DE, lootmin: 2, lootmax: 3, wanted: 2, deloot: 0, containermaxsum: 15
11:22:55.561 [CE][Links] found 4 total links between groups, of 34
11:22:55.561 [CE][SpawnRandomLoot] (StaticTrain) :: Type: Land_Train_Wagon_Box_DE, lootmin: 2, lootmax: 3, wanted: 2, deloot: 0, containermaxsum: 15
11:22:55.561 [CE][Links] found 4 total links between groups, of 35
11:22:55.561 [CE][SpawnRandomLoot] (StaticTrain) :: Type: StaticObj_Wreck_Train_742_Red_DE, lootmin: 1, lootmax: 3, wanted: 1, deloot: 0, containermaxsum: 15
11:22:55.561 [CE][Links] found 4 total links between groups, of 36
11:22:55.561 [CE][SpawnRandomLoot] (StaticTrain) :: Type: Land_Train_Wagon_Box_DE, lootmin: 2, lootmax: 3, wanted: 2, deloot: 0, containermaxsum: 15
11:22:55.576 [CE][Links] found 4 total links between groups, of 37
11:22:55.576 [CE][SpawnRandomLoot] (StaticTrain) :: Type: Land_Train_Wagon_Box_DE, lootmin: 2, lootmax: 3, wanted: 2, deloot: 0, containermaxsum: 15
11:22:55.576 [CE][Links] found 4 total links between groups, of 38
11:22:55.576 [CE][SpawnRandomLoot] (StaticTrain) :: Type: Land_Train_Wagon_Box_DE, lootmin: 2, lootmax: 3, wanted: 2, deloot: 0, containermaxsum: 15
11:22:55.576 [CE][Links] found 4 total links between groups, of 39
11:22:55.576 [CE][SpawnRandomLoot] (StaticTrain) :: Type: Land_Train_Wagon_Box_DE, lootmin: 2, lootmax: 3, wanted: 2, deloot: 0, containermaxsum: 15
11:22:55.576 [CE][Links] found 4 total links between groups, of 40
11:22:55.576 [CE][SpawnRandomLoot] (StaticTrain) :: Type: Land_Wreck_sed01_aban1_wine, lootmin: 1, lootmax: 3, wanted: 1, deloot: 0, containermaxsum: 2
11:22:55.576 [CE][SpawnRandomLoot] (StaticTrain) :: Type: Land_Wreck_sed01_aban1_wine :: !!! Sum of container LootMax is lower than event child LootMax (2 < 3)
11:22:55.576 [CE][Links] found 4 total links between groups, of 41
11:22:55.576 [CE][SpawnRandomLoot] (StaticTrain) :: Type: Land_Train_Wagon_Box_DE, lootmin: 2, lootmax: 3, wanted: 2, deloot: 0, containermaxsum: 15
11:22:55.576 [CE][Links] found 4 total links between groups, of 42
11:22:55.576 [CE][SpawnRandomLoot] (StaticTrain) :: Type: Land_Train_Wagon_Box_DE, lootmin: 2, lootmax: 3, wanted: 2, deloot: 0, containermaxsum: 15
11:22:55.873 !!! [CE][Point] Removing 13314.263672, 12987.889648 from AppleTree1
11:24:22.145 [CE][VehicleRespawner] (PRIContaminatedArea) :: Initial random enabled for "StaticContaminatedArea" - Chosen nominal: 0
11:25:23.563 [CE][VehicleRespawner] (PRIContaminatedArea) :: Initial random enabled for "StaticContaminatedArea" - Chosen nominal: 2
11:25:50.20 [CE][Links] found 4 total links between groups, of 43
11:25:50.20 [CE][SpawnRandomLoot] (StaticHeliCrash) :: Type: Wreck_Mi8_Crashed, lootmin: 10, lootmax: 15, wanted: 12, deloot: 2, containermaxsum: 15
11:26:51.199 [CE][VehicleRespawner] (PRIContaminatedArea) :: Initial random enabled for "StaticContaminatedArea" - Chosen nominal: 1
11:28:18.753 [CE][VehicleRespawner] (PRIContaminatedArea) :: Initial random enabled for "StaticContaminatedArea" - Chosen nominal: 2
11:28:19.409 [CE][Links] found 4 total links between groups, of 44
11:28:19.409 [CE][SpawnRandomLoot] (StaticPoliceCar) :: Type: Land_Wreck_sed01_aban1_police, lootmin: 3, lootmax: 5, wanted: 3, deloot: 2, containermaxsum: 6
11:29:46.275 [CE][VehicleRespawner] (PRIContaminatedArea) :: Initial random enabled for "StaticContaminatedArea" - Chosen nominal: 1
11:31:13.824 [CE][VehicleRespawner] (PRIContaminatedArea) :: Initial random enabled for "StaticContaminatedArea" - Chosen nominal: 0
11:31:14.136 [CE][Links] found 4 total links between groups, of 45
11:31:14.136 [CE][SpawnRandomLoot] (StaticHeliCrash) :: Type: Wreck_Mi8_Crashed, lootmin: 10, lootmax: 15, wanted: 13, deloot: 2, containermaxsum: 15
11:32:15.173 [CE][VehicleRespawner] (PRIContaminatedArea) :: Initial random enabled for "StaticContaminatedArea" - Chosen nominal: 1
11:32:41.932 [CE][Links] found 4 total links between groups, of 46
11:32:41.932 [CE][SpawnRandomLoot] (StaticPoliceCar) :: Type: Land_Wreck_sed01_aban1_police, lootmin: 3, lootmax: 5, wanted: 4, deloot: 2, containermaxsum: 6
11:33:42.679 [CE][VehicleRespawner] (PRIContaminatedArea) :: Initial random enabled for "StaticContaminatedArea" - Chosen nominal: 3
11:33:43.335 [CE][Links] found 4 total links between groups, of 47
11:33:43.335 [CE][SpawnRandomLoot] (StaticPoliceCar) :: Type: Land_Wreck_sed01_aban1_police, lootmin: 3, lootmax: 5, wanted: 3, deloot: 2, containermaxsum: 6
11:33:43.335 [CE][Links] found 4 total links between groups, of 48
11:33:43.335 [CE][SpawnRandomLoot] (StaticPoliceCar) :: Type: Land_Wreck_sed01_aban2_police, lootmin: 3, lootmax: 5, wanted: 4, deloot: 2, containermaxsum: 6
11:35:10.211 [CE][VehicleRespawner] (PRIContaminatedArea) :: Initial random enabled for "StaticContaminatedArea" - Chosen nominal: 1
11:36:37.693 [CE][VehicleRespawner] (PRIContaminatedArea) :: Initial random enabled for "StaticContaminatedArea" - Chosen nominal: 1
11:36:38.349 [CE][Links] found 4 total links between groups, of 49
11:36:38.349 [CE][SpawnRandomLoot] (StaticPoliceCar) :: Type: Land_Wreck_sed01_aban1_police, lootmin: 3, lootmax: 5, wanted: 4, deloot: 2, containermaxsum: 6
11:36:38.349 [CE][Links] found 4 total links between groups, of 50
11:36:38.349 [CE][SpawnRandomLoot] (StaticPoliceCar) :: Type: Land_Wreck_sed01_aban1_police, lootmin: 3, lootmax: 5, wanted: 4, deloot: 2, containermaxsum: 6
11:36:38.349 [CE][Links] found 4 total links between groups, of 51
11:36:38.349 [CE][SpawnRandomLoot] (StaticPoliceCar) :: Type: Land_Wreck_sed01_aban1_police, lootmin: 3, lootmax: 5, wanted: 3, deloot: 2, containermaxsum: 6
11:38:05.225 [CE][VehicleRespawner] (PRIContaminatedArea) :: Initial random enabled for "StaticContaminatedArea" - Chosen nominal: 2
11:38:05.881 [CE][Links] found 6 total links between groups, of 52
11:38:05.881 [CE][SpawnRandomLoot] (StaticPoliceCar) :: Type: Land_Wreck_sed01_aban2_police, lootmin: 3, lootmax: 5, wanted: 3, deloot: 2, containermaxsum: 6
11:39:06.643 [CE][VehicleRespawner] (PRIContaminatedArea) :: Initial random enabled for "StaticContaminatedArea" - Chosen nominal: 3
11:40:34.164 [CE][VehicleRespawner] (PRIContaminatedArea) :: Initial random enabled for "StaticContaminatedArea" - Chosen nominal: 3
11:40:34.820 [CE][Links] found 6 total links between groups, of 53
11:40:34.820 [CE][SpawnRandomLoot] (StaticPoliceCar) :: Type: Land_Wreck_sed01_aban2_police, lootmin: 3, lootmax: 5, wanted: 3, deloot: 2, containermaxsum: 6
11:42:01.645 [CE][VehicleRespawner] (PRIContaminatedArea) :: Initial random enabled for "StaticContaminatedArea" - Chosen nominal: 0
11:42:02.301 [CE][Links] found 6 total links between groups, of 54
11:42:02.301 [CE][SpawnRandomLoot] (StaticPoliceCar) :: Type: Land_Wreck_sed01_aban1_police, lootmin: 3, lootmax: 5, wanted: 3, deloot: 2, containermaxsum: 6
11:43:29.166 [CE][VehicleRespawner] (PRIContaminatedArea) :: Initial random enabled for "StaticContaminatedArea" - Chosen nominal: 1
11:44:56.697 [CE][VehicleRespawner] (PRIContaminatedArea) :: Initial random enabled for "StaticContaminatedArea" - Chosen nominal: 1
11:45:58.68 [CE][VehicleRespawner] (PRIContaminatedArea) :: Initial random enabled for "StaticContaminatedArea" - Chosen nominal: 3
11:47:25.681 [CE][VehicleRespawner] (PRIContaminatedArea) :: Initial random enabled for "StaticContaminatedArea" - Chosen nominal: 1
11:48:53.241 [CE][VehicleRespawner] (PRIContaminatedArea) :: Initial random enabled for "StaticContaminatedArea" - Chosen nominal: 3
11:50:20.784 [CE][VehicleRespawner] (PRIContaminatedArea) :: Initial random enabled for "StaticContaminatedArea" - Chosen nominal: 0
11:51:48.279 [CE][VehicleRespawner] (PRIContaminatedArea) :: Initial random enabled for "StaticContaminatedArea" - Chosen nominal: 3
11:52:49.729 [CE][VehicleRespawner] (PRIContaminatedArea) :: Initial random enabled for "StaticContaminatedArea" - Chosen nominal: 0
11:54:17.298 [CE][VehicleRespawner] (PRIContaminatedArea) :: Initial random enabled for "StaticContaminatedArea" - Chosen nominal: 0
11:55:44.818 [CE][VehicleRespawner] (PRIContaminatedArea) :: Initial random enabled for "StaticContaminatedArea" - Chosen nominal: 3
11:56:20.270 [Login]: Adding player LwShutt (1273027834) to login queue at position 0
11:56:20.270 [LoginMachine]: Add player LwShutt (1273027834 186.194.222.4:12802)
11:56:20.270 [StateMachine]: Player LwShutt (dpnid 1273027834 uid ) Entering AuthPlayerLoginState
11:56:21.722 [StateMachine]: Player LwShutt (dpnid 1273027834 uid ) Entering WaitAuthPlayerLoginState
11:56:23.191 Player LwShutt connected (id=uho_2iwV5BkQRUcetHJQzDrb_aYfiG3GIw3ojtjlKhI=).
11:56:23.191 Player "LwShutt" is connected (steamID=76561199378753491)
11:56:23.206 [StateMachine]: Player LwShutt (dpnid 1273027834 uid ) Entering WaitPlayerAssignedLoginState
11:56:25.643 [StateMachine]: Player LwShutt (dpnid 1273027834 uid uho_2iwV5BkQRUcetHJQzDrb_aYfiG3GIw3ojtjlKhI=) Entering DBGetLoginTimeLoginState
11:56:25.675 [StateMachine]: Player LwShutt (dpnid 1273027834 uid uho_2iwV5BkQRUcetHJQzDrb_aYfiG3GIw3ojtjlKhI=) Entering DBWaitLoginTimeLoginState
11:56:30.689 [StateMachine]: Player LwShutt (dpnid 1273027834 uid uho_2iwV5BkQRUcetHJQzDrb_aYfiG3GIw3ojtjlKhI=) Entering DBGetCharacterLoginState
11:56:30.720 [StateMachine]: Player LwShutt (dpnid 1273027834 uid uho_2iwV5BkQRUcetHJQzDrb_aYfiG3GIw3ojtjlKhI=) Entering CreateNetObjectsLoginState
11:56:30.736 [StateMachine]: Player LwShutt (dpnid 1273027834 uid uho_2iwV5BkQRUcetHJQzDrb_aYfiG3GIw3ojtjlKhI=) Entering PreloadCamLoginState
11:56:30.752 [StateMachine]: Player LwShutt (dpnid 1273027834 uid uho_2iwV5BkQRUcetHJQzDrb_aYfiG3GIw3ojtjlKhI=) Entering WaitPreloadCamLoginState
11:56:32.907 [StateMachine]: Player LwShutt (dpnid 1273027834 uid uho_2iwV5BkQRUcetHJQzDrb_aYfiG3GIw3ojtjlKhI=) Entering GetLoadedCharLoginState
11:56:32.970 <LOAD EXISTING CHAR>:
    charID 51
    playerID 51
    dpnid 1273027834
    uid uho_2iwV5BkQRUcetHJQzDrb_aYfiG3GIw3ojtjlKhI=
11:57:12.383 [CE][VehicleRespawner] (PRIContaminatedArea) :: Initial random enabled for "StaticContaminatedArea" - Chosen nominal: 2
11:58:39.879 [CE][VehicleRespawner] (PRIContaminatedArea) :: Initial random enabled for "StaticContaminatedArea" - Chosen nominal: 0
11:59:41.336 [CE][VehicleRespawner] (PRIContaminatedArea) :: Initial random enabled for "StaticContaminatedArea" - Chosen nominal: 1
12:01:08.881 [CE][VehicleRespawner] (PRIContaminatedArea) :: Initial random enabled for "StaticContaminatedArea" - Chosen nominal: 1
12:02:00.650 !!! [CE][Point] Removing 2518.522217, 5262.403809 from Land_BusStation_wall_bench
12:02:31.86 [CE][VehicleRespawner] (PRIContaminatedArea) :: Initial random enabled for "StaticContaminatedArea" - Chosen nominal: 1
12:02:31.411 [CE][Links] found 6 total links between groups, of 55
12:02:31.411 [CE][SpawnRandomLoot] (StaticHeliCrash) :: Type: Wreck_UH1Y, lootmin: 10, lootmax: 15, wanted: 10, deloot: 2, containermaxsum: 15
12:03:37.308 [Login]: Adding player AngelParadise (32127216) to login queue at position 0
12:03:37.308 [LoginMachine]: Add player AngelParadise (32127216 186.194.222.4:1024)
12:03:37.308 [StateMachine]: Player AngelParadise (dpnid 32127216 uid ) Entering AuthPlayerLoginState
12:03:42.454 [StateMachine]: Player AngelParadise (dpnid 32127216 uid ) Entering WaitAuthPlayerLoginState
12:03:45.615 Player AngelParadise connected (id=dY6nUi1Xz9JezA_WQaEK_UOLVlSu_yPN_Y7MiSIyk3w=).
12:03:45.615 Player "AngelParadise" is connected (steamID=76561198199313275)
12:03:45.635 [StateMachine]: Player AngelParadise (dpnid 32127216 uid ) Entering WaitPlayerAssignedLoginState
12:03:46.629 [StateMachine]: Player AngelParadise (dpnid 32127216 uid dY6nUi1Xz9JezA_WQaEK_UOLVlSu_yPN_Y7MiSIyk3w=) Entering DBGetLoginTimeLoginState
12:03:46.670 [StateMachine]: Player AngelParadise (dpnid 32127216 uid dY6nUi1Xz9JezA_WQaEK_UOLVlSu_yPN_Y7MiSIyk3w=) Entering DBWaitLoginTimeLoginState
12:03:51.675 [StateMachine]: Player AngelParadise (dpnid 32127216 uid dY6nUi1Xz9JezA_WQaEK_UOLVlSu_yPN_Y7MiSIyk3w=) Entering DBGetCharacterLoginState
12:03:51.716 [StateMachine]: Player AngelParadise (dpnid 32127216 uid dY6nUi1Xz9JezA_WQaEK_UOLVlSu_yPN_Y7MiSIyk3w=) Entering CreateNetObjectsLoginState
12:03:51.736 [StateMachine]: Player AngelParadise (dpnid 32127216 uid dY6nUi1Xz9JezA_WQaEK_UOLVlSu_yPN_Y7MiSIyk3w=) Entering PreloadCamLoginState
12:03:51.746 [StateMachine]: Player AngelParadise (dpnid 32127216 uid dY6nUi1Xz9JezA_WQaEK_UOLVlSu_yPN_Y7MiSIyk3w=) Entering WaitPreloadCamLoginState
12:03:52.547 [CE][VehicleRespawner] (PRIContaminatedArea) :: Initial random enabled for "StaticContaminatedArea" - Chosen nominal: 2
12:04:07.405 [StateMachine]: Player AngelParadise (dpnid 32127216 uid dY6nUi1Xz9JezA_WQaEK_UOLVlSu_yPN_Y7MiSIyk3w=) Entering GetLoadedCharLoginState
12:04:07.476 <LOAD EXISTING CHAR>:
    charID 67
    playerID 67
    dpnid 32127216
    uid dY6nUi1Xz9JezA_WQaEK_UOLVlSu_yPN_Y7MiSIyk3w=
12:05:15.445 [CE][VehicleRespawner] (PRIContaminatedArea) :: Initial random enabled for "StaticContaminatedArea" - Chosen nominal: 1
12:05:15.760 [CE][Links] found 6 total links between groups, of 56
12:05:15.760 [CE][SpawnRandomLoot] (StaticHeliCrash) :: Type: Wreck_UH1Y, lootmin: 10, lootmax: 15, wanted: 12, deloot: 2, containermaxsum: 15
12:06:16.470 [CE][VehicleRespawner] (PRIContaminatedArea) :: Initial random enabled for "StaticContaminatedArea" - Chosen nominal: 3
12:07:44.51 [CE][VehicleRespawner] (PRIContaminatedArea) :: Initial random enabled for "StaticContaminatedArea" - Chosen nominal: 0
12:09:11.659 [CE][VehicleRespawner] (PRIContaminatedArea) :: Initial random enabled for "StaticContaminatedArea" - Chosen nominal: 0
12:10:39.203 [CE][VehicleRespawner] (PRIContaminatedArea) :: Initial random enabled for "StaticContaminatedArea" - Chosen nominal: 2
12:10:39.531 [CE][Links] found 6 total links between groups, of 57
12:10:39.531 [CE][SpawnRandomLoot] (StaticHeliCrash) :: Type: Wreck_UH1Y, lootmin: 10, lootmax: 15, wanted: 13, deloot: 2, containermaxsum: 15
12:12:06.742 [CE][VehicleRespawner] (PRIContaminatedArea) :: Initial random enabled for "StaticContaminatedArea" - Chosen nominal: 0
12:13:08.229 [CE][VehicleRespawner] (PRIContaminatedArea) :: Initial random enabled for "StaticContaminatedArea" - Chosen nominal: 3
12:14:35.774 [CE][VehicleRespawner] (PRIContaminatedArea) :: Initial random enabled for "StaticContaminatedArea" - Chosen nominal: 2
12:14:36.430 [CE][Links] found 6 total links between groups, of 58
12:14:36.430 [CE][SpawnRandomLoot] (StaticPoliceCar) :: Type: Land_Wreck_sed01_aban2_police, lootmin: 3, lootmax: 5, wanted: 4, deloot: 2, containermaxsum: 6
12:16:03.336 [CE][VehicleRespawner] (PRIContaminatedArea) :: Initial random enabled for "StaticContaminatedArea" - Chosen nominal: 3
12:17:30.915 [CE][VehicleRespawner] (PRIContaminatedArea) :: Initial random enabled for "StaticContaminatedArea" - Chosen nominal: 0
12:18:58.463 [CE][VehicleRespawner] (PRIContaminatedArea) :: Initial random enabled for "StaticContaminatedArea" - Chosen nominal: 0
12:18:59.120 [CE][Links] found 6 total links between groups, of 59
12:18:59.120 [CE][SpawnRandomLoot] (StaticPoliceCar) :: Type: Land_Wreck_sed01_aban2_police, lootmin: 3, lootmax: 5, wanted: 3, deloot: 2, containermaxsum: 6
12:19:59.976 [CE][VehicleRespawner] (PRIContaminatedArea) :: Initial random enabled for "StaticContaminatedArea" - Chosen nominal: 0
12:20:26.767 [CE][Links] found 6 total links between groups, of 60
12:20:26.767 [CE][SpawnRandomLoot] (StaticPoliceCar) :: Type: Land_Wreck_sed01_aban2_police, lootmin: 3, lootmax: 5, wanted: 3, deloot: 2, containermaxsum: 6
12:20:26.767 [CE][Links] found 6 total links between groups, of 61
12:20:26.767 [CE][SpawnRandomLoot] (StaticPoliceCar) :: Type: Land_Wreck_sed01_aban1_police, lootmin: 3, lootmax: 5, wanted: 4, deloot: 2, containermaxsum: 6
12:21:27.558 [CE][VehicleRespawner] (PRIContaminatedArea) :: Initial random enabled for "StaticContaminatedArea" - Chosen nominal: 1
12:22:51.217 !!! [CE][Point] Removing 2522.408691, 5292.904785 from Land_BusStation_wall_bench
12:22:55.154 [CE][VehicleRespawner] (PRIContaminatedArea) :: Initial random enabled for "StaticContaminatedArea" - Chosen nominal: 3
12:22:55.810 [CE][Links] found 6 total links between groups, of 62
12:22:55.810 [CE][SpawnRandomLoot] (StaticPoliceCar) :: Type: Land_Wreck_sed01_aban2_police, lootmin: 3, lootmax: 5, wanted: 3, deloot: 2, containermaxsum: 6
12:22:55.810 [CE][Links] found 6 total links between groups, of 63
12:22:55.810 [CE][SpawnRandomLoot] (StaticPoliceCar) :: Type: Land_Wreck_sed01_aban2_police, lootmin: 3, lootmax: 5, wanted: 3, deloot: 2, containermaxsum: 6
12:22:55.825 [CE][Links] found 6 total links between groups, of 64
12:22:55.825 [CE][SpawnRandomLoot] (StaticPoliceCar) :: Type: Land_Wreck_sed01_aban2_police, lootmin: 3, lootmax: 5, wanted: 4, deloot: 2, containermaxsum: 6
12:23:23.273 !!! [CE][Point] Removing 14633.231445, 14898.533203 from QuercusRobur_2d
12:24:22.691 [CE][VehicleRespawner] (PRIContaminatedArea) :: Initial random enabled for "StaticContaminatedArea" - Chosen nominal: 1
12:24:23.347 [CE][Links] found 6 total links between groups, of 65
12:24:23.347 [CE][SpawnRandomLoot] (StaticPoliceCar) :: Type: Land_Wreck_sed01_aban1_police, lootmin: 3, lootmax: 5, wanted: 4, deloot: 2, containermaxsum: 6
12:25:50.255 [CE][VehicleRespawner] (PRIContaminatedArea) :: Initial random enabled for "StaticContaminatedArea" - Chosen nominal: 0
12:26:51.659 [CE][VehicleRespawner] (PRIContaminatedArea) :: Initial random enabled for "StaticContaminatedArea" - Chosen nominal: 3
12:27:18.403 [CE][Links] found 6 total links between groups, of 66
12:27:18.403 [CE][SpawnRandomLoot] (StaticPoliceCar) :: Type: Land_Wreck_sed01_aban2_police, lootmin: 3, lootmax: 5, wanted: 3, deloot: 2, containermaxsum: 6
12:28:19.150 [CE][VehicleRespawner] (PRIContaminatedArea) :: Initial random enabled for "StaticContaminatedArea" - Chosen nominal: 1
12:28:19.806 [CE][Links] found 6 total links between groups, of 67
12:28:19.806 [CE][SpawnRandomLoot] (StaticPoliceCar) :: Type: Land_Wreck_sed01_aban1_police, lootmin: 3, lootmax: 5, wanted: 3, deloot: 2, containermaxsum: 6
12:29:46.703 [CE][VehicleRespawner] (PRIContaminatedArea) :: Initial random enabled for "StaticContaminatedArea" - Chosen nominal: 2
12:31:14.283 [CE][VehicleRespawner] (PRIContaminatedArea) :: Initial random enabled for "StaticContaminatedArea" - Chosen nominal: 3
12:31:42.688 !!! [CE][Point] Removing 14190.983398, 15029.575195 from Haybale
12:32:41.848 [CE][VehicleRespawner] (PRIContaminatedArea) :: Initial random enabled for "StaticContaminatedArea" - Chosen nominal: 0
12:33:43.319 [CE][VehicleRespawner] (PRIContaminatedArea) :: Initial random enabled for "StaticContaminatedArea" - Chosen nominal: 1
12:34:11.721 !!! [CE][Point] Removing 14117.124023, 15042.651367 from Haybale
12:35:10.833 [CE][VehicleRespawner] (PRIContaminatedArea) :: Initial random enabled for "StaticContaminatedArea" - Chosen nominal: 1
12:36:38.397 [CE][VehicleRespawner] (PRIContaminatedArea) :: Initial random enabled for "StaticContaminatedArea" - Chosen nominal: 0
12:38:05.944 [CE][VehicleRespawner] (PRIContaminatedArea) :: Initial random enabled for "StaticContaminatedArea" - Chosen nominal: 1
12:39:33.449 [CE][VehicleRespawner] (PRIContaminatedArea) :: Initial random enabled for "StaticContaminatedArea" - Chosen nominal: 2
12:40:02.312 !!! [CE][Point] Removing 12265.958008, 9177.260742 from Land_Shed_W1
12:40:34.899 [CE][VehicleRespawner] (PRIContaminatedArea) :: Initial random enabled for "StaticContaminatedArea" - Chosen nominal: 2
12:42:02.443 [CE][VehicleRespawner] (PRIContaminatedArea) :: Initial random enabled for "StaticContaminatedArea" - Chosen nominal: 0
12:42:02.771 [CE][Links] found 6 total links between groups, of 68
12:42:02.771 [CE][SpawnRandomLoot] (StaticHeliCrash) :: Type: Wreck_UH1Y, lootmin: 10, lootmax: 15, wanted: 12, deloot: 2, containermaxsum: 15
12:42:30.858 !!! [CE][Point] Removing 5258.876953, 10584.617188 from Haybale
12:43:29.986 [CE][VehicleRespawner] (PRIContaminatedArea) :: Initial random enabled for "StaticContaminatedArea" - Chosen nominal: 0
12:44:57.532 [CE][VehicleRespawner] (PRIContaminatedArea) :: Initial random enabled for "StaticContaminatedArea" - Chosen nominal: 3
12:44:57.860 [CE][Links] found 6 total links between groups, of 69
12:44:57.860 [CE][SpawnRandomLoot] (StaticHeliCrash) :: Type: Wreck_UH1Y, lootmin: 10, lootmax: 15, wanted: 13, deloot: 2, containermaxsum: 15
12:46:25.100 [CE][VehicleRespawner] (PRIContaminatedArea) :: Initial random enabled for "StaticContaminatedArea" - Chosen nominal: 1
12:47:21.284 !!! [CE][Point] Removing 11161.161133, 2437.848389 from Land_Boat_Small1
12:47:26.533 [CE][VehicleRespawner] (PRIContaminatedArea) :: Initial random enabled for "StaticContaminatedArea" - Chosen nominal: 2
12:48:54.65 [CE][VehicleRespawner] (PRIContaminatedArea) :: Initial random enabled for "StaticContaminatedArea" - Chosen nominal: 0
12:50:21.664 [CE][VehicleRespawner] (PRIContaminatedArea) :: Initial random enabled for "StaticContaminatedArea" - Chosen nominal: 1
12:50:21.992 [CE][Links] found 6 total links between groups, of 70
12:50:21.992 [CE][SpawnRandomLoot] (StaticHeliCrash) :: Type: Wreck_Mi8_Crashed, lootmin: 10, lootmax: 15, wanted: 14, deloot: 2, containermaxsum: 15
12:50:49.746 !!! [CE][Point] Removing 14633.231445, 14898.533203 from QuercusRobur_2d
12:51:49.252 [CE][VehicleRespawner] (PRIContaminatedArea) :: Initial random enabled for "StaticContaminatedArea" - Chosen nominal: 3
12:53:16.795 [CE][VehicleRespawner] (PRIContaminatedArea) :: Initial random enabled for "StaticContaminatedArea" - Chosen nominal: 0
12:54:18.206 [CE][VehicleRespawner] (PRIContaminatedArea) :: Initial random enabled for "StaticContaminatedArea" - Chosen nominal: 0
12:55:28.66 [Disconnect]: Start script disconnect 32127216 (dbCharacterId 67 dbPlayerId 67) logoutTime 15
12:55:30.831 [Disconnect]: Client 32127216 disconnecting
12:55:30.831 [Disconnect]: Client 32127216 early disconnect
12:55:30.846 [Disconnect]: Start script disconnect 32127216 (dbCharacterId 67 dbPlayerId 67) logoutTime 15
12:55:41.547 [Disconnect]: No packets from 32127216
12:55:41.547 [Disconnect]: Already in progress 32127216 
12:55:43.78 [Disconnect]: Finish script disconnect 32127216
12:55:43.78 [Disconnect]: DisconnectPlayerFinish 32127216
12:55:43.78 [Disconnect]: Remove player info 32127216
12:55:43.109 [Disconnect]: Player destroy 32127216 
12:55:45.765 [CE][VehicleRespawner] (PRIContaminatedArea) :: Initial random enabled for "StaticContaminatedArea" - Chosen nominal: 1
12:57:13.356 [CE][VehicleRespawner] (PRIContaminatedArea) :: Initial random enabled for "StaticContaminatedArea" - Chosen nominal: 1
12:58:13.265 [Disconnect]: Start script disconnect 1273027834 (dbCharacterId 51 dbPlayerId 51) logoutTime 15
12:58:15.686 [Disconnect]: Client 1273027834 disconnecting
12:58:15.686 [Disconnect]: Client 1273027834 early disconnect
12:58:15.702 [Disconnect]: Start script disconnect 1273027834 (dbCharacterId 51 dbPlayerId 51) logoutTime 15
12:58:26.450 [Disconnect]: No packets from 1273027834
12:58:26.450 [Disconnect]: Already in progress 1273027834 
12:58:28.277 [Disconnect]: Finish script disconnect 1273027834
12:58:28.277 [Disconnect]: DisconnectPlayerFinish 1273027834
12:58:28.277 [Disconnect]: Remove player info 1273027834
12:58:28.309 [Disconnect]: Player destroy 1273027834 
12:58:40.915 [CE][VehicleRespawner] (PRIContaminatedArea) :: Initial random enabled for "StaticContaminatedArea" - Chosen nominal: 0
12:59:07.51 !!! [CE][Point] Removing 10682.486328, 14421.067383 from Land_Shed_W1
13:00:08.444 [CE][VehicleRespawner] (PRIContaminatedArea) :: Initial random enabled for "StaticContaminatedArea" - Chosen nominal: 1
13:01:09.822 [CE][VehicleRespawner] (PRIContaminatedArea) :: Initial random enabled for "StaticContaminatedArea" - Chosen nominal: 3
13:01:36.518 [CE][Links] found 6 total links between groups, of 71
13:01:36.518 [CE][SpawnRandomLoot] (StaticPoliceCar) :: Type: Land_Wreck_sed01_aban2_police, lootmin: 3, lootmax: 5, wanted: 4, deloot: 2, containermaxsum: 6
13:01:36.846 [CE][SpawnRandomLoot] DE "StaticTrain" is set to spawn loot, but there is no group configured
13:01:36.846 [CE][Links] found 6 total links between groups, of 72
13:01:36.846 [CE][SpawnRandomLoot] (StaticTrain) :: Type: Land_Train_Wagon_Box_DE, lootmin: 2, lootmax: 3, wanted: 2, deloot: 0, containermaxsum: 15
13:01:36.846 [CE][Links] found 6 total links between groups, of 73
13:01:36.846 [CE][SpawnRandomLoot] (StaticTrain) :: Type: Land_Train_Wagon_Box_DE, lootmin: 2, lootmax: 3, wanted: 2, deloot: 0, containermaxsum: 15
13:01:36.846 [CE][Links] found 6 total links between groups, of 74
13:01:36.846 [CE][SpawnRandomLoot] (StaticTrain) :: Type: Land_Train_Wagon_Box_DE, lootmin: 2, lootmax: 3, wanted: 2, deloot: 0, containermaxsum: 15
13:01:36.846 [CE][Links] found 6 total links between groups, of 75
13:01:36.846 [CE][SpawnRandomLoot] (StaticTrain) :: Type: StaticObj_Train_Wagon_Flat_Industrial_Planks_DE, lootmin: 1, lootmax: 3, wanted: 2, deloot: 0, containermaxsum: 15
13:01:36.846 [CE][Links] found 6 total links between groups, of 76
13:01:36.846 [CE][SpawnRandomLoot] (StaticTrain) :: Type: Land_Train_Wagon_Box_DE, lootmin: 2, lootmax: 3, wanted: 2, deloot: 0, containermaxsum: 15
13:01:36.846 [CE][Links] found 6 total links between groups, of 77
13:01:36.846 [CE][SpawnRandomLoot] (StaticTrain) :: Type: Land_Train_Wagon_Box_DE, lootmin: 2, lootmax: 3, wanted: 2, deloot: 0, containermaxsum: 15
13:01:36.846 [CE][Links] found 6 total links between groups, of 78
13:01:36.846 [CE][SpawnRandomLoot] (StaticTrain) :: Type: Land_Train_Wagon_Box_DE, lootmin: 2, lootmax: 3, wanted: 2, deloot: 0, containermaxsum: 15
13:01:36.862 [CE][Links] found 6 total links between groups, of 79
13:01:36.862 [CE][SpawnRandomLoot] (StaticTrain) :: Type: StaticObj_Wreck_Train_Wagon_Flat_DE, lootmin: 1, lootmax: 3, wanted: 2, deloot: 0, containermaxsum: 15
13:01:36.862 [CE][Links] found 6 total links between groups, of 80
13:01:36.862 [CE][SpawnRandomLoot] (StaticTrain) :: Type: StaticObj_Train_Wagon_Flat_Industrial_Barrels_DE, lootmin: 1, lootmax: 3, wanted: 1, deloot: 0, containermaxsum: 15
13:01:36.862 [CE][Links] found 8 total links between groups, of 81
13:01:36.862 [CE][SpawnRandomLoot] (StaticTrain) :: Type: Land_Container_1Aoh_DE, lootmin: 3, lootmax: 5, wanted: 4, deloot: 0, containermaxsum: 15
13:01:36.862 [CE][Links] found 10 total links between groups, of 82
13:01:36.862 [CE][SpawnRandomLoot] (StaticTrain) :: Type: Land_Container_1Aoh_DE, lootmin: 3, lootmax: 5, wanted: 3, deloot: 0, containermaxsum: 15
13:01:36.862 [CE][Links] found 12 total links between groups, of 83
13:01:36.862 [CE][SpawnRandomLoot] (StaticTrain) :: Type: Land_Container_1Bo_DE, lootmin: 2, lootmax: 4, wanted: 2, deloot: 0, containermaxsum: 15
13:01:36.862 [CE][Links] found 12 total links between groups, of 84
13:01:36.862 [CE][SpawnRandomLoot] (StaticTrain) :: Type: StaticObj_Wreck_Train_742_Blue_Mil_DE, lootmin: 1, lootmax: 3, wanted: 2, deloot: 0, containermaxsum: 15
13:01:36.862 [CE][Links] found 12 total links between groups, of 85
13:01:36.862 [CE][SpawnRandomLoot] (StaticTrain) :: Type: StaticObj_Wreck_Train_Wagon_Tanker_Mil_DE, lootmin: 1, lootmax: 3, wanted: 1, deloot: 0, containermaxsum: 15
13:01:36.878 [CE][Links] found 12 total links between groups, of 86
13:01:36.878 [CE][SpawnRandomLoot] (StaticTrain) :: Type: StaticObj_Wreck_Train_Wagon_Tanker_Mil_DE, lootmin: 1, lootmax: 3, wanted: 2, deloot: 0, containermaxsum: 15
13:01:36.878 [CE][Links] found 12 total links between groups, of 87
13:01:36.878 [CE][SpawnRandomLoot] (StaticTrain) :: Type: Land_Container_1Mo_DE, lootmin: 3, lootmax: 4, wanted: 3, deloot: 0, containermaxsum: 15
13:01:36.878 [CE][Links] found 14 total links between groups, of 88
13:01:36.878 [CE][SpawnRandomLoot] (StaticTrain) :: Type: StaticObj_Wreck_Train_Wagon_Flat_Mil_DE, lootmin: 1, lootmax: 3, wanted: 2, deloot: 0, containermaxsum: 15
13:01:36.878 [CE][Links] found 14 total links between groups, of 89
13:01:36.878 [CE][SpawnRandomLoot] (StaticTrain) :: Type: StaticObj_Wreck_Train_Wagon_Flat_Mil_DE, lootmin: 1, lootmax: 3, wanted: 1, deloot: 0, containermaxsum: 15
13:01:36.878 [CE][Links] found 14 total links between groups, of 90
13:01:36.878 [CE][SpawnRandomLoot] (StaticTrain) :: Type: StaticObj_Wreck_Train_Wagon_Flat_Mil_DE, lootmin: 1, lootmax: 3, wanted: 1, deloot: 0, containermaxsum: 15
13:01:36.893 [CE][Links] found 14 total links between groups, of 91
13:01:36.893 [CE][SpawnRandomLoot] (StaticTrain) :: Type: StaticObj_Wreck_Train_Wagon_Flat_Mil_DE, lootmin: 1, lootmax: 3, wanted: 1, deloot: 0, containermaxsum: 15
13:01:36.893 [CE][Links] found 16 total links between groups, of 92
13:01:36.893 [CE][SpawnRandomLoot] (StaticTrain) :: Type: Land_Container_1Moh_DE, lootmin: 3, lootmax: 4, wanted: 3, deloot: 0, containermaxsum: 15
13:01:36.893 [CE][Links] found 18 total links between groups, of 93
13:01:36.893 [CE][SpawnRandomLoot] (StaticTrain) :: Type: Land_Container_1Moh_DE, lootmin: 3, lootmax: 4, wanted: 3, deloot: 0, containermaxsum: 15
13:01:36.893 [CE][Links] found 20 total links between groups, of 94
13:01:36.893 [CE][SpawnRandomLoot] (StaticTrain) :: Type: Land_Container_1Moh_DE, lootmin: 3, lootmax: 4, wanted: 3, deloot: 0, containermaxsum: 15
13:01:36.893 [CE][Links] found 22 total links between groups, of 95
13:01:36.893 [CE][SpawnRandomLoot] (StaticTrain) :: Type: Land_Container_1Moh_DE, lootmin: 3, lootmax: 4, wanted: 3, deloot: 0, containermaxsum: 15
13:01:36.893 [CE][Links] found 24 total links between groups, of 96
13:01:36.893 [CE][SpawnRandomLoot] (StaticTrain) :: Type: Land_Container_1Moh_DE, lootmin: 3, lootmax: 4, wanted: 3, deloot: 0, containermaxsum: 15
13:01:36.893 [CE][Links] found 26 total links between groups, of 97
13:01:36.893 [CE][SpawnRandomLoot] (StaticTrain) :: Type: Land_Container_1Moh_DE, lootmin: 3, lootmax: 4, wanted: 3, deloot: 0, containermaxsum: 15
13:01:36.893 [CE][Links] found 26 total links between groups, of 98
13:01:36.893 [CE][SpawnRandomLoot] (StaticTrain) :: Type: Land_Train_Wagon_Box_Mil_DE, lootmin: 1, lootmax: 3, wanted: 2, deloot: 0, containermaxsum: 15
13:01:36.893 [CE][Links] found 26 total links between groups, of 99
13:01:36.893 [CE][SpawnRandomLoot] (StaticTrain) :: Type: Land_Train_Wagon_Box_Mil_DE, lootmin: 1, lootmax: 3, wanted: 1, deloot: 0, containermaxsum: 15
13:01:36.909 [CE][Links] found 28 total links between groups, of 100
13:01:36.909 [CE][SpawnRandomLoot] (StaticTrain) :: Type: StaticObj_Wreck_Train_742_Red_DE, lootmin: 1, lootmax: 3, wanted: 2, deloot: 0, containermaxsum: 15
13:01:36.909 [CE][Links] found 30 total links between groups, of 101
13:01:36.909 [CE][SpawnRandomLoot] (StaticTrain) :: Type: StaticObj_Wreck_Train_Wagon_Tanker_DE, lootmin: 1, lootmax: 3, wanted: 1, deloot: 0, containermaxsum: 15
13:01:36.909 [CE][Links] found 32 total links between groups, of 102
13:01:36.909 [CE][SpawnRandomLoot] (StaticTrain) :: Type: StaticObj_Wreck_Train_Wagon_Tanker_DE, lootmin: 1, lootmax: 3, wanted: 2, deloot: 0, containermaxsum: 15
13:01:36.909 [CE][Links] found 34 total links between groups, of 103
13:01:36.909 [CE][SpawnRandomLoot] (StaticTrain) :: Type: Land_Train_Wagon_Box_DE, lootmin: 2, lootmax: 3, wanted: 2, deloot: 0, containermaxsum: 15
13:01:36.909 [CE][Links] found 36 total links between groups, of 104
13:01:36.909 [CE][SpawnRandomLoot] (StaticTrain) :: Type: Land_Train_Wagon_Box_DE, lootmin: 2, lootmax: 3, wanted: 2, deloot: 0, containermaxsum: 15
13:01:36.909 [CE][Links] found 38 total links between groups, of 105
13:01:36.909 [CE][SpawnRandomLoot] (StaticTrain) :: Type: Land_Train_Wagon_Box_DE, lootmin: 2, lootmax: 3, wanted: 2, deloot: 0, containermaxsum: 15
13:01:36.909 [CE][Links] found 40 total links between groups, of 106
13:01:36.909 [CE][SpawnRandomLoot] (StaticTrain) :: Type: Land_Train_Wagon_Box_DE, lootmin: 2, lootmax: 3, wanted: 2, deloot: 0, containermaxsum: 15
13:02:37.265 [CE][VehicleRespawner] (PRIContaminatedArea) :: Initial random enabled for "StaticContaminatedArea" - Chosen nominal: 3
13:04:04.781 [CE][VehicleRespawner] (PRIContaminatedArea) :: Initial random enabled for "StaticContaminatedArea" - Chosen nominal: 2
13:05:32.302 [CE][VehicleRespawner] (PRIContaminatedArea) :: Initial random enabled for "StaticContaminatedArea" - Chosen nominal: 3
13:05:32.958 [CE][Links] found 40 total links between groups, of 107
13:05:32.958 [CE][SpawnRandomLoot] (StaticPoliceCar) :: Type: Land_Wreck_sed01_aban1_police, lootmin: 3, lootmax: 5, wanted: 4, deloot: 2, containermaxsum: 6
13:06:59.890 [CE][VehicleRespawner] (PRIContaminatedArea) :: Initial random enabled for "StaticContaminatedArea" - Chosen nominal: 3
13:07:00.546 [CE][Links] found 40 total links between groups, of 108
13:07:00.546 [CE][SpawnRandomLoot] (StaticPoliceCar) :: Type: Land_Wreck_sed01_aban1_police, lootmin: 3, lootmax: 5, wanted: 3, deloot: 2, containermaxsum: 6
13:07:00.546 [CE][Links] found 40 total links between groups, of 109
13:07:00.546 [CE][SpawnRandomLoot] (StaticPoliceCar) :: Type: Land_Wreck_sed01_aban2_police, lootmin: 3, lootmax: 5, wanted: 3, deloot: 2, containermaxsum: 6
13:08:01.308 [CE][VehicleRespawner] (PRIContaminatedArea) :: Initial random enabled for "StaticContaminatedArea" - Chosen nominal: 0
13:09:28.861 [CE][VehicleRespawner] (PRIContaminatedArea) :: Initial random enabled for "StaticContaminatedArea" - Chosen nominal: 0
13:09:29.517 [CE][Links] found 40 total links between groups, of 110
13:09:29.517 [CE][SpawnRandomLoot] (StaticPoliceCar) :: Type: Land_Wreck_sed01_aban1_police, lootmin: 3, lootmax: 5, wanted: 4, deloot: 2, containermaxsum: 6
13:09:29.517 [CE][Links] found 40 total links between groups, of 111
13:09:29.517 [CE][SpawnRandomLoot] (StaticPoliceCar) :: Type: Land_Wreck_sed01_aban2_police, lootmin: 3, lootmax: 5, wanted: 3, deloot: 2, containermaxsum: 6
13:09:29.517 [CE][Links] found 40 total links between groups, of 112
13:09:29.517 [CE][SpawnRandomLoot] (StaticPoliceCar) :: Type: Land_Wreck_sed01_aban1_police, lootmin: 3, lootmax: 5, wanted: 4, deloot: 2, containermaxsum: 6
13:10:56.377 [CE][VehicleRespawner] (PRIContaminatedArea) :: Initial random enabled for "StaticContaminatedArea" - Chosen nominal: 0
13:10:57.33 [CE][Links] found 42 total links between groups, of 113
13:10:57.33 [CE][SpawnRandomLoot] (StaticPoliceCar) :: Type: Land_Wreck_sed01_aban1_police, lootmin: 3, lootmax: 5, wanted: 3, deloot: 2, containermaxsum: 6
13:12:23.898 [CE][VehicleRespawner] (PRIContaminatedArea) :: Initial random enabled for "StaticContaminatedArea" - Chosen nominal: 0
13:13:51.398 [CE][VehicleRespawner] (PRIContaminatedArea) :: Initial random enabled for "StaticContaminatedArea" - Chosen nominal: 0
13:13:52.54 [CE][Links] found 42 total links between groups, of 114
13:13:52.54 [CE][SpawnRandomLoot] (StaticPoliceCar) :: Type: Land_Wreck_sed01_aban2_police, lootmin: 3, lootmax: 5, wanted: 3, deloot: 2, containermaxsum: 6
13:14:52.847 [CE][VehicleRespawner] (PRIContaminatedArea) :: Initial random enabled for "StaticContaminatedArea" - Chosen nominal: 1
13:15:10.109 [Login]: Adding player LwShutt (1707839098) to login queue at position 0
13:15:10.109 [LoginMachine]: Add player LwShutt (1707839098 186.194.222.4:12802)
13:15:10.109 [StateMachine]: Player LwShutt (dpnid 1707839098 uid ) Entering AuthPlayerLoginState
13:15:11.562 [StateMachine]: Player LwShutt (dpnid 1707839098 uid ) Entering WaitAuthPlayerLoginState
13:15:13.46 Player LwShutt connected (id=uho_2iwV5BkQRUcetHJQzDrb_aYfiG3GIw3ojtjlKhI=).
13:15:13.46 Player "LwShutt" is connected (steamID=76561199378753491)
13:15:13.61 [StateMachine]: Player LwShutt (dpnid 1707839098 uid ) Entering WaitPlayerAssignedLoginState
13:15:17.44 [StateMachine]: Player LwShutt (dpnid 1707839098 uid uho_2iwV5BkQRUcetHJQzDrb_aYfiG3GIw3ojtjlKhI=) Entering DBGetLoginTimeLoginState
13:15:17.76 [StateMachine]: Player LwShutt (dpnid 1707839098 uid uho_2iwV5BkQRUcetHJQzDrb_aYfiG3GIw3ojtjlKhI=) Entering DBWaitLoginTimeLoginState
13:15:19.607 [CE][Links] found 42 total links between groups, of 115
13:15:19.607 [CE][SpawnRandomLoot] (StaticPoliceCar) :: Type: Land_Wreck_sed01_aban2_police, lootmin: 3, lootmax: 5, wanted: 4, deloot: 2, containermaxsum: 6
13:15:22.91 [StateMachine]: Player LwShutt (dpnid 1707839098 uid uho_2iwV5BkQRUcetHJQzDrb_aYfiG3GIw3ojtjlKhI=) Entering DBGetCharacterLoginState
13:15:22.122 [StateMachine]: Player LwShutt (dpnid 1707839098 uid uho_2iwV5BkQRUcetHJQzDrb_aYfiG3GIw3ojtjlKhI=) Entering CreateNetObjectsLoginState
13:15:22.137 [StateMachine]: Player LwShutt (dpnid 1707839098 uid uho_2iwV5BkQRUcetHJQzDrb_aYfiG3GIw3ojtjlKhI=) Entering PreloadCamLoginState
13:15:22.153 [StateMachine]: Player LwShutt (dpnid 1707839098 uid uho_2iwV5BkQRUcetHJQzDrb_aYfiG3GIw3ojtjlKhI=) Entering WaitPreloadCamLoginState
13:15:24.340 [StateMachine]: Player LwShutt (dpnid 1707839098 uid uho_2iwV5BkQRUcetHJQzDrb_aYfiG3GIw3ojtjlKhI=) Entering GetLoadedCharLoginState
13:15:24.402 <LOAD EXISTING CHAR>:
    charID 51
    playerID 51
    dpnid 1707839098
    uid uho_2iwV5BkQRUcetHJQzDrb_aYfiG3GIw3ojtjlKhI=
13:16:20.243 [CE][VehicleRespawner] (PRIContaminatedArea) :: Initial random enabled for "StaticContaminatedArea" - Chosen nominal: 1
13:17:47.791 [CE][VehicleRespawner] (PRIContaminatedArea) :: Initial random enabled for "StaticContaminatedArea" - Chosen nominal: 0
13:19:15.298 [CE][VehicleRespawner] (PRIContaminatedArea) :: Initial random enabled for "StaticContaminatedArea" - Chosen nominal: 3
13:20:42.804 [CE][VehicleRespawner] (PRIContaminatedArea) :: Initial random enabled for "StaticContaminatedArea" - Chosen nominal: 0
13:21:44.214 [CE][VehicleRespawner] (PRIContaminatedArea) :: Initial random enabled for "StaticContaminatedArea" - Chosen nominal: 2
13:22:10.672 [CE][Links] found 42 total links between groups, of 116
13:22:10.672 [CE][SpawnRandomLoot] (StaticHeliCrash) :: Type: Wreck_UH1Y, lootmin: 10, lootmax: 15, wanted: 12, deloot: 2, containermaxsum: 15
13:23:11.746 [CE][VehicleRespawner] (PRIContaminatedArea) :: Initial random enabled for "StaticContaminatedArea" - Chosen nominal: 2
13:24:39.268 [CE][VehicleRespawner] (PRIContaminatedArea) :: Initial random enabled for "StaticContaminatedArea" - Chosen nominal: 3
13:24:39.596 [CE][Links] found 42 total links between groups, of 117
13:24:39.596 [CE][SpawnRandomLoot] (StaticHeliCrash) :: Type: Wreck_UH1Y, lootmin: 10, lootmax: 15, wanted: 13, deloot: 2, containermaxsum: 15
13:25:26.659 [Disconnect]: Start script disconnect 1707839098 (dbCharacterId 51 dbPlayerId 51) logoutTime 15
13:25:28.49 [Disconnect]: Client 1707839098 disconnecting
13:25:28.49 [Disconnect]: Client 1707839098 early disconnect
13:25:28.65 [Disconnect]: Start script disconnect 1707839098 (dbCharacterId 51 dbPlayerId 51) logoutTime 15
13:25:38.843 [Disconnect]: No packets from 1707839098
13:25:38.843 [Disconnect]: Already in progress 1707839098 
13:25:41.671 [Disconnect]: Finish script disconnect 1707839098
13:25:41.671 [Disconnect]: DisconnectPlayerFinish 1707839098
13:25:41.671 [Disconnect]: Remove player info 1707839098
13:25:41.702 [Disconnect]: Player destroy 1707839098 
13:26:06.785 [CE][VehicleRespawner] (PRIContaminatedArea) :: Initial random enabled for "StaticContaminatedArea" - Chosen nominal: 0
13:27:34.338 [CE][VehicleRespawner] (PRIContaminatedArea) :: Initial random enabled for "StaticContaminatedArea" - Chosen nominal: 2
13:28:35.678 [CE][VehicleRespawner] (PRIContaminatedArea) :: Initial random enabled for "StaticContaminatedArea" - Chosen nominal: 3
13:30:03.227 [CE][VehicleRespawner] (PRIContaminatedArea) :: Initial random enabled for "StaticContaminatedArea" - Chosen nominal: 0
13:30:03.555 [CE][Links] found 42 total links between groups, of 118
13:30:03.555 [CE][SpawnRandomLoot] (StaticHeliCrash) :: Type: Wreck_Mi8_Crashed, lootmin: 10, lootmax: 15, wanted: 14, deloot: 2, containermaxsum: 15
13:31:30.682 [CE][VehicleRespawner] (PRIContaminatedArea) :: Initial random enabled for "StaticContaminatedArea" - Chosen nominal: 3
13:32:58.200 [CE][VehicleRespawner] (PRIContaminatedArea) :: Initial random enabled for "StaticContaminatedArea" - Chosen nominal: 0
13:34:25.736 [CE][VehicleRespawner] (PRIContaminatedArea) :: Initial random enabled for "StaticContaminatedArea" - Chosen nominal: 0
13:35:27.185 [CE][VehicleRespawner] (PRIContaminatedArea) :: Initial random enabled for "StaticContaminatedArea" - Chosen nominal: 3
13:36:54.645 [CE][VehicleRespawner] (PRIContaminatedArea) :: Initial random enabled for "StaticContaminatedArea" - Chosen nominal: 1
13:38:22.229 [CE][VehicleRespawner] (PRIContaminatedArea) :: Initial random enabled for "StaticContaminatedArea" - Chosen nominal: 2
13:38:34.117 [Disconnect]: Start script disconnect 38245312 (dbCharacterId 99 dbPlayerId 99) logoutTime 15
13:38:36.491 [Disconnect]: Client 38245312 disconnecting
13:38:36.491 [Disconnect]: Client 38245312 early disconnect
13:38:36.507 [Disconnect]: Start script disconnect 38245312 (dbCharacterId 99 dbPlayerId 99) logoutTime 15
13:38:42.974 [Disconnect]: Client 38245312 normal disconnect
13:38:42.974 [Disconnect]: Client 38245312 normal disconnect
13:38:42.990 [Disconnect]: Already in progress 38245312 
13:38:42.990 [Disconnect]: Already in progress 38245312 
13:38:47.379 [Disconnect]: No packets from 38245312
13:38:47.379 [Disconnect]: Already in progress 38245312 
13:38:49.124 [Disconnect]: Finish script disconnect 38245312
13:38:49.124 [Disconnect]: DisconnectPlayerFinish 38245312
13:38:49.124 [Disconnect]: Remove player info 38245312
13:38:49.139 [Disconnect]: Player destroy 38245312 
13:38:51.607 [Login]: Adding player brasil deer (1809600075) to login queue at position 0
13:38:51.607 [LoginMachine]: Add player brasil deer (1809600075 31.50.32.57:12802)
13:38:51.607 [StateMachine]: Player brasil deer (dpnid 1809600075 uid ) Entering AuthPlayerLoginState
13:38:52.982 [StateMachine]: Player brasil deer (dpnid 1809600075 uid ) Entering WaitAuthPlayerLoginState
13:38:55.44 Player brasil deer connected (id=iwh9nfxIuRD6GZf5CG4AjV3ujWJEMsSJ-4M_C5ZHy-o=).
13:38:55.44 Player "brasil deer" is connected (steamID=76561198194578202)
13:38:55.60 [StateMachine]: Player brasil deer (dpnid 1809600075 uid ) Entering WaitPlayerAssignedLoginState
13:39:02.683 [StateMachine]: Player brasil deer (dpnid 1809600075 uid iwh9nfxIuRD6GZf5CG4AjV3ujWJEMsSJ-4M_C5ZHy-o=) Entering DBGetLoginTimeLoginState
13:39:02.730 [StateMachine]: Player brasil deer (dpnid 1809600075 uid iwh9nfxIuRD6GZf5CG4AjV3ujWJEMsSJ-4M_C5ZHy-o=) Entering DBWaitLoginTimeLoginState
13:39:07.744 [StateMachine]: Player brasil deer (dpnid 1809600075 uid iwh9nfxIuRD6GZf5CG4AjV3ujWJEMsSJ-4M_C5ZHy-o=) Entering DBGetCharacterLoginState
13:39:07.776 [StateMachine]: Player brasil deer (dpnid 1809600075 uid iwh9nfxIuRD6GZf5CG4AjV3ujWJEMsSJ-4M_C5ZHy-o=) Entering CreateNetObjectsLoginState
13:39:07.791 [StateMachine]: Player brasil deer (dpnid 1809600075 uid iwh9nfxIuRD6GZf5CG4AjV3ujWJEMsSJ-4M_C5ZHy-o=) Entering PreloadCamLoginState
13:39:07.791 [StateMachine]: Player brasil deer (dpnid 1809600075 uid iwh9nfxIuRD6GZf5CG4AjV3ujWJEMsSJ-4M_C5ZHy-o=) Entering WaitPreloadCamLoginState
13:39:11.915 [StateMachine]: Player brasil deer (dpnid 1809600075 uid iwh9nfxIuRD6GZf5CG4AjV3ujWJEMsSJ-4M_C5ZHy-o=) Entering GetLoadedCharLoginState
13:39:11.978 <LOAD EXISTING CHAR>:
    charID 99
    playerID 99
    dpnid 1809600075
    uid iwh9nfxIuRD6GZf5CG4AjV3ujWJEMsSJ-4M_C5ZHy-o=
13:39:49.729 [CE][VehicleRespawner] (PRIContaminatedArea) :: Initial random enabled for "StaticContaminatedArea" - Chosen nominal: 2
13:40:47.341 !!! [CE][Point] Removing 2035.665527, 7363.420898 from Land_Shed_M1
13:41:17.297 [CE][VehicleRespawner] (PRIContaminatedArea) :: Initial random enabled for "StaticContaminatedArea" - Chosen nominal: 0
13:42:18.628 [CE][VehicleRespawner] (PRIContaminatedArea) :: Initial random enabled for "StaticContaminatedArea" - Chosen nominal: 2
13:43:46.181 [CE][VehicleRespawner] (PRIContaminatedArea) :: Initial random enabled for "StaticContaminatedArea" - Chosen nominal: 3
13:44:14.934 !!! [CE][Point] Removing 4606.951660, 9548.872070 from PearTree2
13:45:13.728 [CE][VehicleRespawner] (PRIContaminatedArea) :: Initial random enabled for "StaticContaminatedArea" - Chosen nominal: 2
13:46:41.237 [CE][VehicleRespawner] (PRIContaminatedArea) :: Initial random enabled for "StaticContaminatedArea" - Chosen nominal: 1
13:48:08.816 [CE][VehicleRespawner] (PRIContaminatedArea) :: Initial random enabled for "StaticContaminatedArea" - Chosen nominal: 1
13:48:09.472 [CE][Links] found 42 total links between groups, of 119
13:48:09.472 [CE][SpawnRandomLoot] (StaticPoliceCar) :: Type: Land_Wreck_sed01_aban1_police, lootmin: 3, lootmax: 5, wanted: 4, deloot: 2, containermaxsum: 6
13:49:10.234 [CE][VehicleRespawner] (PRIContaminatedArea) :: Initial random enabled for "StaticContaminatedArea" - Chosen nominal: 1
13:50:37.802 [CE][VehicleRespawner] (PRIContaminatedArea) :: Initial random enabled for "StaticContaminatedArea" - Chosen nominal: 1
13:52:05.202 [CE][VehicleRespawner] (PRIContaminatedArea) :: Initial random enabled for "StaticContaminatedArea" - Chosen nominal: 3
13:52:05.859 [CE][Links] found 44 total links between groups, of 120
13:52:05.859 [CE][SpawnRandomLoot] (StaticPoliceCar) :: Type: Land_Wreck_sed01_aban1_police, lootmin: 3, lootmax: 5, wanted: 3, deloot: 2, containermaxsum: 6
13:53:32.756 [CE][VehicleRespawner] (PRIContaminatedArea) :: Initial random enabled for "StaticContaminatedArea" - Chosen nominal: 1
13:53:33.412 [CE][Links] found 44 total links between groups, of 121
13:53:33.412 [CE][SpawnRandomLoot] (StaticPoliceCar) :: Type: Land_Wreck_sed01_aban1_police, lootmin: 3, lootmax: 5, wanted: 3, deloot: 2, containermaxsum: 6
13:53:33.412 [CE][Links] found 44 total links between groups, of 122
13:53:33.412 [CE][SpawnRandomLoot] (StaticPoliceCar) :: Type: Land_Wreck_sed01_aban1_police, lootmin: 3, lootmax: 5, wanted: 4, deloot: 2, containermaxsum: 6
13:55:00.304 [CE][VehicleRespawner] (PRIContaminatedArea) :: Initial random enabled for "StaticContaminatedArea" - Chosen nominal: 1
13:56:01.722 [CE][VehicleRespawner] (PRIContaminatedArea) :: Initial random enabled for "StaticContaminatedArea" - Chosen nominal: 2
13:56:28.463 [CE][Links] found 44 total links between groups, of 123
13:56:28.463 [CE][SpawnRandomLoot] (StaticPoliceCar) :: Type: Land_Wreck_sed01_aban1_police, lootmin: 3, lootmax: 5, wanted: 4, deloot: 2, containermaxsum: 6
13:56:28.463 [CE][Links] found 46 total links between groups, of 124
13:56:28.463 [CE][SpawnRandomLoot] (StaticPoliceCar) :: Type: Land_Wreck_sed01_aban2_police, lootmin: 3, lootmax: 5, wanted: 3, deloot: 2, containermaxsum: 6
13:56:28.463 [CE][Links] found 46 total links between groups, of 125
13:56:28.463 [CE][SpawnRandomLoot] (StaticPoliceCar) :: Type: Land_Wreck_sed01_aban2_police, lootmin: 3, lootmax: 5, wanted: 4, deloot: 2, containermaxsum: 6
13:57:29.225 [CE][VehicleRespawner] (PRIContaminatedArea) :: Initial random enabled for "StaticContaminatedArea" - Chosen nominal: 1
13:57:29.881 [CE][Links] found 46 total links between groups, of 126
13:57:29.881 [CE][SpawnRandomLoot] (StaticPoliceCar) :: Type: Land_Wreck_sed01_aban2_police, lootmin: 3, lootmax: 5, wanted: 3, deloot: 2, containermaxsum: 6
13:58:56.757 [CE][VehicleRespawner] (PRIContaminatedArea) :: Initial random enabled for "StaticContaminatedArea" - Chosen nominal: 2
14:00:24.309 [CE][VehicleRespawner] (PRIContaminatedArea) :: Initial random enabled for "StaticContaminatedArea" - Chosen nominal: 0
14:00:24.965 [CE][Links] found 46 total links between groups, of 127
14:00:24.965 [CE][SpawnRandomLoot] (StaticPoliceCar) :: Type: Land_Wreck_sed01_aban1_police, lootmin: 3, lootmax: 5, wanted: 3, deloot: 2, containermaxsum: 6
14:01:51.880 [CE][VehicleRespawner] (PRIContaminatedArea) :: Initial random enabled for "StaticContaminatedArea" - Chosen nominal: 1
14:01:52.208 [CE][Links] found 46 total links between groups, of 128
14:01:52.208 [CE][SpawnRandomLoot] (StaticHeliCrash) :: Type: Wreck_UH1Y, lootmin: 10, lootmax: 15, wanted: 11, deloot: 2, containermaxsum: 15
14:01:52.536 [CE][Links] found 46 total links between groups, of 129
14:01:52.536 [CE][SpawnRandomLoot] (StaticPoliceCar) :: Type: Land_Wreck_sed01_aban1_police, lootmin: 3, lootmax: 5, wanted: 3, deloot: 2, containermaxsum: 6
14:02:53.283 [CE][VehicleRespawner] (PRIContaminatedArea) :: Initial random enabled for "StaticContaminatedArea" - Chosen nominal: 2
14:04:20.821 [CE][VehicleRespawner] (PRIContaminatedArea) :: Initial random enabled for "StaticContaminatedArea" - Chosen nominal: 2
14:04:21.149 [CE][Links] found 46 total links between groups, of 130
14:04:21.149 [CE][SpawnRandomLoot] (StaticHeliCrash) :: Type: Wreck_Mi8_Crashed, lootmin: 10, lootmax: 15, wanted: 13, deloot: 2, containermaxsum: 15
14:05:48.307 [CE][VehicleRespawner] (PRIContaminatedArea) :: Initial random enabled for "StaticContaminatedArea" - Chosen nominal: 1
14:06:30.337 [Disconnect]: Client 1809600075 early disconnect
14:06:30.853 [Disconnect]: Start script disconnect 1809600075 (dbCharacterId 99 dbPlayerId 99) logoutTime 0
14:06:31.384 [Disconnect]: Remove player info 1809600075
14:06:31.384 [Disconnect]: Finish script disconnect 1809600075
14:06:31.384 [Disconnect]: DisconnectPlayerFinish 1809600075
14:06:31.946 [Disconnect]: Player destroy 1809600075 
14:06:45.677  --- Termination successfully completed --- 
