

=====================================================================
== C:\SERVICES\ni7063137_1_SHARE\ftproot\dayzstandalone\DayZServer_x64.exe
== "C:\SERVICES\ni7063137_1_SHARE\ftproot\dayzstandalone\DayZServer_x64.exe" -ip=31.214.158.194 -port=12800 -cpuCount=4 -limitFPS=100 -adminlog -config=serverDZ.cfg "-mod=@CF;@AutoRUN;@dbo_surfaces;@DabsFramework;@DayZEditorLoader;@BuilderItems;@BaseBuildingPlus;@CodeLock;@Breachingcharge;@VPPAdminTools;@TraderPlus;@InventoryDump;@BurnAlive;@GunnerTruckOshkosh;@MuchStuffPack;@SNAFU;@CannabisPlus;@MMG;@VanillaPlusPlusMap;@UnknownGhillieMod;@MassA2Assets;@SchanaParty;@PseudoGiant;@InventoryMoveSounds;@Notifications;@AdvancedWeaponScopes;@CarsForAll;@SchanaModGlobalChat;@StaminaSettings;@DrugsPLUS;@GoreZ;@PackSouthAmericanPlague;@RedFalcon" -profiles=C:\SERVICES\ni7063137_1_SHARE\ftproot\dayzstandalone/config -BEPath=C:\SERVICES\ni7063137_1_SHARE\ftproot\dayzstandalone\battleye -noFilePatching -nologs -freezecheck
=====================================================================
Exe timestamp: 2022/07/28 08:30:35
Current time:  2022/10/02 23:03:32

Version 1.18.155069
23:03:32.643 [Inputs] Loading inputs default "bin/constants.xml"
23:03:32.659 [Inputs] Loading inputs default "bin/specific.xml"
23:03:32.659 [Inputs] Loading inputs default "BBP_keybind/data/modded_Inputs.xml"
23:03:32.659 [Inputs] Loading inputs default "InventoryMoveSounds/Scripts/Data/Inputs.xml"
23:03:32.659 [Inputs] Loading inputs default "SIX_Autorun/Scripts/Inputs.xml"
23:03:32.659 [Inputs] Loading inputs default "SpardaTextura/inputs/Inputs.xml"
23:03:32.659 [Inputs] Loading inputs default "VanillaPPMap/data/modded_Inputs.xml"
23:03:32.659 [Inputs] Loading inputs default "VehiclesVipNemesis/inputs/Inputs.xml"
23:03:32.674 [Inputs] Loading inputs default "VPPAdminTools/data/modded_Inputs.xml"
23:03:32.674 [Inputs] Loading inputs default "CarLock/scripts/3_Game/inputs.xml"
23:03:32.674 [Inputs] Loading inputs default "Ghost/InventoryDump/Client/Data/modded_inputs.xml"
23:03:32.674 [Inputs] Loading inputs default "Notifications/inputs/inputs.xml"
23:03:32.674 [Inputs] Loading inputs default "RFFSHeli_Core/modded_Inputs.xml"
23:03:32.674 [Inputs] Loading inputs default "SchanaModGlobalChat/Data/Inputs.xml"
23:03:32.674 [Inputs] Loading inputs default "SchanaModParty/Data/Inputs.xml"
23:03:32.674 !!! [Inputs] Cannot load inputs default "", file does not exist
23:03:32.674 !!! [Inputs] Failed to load MODDED inputs - file name/ path invalid?
23:03:32.674 [Inputs] Loading inputs cfg "C:\SERVICES\ni7063137_1_SHARE\ftproot\dayzstandalone/config\Users\Survivor\Server.core.xml"
23:03:32.690 [Inputs] Exporting inputs cfg "C:\SERVICES\ni7063137_1_SHARE\ftproot\dayzstandalone/config\Users\Survivor\Server.core.xml"
23:04:08.879 [CE][Hive] :: Initializing OFFLINE
23:04:08.879 [CE][Hive] :: Loading core data ... 
23:04:08.895 [CE][CoreData] :: 7 root classes, 18 defaults, 0 updaters...
23:04:15.815 [CE] :: WARNING :: Preset map "optics" is EMPTY.
23:04:15.815 [CE][TypeSetup] :: 470 classes setuped...
23:04:15.831 [CE] :: WARNING :: Preset map "optics" is EMPTY.
23:04:15.846 [CE][TypeSetup] :: 377 classes setuped...
23:04:17.987 [CE][RegisterBind] :: 0 classes binded...
23:04:17.987 [CE][RegisterConfig] :: 17183 config classes registered, 0 sub-counters...
23:04:17.987 [CE][Hive] :: Loading map data ... 
23:04:17.987 [CE][IgnoreList] "cfgignorelist.xml" :: loaded 19 types
23:04:18.33 [CE][LoadPrototype] :: loaded 368 prototypes
23:04:18.33   754 containers, 9611 points
23:04:18.33   32 dispatches, 115 proxies
23:04:18.33 !!! [CE][LoadPrototype] 14 groups have no points...
23:04:18.33 !!![CE][LoadPrototype]  2 groups have wrong points...
23:04:18.33 [CE][LoadPrototype] :: last group name: StaticObj_Wreck_Ural_DE...
23:04:18.49 [CE][LoadPrototype] :: loaded 0 prototypes
23:04:18.49   0 containers, 0 points
23:04:18.49   0 dispatches, 0 proxies
23:04:18.49 [CE][LoadPrototype] :: last group name: Rail9...
23:04:19.127 [CE][LoadMap] "Group" :: loaded 11620 groups, groups failed: 0, largest group range: 34.2
23:04:19.143 [CE][LoadMap] "Dirt" :: loaded 0 groups, groups failed: 0, largest group range: 34.2
23:04:19.549 [CE][Links] found 1888 total links between groups, of 11620
23:04:19.549 [CE][LoadClusters] "Cluster" :: Loading files...
23:04:19.720 [CE][LoadClusters] :: file: "mapgroupcluster.xml", 9 types, 50000 instances
23:04:19.924 [CE][LoadClusters] :: file: "mapgroupcluster01", 9 types, 50000 instances
23:04:20.127 [CE][LoadClusters] :: file: "mapgroupcluster02", 9 types, 50000 instances
23:04:20.314 [CE][LoadClusters] :: file: "mapgroupcluster03", 9 types, 50000 instances
23:04:20.392 [CE][LoadClusters] :: file: "mapgroupcluster04", 9 types, 17347 instances
23:04:20.392 [CE][Storage] ver:21 stamp:155695, valid:yes, name:"mpmissions\dayzOffline.chernarusplus\storage_1\data\types.bin"
23:04:20.392 [CE][Storage] ver:21 stamp:155661, valid:yes, name:"mpmissions\dayzOffline.chernarusplus\storage_1\data\types.001"
23:04:20.408 [CE][Storage] ver:21 stamp:155662, valid:yes, name:"mpmissions\dayzOffline.chernarusplus\storage_1\data\types.002"
23:04:20.408 [CE][Storage] Restoring file "mpmissions\dayzOffline.chernarusplus\storage_1\data\types.bin".
23:04:20.642 !!! [CE][offlineDB] :: No Shutdown message present.
23:04:20.642 [CE][offlineDB] :: Loaded 46 dynamic events 302 total types.
23:04:20.673 !!! [CE][offlineDB] :: Type 'ChristmasTree' will be ignored. (Not spawnable. (Scope is not public?))
23:04:20.720 [CE][Storage] ver:21 stamp:155695, valid:yes, name:"mpmissions\dayzOffline.chernarusplus\storage_1\data\events.bin"
23:04:20.720 [CE][Storage] ver:21 stamp:155661, valid:yes, name:"mpmissions\dayzOffline.chernarusplus\storage_1\data\events.001"
23:04:20.720 [CE][Storage] ver:21 stamp:155662, valid:yes, name:"mpmissions\dayzOffline.chernarusplus\storage_1\data\events.002"
23:04:20.720 [CE][Storage] Restoring file "mpmissions\dayzOffline.chernarusplus\storage_1\data\events.bin".
23:04:20.720 [CE][DynamicEvent] Load  Events:[46] Primary spawners: 46 Secondary spawners: 3
23:04:20.720 [CE][Storage] ver:25 stamp:155695, valid:yes, name:"mpmissions\dayzOffline.chernarusplus\storage_1\data\dynamic_000.bin"
23:04:20.720 [CE][Storage] ver:25 stamp:155661, valid:yes, name:"mpmissions\dayzOffline.chernarusplus\storage_1\data\dynamic_000.001"
23:04:20.720 [CE][Storage] ver:25 stamp:155662, valid:yes, name:"mpmissions\dayzOffline.chernarusplus\storage_1\data\dynamic_000.002"
23:04:20.720 [CE][Storage] Restoring file "mpmissions\dayzOffline.chernarusplus\storage_1\data\dynamic_000.bin" 824 items.
23:04:21.251   824 items loaded. (0 failed)
23:04:21.251 [CE][Storage] ver:25 stamp:155695, valid:yes, name:"mpmissions\dayzOffline.chernarusplus\storage_1\data\dynamic_001.bin"
23:04:21.251 [CE][Storage] ver:25 stamp:155661, valid:yes, name:"mpmissions\dayzOffline.chernarusplus\storage_1\data\dynamic_001.001"
23:04:21.251 [CE][Storage] ver:25 stamp:155662, valid:yes, name:"mpmissions\dayzOffline.chernarusplus\storage_1\data\dynamic_001.002"
23:04:21.251 [CE][Storage] Restoring file "mpmissions\dayzOffline.chernarusplus\storage_1\data\dynamic_001.bin" 1768 items.
23:04:22.142   1768 items loaded. (0 failed)
23:04:22.142 [CE][Storage] ver:25 stamp:155695, valid:yes, name:"mpmissions\dayzOffline.chernarusplus\storage_1\data\dynamic_002.bin"
23:04:22.142 [CE][Storage] ver:25 stamp:155661, valid:yes, name:"mpmissions\dayzOffline.chernarusplus\storage_1\data\dynamic_002.001"
23:04:22.142 [CE][Storage] ver:25 stamp:155662, valid:yes, name:"mpmissions\dayzOffline.chernarusplus\storage_1\data\dynamic_002.002"
23:04:22.142 [CE][Storage] Restoring file "mpmissions\dayzOffline.chernarusplus\storage_1\data\dynamic_002.bin" 2399 items.
23:04:23.01   2399 items loaded. (0 failed)
23:04:23.17 [CE][Storage] ver:25 stamp:155695, valid:yes, name:"mpmissions\dayzOffline.chernarusplus\storage_1\data\dynamic_003.bin"
23:04:23.17 [CE][Storage] ver:25 stamp:155661, valid:yes, name:"mpmissions\dayzOffline.chernarusplus\storage_1\data\dynamic_003.001"
23:04:23.17 [CE][Storage] ver:25 stamp:155662, valid:yes, name:"mpmissions\dayzOffline.chernarusplus\storage_1\data\dynamic_003.002"
23:04:23.17 [CE][Storage] Restoring file "mpmissions\dayzOffline.chernarusplus\storage_1\data\dynamic_003.bin" 2370 items.
23:04:23.970   2370 items loaded. (0 failed)
23:04:23.970 [CE][Storage] ver:25 stamp:155695, valid:yes, name:"mpmissions\dayzOffline.chernarusplus\storage_1\data\dynamic_004.bin"
23:04:23.970 [CE][Storage] ver:25 stamp:155661, valid:yes, name:"mpmissions\dayzOffline.chernarusplus\storage_1\data\dynamic_004.001"
23:04:23.970 [CE][Storage] ver:25 stamp:155662, valid:yes, name:"mpmissions\dayzOffline.chernarusplus\storage_1\data\dynamic_004.002"
23:04:23.970 [CE][Storage] Restoring file "mpmissions\dayzOffline.chernarusplus\storage_1\data\dynamic_004.bin" 1867 items.
23:04:24.735   1867 items loaded. (0 failed)
23:04:24.735 [CE][Storage] ver:25 stamp:155695, valid:yes, name:"mpmissions\dayzOffline.chernarusplus\storage_1\data\dynamic_005.bin"
23:04:24.735 [CE][Storage] ver:25 stamp:155661, valid:yes, name:"mpmissions\dayzOffline.chernarusplus\storage_1\data\dynamic_005.001"
23:04:24.735 [CE][Storage] ver:25 stamp:155662, valid:yes, name:"mpmissions\dayzOffline.chernarusplus\storage_1\data\dynamic_005.002"
23:04:24.735 [CE][Storage] Restoring file "mpmissions\dayzOffline.chernarusplus\storage_1\data\dynamic_005.bin" 2040 items.
23:04:25.422   2040 items loaded. (0 failed)
23:04:25.422 [CE][Storage] ver:25 stamp:155695, valid:yes, name:"mpmissions\dayzOffline.chernarusplus\storage_1\data\dynamic_006.bin"
23:04:25.422 [CE][Storage] ver:25 stamp:155661, valid:yes, name:"mpmissions\dayzOffline.chernarusplus\storage_1\data\dynamic_006.001"
23:04:25.422 [CE][Storage] ver:25 stamp:155662, valid:yes, name:"mpmissions\dayzOffline.chernarusplus\storage_1\data\dynamic_006.002"
23:04:25.422 [CE][Storage] Restoring file "mpmissions\dayzOffline.chernarusplus\storage_1\data\dynamic_006.bin" 1494 items.
23:04:25.985   1494 items loaded. (0 failed)
23:04:25.985 [CE][Storage] ver:25 stamp:155695, valid:yes, name:"mpmissions\dayzOffline.chernarusplus\storage_1\data\dynamic_007.bin"
23:04:25.985 [CE][Storage] ver:25 stamp:155661, valid:yes, name:"mpmissions\dayzOffline.chernarusplus\storage_1\data\dynamic_007.001"
23:04:25.985 [CE][Storage] ver:25 stamp:155662, valid:yes, name:"mpmissions\dayzOffline.chernarusplus\storage_1\data\dynamic_007.002"
23:04:25.985 [CE][Storage] Restoring file "mpmissions\dayzOffline.chernarusplus\storage_1\data\dynamic_007.bin" 1497 items.
23:04:26.656   1497 items loaded. (0 failed)
23:04:26.656 [CE][Storage] ver:25 stamp:155695, valid:yes, name:"mpmissions\dayzOffline.chernarusplus\storage_1\data\dynamic_008.bin"
23:04:26.656 [CE][Storage] ver:25 stamp:155661, valid:yes, name:"mpmissions\dayzOffline.chernarusplus\storage_1\data\dynamic_008.001"
23:04:26.656 [CE][Storage] ver:25 stamp:155662, valid:yes, name:"mpmissions\dayzOffline.chernarusplus\storage_1\data\dynamic_008.002"
23:04:26.656 [CE][Storage] Restoring file "mpmissions\dayzOffline.chernarusplus\storage_1\data\dynamic_008.bin" 2111 items.
23:04:27.422   2111 items loaded. (0 failed)
23:04:27.437 [CE][Storage] ver:25 stamp:155695, valid:yes, name:"mpmissions\dayzOffline.chernarusplus\storage_1\data\dynamic_009.bin"
23:04:27.437 [CE][Storage] ver:25 stamp:155661, valid:yes, name:"mpmissions\dayzOffline.chernarusplus\storage_1\data\dynamic_009.001"
23:04:27.437 [CE][Storage] ver:25 stamp:155662, valid:yes, name:"mpmissions\dayzOffline.chernarusplus\storage_1\data\dynamic_009.002"
23:04:27.437 [CE][Storage] Restoring file "mpmissions\dayzOffline.chernarusplus\storage_1\data\dynamic_009.bin" 2625 items.
23:04:28.812   2625 items loaded. (0 failed)
23:04:28.812 [CE][Storage] ver:25 stamp:155695, valid:yes, name:"mpmissions\dayzOffline.chernarusplus\storage_1\data\dynamic_010.bin"
23:04:28.812 [CE][Storage] ver:25 stamp:155661, valid:yes, name:"mpmissions\dayzOffline.chernarusplus\storage_1\data\dynamic_010.001"
23:04:28.812 [CE][Storage] ver:25 stamp:155662, valid:yes, name:"mpmissions\dayzOffline.chernarusplus\storage_1\data\dynamic_010.002"
23:04:28.812 [CE][Storage] Restoring file "mpmissions\dayzOffline.chernarusplus\storage_1\data\dynamic_010.bin" 1839 items.
23:04:29.593   1839 items loaded. (0 failed)
23:04:29.593 [CE][Storage] ver:25 stamp:155695, valid:yes, name:"mpmissions\dayzOffline.chernarusplus\storage_1\data\dynamic_011.bin"
23:04:29.593 [CE][Storage] ver:25 stamp:155661, valid:yes, name:"mpmissions\dayzOffline.chernarusplus\storage_1\data\dynamic_011.001"
23:04:29.593 [CE][Storage] ver:25 stamp:155662, valid:yes, name:"mpmissions\dayzOffline.chernarusplus\storage_1\data\dynamic_011.002"
23:04:29.593 [CE][Storage] Restoring file "mpmissions\dayzOffline.chernarusplus\storage_1\data\dynamic_011.bin" 230 items.
23:04:30.31   230 items loaded. (0 failed)
23:04:30.31 [CE][Storage] ver:26 stamp:155695, valid:yes, name:"mpmissions\dayzOffline.chernarusplus\storage_1\data\building.bin"
23:04:30.31 [CE][Storage] ver:26 stamp:155661, valid:yes, name:"mpmissions\dayzOffline.chernarusplus\storage_1\data\building.001"
23:04:30.31 [CE][Storage] ver:26 stamp:155662, valid:yes, name:"mpmissions\dayzOffline.chernarusplus\storage_1\data\building.002"
23:04:30.31 [CE][Storage] Restoring file "mpmissions\dayzOffline.chernarusplus\storage_1\data\building.bin" 1 items.
23:04:30.31   1 items loaded. (0 failed)
23:04:30.46 [CE][Storage] ver:25 stamp:155695, valid:yes, name:"mpmissions\dayzOffline.chernarusplus\storage_1\data\vehicles.bin"
23:04:30.46 [CE][Storage] ver:25 stamp:155661, valid:yes, name:"mpmissions\dayzOffline.chernarusplus\storage_1\data\vehicles.001"
23:04:30.46 [CE][Storage] ver:25 stamp:155662, valid:yes, name:"mpmissions\dayzOffline.chernarusplus\storage_1\data\vehicles.002"
23:04:30.46 [CE][Storage] Restoring file "mpmissions\dayzOffline.chernarusplus\storage_1\data\vehicles.bin" 163 items.
23:04:30.702   163 items loaded. (0 failed)
23:04:30.718 [CE][Hive] :: Storage load took:10.00 seconds, recovery stamp:155695
23:04:30.718   entity: 26484, building: 1
23:04:30.718   no lifetime: 66
23:04:30.718   skipped: 1
23:04:30.718   pathgraph's: 710
23:04:30.734 [CE][Hive] :: Initializing ... 
23:04:30.765 [CE][InitializeMap] :: initialized: 1
23:04:30.765 [CE][Hive] :: Initializing spawners ... 
23:04:30.968 !!! [CE][DE][SPAWNS] :: [WARNING] :: Skipping entry for non-existing event 'VehicleTransitBus'.
23:04:30.968 [CE][DE][SPAWNS] :: Total positions: 1165
23:04:30.968 [CE][DE][GROUPS] :: Total eventgroups defined: 21, Eventgroups in use: 21
23:04:34.280 [CE][LootRespawner] (PRIDummy) :: Initially (re)spawned:0, Nominal:27715, Total in Map: 20307 at 0 (sec)
23:04:34.280   tests:0, repeats:0 fails:0, overtime:0
23:04:34.295 [CE][DynEvent] :: 46 types
23:04:34.295 [00] AmbientHen
23:04:34.295   Primary Spawner: "Ambient", active: yes, repeat: 1
23:04:34.295 [01] AnimalBear
23:04:34.295   Primary Spawner: "Animal", active: yes, repeat: 1
23:04:34.295 [02] AnimalCow
23:04:34.295   Primary Spawner: "Animal", active: yes, repeat: 1
23:04:34.295 [03] AnimalDeer
23:04:34.295   Primary Spawner: "Animal", active: yes, repeat: 1
23:04:34.295 [04] AnimalGoat
23:04:34.295   Primary Spawner: "Animal", active: yes, repeat: 1
23:04:34.295 [05] AnimalPig
23:04:34.295   Primary Spawner: "Animal", active: yes, repeat: 1
23:04:34.295 [06] AnimalRoeDeer
23:04:34.295   Primary Spawner: "Animal", active: yes, repeat: 1
23:04:34.295 [07] AnimalSheep
23:04:34.295   Primary Spawner: "Animal", active: yes, repeat: 1
23:04:34.295 [08] AnimalWildBoar
23:04:34.295   Primary Spawner: "Animal", active: yes, repeat: 1
23:04:34.295 [09] AnimalWolf
23:04:34.295   Primary Spawner: "Animal", active: yes, repeat: 1
23:04:34.295 [10] InfectedBoss
23:04:34.295   Primary Spawner: "Infected", active: yes, repeat: 1
23:04:34.295 [11] InfectedArmy
23:04:34.295   Primary Spawner: "Infected", active: yes, repeat: 1
23:04:34.295 [12] InfectedArmyHard
23:04:34.295   Primary Spawner: "Infected", active: yes, repeat: 1
23:04:34.295 [13] InfectedCity
23:04:34.295   Primary Spawner: "Infected", active: yes, repeat: 1
23:04:34.295 [14] InfectedCityTier1
23:04:34.295   Primary Spawner: "Infected", active: yes, repeat: 1
23:04:34.295 [15] InfectedFirefighter
23:04:34.295   Primary Spawner: "Infected", active: yes, repeat: 1
23:04:34.295 [16] InfectedIndustrial
23:04:34.295   Primary Spawner: "Infected", active: yes, repeat: 1
23:04:34.295 [17] InfectedMedic
23:04:34.295   Primary Spawner: "Infected", active: yes, repeat: 1
23:04:34.295 [18] InfectedNBC
23:04:34.295   Primary Spawner: "Infected", active: yes, repeat: 1
23:04:34.295 [19] InfectedNBCYellow
23:04:34.295   Primary Spawner: "Infected", active: yes, repeat: 1
23:04:34.295 [20] InfectedPolice
23:04:34.295   Primary Spawner: "Infected", active: yes, repeat: 1
23:04:34.295 [21] InfectedPoliceHard
23:04:34.295   Primary Spawner: "Infected", active: yes, repeat: 1
23:04:34.295 [22] InfectedPrisoner
23:04:34.295   Primary Spawner: "Infected", active: yes, repeat: 1
23:04:34.295 [23] InfectedReligious
23:04:34.295   Primary Spawner: "Infected", active: yes, repeat: 1
23:04:34.295 [24] InfectedSolitude
23:04:34.295   Primary Spawner: "Infected", active: yes, repeat: 1
23:04:34.295 [25] InfectedVillage
23:04:34.295   Primary Spawner: "Infected", active: yes, repeat: 1
23:04:34.295 [26] InfectedVillageTier1
23:04:34.295   Primary Spawner: "Infected", active: yes, repeat: 1
23:04:34.295 [27] ItemPlanks
23:04:34.295   Primary Spawner: "Item", active: yes, repeat: 1
23:04:34.295 [28] Loot
23:04:34.295   Primary Spawner: "Loot", active: yes, repeat: 2
23:04:34.295 [29] StaticContaminatedArea
23:04:34.295   Primary Spawner: "Static", active: yes, repeat: 1
23:04:34.295 [30] StaticHeliCrash
23:04:34.295   Primary Spawner: "Static", active: yes, repeat: 1
23:04:34.295   Secondary Spawner: "Infected", active: yes, repeat: 1
23:04:34.295 [31] StaticPoliceCar
23:04:34.295   Primary Spawner: "Static", active: yes, repeat: 1
23:04:34.295   Secondary Spawner: "Infected", active: yes, repeat: 1
23:04:34.295 [32] StaticTrain
23:04:34.295   Primary Spawner: "Static", active: yes, repeat: 1
23:04:34.295   Secondary Spawner: "Infected", active: yes, repeat: 1
23:04:34.295 [33] TrajectoryApple
23:04:34.295   Primary Spawner: "Trajectory", active: yes, repeat: 1
23:04:34.295 [34] TrajectoryConiferous
23:04:34.295   Primary Spawner: "Trajectory", active: yes, repeat: 1
23:04:34.295 [35] TrajectoryDeciduous
23:04:34.295   Primary Spawner: "Trajectory", active: yes, repeat: 1
23:04:34.295 [36] TrajectoryHumus
23:04:34.295   Primary Spawner: "Trajectory", active: yes, repeat: 1
23:04:34.295 [37] TrajectoryPear
23:04:34.295   Primary Spawner: "Trajectory", active: yes, repeat: 1
23:04:34.295 [38] TrajectoryPlum
23:04:34.295   Primary Spawner: "Trajectory", active: yes, repeat: 1
23:04:34.295 [39] TrajectoryStones
23:04:34.295   Primary Spawner: "Trajectory", active: yes, repeat: 1
23:04:34.295 [40] VehicleCivilianSedan
23:04:34.295   Primary Spawner: "Vehicle", active: yes, repeat: 1
23:04:34.295 [41] VehicleHatchback02
23:04:34.295   Primary Spawner: "Vehicle", active: yes, repeat: 1
23:04:34.295 [42] VehicleOffroadHatchback
23:04:34.295   Primary Spawner: "Vehicle", active: yes, repeat: 1
23:04:34.295 [43] VehicleSedan02
23:04:34.295   Primary Spawner: "Vehicle", active: yes, repeat: 1
23:04:34.295 [44] VehicleTruck01
23:04:34.295   Primary Spawner: "Vehicle", active: yes, repeat: 1
23:04:34.295 [45] VehicleHelicopter
23:04:34.295   Primary Spawner: "Vehicle", active: yes, repeat: 1
23:04:34.295 [CE][Hive] :: Initializing of spawners done.
23:04:34.295 [CE][Hive] :: Init sequence finished.
23:04:34.311 Player connect enabled
23:04:35.123 [IdleMode] Entering IN - save processed
23:04:44.574 [UNLOCK] Server was unlocked.
 2:34:21.852 [Login]: Adding player Tarkov (49965568) to login queue at position 0
 2:34:21.852 [LoginMachine]: Add player Tarkov (49965568 179.93.17.45:12802)
 2:34:21.852 [StateMachine]: Player Tarkov (dpnid 49965568 uid ) Entering AuthPlayerLoginState
 2:34:24.08 [StateMachine]: Player Tarkov (dpnid 49965568 uid ) Entering WaitAuthPlayerLoginState
 2:34:24.446 [IdleMode] Leaving OUT
 2:34:25.492 Player Tarkov connected (id=dGx_ZZUQXB4WNDEttOcLc3TLSVm8BpdSdsyQeMdhiWk=).
 2:34:25.492 Player "Tarkov" is connected (steamID=76561198192502342)
 2:34:25.508 [StateMachine]: Player Tarkov (dpnid 49965568 uid ) Entering WaitPlayerAssignedLoginState
 2:34:26.273 [StateMachine]: Player Tarkov (dpnid 49965568 uid dGx_ZZUQXB4WNDEttOcLc3TLSVm8BpdSdsyQeMdhiWk=) Entering DBGetLoginTimeLoginState
 2:34:26.320 [StateMachine]: Player Tarkov (dpnid 49965568 uid dGx_ZZUQXB4WNDEttOcLc3TLSVm8BpdSdsyQeMdhiWk=) Entering DBWaitLoginTimeLoginState
 2:34:31.335 [StateMachine]: Player Tarkov (dpnid 49965568 uid dGx_ZZUQXB4WNDEttOcLc3TLSVm8BpdSdsyQeMdhiWk=) Entering DBGetCharacterLoginState
 2:34:31.366 [StateMachine]: Player Tarkov (dpnid 49965568 uid dGx_ZZUQXB4WNDEttOcLc3TLSVm8BpdSdsyQeMdhiWk=) Entering CreateNetObjectsLoginState
 2:34:31.382 [StateMachine]: Player Tarkov (dpnid 49965568 uid dGx_ZZUQXB4WNDEttOcLc3TLSVm8BpdSdsyQeMdhiWk=) Entering PreloadCamLoginState
 2:34:31.397 [StateMachine]: Player Tarkov (dpnid 49965568 uid dGx_ZZUQXB4WNDEttOcLc3TLSVm8BpdSdsyQeMdhiWk=) Entering WaitPreloadCamLoginState
 2:34:48.503 [CE][LootRespawner] (PRIDummy) :: Item [0] causing search overtime: "SNAFUUzi_32rdMag"
 2:34:48.612 [CE][LootRespawner] (PRIDummy) :: Item [1] causing search overtime: "Mag_SVD_10Rnd"
 2:34:48.940 [CE][LootRespawner] (PRIDummy) :: Item [2] causing search overtime: "SNAFU_Kabar"
 2:34:49.50 [CE][LootRespawner] (PRIDummy) :: Item [3] causing search overtime: "SR3_Vikhr_Mag"
 2:34:49.159 [CE][LootRespawner] (PRIDummy) :: Item [4] causing search overtime: "SR3_Vikhr_Gun"
 2:34:49.378 [CE][LootRespawner] (PRIDummy) :: Item [5] causing search overtime: "Snafu_ScarH_Tan_GUN"
 2:34:49.487 [CE][LootRespawner] (PRIDummy) :: Item [6] causing search overtime: "SNAFU_Trenchgun"
 2:34:49.597 [CE][LootRespawner] (PRIDummy) :: Item [7] causing search overtime: "Ammo_556x45"
 2:34:49.706 [CE][LootRespawner] (PRIDummy) :: Item [8] causing search overtime: "SNAFU_PL14HQP_Mag"
 2:34:49.815 [CE][LootRespawner] (PRIDummy) :: Item [9] causing search overtime: "Glock19"
 2:34:49.925 [CE][LootRespawner] (PRIDummy) :: Item [10] causing search overtime: "Mag_FNX45_15Rnd"
 2:34:50.34 [CE][LootRespawner] (PRIDummy) :: Item [11] causing search overtime: "Snafu_ScarH_25RND_Mag_OD"
 2:34:50.144 [CE][LootRespawner] (PRIDummy) :: Item [12] causing search overtime: "Snafu_ScarH_Snow_GUN"
 2:34:50.253 [CE][LootRespawner] (PRIDummy) :: Item [13] causing search overtime: "Mag_1911_7Rnd"
 2:34:50.362 [CE][LootRespawner] (PRIDummy) :: Item [14] causing search overtime: "Snafu_ScarH_Black_GUN"
 2:34:50.471 [CE][LootRespawner] (PRIDummy) :: Item [15] causing search overtime: "Mp133Shotgun"
 2:34:50.581 [CE][LootRespawner] (PRIDummy) :: Item [16] causing search overtime: "SNAFUUzi_72rdMag"
 2:35:16.450 [StateMachine]: Player Tarkov (dpnid 49965568 uid dGx_ZZUQXB4WNDEttOcLc3TLSVm8BpdSdsyQeMdhiWk=) Entering GetNewCharLoginState
 2:35:16.481 <CREATE NEW CHAR>:
    charID 115
    playerID 115
    dpnid 49965568
    uid dGx_ZZUQXB4WNDEttOcLc3TLSVm8BpdSdsyQeMdhiWk=
 2:35:17.918 [CE][LootRespawner] (PRIDummy) :: Item [17] causing search overtime: "SNAFUUzi_72rdMag"
 2:35:18.28 [CE][LootRespawner] (PRIDummy) :: Item [18] causing search overtime: "CZ61"
 2:35:18.137 [CE][LootRespawner] (PRIDummy) :: Item [19] causing search overtime: "SNAFUVECTOR_9mm_Mag"
 2:35:20.543 [CE][VehicleRespawner] (PRIContaminatedArea) :: Initial random enabled for "StaticContaminatedArea" - Chosen nominal: 0
 2:35:21.199 [CE][Links] found 0 total links between groups, of 1
 2:35:21.199 [CE][SpawnRandomLoot] (StaticPoliceCar) :: Type: Land_Wreck_sed01_aban2_police, lootmin: 3, lootmax: 5, wanted: 4, deloot: 2, containermaxsum: 6
 2:36:21.894 [CE][VehicleRespawner] (PRIContaminatedArea) :: Initial random enabled for "StaticContaminatedArea" - Chosen nominal: 2
 2:37:49.504 [CE][VehicleRespawner] (PRIContaminatedArea) :: Initial random enabled for "StaticContaminatedArea" - Chosen nominal: 3
 2:37:49.832 [CE][Links] found 0 total links between groups, of 2
 2:37:49.832 [CE][SpawnRandomLoot] (StaticHeliCrash) :: Type: Wreck_UH1Y, lootmin: 10, lootmax: 15, wanted: 14, deloot: 2, containermaxsum: 15
 2:39:17.88 [CE][VehicleRespawner] (PRIContaminatedArea) :: Initial random enabled for "StaticContaminatedArea" - Chosen nominal: 0
 2:40:44.672 [CE][VehicleRespawner] (PRIContaminatedArea) :: Initial random enabled for "StaticContaminatedArea" - Chosen nominal: 1
 2:42:12.170 [CE][VehicleRespawner] (PRIContaminatedArea) :: Initial random enabled for "StaticContaminatedArea" - Chosen nominal: 2
 2:42:12.826 [CE][Links] found 0 total links between groups, of 3
 2:42:12.826 [CE][SpawnRandomLoot] (StaticPoliceCar) :: Type: Land_Wreck_sed01_aban2_police, lootmin: 3, lootmax: 5, wanted: 4, deloot: 2, containermaxsum: 6
 2:42:14.779 !!! [CE][Point] Removing 6658.671875, 2438.264160 from PearTree2
 2:42:38.945 !!! [CE][Point] Removing 6209.710938, 1971.752686 from Land_Boat_Small1
 2:43:13.604 [CE][VehicleRespawner] (PRIContaminatedArea) :: Initial random enabled for "StaticContaminatedArea" - Chosen nominal: 1
 2:44:41.188 [CE][VehicleRespawner] (PRIContaminatedArea) :: Initial random enabled for "StaticContaminatedArea" - Chosen nominal: 1
 2:46:04.892 !!! [CE][Point] Removing 5452.083496, 12515.767578 from Land_Shed_M3
 2:46:08.719 [CE][VehicleRespawner] (PRIContaminatedArea) :: Initial random enabled for "StaticContaminatedArea" - Chosen nominal: 3
 2:47:03.439 [CE][LootRespawner] (PRIDummy) :: Item [0] is hard to place, performance drops: "PSO1Optic"
 2:47:36.135 [CE][VehicleRespawner] (PRIContaminatedArea) :: Initial random enabled for "StaticContaminatedArea" - Chosen nominal: 3
 2:47:36.479 [CE][Links] found 0 total links between groups, of 4
 2:47:36.479 [CE][SpawnRandomLoot] (StaticHeliCrash) :: Type: Wreck_UH1Y, lootmin: 10, lootmax: 15, wanted: 14, deloot: 2, containermaxsum: 15
 2:47:36.775 [CE][Links] found 0 total links between groups, of 5
 2:47:36.775 [CE][SpawnRandomLoot] (StaticPoliceCar) :: Type: Land_Wreck_sed01_aban2_police, lootmin: 3, lootmax: 5, wanted: 3, deloot: 2, containermaxsum: 6
 2:49:03.682 [CE][VehicleRespawner] (PRIContaminatedArea) :: Initial random enabled for "StaticContaminatedArea" - Chosen nominal: 2
 2:50:05.131 [CE][VehicleRespawner] (PRIContaminatedArea) :: Initial random enabled for "StaticContaminatedArea" - Chosen nominal: 2
 2:51:32.710 [CE][VehicleRespawner] (PRIContaminatedArea) :: Initial random enabled for "StaticContaminatedArea" - Chosen nominal: 0
 2:52:27.281 [CE][LootRespawner] (PRIDummy) :: Item [1] is hard to place, performance drops: "UKAssVest_Olive"
 2:52:57.467 [CE][LootRespawner] (PRIDummy) :: Item [2] is hard to place, performance drops: "SNAFUGevar_Black"
 2:52:57.576 [CE][LootRespawner] (PRIDummy) :: Item [3] is hard to place, performance drops: "SNAFUT5000_Snow_GUN"
 2:53:00.310 [CE][VehicleRespawner] (PRIContaminatedArea) :: Initial random enabled for "StaticContaminatedArea" - Chosen nominal: 3
 2:54:19.882 [Disconnect]: Start script disconnect 49965568 (dbCharacterId 115 dbPlayerId 115) logoutTime 15
 2:54:27.974 [CE][VehicleRespawner] (PRIContaminatedArea) :: Initial random enabled for "StaticContaminatedArea" - Chosen nominal: 0
 2:54:28.630 [CE][Links] found 0 total links between groups, of 6
 2:54:28.630 [CE][SpawnRandomLoot] (StaticPoliceCar) :: Type: Land_Wreck_sed01_aban1_police, lootmin: 3, lootmax: 5, wanted: 4, deloot: 2, containermaxsum: 6
 2:54:37.613 [Disconnect]: Start script disconnect 49965568 (dbCharacterId 115 dbPlayerId 115) logoutTime 15
 2:54:42.190 [Disconnect]: Client 49965568 disconnecting
 2:54:42.190 [Disconnect]: Client 49965568 early disconnect
 2:54:42.205 [Disconnect]: Start script disconnect 49965568 (dbCharacterId 115 dbPlayerId 115) logoutTime 15
 2:54:52.626 [Disconnect]: Finish script disconnect 49965568
 2:54:52.626 [Disconnect]: DisconnectPlayerFinish 49965568
 2:54:52.626 [Disconnect]: Remove player info 49965568
 2:54:52.657 [Disconnect]: Player destroy 49965568 
 2:54:54.610 [CE][LootRespawner] (PRIDummy) :: Item [4] is hard to place, performance drops: "ParamedicJacket_Crimson"
 2:54:56.140 [CE][LootRespawner] (PRIDummy) :: Item [5] is hard to place, performance drops: "GCGN_MP7"
 2:55:55.848 [CE][VehicleRespawner] (PRIContaminatedArea) :: Initial random enabled for "StaticContaminatedArea" - Chosen nominal: 1
 2:56:05.705 [IdleMode] Entering IN - save processed
 5:08:59.667  --- Termination successfully completed --- 
