

=====================================================================
== C:\SERVICES\ni7063137_1_SHARE\ftproot\dayzstandalone\DayZServer_x64.exe
== "C:\SERVICES\ni7063137_1_SHARE\ftproot\dayzstandalone\DayZServer_x64.exe" -ip=31.214.158.194 -port=12800 -cpuCount=4 -limitFPS=100 -adminlog -config=serverDZ.cfg "-mod=@CF;@DabsFramework;@DayZEditorLoader;@BuilderItems;@BaseBuildingPlus;@CodeLock;@Breachingcharge;@VPPAdminTools;@TraderPlus;@InventoryDump;@BurnAlive;@GunnerTruckOshkosh;@MuchStuffPack;@SNAFU;@CannabisPlus;@MMG;@VanillaPlusPlusMap;@UnknownGhillieMod;@MassA2Assets;@SchanaParty;@PseudoGiant;@InventoryMoveSounds;@Notifications;@AdvancedWeaponScopes;@CarsForAll;@SchanaModGlobalChat;@StaminaSettings;@DrugsPLUS;@GoreZ;@PackSouthAmericanPlague;@RedFalcon" -profiles=C:\SERVICES\ni7063137_1_SHARE\ftproot\dayzstandalone/config -BEPath=C:\SERVICES\ni7063137_1_SHARE\ftproot\dayzstandalone\battleye -noFilePatching -nologs -freezecheck
=====================================================================
Exe timestamp: 2022/07/28 08:30:35
Current time:  2022/09/10 13:00:41

Version 1.18.155069
13:00:41.104 [Inputs] Loading inputs default "bin/constants.xml"
13:00:41.119 [Inputs] Loading inputs default "bin/specific.xml"
13:00:41.119 [Inputs] Loading inputs default "BBP_keybind/data/modded_Inputs.xml"
13:00:41.119 [Inputs] Loading inputs default "InventoryMoveSounds/Scripts/Data/Inputs.xml"
13:00:41.135 [Inputs] Loading inputs default "SpardaTextura/inputs/Inputs.xml"
13:00:41.135 [Inputs] Loading inputs default "VanillaPPMap/data/modded_Inputs.xml"
13:00:41.135 [Inputs] Loading inputs default "VehiclesVipNemesis/inputs/Inputs.xml"
13:00:41.135 [Inputs] Loading inputs default "VPPAdminTools/data/modded_Inputs.xml"
13:00:41.135 [Inputs] Loading inputs default "CarLock/scripts/3_Game/inputs.xml"
13:00:41.135 [Inputs] Loading inputs default "Ghost/InventoryDump/Client/Data/modded_inputs.xml"
13:00:41.135 [Inputs] Loading inputs default "Notifications/inputs/inputs.xml"
13:00:41.135 [Inputs] Loading inputs default "RFFSHeli_Core/modded_Inputs.xml"
13:00:41.135 [Inputs] Loading inputs default "SchanaModGlobalChat/Data/Inputs.xml"
13:00:41.135 [Inputs] Loading inputs default "SchanaModParty/Data/Inputs.xml"
13:00:41.151 !!! [Inputs] Cannot load inputs default "", file does not exist
13:00:41.151 !!! [Inputs] Failed to load MODDED inputs - file name/ path invalid?
13:00:41.151 [Inputs] Loading inputs cfg "C:\SERVICES\ni7063137_1_SHARE\ftproot\dayzstandalone/config\Users\Survivor\Server.core.xml"
13:00:41.151 [Inputs] Exporting inputs cfg "C:\SERVICES\ni7063137_1_SHARE\ftproot\dayzstandalone/config\Users\Survivor\Server.core.xml"
13:01:18.182 [CE][Hive] :: Initializing OFFLINE
13:01:18.182 [CE][Hive] :: Loading core data ... 
13:01:18.182 [CE][CoreData] :: 7 root classes, 18 defaults, 0 updaters...
13:01:24.952 [CE] :: WARNING :: Preset map "optics" is EMPTY.
13:01:24.952 [CE][TypeSetup] :: 470 classes setuped...
13:01:24.968 [CE] :: WARNING :: Preset map "optics" is EMPTY.
13:01:24.968 [CE][TypeSetup] :: 377 classes setuped...
13:01:27.202 [CE][RegisterBind] :: 0 classes binded...
13:01:27.202 [CE][RegisterConfig] :: 17183 config classes registered, 0 sub-counters...
13:01:27.202 [CE][Hive] :: Loading map data ... 
13:01:27.202 [CE][IgnoreList] "cfgignorelist.xml" :: loaded 19 types
13:01:27.264 [CE][LoadPrototype] :: loaded 368 prototypes
13:01:27.264   754 containers, 9611 points
13:01:27.264   32 dispatches, 115 proxies
13:01:27.264 !!! [CE][LoadPrototype] 14 groups have no points...
13:01:27.264 !!![CE][LoadPrototype]  2 groups have wrong points...
13:01:27.264 [CE][LoadPrototype] :: last group name: StaticObj_Wreck_Ural_DE...
13:01:27.264 [CE][LoadPrototype] :: loaded 0 prototypes
13:01:27.264   0 containers, 0 points
13:01:27.264   0 dispatches, 0 proxies
13:01:27.264 [CE][LoadPrototype] :: last group name: Rail9...
13:01:28.405 [CE][LoadMap] "Group" :: loaded 11620 groups, groups failed: 0, largest group range: 34.2
13:01:28.405 [CE][LoadMap] "Dirt" :: loaded 0 groups, groups failed: 0, largest group range: 34.2
13:01:28.780 [CE][Links] found 1888 total links between groups, of 11620
13:01:28.780 [CE][LoadClusters] "Cluster" :: Loading files...
13:01:28.967 [CE][LoadClusters] :: file: "mapgroupcluster.xml", 9 types, 50000 instances
13:01:29.155 [CE][LoadClusters] :: file: "mapgroupcluster01", 9 types, 50000 instances
13:01:29.358 [CE][LoadClusters] :: file: "mapgroupcluster02", 9 types, 50000 instances
13:01:29.561 [CE][LoadClusters] :: file: "mapgroupcluster03", 9 types, 50000 instances
13:01:29.639 [CE][LoadClusters] :: file: "mapgroupcluster04", 9 types, 17347 instances
13:01:29.639 [CE][Storage] ver:21 stamp:113603, valid:yes, name:"mpmissions\dayzOffline.chernarusplus\storage_1\data\types.bin"
13:01:29.639 [CE][Storage] ver:21 stamp:113465, valid:yes, name:"mpmissions\dayzOffline.chernarusplus\storage_1\data\types.001"
13:01:29.654 [CE][Storage] ver:21 stamp:113466, valid:yes, name:"mpmissions\dayzOffline.chernarusplus\storage_1\data\types.002"
13:01:29.654 [CE][Storage] Restoring file "mpmissions\dayzOffline.chernarusplus\storage_1\data\types.bin".
13:01:29.857 !!! [CE][offlineDB] :: No Shutdown message present.
13:01:29.873 [CE][offlineDB] :: Loaded 46 dynamic events 302 total types.
13:01:29.889 !!! [CE][offlineDB] :: Type 'ChristmasTree' will be ignored. (Not spawnable. (Scope is not public?))
13:01:29.920 [CE][Storage] ver:21 stamp:113603, valid:yes, name:"mpmissions\dayzOffline.chernarusplus\storage_1\data\events.bin"
13:01:29.920 [CE][Storage] ver:21 stamp:113465, valid:yes, name:"mpmissions\dayzOffline.chernarusplus\storage_1\data\events.001"
13:01:29.920 [CE][Storage] ver:21 stamp:113466, valid:yes, name:"mpmissions\dayzOffline.chernarusplus\storage_1\data\events.002"
13:01:29.920 [CE][Storage] Restoring file "mpmissions\dayzOffline.chernarusplus\storage_1\data\events.bin".
13:01:29.920 [CE][DynamicEvent] Load  Events:[46] Primary spawners: 46 Secondary spawners: 3
13:01:29.920 [CE][Storage] ver:25 stamp:113603, valid:yes, name:"mpmissions\dayzOffline.chernarusplus\storage_1\data\dynamic_000.bin"
13:01:29.936 [CE][Storage] ver:25 stamp:113465, valid:yes, name:"mpmissions\dayzOffline.chernarusplus\storage_1\data\dynamic_000.001"
13:01:29.936 [CE][Storage] ver:25 stamp:113466, valid:yes, name:"mpmissions\dayzOffline.chernarusplus\storage_1\data\dynamic_000.002"
13:01:29.936 [CE][Storage] Restoring file "mpmissions\dayzOffline.chernarusplus\storage_1\data\dynamic_000.bin" 866 items.
13:01:30.545   866 items loaded. (0 failed)
13:01:30.545 [CE][Storage] ver:25 stamp:113603, valid:yes, name:"mpmissions\dayzOffline.chernarusplus\storage_1\data\dynamic_001.bin"
13:01:30.545 [CE][Storage] ver:25 stamp:113465, valid:yes, name:"mpmissions\dayzOffline.chernarusplus\storage_1\data\dynamic_001.001"
13:01:30.545 [CE][Storage] ver:25 stamp:113466, valid:yes, name:"mpmissions\dayzOffline.chernarusplus\storage_1\data\dynamic_001.002"
13:01:30.545 [CE][Storage] Restoring file "mpmissions\dayzOffline.chernarusplus\storage_1\data\dynamic_001.bin" 1796 items.
13:01:31.482   1796 items loaded. (0 failed)
13:01:31.498 [CE][Storage] ver:25 stamp:113603, valid:yes, name:"mpmissions\dayzOffline.chernarusplus\storage_1\data\dynamic_002.bin"
13:01:31.498 [CE][Storage] ver:25 stamp:113465, valid:yes, name:"mpmissions\dayzOffline.chernarusplus\storage_1\data\dynamic_002.001"
13:01:31.498 [CE][Storage] ver:25 stamp:113466, valid:yes, name:"mpmissions\dayzOffline.chernarusplus\storage_1\data\dynamic_002.002"
13:01:31.498 [CE][Storage] Restoring file "mpmissions\dayzOffline.chernarusplus\storage_1\data\dynamic_002.bin" 2391 items.
13:01:32.404   2391 items loaded. (0 failed)
13:01:32.404 [CE][Storage] ver:25 stamp:113603, valid:yes, name:"mpmissions\dayzOffline.chernarusplus\storage_1\data\dynamic_003.bin"
13:01:32.404 [CE][Storage] ver:25 stamp:113465, valid:yes, name:"mpmissions\dayzOffline.chernarusplus\storage_1\data\dynamic_003.001"
13:01:32.404 [CE][Storage] ver:25 stamp:113466, valid:yes, name:"mpmissions\dayzOffline.chernarusplus\storage_1\data\dynamic_003.002"
13:01:32.404 [CE][Storage] Restoring file "mpmissions\dayzOffline.chernarusplus\storage_1\data\dynamic_003.bin" 2397 items.
13:01:33.497   2397 items loaded. (0 failed)
13:01:33.497 [CE][Storage] ver:25 stamp:113603, valid:yes, name:"mpmissions\dayzOffline.chernarusplus\storage_1\data\dynamic_004.bin"
13:01:33.497 [CE][Storage] ver:25 stamp:113465, valid:yes, name:"mpmissions\dayzOffline.chernarusplus\storage_1\data\dynamic_004.001"
13:01:33.497 [CE][Storage] ver:25 stamp:113466, valid:yes, name:"mpmissions\dayzOffline.chernarusplus\storage_1\data\dynamic_004.002"
13:01:33.497 [CE][Storage] Restoring file "mpmissions\dayzOffline.chernarusplus\storage_1\data\dynamic_004.bin" 1842 items.
13:01:34.325   1842 items loaded. (0 failed)
13:01:34.341 [CE][Storage] ver:25 stamp:113603, valid:yes, name:"mpmissions\dayzOffline.chernarusplus\storage_1\data\dynamic_005.bin"
13:01:34.341 [CE][Storage] ver:25 stamp:113465, valid:yes, name:"mpmissions\dayzOffline.chernarusplus\storage_1\data\dynamic_005.001"
13:01:34.341 [CE][Storage] ver:25 stamp:113466, valid:yes, name:"mpmissions\dayzOffline.chernarusplus\storage_1\data\dynamic_005.002"
13:01:34.341 [CE][Storage] Restoring file "mpmissions\dayzOffline.chernarusplus\storage_1\data\dynamic_005.bin" 2005 items.
13:01:35.75   2005 items loaded. (0 failed)
13:01:35.75 [CE][Storage] ver:25 stamp:113603, valid:yes, name:"mpmissions\dayzOffline.chernarusplus\storage_1\data\dynamic_006.bin"
13:01:35.75 [CE][Storage] ver:25 stamp:113465, valid:yes, name:"mpmissions\dayzOffline.chernarusplus\storage_1\data\dynamic_006.001"
13:01:35.91 [CE][Storage] ver:25 stamp:113466, valid:yes, name:"mpmissions\dayzOffline.chernarusplus\storage_1\data\dynamic_006.002"
13:01:35.91 [CE][Storage] Restoring file "mpmissions\dayzOffline.chernarusplus\storage_1\data\dynamic_006.bin" 1444 items.
13:01:35.637   1444 items loaded. (0 failed)
13:01:35.637 [CE][Storage] ver:25 stamp:113603, valid:yes, name:"mpmissions\dayzOffline.chernarusplus\storage_1\data\dynamic_007.bin"
13:01:35.637 [CE][Storage] ver:25 stamp:113465, valid:yes, name:"mpmissions\dayzOffline.chernarusplus\storage_1\data\dynamic_007.001"
13:01:35.653 [CE][Storage] ver:25 stamp:113466, valid:yes, name:"mpmissions\dayzOffline.chernarusplus\storage_1\data\dynamic_007.002"
13:01:35.653 [CE][Storage] Restoring file "mpmissions\dayzOffline.chernarusplus\storage_1\data\dynamic_007.bin" 1474 items.
13:01:36.340   1474 items loaded. (0 failed)
13:01:36.356 [CE][Storage] ver:25 stamp:113603, valid:yes, name:"mpmissions\dayzOffline.chernarusplus\storage_1\data\dynamic_008.bin"
13:01:36.356 [CE][Storage] ver:25 stamp:113465, valid:yes, name:"mpmissions\dayzOffline.chernarusplus\storage_1\data\dynamic_008.001"
13:01:36.356 [CE][Storage] ver:25 stamp:113466, valid:yes, name:"mpmissions\dayzOffline.chernarusplus\storage_1\data\dynamic_008.002"
13:01:36.356 [CE][Storage] Restoring file "mpmissions\dayzOffline.chernarusplus\storage_1\data\dynamic_008.bin" 2001 items.
13:01:37.168   2001 items loaded. (0 failed)
13:01:37.168 [CE][Storage] ver:25 stamp:113603, valid:yes, name:"mpmissions\dayzOffline.chernarusplus\storage_1\data\dynamic_009.bin"
13:01:37.168 [CE][Storage] ver:25 stamp:113465, valid:yes, name:"mpmissions\dayzOffline.chernarusplus\storage_1\data\dynamic_009.001"
13:01:37.168 [CE][Storage] ver:25 stamp:113466, valid:yes, name:"mpmissions\dayzOffline.chernarusplus\storage_1\data\dynamic_009.002"
13:01:37.168 [CE][Storage] Restoring file "mpmissions\dayzOffline.chernarusplus\storage_1\data\dynamic_009.bin" 2580 items.
13:01:38.199   2580 items loaded. (0 failed)
13:01:38.199 [CE][Storage] ver:25 stamp:113603, valid:yes, name:"mpmissions\dayzOffline.chernarusplus\storage_1\data\dynamic_010.bin"
13:01:38.199 [CE][Storage] ver:25 stamp:113465, valid:yes, name:"mpmissions\dayzOffline.chernarusplus\storage_1\data\dynamic_010.001"
13:01:38.199 [CE][Storage] ver:25 stamp:113466, valid:yes, name:"mpmissions\dayzOffline.chernarusplus\storage_1\data\dynamic_010.002"
13:01:38.199 [CE][Storage] Restoring file "mpmissions\dayzOffline.chernarusplus\storage_1\data\dynamic_010.bin" 1766 items.
13:01:38.918   1766 items loaded. (0 failed)
13:01:38.934 [CE][Storage] ver:25 stamp:113603, valid:yes, name:"mpmissions\dayzOffline.chernarusplus\storage_1\data\dynamic_011.bin"
13:01:38.934 [CE][Storage] ver:25 stamp:113465, valid:yes, name:"mpmissions\dayzOffline.chernarusplus\storage_1\data\dynamic_011.001"
13:01:38.934 [CE][Storage] ver:25 stamp:113466, valid:yes, name:"mpmissions\dayzOffline.chernarusplus\storage_1\data\dynamic_011.002"
13:01:38.934 [CE][Storage] Restoring file "mpmissions\dayzOffline.chernarusplus\storage_1\data\dynamic_011.bin" 144 items.
13:01:38.980   144 items loaded. (0 failed)
13:01:38.980 [CE][Storage] ver:26 stamp:113603, valid:yes, name:"mpmissions\dayzOffline.chernarusplus\storage_1\data\building.bin"
13:01:38.980 [CE][Storage] ver:26 stamp:113465, valid:yes, name:"mpmissions\dayzOffline.chernarusplus\storage_1\data\building.001"
13:01:38.980 [CE][Storage] ver:26 stamp:113466, valid:yes, name:"mpmissions\dayzOffline.chernarusplus\storage_1\data\building.002"
13:01:38.980 [CE][Storage] Restoring file "mpmissions\dayzOffline.chernarusplus\storage_1\data\building.bin" 1 items.
13:01:38.980   1 items loaded. (0 failed)
13:01:38.996 [CE][Storage] ver:25 stamp:113603, valid:yes, name:"mpmissions\dayzOffline.chernarusplus\storage_1\data\vehicles.bin"
13:01:38.996 [CE][Storage] ver:25 stamp:113465, valid:yes, name:"mpmissions\dayzOffline.chernarusplus\storage_1\data\vehicles.001"
13:01:38.996 [CE][Storage] ver:25 stamp:113466, valid:yes, name:"mpmissions\dayzOffline.chernarusplus\storage_1\data\vehicles.002"
13:01:38.996 [CE][Storage] Restoring file "mpmissions\dayzOffline.chernarusplus\storage_1\data\vehicles.bin" 178 items.
13:01:39.590   178 items loaded. (0 failed)
13:01:39.605 [CE][Hive] :: Storage load took:9.69 seconds, recovery stamp:113603
13:01:39.605   entity: 24873, building: 1
13:01:39.605   no lifetime: 63
13:01:39.605   pathgraph's: 661
13:01:39.621 [CE][Hive] :: Initializing ... 
13:01:39.652 [CE][InitializeMap] :: initialized: 1
13:01:39.652 [CE][Hive] :: Initializing spawners ... 
13:01:39.871 !!! [CE][DE][SPAWNS] :: [WARNING] :: Skipping entry for non-existing event 'VehicleTransitBus'.
13:01:39.871 [CE][DE][SPAWNS] :: Total positions: 1165
13:01:39.871 [CE][DE][GROUPS] :: Total eventgroups defined: 21, Eventgroups in use: 21
13:01:41.652 [CE][LootRespawner] (PRIDummy) :: Initially (re)spawned:0, Nominal:27680, Total in Map: 19921 at 0 (sec)
13:01:41.652   tests:0, repeats:0 fails:0, overtime:0
13:01:41.667 [CE][DynEvent] :: 46 types
13:01:41.667 [00] AmbientHen
13:01:41.667   Primary Spawner: "Ambient", active: yes, repeat: 1
13:01:41.667 [01] AnimalBear
13:01:41.667   Primary Spawner: "Animal", active: yes, repeat: 1
13:01:41.667 [02] AnimalCow
13:01:41.667   Primary Spawner: "Animal", active: yes, repeat: 1
13:01:41.667 [03] AnimalDeer
13:01:41.667   Primary Spawner: "Animal", active: yes, repeat: 1
13:01:41.667 [04] AnimalGoat
13:01:41.667   Primary Spawner: "Animal", active: yes, repeat: 1
13:01:41.667 [05] AnimalPig
13:01:41.667   Primary Spawner: "Animal", active: yes, repeat: 1
13:01:41.667 [06] AnimalRoeDeer
13:01:41.667   Primary Spawner: "Animal", active: yes, repeat: 1
13:01:41.667 [07] AnimalSheep
13:01:41.667   Primary Spawner: "Animal", active: yes, repeat: 1
13:01:41.667 [08] AnimalWildBoar
13:01:41.667   Primary Spawner: "Animal", active: yes, repeat: 1
13:01:41.667 [09] AnimalWolf
13:01:41.667   Primary Spawner: "Animal", active: yes, repeat: 1
13:01:41.667 [10] InfectedBoss
13:01:41.667   Primary Spawner: "Infected", active: yes, repeat: 1
13:01:41.667 [11] InfectedArmy
13:01:41.667   Primary Spawner: "Infected", active: yes, repeat: 1
13:01:41.667 [12] InfectedArmyHard
13:01:41.667   Primary Spawner: "Infected", active: yes, repeat: 1
13:01:41.667 [13] InfectedCity
13:01:41.667   Primary Spawner: "Infected", active: yes, repeat: 1
13:01:41.667 [14] InfectedCityTier1
13:01:41.667   Primary Spawner: "Infected", active: yes, repeat: 1
13:01:41.667 [15] InfectedFirefighter
13:01:41.667   Primary Spawner: "Infected", active: yes, repeat: 1
13:01:41.667 [16] InfectedIndustrial
13:01:41.667   Primary Spawner: "Infected", active: yes, repeat: 1
13:01:41.667 [17] InfectedMedic
13:01:41.667   Primary Spawner: "Infected", active: yes, repeat: 1
13:01:41.667 [18] InfectedNBC
13:01:41.667   Primary Spawner: "Infected", active: yes, repeat: 1
13:01:41.667 [19] InfectedNBCYellow
13:01:41.667   Primary Spawner: "Infected", active: yes, repeat: 1
13:01:41.667 [20] InfectedPolice
13:01:41.667   Primary Spawner: "Infected", active: yes, repeat: 1
13:01:41.667 [21] InfectedPoliceHard
13:01:41.667   Primary Spawner: "Infected", active: yes, repeat: 1
13:01:41.667 [22] InfectedPrisoner
13:01:41.667   Primary Spawner: "Infected", active: yes, repeat: 1
13:01:41.667 [23] InfectedReligious
13:01:41.667   Primary Spawner: "Infected", active: yes, repeat: 1
13:01:41.667 [24] InfectedSolitude
13:01:41.667   Primary Spawner: "Infected", active: yes, repeat: 1
13:01:41.667 [25] InfectedVillage
13:01:41.667   Primary Spawner: "Infected", active: yes, repeat: 1
13:01:41.667 [26] InfectedVillageTier1
13:01:41.667   Primary Spawner: "Infected", active: yes, repeat: 1
13:01:41.667 [27] ItemPlanks
13:01:41.667   Primary Spawner: "Item", active: yes, repeat: 1
13:01:41.667 [28] Loot
13:01:41.667   Primary Spawner: "Loot", active: yes, repeat: 2
13:01:41.667 [29] StaticContaminatedArea
13:01:41.667   Primary Spawner: "Static", active: yes, repeat: 1
13:01:41.667 [30] StaticHeliCrash
13:01:41.667   Primary Spawner: "Static", active: yes, repeat: 1
13:01:41.667   Secondary Spawner: "Infected", active: yes, repeat: 1
13:01:41.667 [31] StaticPoliceCar
13:01:41.667   Primary Spawner: "Static", active: yes, repeat: 1
13:01:41.667   Secondary Spawner: "Infected", active: yes, repeat: 1
13:01:41.667 [32] StaticTrain
13:01:41.667   Primary Spawner: "Static", active: yes, repeat: 1
13:01:41.667   Secondary Spawner: "Infected", active: yes, repeat: 1
13:01:41.667 [33] TrajectoryApple
13:01:41.667   Primary Spawner: "Trajectory", active: yes, repeat: 1
13:01:41.667 [34] TrajectoryConiferous
13:01:41.667   Primary Spawner: "Trajectory", active: yes, repeat: 1
13:01:41.667 [35] TrajectoryDeciduous
13:01:41.667   Primary Spawner: "Trajectory", active: yes, repeat: 1
13:01:41.667 [36] TrajectoryHumus
13:01:41.667   Primary Spawner: "Trajectory", active: yes, repeat: 1
13:01:41.667 [37] TrajectoryPear
13:01:41.667   Primary Spawner: "Trajectory", active: yes, repeat: 1
13:01:41.667 [38] TrajectoryPlum
13:01:41.667   Primary Spawner: "Trajectory", active: yes, repeat: 1
13:01:41.667 [39] TrajectoryStones
13:01:41.667   Primary Spawner: "Trajectory", active: yes, repeat: 1
13:01:41.667 [40] VehicleCivilianSedan
13:01:41.667   Primary Spawner: "Vehicle", active: yes, repeat: 1
13:01:41.667 [41] VehicleHatchback02
13:01:41.667   Primary Spawner: "Vehicle", active: yes, repeat: 1
13:01:41.667 [42] VehicleOffroadHatchback
13:01:41.667   Primary Spawner: "Vehicle", active: yes, repeat: 1
13:01:41.667 [43] VehicleSedan02
13:01:41.667   Primary Spawner: "Vehicle", active: yes, repeat: 1
13:01:41.667 [44] VehicleTruck01
13:01:41.667   Primary Spawner: "Vehicle", active: yes, repeat: 1
13:01:41.667 [45] VehicleHelicopter
13:01:41.667   Primary Spawner: "Vehicle", active: yes, repeat: 1
13:01:41.667 [CE][Hive] :: Initializing of spawners done.
13:01:41.667 [CE][Hive] :: Init sequence finished.
13:01:41.683 Player connect enabled
13:01:42.636 [IdleMode] Entering IN - save processed
13:01:49.785 [UNLOCK] Server was unlocked.
13:58:26.557  --- Termination successfully completed --- 
