

=====================================================================
== C:\SERVICES\ni7063137_1_SHARE\ftproot\dayzstandalone\DayZServer_x64.exe
== "C:\SERVICES\ni7063137_1_SHARE\ftproot\dayzstandalone\DayZServer_x64.exe" -ip=31.214.158.194 -port=12800 -cpuCount=4 -limitFPS=100 -adminlog -config=serverDZ.cfg "-mod=@CF;@DabsFramework;@DayZEditorLoader;@BuilderItems;@BaseBuildingPlus;@CodeLock;@Breachingcharge;@VPPAdminTools;@TraderPlus;@InventoryDump;@BurnAlive;@GunnerTruckOshkosh;@MuchStuffPack;@SNAFU;@CannabisPlus;@MMG;@VanillaPlusPlusMap;@UnknownGhillieMod;@MassA2Assets;@SchanaParty;@PseudoGiant;@InventoryMoveSounds;@Notifications;@AdvancedWeaponScopes;@CarsForAll;@SchanaModGlobalChat;@StaminaSettings;@DrugsPLUS;@GoreZ;@PackSouthAmericanPlague;@RedFalcon" -profiles=C:\SERVICES\ni7063137_1_SHARE\ftproot\dayzstandalone/config -BEPath=C:\SERVICES\ni7063137_1_SHARE\ftproot\dayzstandalone\battleye -noFilePatching -nologs -freezecheck
=====================================================================
Exe timestamp: 2022/07/28 08:30:35
Current time:  2022/09/08 20:10:20

Version 1.18.155069
20:10:20.777 [Inputs] Loading inputs default "bin/constants.xml"
20:10:20.777 [Inputs] Loading inputs default "bin/specific.xml"
20:10:20.777 [Inputs] Loading inputs default "BBP_keybind/data/modded_Inputs.xml"
20:10:20.787 [Inputs] Loading inputs default "InventoryMoveSounds/Scripts/Data/Inputs.xml"
20:10:20.787 [Inputs] Loading inputs default "SpardaTextura/inputs/Inputs.xml"
20:10:20.787 [Inputs] Loading inputs default "VanillaPPMap/data/modded_Inputs.xml"
20:10:20.787 [Inputs] Loading inputs default "VehiclesVipNemesis/inputs/Inputs.xml"
20:10:20.787 [Inputs] Loading inputs default "VPPAdminTools/data/modded_Inputs.xml"
20:10:20.787 [Inputs] Loading inputs default "CarLock/scripts/3_Game/inputs.xml"
20:10:20.787 [Inputs] Loading inputs default "Ghost/InventoryDump/Client/Data/modded_inputs.xml"
20:10:20.797 [Inputs] Loading inputs default "Notifications/inputs/inputs.xml"
20:10:20.797 [Inputs] Loading inputs default "RFFSHeli_Core/modded_Inputs.xml"
20:10:20.797 [Inputs] Loading inputs default "SchanaModGlobalChat/Data/Inputs.xml"
20:10:20.797 [Inputs] Loading inputs default "SchanaModParty/Data/Inputs.xml"
20:10:20.797 !!! [Inputs] Cannot load inputs default "", file does not exist
20:10:20.797 !!! [Inputs] Failed to load MODDED inputs - file name/ path invalid?
20:10:20.797 [Inputs] Loading inputs cfg "C:\SERVICES\ni7063137_1_SHARE\ftproot\dayzstandalone/config\Users\Survivor\Server.core.xml"
20:10:20.807 [Inputs] Exporting inputs cfg "C:\SERVICES\ni7063137_1_SHARE\ftproot\dayzstandalone/config\Users\Survivor\Server.core.xml"
20:10:56.987 [CE][Hive] :: Initializing OFFLINE
20:10:56.997 [CE][Hive] :: Loading core data ... 
20:10:56.997 [CE][CoreData] :: 7 root classes, 18 defaults, 0 updaters...
20:11:02.837 [CE] :: WARNING :: Preset map "optics" is EMPTY.
20:11:02.837 [CE][TypeSetup] :: 470 classes setuped...
20:11:02.847 [CE] :: WARNING :: Preset map "optics" is EMPTY.
20:11:02.857 [CE][TypeSetup] :: 377 classes setuped...
20:11:05.280 [CE][RegisterBind] :: 0 classes binded...
20:11:05.280 [CE][RegisterConfig] :: 17183 config classes registered, 0 sub-counters...
20:11:05.280 [CE][Hive] :: Loading map data ... 
20:11:05.280 [CE][IgnoreList] "cfgignorelist.xml" :: loaded 19 types
20:11:05.330 [CE][LoadPrototype] :: loaded 368 prototypes
20:11:05.330   754 containers, 9611 points
20:11:05.330   32 dispatches, 115 proxies
20:11:05.330 !!! [CE][LoadPrototype] 14 groups have no points...
20:11:05.330 !!![CE][LoadPrototype]  2 groups have wrong points...
20:11:05.330 [CE][LoadPrototype] :: last group name: StaticObj_Wreck_Ural_DE...
20:11:05.330 [CE][LoadPrototype] :: loaded 0 prototypes
20:11:05.330   0 containers, 0 points
20:11:05.330   0 dispatches, 0 proxies
20:11:05.330 [CE][LoadPrototype] :: last group name: Rail9...
20:11:06.389 [CE][LoadMap] "Group" :: loaded 11620 groups, groups failed: 0, largest group range: 34.2
20:11:06.389 [CE][LoadMap] "Dirt" :: loaded 0 groups, groups failed: 0, largest group range: 34.2
20:11:06.824 [CE][Links] found 1888 total links between groups, of 11620
20:11:06.824 [CE][LoadClusters] "Cluster" :: Loading files...
20:11:07.16 [CE][LoadClusters] :: file: "mapgroupcluster.xml", 9 types, 50000 instances
20:11:07.209 [CE][LoadClusters] :: file: "mapgroupcluster01", 9 types, 50000 instances
20:11:07.401 [CE][LoadClusters] :: file: "mapgroupcluster02", 9 types, 50000 instances
20:11:07.594 [CE][LoadClusters] :: file: "mapgroupcluster03", 9 types, 50000 instances
20:11:07.674 [CE][LoadClusters] :: file: "mapgroupcluster04", 9 types, 17347 instances
20:11:07.685 [CE][Storage] ver:21 stamp:110781, valid:yes, name:"mpmissions\dayzOffline.chernarusplus\storage_1\data\types.bin"
20:11:07.685 [CE][Storage] ver:21 stamp:110367, valid:yes, name:"mpmissions\dayzOffline.chernarusplus\storage_1\data\types.001"
20:11:07.685 [CE][Storage] ver:21 stamp:110368, valid:yes, name:"mpmissions\dayzOffline.chernarusplus\storage_1\data\types.002"
20:11:07.685 [CE][Storage] Restoring file "mpmissions\dayzOffline.chernarusplus\storage_1\data\types.bin".
20:11:07.918 !!! [CE][offlineDB] :: No Shutdown message present.
20:11:07.928 [CE][offlineDB] :: Loaded 46 dynamic events 302 total types.
20:11:07.948 !!! [CE][offlineDB] :: Type 'ChristmasTree' will be ignored. (Not spawnable. (Scope is not public?))
20:11:07.988 [CE][Storage] ver:21 stamp:110781, valid:yes, name:"mpmissions\dayzOffline.chernarusplus\storage_1\data\events.bin"
20:11:07.988 [CE][Storage] ver:21 stamp:110367, valid:yes, name:"mpmissions\dayzOffline.chernarusplus\storage_1\data\events.001"
20:11:07.988 [CE][Storage] ver:21 stamp:110368, valid:yes, name:"mpmissions\dayzOffline.chernarusplus\storage_1\data\events.002"
20:11:07.988 [CE][Storage] Restoring file "mpmissions\dayzOffline.chernarusplus\storage_1\data\events.bin".
20:11:07.988 [CE][DynamicEvent] Load  Events:[46] Primary spawners: 46 Secondary spawners: 3
20:11:07.988 [CE][Storage] ver:25 stamp:110781, valid:yes, name:"mpmissions\dayzOffline.chernarusplus\storage_1\data\dynamic_000.bin"
20:11:07.988 [CE][Storage] ver:25 stamp:110367, valid:yes, name:"mpmissions\dayzOffline.chernarusplus\storage_1\data\dynamic_000.001"
20:11:07.988 [CE][Storage] ver:25 stamp:110368, valid:yes, name:"mpmissions\dayzOffline.chernarusplus\storage_1\data\dynamic_000.002"
20:11:07.988 [CE][Storage] Restoring file "mpmissions\dayzOffline.chernarusplus\storage_1\data\dynamic_000.bin" 854 items.
20:11:08.586   854 items loaded. (0 failed)
20:11:08.586 [CE][Storage] ver:25 stamp:110781, valid:yes, name:"mpmissions\dayzOffline.chernarusplus\storage_1\data\dynamic_001.bin"
20:11:08.586 [CE][Storage] ver:25 stamp:110367, valid:yes, name:"mpmissions\dayzOffline.chernarusplus\storage_1\data\dynamic_001.001"
20:11:08.586 [CE][Storage] ver:25 stamp:110368, valid:yes, name:"mpmissions\dayzOffline.chernarusplus\storage_1\data\dynamic_001.002"
20:11:08.586 [CE][Storage] Restoring file "mpmissions\dayzOffline.chernarusplus\storage_1\data\dynamic_001.bin" 1792 items.
20:11:09.538   1792 items loaded. (0 failed)
20:11:09.538 [CE][Storage] ver:25 stamp:110781, valid:yes, name:"mpmissions\dayzOffline.chernarusplus\storage_1\data\dynamic_002.bin"
20:11:09.548 [CE][Storage] ver:25 stamp:110367, valid:yes, name:"mpmissions\dayzOffline.chernarusplus\storage_1\data\dynamic_002.001"
20:11:09.548 [CE][Storage] ver:25 stamp:110368, valid:yes, name:"mpmissions\dayzOffline.chernarusplus\storage_1\data\dynamic_002.002"
20:11:09.548 [CE][Storage] Restoring file "mpmissions\dayzOffline.chernarusplus\storage_1\data\dynamic_002.bin" 2400 items.
20:11:10.469   2400 items loaded. (0 failed)
20:11:10.469 [CE][Storage] ver:25 stamp:110781, valid:yes, name:"mpmissions\dayzOffline.chernarusplus\storage_1\data\dynamic_003.bin"
20:11:10.469 [CE][Storage] ver:25 stamp:110367, valid:yes, name:"mpmissions\dayzOffline.chernarusplus\storage_1\data\dynamic_003.001"
20:11:10.469 [CE][Storage] ver:25 stamp:110368, valid:yes, name:"mpmissions\dayzOffline.chernarusplus\storage_1\data\dynamic_003.002"
20:11:10.469 [CE][Storage] Restoring file "mpmissions\dayzOffline.chernarusplus\storage_1\data\dynamic_003.bin" 2404 items.
20:11:11.584   2404 items loaded. (0 failed)
20:11:11.584 [CE][Storage] ver:25 stamp:110781, valid:yes, name:"mpmissions\dayzOffline.chernarusplus\storage_1\data\dynamic_004.bin"
20:11:11.584 [CE][Storage] ver:25 stamp:110367, valid:yes, name:"mpmissions\dayzOffline.chernarusplus\storage_1\data\dynamic_004.001"
20:11:11.584 [CE][Storage] ver:25 stamp:110368, valid:yes, name:"mpmissions\dayzOffline.chernarusplus\storage_1\data\dynamic_004.002"
20:11:11.584 [CE][Storage] Restoring file "mpmissions\dayzOffline.chernarusplus\storage_1\data\dynamic_004.bin" 1859 items.
20:11:12.435   1859 items loaded. (0 failed)
20:11:12.435 [CE][Storage] ver:25 stamp:110781, valid:yes, name:"mpmissions\dayzOffline.chernarusplus\storage_1\data\dynamic_005.bin"
20:11:12.445 [CE][Storage] ver:25 stamp:110367, valid:yes, name:"mpmissions\dayzOffline.chernarusplus\storage_1\data\dynamic_005.001"
20:11:12.445 [CE][Storage] ver:25 stamp:110368, valid:yes, name:"mpmissions\dayzOffline.chernarusplus\storage_1\data\dynamic_005.002"
20:11:12.445 [CE][Storage] Restoring file "mpmissions\dayzOffline.chernarusplus\storage_1\data\dynamic_005.bin" 2003 items.
20:11:13.195   2003 items loaded. (0 failed)
20:11:13.205 [CE][Storage] ver:25 stamp:110781, valid:yes, name:"mpmissions\dayzOffline.chernarusplus\storage_1\data\dynamic_006.bin"
20:11:13.205 [CE][Storage] ver:25 stamp:110367, valid:yes, name:"mpmissions\dayzOffline.chernarusplus\storage_1\data\dynamic_006.001"
20:11:13.205 [CE][Storage] ver:25 stamp:110368, valid:yes, name:"mpmissions\dayzOffline.chernarusplus\storage_1\data\dynamic_006.002"
20:11:13.205 [CE][Storage] Restoring file "mpmissions\dayzOffline.chernarusplus\storage_1\data\dynamic_006.bin" 1450 items.
20:11:13.772   1450 items loaded. (0 failed)
20:11:13.783 [CE][Storage] ver:25 stamp:110781, valid:yes, name:"mpmissions\dayzOffline.chernarusplus\storage_1\data\dynamic_007.bin"
20:11:13.783 [CE][Storage] ver:25 stamp:110367, valid:yes, name:"mpmissions\dayzOffline.chernarusplus\storage_1\data\dynamic_007.001"
20:11:13.783 [CE][Storage] ver:25 stamp:110368, valid:yes, name:"mpmissions\dayzOffline.chernarusplus\storage_1\data\dynamic_007.002"
20:11:13.783 [CE][Storage] Restoring file "mpmissions\dayzOffline.chernarusplus\storage_1\data\dynamic_007.bin" 1484 items.
20:11:14.441   1484 items loaded. (0 failed)
20:11:14.451 [CE][Storage] ver:25 stamp:110781, valid:yes, name:"mpmissions\dayzOffline.chernarusplus\storage_1\data\dynamic_008.bin"
20:11:14.451 [CE][Storage] ver:25 stamp:110367, valid:yes, name:"mpmissions\dayzOffline.chernarusplus\storage_1\data\dynamic_008.001"
20:11:14.451 [CE][Storage] ver:25 stamp:110368, valid:yes, name:"mpmissions\dayzOffline.chernarusplus\storage_1\data\dynamic_008.002"
20:11:14.451 [CE][Storage] Restoring file "mpmissions\dayzOffline.chernarusplus\storage_1\data\dynamic_008.bin" 2012 items.
20:11:15.272   2012 items loaded. (0 failed)
20:11:15.272 [CE][Storage] ver:25 stamp:110781, valid:yes, name:"mpmissions\dayzOffline.chernarusplus\storage_1\data\dynamic_009.bin"
20:11:15.272 [CE][Storage] ver:25 stamp:110367, valid:yes, name:"mpmissions\dayzOffline.chernarusplus\storage_1\data\dynamic_009.001"
20:11:15.282 [CE][Storage] ver:25 stamp:110368, valid:yes, name:"mpmissions\dayzOffline.chernarusplus\storage_1\data\dynamic_009.002"
20:11:15.282 [CE][Storage] Restoring file "mpmissions\dayzOffline.chernarusplus\storage_1\data\dynamic_009.bin" 2597 items.
20:11:16.315   2597 items loaded. (0 failed)
20:11:16.326 [CE][Storage] ver:25 stamp:110781, valid:yes, name:"mpmissions\dayzOffline.chernarusplus\storage_1\data\dynamic_010.bin"
20:11:16.326 [CE][Storage] ver:25 stamp:110367, valid:yes, name:"mpmissions\dayzOffline.chernarusplus\storage_1\data\dynamic_010.001"
20:11:16.326 [CE][Storage] ver:25 stamp:110368, valid:yes, name:"mpmissions\dayzOffline.chernarusplus\storage_1\data\dynamic_010.002"
20:11:16.326 [CE][Storage] Restoring file "mpmissions\dayzOffline.chernarusplus\storage_1\data\dynamic_010.bin" 1752 items.
20:11:17.55   1752 items loaded. (0 failed)
20:11:17.55 [CE][Storage] ver:25 stamp:110781, valid:yes, name:"mpmissions\dayzOffline.chernarusplus\storage_1\data\dynamic_011.bin"
20:11:17.55 [CE][Storage] ver:25 stamp:110367, valid:yes, name:"mpmissions\dayzOffline.chernarusplus\storage_1\data\dynamic_011.001"
20:11:17.55 [CE][Storage] ver:25 stamp:110368, valid:yes, name:"mpmissions\dayzOffline.chernarusplus\storage_1\data\dynamic_011.002"
20:11:17.55 [CE][Storage] Restoring file "mpmissions\dayzOffline.chernarusplus\storage_1\data\dynamic_011.bin" 145 items.
20:11:17.116   145 items loaded. (0 failed)
20:11:17.116 [CE][Storage] ver:26 stamp:110781, valid:yes, name:"mpmissions\dayzOffline.chernarusplus\storage_1\data\building.bin"
20:11:17.116 [CE][Storage] ver:26 stamp:110367, valid:yes, name:"mpmissions\dayzOffline.chernarusplus\storage_1\data\building.001"
20:11:17.116 [CE][Storage] ver:26 stamp:110368, valid:yes, name:"mpmissions\dayzOffline.chernarusplus\storage_1\data\building.002"
20:11:17.116 [CE][Storage] Restoring file "mpmissions\dayzOffline.chernarusplus\storage_1\data\building.bin" 1 items.
20:11:17.116   1 items loaded. (0 failed)
20:11:17.116 [CE][Storage] ver:25 stamp:110781, valid:yes, name:"mpmissions\dayzOffline.chernarusplus\storage_1\data\vehicles.bin"
20:11:17.126 [CE][Storage] ver:25 stamp:110367, valid:yes, name:"mpmissions\dayzOffline.chernarusplus\storage_1\data\vehicles.001"
20:11:17.126 [CE][Storage] ver:25 stamp:110368, valid:yes, name:"mpmissions\dayzOffline.chernarusplus\storage_1\data\vehicles.002"
20:11:17.126 [CE][Storage] Restoring file "mpmissions\dayzOffline.chernarusplus\storage_1\data\vehicles.bin" 175 items.
20:11:17.743   175 items loaded. (0 failed)
20:11:17.753 [CE][Hive] :: Storage load took:9.75 seconds, recovery stamp:110781
20:11:17.753   entity: 24903, building: 1
20:11:17.753   no lifetime: 63
20:11:17.753   pathgraph's: 661
20:11:17.763 [CE][Hive] :: Initializing ... 
20:11:17.803 [CE][InitializeMap] :: initialized: 1
20:11:17.803 [CE][Hive] :: Initializing spawners ... 
20:11:18.26 !!! [CE][DE][SPAWNS] :: [WARNING] :: Skipping entry for non-existing event 'VehicleTransitBus'.
20:11:18.26 [CE][DE][SPAWNS] :: Total positions: 1165
20:11:18.26 [CE][DE][GROUPS] :: Total eventgroups defined: 21, Eventgroups in use: 21
20:11:19.900 [CE][LootRespawner] (PRIDummy) :: Initially (re)spawned:0, Nominal:27680, Total in Map: 19992 at 0 (sec)
20:11:19.900   tests:0, repeats:0 fails:0, overtime:0
20:11:19.900 [CE][DynEvent] :: 46 types
20:11:19.900 [00] AmbientHen
20:11:19.900   Primary Spawner: "Ambient", active: yes, repeat: 1
20:11:19.900 [01] AnimalBear
20:11:19.900   Primary Spawner: "Animal", active: yes, repeat: 1
20:11:19.900 [02] AnimalCow
20:11:19.900   Primary Spawner: "Animal", active: yes, repeat: 1
20:11:19.900 [03] AnimalDeer
20:11:19.900   Primary Spawner: "Animal", active: yes, repeat: 1
20:11:19.900 [04] AnimalGoat
20:11:19.900   Primary Spawner: "Animal", active: yes, repeat: 1
20:11:19.900 [05] AnimalPig
20:11:19.900   Primary Spawner: "Animal", active: yes, repeat: 1
20:11:19.900 [06] AnimalRoeDeer
20:11:19.900   Primary Spawner: "Animal", active: yes, repeat: 1
20:11:19.900 [07] AnimalSheep
20:11:19.900   Primary Spawner: "Animal", active: yes, repeat: 1
20:11:19.900 [08] AnimalWildBoar
20:11:19.900   Primary Spawner: "Animal", active: yes, repeat: 1
20:11:19.900 [09] AnimalWolf
20:11:19.900   Primary Spawner: "Animal", active: yes, repeat: 1
20:11:19.900 [10] InfectedBoss
20:11:19.900   Primary Spawner: "Infected", active: yes, repeat: 1
20:11:19.900 [11] InfectedArmy
20:11:19.900   Primary Spawner: "Infected", active: yes, repeat: 1
20:11:19.900 [12] InfectedArmyHard
20:11:19.900   Primary Spawner: "Infected", active: yes, repeat: 1
20:11:19.900 [13] InfectedCity
20:11:19.900   Primary Spawner: "Infected", active: yes, repeat: 1
20:11:19.900 [14] InfectedCityTier1
20:11:19.900   Primary Spawner: "Infected", active: yes, repeat: 1
20:11:19.900 [15] InfectedFirefighter
20:11:19.900   Primary Spawner: "Infected", active: yes, repeat: 1
20:11:19.900 [16] InfectedIndustrial
20:11:19.900   Primary Spawner: "Infected", active: yes, repeat: 1
20:11:19.900 [17] InfectedMedic
20:11:19.900   Primary Spawner: "Infected", active: yes, repeat: 1
20:11:19.900 [18] InfectedNBC
20:11:19.900   Primary Spawner: "Infected", active: yes, repeat: 1
20:11:19.900 [19] InfectedNBCYellow
20:11:19.900   Primary Spawner: "Infected", active: yes, repeat: 1
20:11:19.900 [20] InfectedPolice
20:11:19.900   Primary Spawner: "Infected", active: yes, repeat: 1
20:11:19.900 [21] InfectedPoliceHard
20:11:19.900   Primary Spawner: "Infected", active: yes, repeat: 1
20:11:19.900 [22] InfectedPrisoner
20:11:19.900   Primary Spawner: "Infected", active: yes, repeat: 1
20:11:19.900 [23] InfectedReligious
20:11:19.900   Primary Spawner: "Infected", active: yes, repeat: 1
20:11:19.900 [24] InfectedSolitude
20:11:19.900   Primary Spawner: "Infected", active: yes, repeat: 1
20:11:19.900 [25] InfectedVillage
20:11:19.900   Primary Spawner: "Infected", active: yes, repeat: 1
20:11:19.900 [26] InfectedVillageTier1
20:11:19.900   Primary Spawner: "Infected", active: yes, repeat: 1
20:11:19.900 [27] ItemPlanks
20:11:19.900   Primary Spawner: "Item", active: yes, repeat: 1
20:11:19.900 [28] Loot
20:11:19.900   Primary Spawner: "Loot", active: yes, repeat: 2
20:11:19.900 [29] StaticContaminatedArea
20:11:19.900   Primary Spawner: "Static", active: yes, repeat: 1
20:11:19.900 [30] StaticHeliCrash
20:11:19.900   Primary Spawner: "Static", active: yes, repeat: 1
20:11:19.900   Secondary Spawner: "Infected", active: yes, repeat: 1
20:11:19.900 [31] StaticPoliceCar
20:11:19.900   Primary Spawner: "Static", active: yes, repeat: 1
20:11:19.900   Secondary Spawner: "Infected", active: yes, repeat: 1
20:11:19.900 [32] StaticTrain
20:11:19.900   Primary Spawner: "Static", active: yes, repeat: 1
20:11:19.900   Secondary Spawner: "Infected", active: yes, repeat: 1
20:11:19.900 [33] TrajectoryApple
20:11:19.900   Primary Spawner: "Trajectory", active: yes, repeat: 1
20:11:19.900 [34] TrajectoryConiferous
20:11:19.900   Primary Spawner: "Trajectory", active: yes, repeat: 1
20:11:19.900 [35] TrajectoryDeciduous
20:11:19.900   Primary Spawner: "Trajectory", active: yes, repeat: 1
20:11:19.900 [36] TrajectoryHumus
20:11:19.900   Primary Spawner: "Trajectory", active: yes, repeat: 1
20:11:19.900 [37] TrajectoryPear
20:11:19.900   Primary Spawner: "Trajectory", active: yes, repeat: 1
20:11:19.900 [38] TrajectoryPlum
20:11:19.900   Primary Spawner: "Trajectory", active: yes, repeat: 1
20:11:19.900 [39] TrajectoryStones
20:11:19.900   Primary Spawner: "Trajectory", active: yes, repeat: 1
20:11:19.900 [40] VehicleCivilianSedan
20:11:19.900   Primary Spawner: "Vehicle", active: yes, repeat: 1
20:11:19.900 [41] VehicleHatchback02
20:11:19.900   Primary Spawner: "Vehicle", active: yes, repeat: 1
20:11:19.900 [42] VehicleOffroadHatchback
20:11:19.900   Primary Spawner: "Vehicle", active: yes, repeat: 1
20:11:19.900 [43] VehicleSedan02
20:11:19.900   Primary Spawner: "Vehicle", active: yes, repeat: 1
20:11:19.900 [44] VehicleTruck01
20:11:19.900   Primary Spawner: "Vehicle", active: yes, repeat: 1
20:11:19.900 [45] VehicleHelicopter
20:11:19.900   Primary Spawner: "Vehicle", active: yes, repeat: 1
20:11:19.900 [CE][Hive] :: Initializing of spawners done.
20:11:19.910 [CE][Hive] :: Init sequence finished.
20:11:19.920 Player connect enabled
20:11:20.750 [IdleMode] Entering IN - save processed
20:11:28.109 [UNLOCK] Server was unlocked.
 2:07:51.178  --- Termination successfully completed --- 
