

=====================================================================
== C:\SERVICES\ni7063137_1_SHARE\ftproot\dayzstandalone\DayZServer_x64.exe
== "C:\SERVICES\ni7063137_1_SHARE\ftproot\dayzstandalone\DayZServer_x64.exe" -ip=31.214.158.194 -port=12800 -cpuCount=4 -limitFPS=100 -adminlog -config=serverDZ.cfg "-mod=@CF;@DabsFramework;@DayZEditorLoader;@BuilderItems;@BaseBuildingPlus;@CodeLock;@Breachingcharge;@VPPAdminTools;@TraderPlus;@InventoryDump;@BurnAlive;@GunnerTruckOshkosh;@MuchStuffPack;@SNAFU;@CannabisPlus;@MMG;@VanillaPlusPlusMap;@UnknownGhillieMod;@MassA2Assets;@SchanaParty;@PseudoGiant;@InventoryMoveSounds;@Notifications;@AdvancedWeaponScopes;@CarsForAll;@SchanaModGlobalChat;@StaminaSettings;@DrugsPLUS;@GoreZ;@PackSouthAmericanPlague;@RedFalcon" -profiles=C:\SERVICES\ni7063137_1_SHARE\ftproot\dayzstandalone/config -BEPath=C:\SERVICES\ni7063137_1_SHARE\ftproot\dayzstandalone\battleye -noFilePatching -nologs -freezecheck
=====================================================================
Exe timestamp: 2022/07/28 08:30:35
Current time:  2022/09/09 14:07:34

Version 1.18.155069
14:07:34.516 [Inputs] Loading inputs default "bin/constants.xml"
14:07:34.516 [Inputs] Loading inputs default "bin/specific.xml"
14:07:34.516 [Inputs] Loading inputs default "BBP_keybind/data/modded_Inputs.xml"
14:07:34.516 [Inputs] Loading inputs default "InventoryMoveSounds/Scripts/Data/Inputs.xml"
14:07:34.516 [Inputs] Loading inputs default "SpardaTextura/inputs/Inputs.xml"
14:07:34.531 [Inputs] Loading inputs default "VanillaPPMap/data/modded_Inputs.xml"
14:07:34.531 [Inputs] Loading inputs default "VehiclesVipNemesis/inputs/Inputs.xml"
14:07:34.531 [Inputs] Loading inputs default "VPPAdminTools/data/modded_Inputs.xml"
14:07:34.531 [Inputs] Loading inputs default "CarLock/scripts/3_Game/inputs.xml"
14:07:34.531 [Inputs] Loading inputs default "Ghost/InventoryDump/Client/Data/modded_inputs.xml"
14:07:34.531 [Inputs] Loading inputs default "Notifications/inputs/inputs.xml"
14:07:34.531 [Inputs] Loading inputs default "RFFSHeli_Core/modded_Inputs.xml"
14:07:34.531 [Inputs] Loading inputs default "SchanaModGlobalChat/Data/Inputs.xml"
14:07:34.531 [Inputs] Loading inputs default "SchanaModParty/Data/Inputs.xml"
14:07:34.531 !!! [Inputs] Cannot load inputs default "", file does not exist
14:07:34.531 !!! [Inputs] Failed to load MODDED inputs - file name/ path invalid?
14:07:34.531 [Inputs] Loading inputs cfg "C:\SERVICES\ni7063137_1_SHARE\ftproot\dayzstandalone/config\Users\Survivor\Server.core.xml"
14:07:34.547 [Inputs] Exporting inputs cfg "C:\SERVICES\ni7063137_1_SHARE\ftproot\dayzstandalone/config\Users\Survivor\Server.core.xml"
14:08:10.736 [CE][Hive] :: Initializing OFFLINE
14:08:10.736 [CE][Hive] :: Loading core data ... 
14:08:10.736 [CE][CoreData] :: 7 root classes, 18 defaults, 0 updaters...
14:08:16.750 [CE] :: WARNING :: Preset map "optics" is EMPTY.
14:08:16.750 [CE][TypeSetup] :: 470 classes setuped...
14:08:16.766 [CE] :: WARNING :: Preset map "optics" is EMPTY.
14:08:16.766 [CE][TypeSetup] :: 377 classes setuped...
14:08:19.281 [CE][RegisterBind] :: 0 classes binded...
14:08:19.281 [CE][RegisterConfig] :: 17183 config classes registered, 0 sub-counters...
14:08:19.281 [CE][Hive] :: Loading map data ... 
14:08:19.281 [CE][IgnoreList] "cfgignorelist.xml" :: loaded 19 types
14:08:19.328 [CE][LoadPrototype] :: loaded 368 prototypes
14:08:19.328   754 containers, 9611 points
14:08:19.328   32 dispatches, 115 proxies
14:08:19.328 !!! [CE][LoadPrototype] 14 groups have no points...
14:08:19.328 !!![CE][LoadPrototype]  2 groups have wrong points...
14:08:19.328 [CE][LoadPrototype] :: last group name: StaticObj_Wreck_Ural_DE...
14:08:19.343 [CE][LoadPrototype] :: loaded 0 prototypes
14:08:19.343   0 containers, 0 points
14:08:19.343   0 dispatches, 0 proxies
14:08:19.343 [CE][LoadPrototype] :: last group name: Rail9...
14:08:20.468 [CE][LoadMap] "Group" :: loaded 11620 groups, groups failed: 0, largest group range: 34.2
14:08:20.468 [CE][LoadMap] "Dirt" :: loaded 0 groups, groups failed: 0, largest group range: 34.2
14:08:20.859 [CE][Links] found 1888 total links between groups, of 11620
14:08:20.859 [CE][LoadClusters] "Cluster" :: Loading files...
14:08:21.46 [CE][LoadClusters] :: file: "mapgroupcluster.xml", 9 types, 50000 instances
14:08:21.265 [CE][LoadClusters] :: file: "mapgroupcluster01", 9 types, 50000 instances
14:08:21.452 [CE][LoadClusters] :: file: "mapgroupcluster02", 9 types, 50000 instances
14:08:21.655 [CE][LoadClusters] :: file: "mapgroupcluster03", 9 types, 50000 instances
14:08:21.733 [CE][LoadClusters] :: file: "mapgroupcluster04", 9 types, 17347 instances
14:08:21.749 [CE][Storage] ver:21 stamp:111888, valid:yes, name:"mpmissions\dayzOffline.chernarusplus\storage_1\data\types.bin"
14:08:21.749 [CE][Storage] ver:21 stamp:110367, valid:yes, name:"mpmissions\dayzOffline.chernarusplus\storage_1\data\types.001"
14:08:21.749 [CE][Storage] ver:21 stamp:110368, valid:yes, name:"mpmissions\dayzOffline.chernarusplus\storage_1\data\types.002"
14:08:21.749 [CE][Storage] Restoring file "mpmissions\dayzOffline.chernarusplus\storage_1\data\types.bin".
14:08:21.983 !!! [CE][offlineDB] :: No Shutdown message present.
14:08:21.999 [CE][offlineDB] :: Loaded 46 dynamic events 302 total types.
14:08:22.30 !!! [CE][offlineDB] :: Type 'ChristmasTree' will be ignored. (Not spawnable. (Scope is not public?))
14:08:22.61 [CE][Storage] ver:21 stamp:111888, valid:yes, name:"mpmissions\dayzOffline.chernarusplus\storage_1\data\events.bin"
14:08:22.61 [CE][Storage] ver:21 stamp:110367, valid:yes, name:"mpmissions\dayzOffline.chernarusplus\storage_1\data\events.001"
14:08:22.61 [CE][Storage] ver:21 stamp:110368, valid:yes, name:"mpmissions\dayzOffline.chernarusplus\storage_1\data\events.002"
14:08:22.61 [CE][Storage] Restoring file "mpmissions\dayzOffline.chernarusplus\storage_1\data\events.bin".
14:08:22.61 [CE][DynamicEvent] Load  Events:[46] Primary spawners: 46 Secondary spawners: 3
14:08:22.61 [CE][Storage] ver:25 stamp:111888, valid:yes, name:"mpmissions\dayzOffline.chernarusplus\storage_1\data\dynamic_000.bin"
14:08:22.61 [CE][Storage] ver:25 stamp:110367, valid:yes, name:"mpmissions\dayzOffline.chernarusplus\storage_1\data\dynamic_000.001"
14:08:22.61 [CE][Storage] ver:25 stamp:110368, valid:yes, name:"mpmissions\dayzOffline.chernarusplus\storage_1\data\dynamic_000.002"
14:08:22.61 [CE][Storage] Restoring file "mpmissions\dayzOffline.chernarusplus\storage_1\data\dynamic_000.bin" 854 items.
14:08:22.733   854 items loaded. (0 failed)
14:08:22.733 [CE][Storage] ver:25 stamp:111888, valid:yes, name:"mpmissions\dayzOffline.chernarusplus\storage_1\data\dynamic_001.bin"
14:08:22.733 [CE][Storage] ver:25 stamp:110367, valid:yes, name:"mpmissions\dayzOffline.chernarusplus\storage_1\data\dynamic_001.001"
14:08:22.733 [CE][Storage] ver:25 stamp:110368, valid:yes, name:"mpmissions\dayzOffline.chernarusplus\storage_1\data\dynamic_001.002"
14:08:22.733 [CE][Storage] Restoring file "mpmissions\dayzOffline.chernarusplus\storage_1\data\dynamic_001.bin" 1792 items.
14:08:23.764   1792 items loaded. (0 failed)
14:08:23.780 [CE][Storage] ver:25 stamp:111888, valid:yes, name:"mpmissions\dayzOffline.chernarusplus\storage_1\data\dynamic_002.bin"
14:08:23.780 [CE][Storage] ver:25 stamp:110367, valid:yes, name:"mpmissions\dayzOffline.chernarusplus\storage_1\data\dynamic_002.001"
14:08:23.780 [CE][Storage] ver:25 stamp:110368, valid:yes, name:"mpmissions\dayzOffline.chernarusplus\storage_1\data\dynamic_002.002"
14:08:23.780 [CE][Storage] Restoring file "mpmissions\dayzOffline.chernarusplus\storage_1\data\dynamic_002.bin" 2400 items.
14:08:24.795   2400 items loaded. (0 failed)
14:08:24.795 [CE][Storage] ver:25 stamp:111888, valid:yes, name:"mpmissions\dayzOffline.chernarusplus\storage_1\data\dynamic_003.bin"
14:08:24.795 [CE][Storage] ver:25 stamp:110367, valid:yes, name:"mpmissions\dayzOffline.chernarusplus\storage_1\data\dynamic_003.001"
14:08:24.811 [CE][Storage] ver:25 stamp:110368, valid:yes, name:"mpmissions\dayzOffline.chernarusplus\storage_1\data\dynamic_003.002"
14:08:24.811 [CE][Storage] Restoring file "mpmissions\dayzOffline.chernarusplus\storage_1\data\dynamic_003.bin" 2404 items.
14:08:25.967   2404 items loaded. (0 failed)
14:08:25.967 [CE][Storage] ver:25 stamp:111888, valid:yes, name:"mpmissions\dayzOffline.chernarusplus\storage_1\data\dynamic_004.bin"
14:08:25.967 [CE][Storage] ver:25 stamp:110367, valid:yes, name:"mpmissions\dayzOffline.chernarusplus\storage_1\data\dynamic_004.001"
14:08:25.967 [CE][Storage] ver:25 stamp:110368, valid:yes, name:"mpmissions\dayzOffline.chernarusplus\storage_1\data\dynamic_004.002"
14:08:25.967 [CE][Storage] Restoring file "mpmissions\dayzOffline.chernarusplus\storage_1\data\dynamic_004.bin" 1859 items.
14:08:26.889   1859 items loaded. (0 failed)
14:08:26.889 [CE][Storage] ver:25 stamp:111888, valid:yes, name:"mpmissions\dayzOffline.chernarusplus\storage_1\data\dynamic_005.bin"
14:08:26.889 [CE][Storage] ver:25 stamp:110367, valid:yes, name:"mpmissions\dayzOffline.chernarusplus\storage_1\data\dynamic_005.001"
14:08:26.904 [CE][Storage] ver:25 stamp:110368, valid:yes, name:"mpmissions\dayzOffline.chernarusplus\storage_1\data\dynamic_005.002"
14:08:26.904 [CE][Storage] Restoring file "mpmissions\dayzOffline.chernarusplus\storage_1\data\dynamic_005.bin" 2003 items.
14:08:27.732   2003 items loaded. (0 failed)
14:08:27.732 [CE][Storage] ver:25 stamp:111888, valid:yes, name:"mpmissions\dayzOffline.chernarusplus\storage_1\data\dynamic_006.bin"
14:08:27.748 [CE][Storage] ver:25 stamp:110367, valid:yes, name:"mpmissions\dayzOffline.chernarusplus\storage_1\data\dynamic_006.001"
14:08:27.748 [CE][Storage] ver:25 stamp:110368, valid:yes, name:"mpmissions\dayzOffline.chernarusplus\storage_1\data\dynamic_006.002"
14:08:27.748 [CE][Storage] Restoring file "mpmissions\dayzOffline.chernarusplus\storage_1\data\dynamic_006.bin" 1450 items.
14:08:28.388   1450 items loaded. (0 failed)
14:08:28.388 [CE][Storage] ver:25 stamp:111888, valid:yes, name:"mpmissions\dayzOffline.chernarusplus\storage_1\data\dynamic_007.bin"
14:08:28.404 [CE][Storage] ver:25 stamp:110367, valid:yes, name:"mpmissions\dayzOffline.chernarusplus\storage_1\data\dynamic_007.001"
14:08:28.404 [CE][Storage] ver:25 stamp:110368, valid:yes, name:"mpmissions\dayzOffline.chernarusplus\storage_1\data\dynamic_007.002"
14:08:28.404 [CE][Storage] Restoring file "mpmissions\dayzOffline.chernarusplus\storage_1\data\dynamic_007.bin" 1484 items.
14:08:29.169   1484 items loaded. (0 failed)
14:08:29.169 [CE][Storage] ver:25 stamp:111888, valid:yes, name:"mpmissions\dayzOffline.chernarusplus\storage_1\data\dynamic_008.bin"
14:08:29.169 [CE][Storage] ver:25 stamp:110367, valid:yes, name:"mpmissions\dayzOffline.chernarusplus\storage_1\data\dynamic_008.001"
14:08:29.185 [CE][Storage] ver:25 stamp:110368, valid:yes, name:"mpmissions\dayzOffline.chernarusplus\storage_1\data\dynamic_008.002"
14:08:29.185 [CE][Storage] Restoring file "mpmissions\dayzOffline.chernarusplus\storage_1\data\dynamic_008.bin" 2012 items.
14:08:30.107   2012 items loaded. (0 failed)
14:08:30.107 [CE][Storage] ver:25 stamp:111888, valid:yes, name:"mpmissions\dayzOffline.chernarusplus\storage_1\data\dynamic_009.bin"
14:08:30.122 [CE][Storage] ver:25 stamp:110367, valid:yes, name:"mpmissions\dayzOffline.chernarusplus\storage_1\data\dynamic_009.001"
14:08:30.122 [CE][Storage] ver:25 stamp:110368, valid:yes, name:"mpmissions\dayzOffline.chernarusplus\storage_1\data\dynamic_009.002"
14:08:30.122 [CE][Storage] Restoring file "mpmissions\dayzOffline.chernarusplus\storage_1\data\dynamic_009.bin" 2597 items.
14:08:31.294   2597 items loaded. (0 failed)
14:08:31.294 [CE][Storage] ver:25 stamp:111888, valid:yes, name:"mpmissions\dayzOffline.chernarusplus\storage_1\data\dynamic_010.bin"
14:08:31.294 [CE][Storage] ver:25 stamp:110367, valid:yes, name:"mpmissions\dayzOffline.chernarusplus\storage_1\data\dynamic_010.001"
14:08:31.294 [CE][Storage] ver:25 stamp:110368, valid:yes, name:"mpmissions\dayzOffline.chernarusplus\storage_1\data\dynamic_010.002"
14:08:31.294 [CE][Storage] Restoring file "mpmissions\dayzOffline.chernarusplus\storage_1\data\dynamic_010.bin" 1752 items.
14:08:32.90   1752 items loaded. (0 failed)
14:08:32.90 [CE][Storage] ver:25 stamp:111888, valid:yes, name:"mpmissions\dayzOffline.chernarusplus\storage_1\data\dynamic_011.bin"
14:08:32.90 [CE][Storage] ver:25 stamp:110367, valid:yes, name:"mpmissions\dayzOffline.chernarusplus\storage_1\data\dynamic_011.001"
14:08:32.90 [CE][Storage] ver:25 stamp:110368, valid:yes, name:"mpmissions\dayzOffline.chernarusplus\storage_1\data\dynamic_011.002"
14:08:32.90 [CE][Storage] Restoring file "mpmissions\dayzOffline.chernarusplus\storage_1\data\dynamic_011.bin" 145 items.
14:08:32.153   145 items loaded. (0 failed)
14:08:32.153 [CE][Storage] ver:26 stamp:111888, valid:yes, name:"mpmissions\dayzOffline.chernarusplus\storage_1\data\building.bin"
14:08:32.153 [CE][Storage] ver:26 stamp:110367, valid:yes, name:"mpmissions\dayzOffline.chernarusplus\storage_1\data\building.001"
14:08:32.169 [CE][Storage] ver:26 stamp:110368, valid:yes, name:"mpmissions\dayzOffline.chernarusplus\storage_1\data\building.002"
14:08:32.169 [CE][Storage] Restoring file "mpmissions\dayzOffline.chernarusplus\storage_1\data\building.bin" 1 items.
14:08:32.169   1 items loaded. (0 failed)
14:08:32.169 [CE][Storage] ver:25 stamp:111888, valid:yes, name:"mpmissions\dayzOffline.chernarusplus\storage_1\data\vehicles.bin"
14:08:32.169 [CE][Storage] ver:25 stamp:110367, valid:yes, name:"mpmissions\dayzOffline.chernarusplus\storage_1\data\vehicles.001"
14:08:32.169 [CE][Storage] ver:25 stamp:110368, valid:yes, name:"mpmissions\dayzOffline.chernarusplus\storage_1\data\vehicles.002"
14:08:32.169 [CE][Storage] Restoring file "mpmissions\dayzOffline.chernarusplus\storage_1\data\vehicles.bin" 175 items.
14:08:32.809   175 items loaded. (0 failed)
14:08:32.825 [CE][Hive] :: Storage load took:10.77 seconds, recovery stamp:111888
14:08:32.825   entity: 24903, building: 1
14:08:32.825   no lifetime: 63
14:08:32.825   pathgraph's: 661
14:08:32.825 [CE][Hive] :: Initializing ... 
14:08:32.871 [CE][InitializeMap] :: initialized: 1
14:08:32.871 [CE][Hive] :: Initializing spawners ... 
14:08:33.106 !!! [CE][DE][SPAWNS] :: [WARNING] :: Skipping entry for non-existing event 'VehicleTransitBus'.
14:08:33.106 [CE][DE][SPAWNS] :: Total positions: 1165
14:08:33.106 [CE][DE][GROUPS] :: Total eventgroups defined: 21, Eventgroups in use: 21
14:08:34.824 [CE][LootRespawner] (PRIDummy) :: Initially (re)spawned:0, Nominal:27680, Total in Map: 19992 at 0 (sec)
14:08:34.824   tests:0, repeats:0 fails:0, overtime:0
14:08:34.840 [CE][DynEvent] :: 46 types
14:08:34.840 [00] AmbientHen
14:08:34.840   Primary Spawner: "Ambient", active: yes, repeat: 1
14:08:34.840 [01] AnimalBear
14:08:34.840   Primary Spawner: "Animal", active: yes, repeat: 1
14:08:34.840 [02] AnimalCow
14:08:34.840   Primary Spawner: "Animal", active: yes, repeat: 1
14:08:34.840 [03] AnimalDeer
14:08:34.840   Primary Spawner: "Animal", active: yes, repeat: 1
14:08:34.840 [04] AnimalGoat
14:08:34.840   Primary Spawner: "Animal", active: yes, repeat: 1
14:08:34.840 [05] AnimalPig
14:08:34.840   Primary Spawner: "Animal", active: yes, repeat: 1
14:08:34.840 [06] AnimalRoeDeer
14:08:34.840   Primary Spawner: "Animal", active: yes, repeat: 1
14:08:34.840 [07] AnimalSheep
14:08:34.840   Primary Spawner: "Animal", active: yes, repeat: 1
14:08:34.840 [08] AnimalWildBoar
14:08:34.840   Primary Spawner: "Animal", active: yes, repeat: 1
14:08:34.840 [09] AnimalWolf
14:08:34.840   Primary Spawner: "Animal", active: yes, repeat: 1
14:08:34.840 [10] InfectedBoss
14:08:34.840   Primary Spawner: "Infected", active: yes, repeat: 1
14:08:34.840 [11] InfectedArmy
14:08:34.840   Primary Spawner: "Infected", active: yes, repeat: 1
14:08:34.840 [12] InfectedArmyHard
14:08:34.840   Primary Spawner: "Infected", active: yes, repeat: 1
14:08:34.840 [13] InfectedCity
14:08:34.840   Primary Spawner: "Infected", active: yes, repeat: 1
14:08:34.840 [14] InfectedCityTier1
14:08:34.840   Primary Spawner: "Infected", active: yes, repeat: 1
14:08:34.840 [15] InfectedFirefighter
14:08:34.840   Primary Spawner: "Infected", active: yes, repeat: 1
14:08:34.840 [16] InfectedIndustrial
14:08:34.840   Primary Spawner: "Infected", active: yes, repeat: 1
14:08:34.840 [17] InfectedMedic
14:08:34.840   Primary Spawner: "Infected", active: yes, repeat: 1
14:08:34.840 [18] InfectedNBC
14:08:34.840   Primary Spawner: "Infected", active: yes, repeat: 1
14:08:34.840 [19] InfectedNBCYellow
14:08:34.840   Primary Spawner: "Infected", active: yes, repeat: 1
14:08:34.840 [20] InfectedPolice
14:08:34.840   Primary Spawner: "Infected", active: yes, repeat: 1
14:08:34.840 [21] InfectedPoliceHard
14:08:34.840   Primary Spawner: "Infected", active: yes, repeat: 1
14:08:34.840 [22] InfectedPrisoner
14:08:34.840   Primary Spawner: "Infected", active: yes, repeat: 1
14:08:34.840 [23] InfectedReligious
14:08:34.840   Primary Spawner: "Infected", active: yes, repeat: 1
14:08:34.840 [24] InfectedSolitude
14:08:34.840   Primary Spawner: "Infected", active: yes, repeat: 1
14:08:34.840 [25] InfectedVillage
14:08:34.840   Primary Spawner: "Infected", active: yes, repeat: 1
14:08:34.840 [26] InfectedVillageTier1
14:08:34.840   Primary Spawner: "Infected", active: yes, repeat: 1
14:08:34.840 [27] ItemPlanks
14:08:34.840   Primary Spawner: "Item", active: yes, repeat: 1
14:08:34.840 [28] Loot
14:08:34.840   Primary Spawner: "Loot", active: yes, repeat: 2
14:08:34.840 [29] StaticContaminatedArea
14:08:34.840   Primary Spawner: "Static", active: yes, repeat: 1
14:08:34.840 [30] StaticHeliCrash
14:08:34.840   Primary Spawner: "Static", active: yes, repeat: 1
14:08:34.840   Secondary Spawner: "Infected", active: yes, repeat: 1
14:08:34.840 [31] StaticPoliceCar
14:08:34.840   Primary Spawner: "Static", active: yes, repeat: 1
14:08:34.840   Secondary Spawner: "Infected", active: yes, repeat: 1
14:08:34.840 [32] StaticTrain
14:08:34.840   Primary Spawner: "Static", active: yes, repeat: 1
14:08:34.840   Secondary Spawner: "Infected", active: yes, repeat: 1
14:08:34.840 [33] TrajectoryApple
14:08:34.840   Primary Spawner: "Trajectory", active: yes, repeat: 1
14:08:34.840 [34] TrajectoryConiferous
14:08:34.840   Primary Spawner: "Trajectory", active: yes, repeat: 1
14:08:34.840 [35] TrajectoryDeciduous
14:08:34.840   Primary Spawner: "Trajectory", active: yes, repeat: 1
14:08:34.840 [36] TrajectoryHumus
14:08:34.840   Primary Spawner: "Trajectory", active: yes, repeat: 1
14:08:34.840 [37] TrajectoryPear
14:08:34.840   Primary Spawner: "Trajectory", active: yes, repeat: 1
14:08:34.840 [38] TrajectoryPlum
14:08:34.840   Primary Spawner: "Trajectory", active: yes, repeat: 1
14:08:34.840 [39] TrajectoryStones
14:08:34.840   Primary Spawner: "Trajectory", active: yes, repeat: 1
14:08:34.840 [40] VehicleCivilianSedan
14:08:34.840   Primary Spawner: "Vehicle", active: yes, repeat: 1
14:08:34.840 [41] VehicleHatchback02
14:08:34.840   Primary Spawner: "Vehicle", active: yes, repeat: 1
14:08:34.840 [42] VehicleOffroadHatchback
14:08:34.840   Primary Spawner: "Vehicle", active: yes, repeat: 1
14:08:34.840 [43] VehicleSedan02
14:08:34.840   Primary Spawner: "Vehicle", active: yes, repeat: 1
14:08:34.840 [44] VehicleTruck01
14:08:34.840   Primary Spawner: "Vehicle", active: yes, repeat: 1
14:08:34.840 [45] VehicleHelicopter
14:08:34.840   Primary Spawner: "Vehicle", active: yes, repeat: 1
14:08:34.840 [CE][Hive] :: Initializing of spawners done.
14:08:34.855 [CE][Hive] :: Init sequence finished.
14:08:34.855 Player connect enabled
14:08:35.730 [IdleMode] Entering IN - save processed
14:08:42.838 [UNLOCK] Server was unlocked.
18:09:18.587 [Login]: Adding player Survivor (70759402) to login queue at position 0
18:09:18.587 [LoginMachine]: Add player Survivor (70759402 170.81.45.170:34716)
18:09:18.587 [StateMachine]: Player Survivor (dpnid 70759402 uid ) Entering AuthPlayerLoginState
18:09:22.337 [StateMachine]: Player Survivor (dpnid 70759402 uid ) State Error (AuthPlayerLoginState)
18:09:22.337 Player Unknown (70759402) kicked from server: 146 (Client has a more recent version. Please wait until server updates. (Breachingcharge (PBO: )))
18:09:22.337 [StateMachine]: Kick player Survivor (dpnid 70759402 uid ) State AuthPlayerLoginState
18:09:22.352 [Disconnect]: Client 70759402 early disconnect
18:09:22.352 [Disconnect]: No identity -> remove player info 70759402 
18:09:22.352 [Disconnect]: DisconnectPlayerFinish 70759402
18:09:22.352 [Disconnect]: Remove player info 70759402
18:09:22.352 [Disconnect]: Player destroy 70759402 
18:12:53.523 [Login]: Adding player Survivor (72613525) to login queue at position 0
18:12:53.523 [LoginMachine]: Add player Survivor (72613525 170.81.45.170:34174)
18:12:53.523 [StateMachine]: Player Survivor (dpnid 72613525 uid ) Entering AuthPlayerLoginState
18:12:55.476 [StateMachine]: Player Survivor (dpnid 72613525 uid ) State Error (AuthPlayerLoginState)
18:12:55.476 Player Unknown (72613525) kicked from server: 146 (Client has a more recent version. Please wait until server updates. (Breachingcharge (PBO: )))
18:12:55.476 [StateMachine]: Kick player Survivor (dpnid 72613525 uid ) State AuthPlayerLoginState
18:12:55.492 [Disconnect]: Client 72613525 early disconnect
18:12:55.492 [Disconnect]: No identity -> remove player info 72613525 
18:12:55.492 [Disconnect]: DisconnectPlayerFinish 72613525
18:12:55.492 [Disconnect]: Remove player info 72613525
18:12:55.492 [Disconnect]: Player destroy 72613525 
18:19:41.947 [Login]: Adding player Survivor (68729347) to login queue at position 0
18:19:41.947 [LoginMachine]: Add player Survivor (68729347 170.81.45.170:34174)
18:19:41.947 [StateMachine]: Player Survivor (dpnid 68729347 uid ) Entering AuthPlayerLoginState
18:19:44.40 [IdleMode] Leaving OUT
18:19:45.587 [StateMachine]: Player Survivor (dpnid 68729347 uid ) State Error (AuthPlayerLoginState)
18:19:45.587 Player Unknown (68729347) kicked from server: 146 (Client has a more recent version. Please wait until server updates. (Breachingcharge (PBO: )))
18:19:45.587 [StateMachine]: Kick player Survivor (dpnid 68729347 uid ) State AuthPlayerLoginState
18:19:45.602 [Disconnect]: Client 68729347 early disconnect
18:19:45.602 [Disconnect]: No identity -> remove player info 68729347 
18:19:45.602 [Disconnect]: DisconnectPlayerFinish 68729347
18:19:45.602 [Disconnect]: Remove player info 68729347
18:19:45.602 [Disconnect]: Player destroy 68729347 
18:20:08.92 [CE][LootRespawner] (PRIDummy) :: Item [0] causing search overtime: "Mag_SVD_10Rnd"
18:20:08.311 [CE][LootRespawner] (PRIDummy) :: Item [0] is hard to place, performance drops: "SR3_Vikhr_Gun"
18:20:08.311 [CE][LootRespawner] (PRIDummy) :: Item [1] causing search overtime: "SR3_Vikhr_Gun"
18:20:08.421 [CE][LootRespawner] (PRIDummy) :: Item [2] causing search overtime: "Ammo_545x39"
18:20:08.530 [CE][LootRespawner] (PRIDummy) :: Item [3] causing search overtime: "Snafu_ScarH_Tan_GUN"
18:20:08.639 [CE][LootRespawner] (PRIDummy) :: Item [4] causing search overtime: "SNAFU_Trenchgun"
18:20:08.749 [CE][LootRespawner] (PRIDummy) :: Item [5] causing search overtime: "SNAFU_Kabar"
18:20:08.858 [CE][LootRespawner] (PRIDummy) :: Item [6] causing search overtime: "Ammo_45ACP"
18:20:08.967 [CE][LootRespawner] (PRIDummy) :: Item [7] causing search overtime: "SNAFU_PL14HQP_Mag"
18:20:09.77 [CE][LootRespawner] (PRIDummy) :: Item [8] causing search overtime: "SNAFU_PL14HQP"
18:20:09.186 [CE][LootRespawner] (PRIDummy) :: Item [9] causing search overtime: "Ammo_556x45"
18:20:09.295 [CE][LootRespawner] (PRIDummy) :: Item [10] causing search overtime: "SNAFUAPS_20rdMag"
18:20:09.405 [CE][LootRespawner] (PRIDummy) :: Item [11] causing search overtime: "Snafu_ScarH_Snow_GUN"
18:20:09.514 [CE][LootRespawner] (PRIDummy) :: Item [12] causing search overtime: "SNAFUVECTOR_45acp_Mag"
18:20:09.623 [CE][LootRespawner] (PRIDummy) :: Item [13] causing search overtime: "Snafu_ScarH_Black_GUN"
18:20:09.733 [CE][LootRespawner] (PRIDummy) :: Item [14] causing search overtime: "Mp133Shotgun"
18:20:09.842 [CE][LootRespawner] (PRIDummy) :: Item [15] causing search overtime: "SNAFUUzi_72rdMag"
18:20:09.951 [CE][LootRespawner] (PRIDummy) :: Item [16] causing search overtime: "SNAFUVECTOR_9mm_Mag"
18:20:10.61 [CE][LootRespawner] (PRIDummy) :: Item [17] causing search overtime: "Truck_01_WheelDouble"
18:20:10.170 [CE][LootRespawner] (PRIDummy) :: Item [18] causing search overtime: "Snafu_ScarH_25RND_Mag_Snow"
18:20:37.492 [CE][LootRespawner] (PRIDummy) :: Item [19] causing search overtime: "Snafu_ScarH_25RND_Mag_Snow"
18:20:40.116 [CE][VehicleRespawner] (PRIContaminatedArea) :: Initial random enabled for "StaticContaminatedArea" - Chosen nominal: 2
18:20:40.444 [CE][Links] found 0 total links between groups, of 1
18:20:40.444 [CE][SpawnRandomLoot] (StaticHeliCrash) :: Type: Wreck_Mi8_Crashed, lootmin: 10, lootmax: 15, wanted: 12, deloot: 2, containermaxsum: 15
18:21:19.361 [IdleMode] Entering IN - save processed
20:10:18.475  --- Termination successfully completed --- 
